[2024-06-24T00:36:16.356+0000] {local_task_job_runner.py:120} INFO - ::group::Pre task execution logs
[2024-06-24T00:36:16.375+0000] {taskinstance.py:2076} INFO - Dependencies all met for dep_context=non-requeueable deps ti=<TaskInstance: our_first_dag_v3.task2 scheduled__2024-06-23T00:00:00+00:00 [queued]>
[2024-06-24T00:36:16.380+0000] {taskinstance.py:2076} INFO - Dependencies all met for dep_context=requeueable deps ti=<TaskInstance: our_first_dag_v3.task2 scheduled__2024-06-23T00:00:00+00:00 [queued]>
[2024-06-24T00:36:16.381+0000] {taskinstance.py:2306} INFO - Starting attempt 1 of 6
[2024-06-24T00:36:16.388+0000] {taskinstance.py:2330} INFO - Executing <Task(BashOperator): task2> on 2024-06-23 00:00:00+00:00
[2024-06-24T00:36:16.393+0000] {standard_task_runner.py:90} INFO - Running: ['***', 'tasks', 'run', 'our_first_dag_v3', 'task2', 'scheduled__2024-06-23T00:00:00+00:00', '--job-id', '135', '--raw', '--subdir', 'DAGS_FOLDER/our_first_dag.py', '--cfg-path', '/tmp/tmp9zyxt1ff']
[2024-06-24T00:36:16.396+0000] {logging_mixin.py:188} WARNING - /home/***/.local/lib/python3.12/site-packages/***/task/task_runner/standard_task_runner.py:61 DeprecationWarning: This process (pid=178) is multi-threaded, use of fork() may lead to deadlocks in the child.
[2024-06-24T00:36:16.396+0000] {standard_task_runner.py:91} INFO - Job 135: Subtask task2
[2024-06-24T00:36:16.397+0000] {standard_task_runner.py:63} INFO - Started process 180 to run task
[2024-06-24T00:36:16.425+0000] {task_command.py:426} INFO - Running <TaskInstance: our_first_dag_v3.task2 scheduled__2024-06-23T00:00:00+00:00 [running]> on host fc356187513b
[2024-06-24T00:36:16.472+0000] {taskinstance.py:2648} INFO - Exporting env vars: AIRFLOW_CTX_DAG_OWNER='***' AIRFLOW_CTX_DAG_ID='our_first_dag_v3' AIRFLOW_CTX_TASK_ID='task2' AIRFLOW_CTX_EXECUTION_DATE='2024-06-23T00:00:00+00:00' AIRFLOW_CTX_TRY_NUMBER='1' AIRFLOW_CTX_DAG_RUN_ID='scheduled__2024-06-23T00:00:00+00:00'
[2024-06-24T00:36:16.473+0000] {taskinstance.py:430} INFO - ::endgroup::
[2024-06-24T00:36:16.480+0000] {subprocess.py:63} INFO - Tmp dir root location: /tmp
[2024-06-24T00:36:16.481+0000] {subprocess.py:75} INFO - Running command: ['/usr/bin/bash', '-c', 'echo hello world 2']
[2024-06-24T00:36:16.484+0000] {subprocess.py:86} INFO - Output:
[2024-06-24T00:36:16.485+0000] {subprocess.py:93} INFO - hello world 2
[2024-06-24T00:36:16.485+0000] {subprocess.py:97} INFO - Command exited with return code 0
[2024-06-24T00:36:16.486+0000] {taskinstance.py:441} INFO - ::group::Post task execution logs
[2024-06-24T00:36:16.499+0000] {taskinstance.py:1206} INFO - Marking task as SUCCESS. dag_id=our_first_dag_v3, task_id=task2, run_id=scheduled__2024-06-23T00:00:00+00:00, execution_date=20240623T000000, start_date=20240624T003616, end_date=20240624T003616
[2024-06-24T00:36:16.538+0000] {local_task_job_runner.py:240} INFO - Task exited with return code 0
[2024-06-24T00:36:16.543+0000] {local_task_job_runner.py:222} INFO - ::endgroup::
