[2024-06-21T03:08:02.774+0000] {local_task_job_runner.py:120} INFO - ::group::Pre task execution logs
[2024-06-21T03:08:02.788+0000] {taskinstance.py:2076} INFO - Dependencies all met for dep_context=non-requeueable deps ti=<TaskInstance: example_bash_operator.runme_2 manual__2024-06-21T03:07:57+00:00 [queued]>
[2024-06-21T03:08:02.792+0000] {taskinstance.py:2076} INFO - Dependencies all met for dep_context=requeueable deps ti=<TaskInstance: example_bash_operator.runme_2 manual__2024-06-21T03:07:57+00:00 [queued]>
[2024-06-21T03:08:02.794+0000] {taskinstance.py:2306} INFO - Starting attempt 1 of 1
[2024-06-21T03:08:02.801+0000] {taskinstance.py:2330} INFO - Executing <Task(BashOperator): runme_2> on 2024-06-21 03:07:57+00:00
[2024-06-21T03:08:02.813+0000] {logging_mixin.py:188} WARNING - /home/***/.local/lib/python3.12/site-packages/***/task/task_runner/standard_task_runner.py:61 DeprecationWarning: This process (pid=1495) is multi-threaded, use of fork() may lead to deadlocks in the child.
[2024-06-21T03:08:02.814+0000] {standard_task_runner.py:63} INFO - Started process 1506 to run task
[2024-06-21T03:08:02.811+0000] {standard_task_runner.py:90} INFO - Running: ['***', 'tasks', 'run', 'example_bash_operator', 'runme_2', 'manual__2024-06-21T03:07:57+00:00', '--job-id', '10', '--raw', '--subdir', '/home/***/.local/lib/python3.12/site-packages/***/example_dags/example_bash_operator.py', '--cfg-path', '/tmp/tmphib646_3']
[2024-06-21T03:08:02.816+0000] {standard_task_runner.py:91} INFO - Job 10: Subtask runme_2
[2024-06-21T03:08:02.849+0000] {task_command.py:426} INFO - Running <TaskInstance: example_bash_operator.runme_2 manual__2024-06-21T03:07:57+00:00 [running]> on host a97bf0bd0b80
[2024-06-21T03:08:02.893+0000] {taskinstance.py:2648} INFO - Exporting env vars: AIRFLOW_CTX_DAG_OWNER='***' AIRFLOW_CTX_DAG_ID='example_bash_operator' AIRFLOW_CTX_TASK_ID='runme_2' AIRFLOW_CTX_EXECUTION_DATE='2024-06-21T03:07:57+00:00' AIRFLOW_CTX_TRY_NUMBER='1' AIRFLOW_CTX_DAG_RUN_ID='manual__2024-06-21T03:07:57+00:00'
[2024-06-21T03:08:02.895+0000] {taskinstance.py:430} INFO - ::endgroup::
[2024-06-21T03:08:02.895+0000] {subprocess.py:63} INFO - Tmp dir root location: /tmp
[2024-06-21T03:08:02.896+0000] {subprocess.py:75} INFO - Running command: ['/usr/bin/bash', '-c', 'echo "example_bash_operator__runme_2__20240621" && sleep 1']
[2024-06-21T03:08:02.900+0000] {subprocess.py:86} INFO - Output:
[2024-06-21T03:08:02.901+0000] {subprocess.py:93} INFO - example_bash_operator__runme_2__20240621
[2024-06-21T03:08:03.902+0000] {subprocess.py:97} INFO - Command exited with return code 0
[2024-06-21T03:08:03.903+0000] {taskinstance.py:441} INFO - ::group::Post task execution logs
[2024-06-21T03:08:03.922+0000] {taskinstance.py:1206} INFO - Marking task as SUCCESS. dag_id=example_bash_operator, task_id=runme_2, run_id=manual__2024-06-21T03:07:57+00:00, execution_date=20240621T030757, start_date=20240621T030802, end_date=20240621T030803
[2024-06-21T03:08:03.935+0000] {local_task_job_runner.py:240} INFO - Task exited with return code 0
[2024-06-21T03:08:03.947+0000] {taskinstance.py:3503} INFO - 1 downstream tasks scheduled from follow-on schedule check
[2024-06-21T03:08:03.948+0000] {local_task_job_runner.py:222} INFO - ::endgroup::
