[2024-06-21T03:08:02.774+0000] {local_task_job_runner.py:120} INFO - ::group::Pre task execution logs
[2024-06-21T03:08:02.787+0000] {taskinstance.py:2076} INFO - Dependencies all met for dep_context=non-requeueable deps ti=<TaskInstance: example_bash_operator.runme_1 manual__2024-06-21T03:07:57+00:00 [queued]>
[2024-06-21T03:08:02.791+0000] {taskinstance.py:2076} INFO - Dependencies all met for dep_context=requeueable deps ti=<TaskInstance: example_bash_operator.runme_1 manual__2024-06-21T03:07:57+00:00 [queued]>
[2024-06-21T03:08:02.792+0000] {taskinstance.py:2306} INFO - Starting attempt 1 of 1
[2024-06-21T03:08:02.798+0000] {taskinstance.py:2330} INFO - Executing <Task(BashOperator): runme_1> on 2024-06-21 03:07:57+00:00
[2024-06-21T03:08:02.804+0000] {standard_task_runner.py:90} INFO - Running: ['***', 'tasks', 'run', 'example_bash_operator', 'runme_1', 'manual__2024-06-21T03:07:57+00:00', '--job-id', '9', '--raw', '--subdir', '/home/***/.local/lib/python3.12/site-packages/***/example_dags/example_bash_operator.py', '--cfg-path', '/tmp/tmpm0kxo3p2']
[2024-06-21T03:08:02.806+0000] {standard_task_runner.py:91} INFO - Job 9: Subtask runme_1
[2024-06-21T03:08:02.807+0000] {logging_mixin.py:188} WARNING - /home/***/.local/lib/python3.12/site-packages/***/task/task_runner/standard_task_runner.py:61 DeprecationWarning: This process (pid=1496) is multi-threaded, use of fork() may lead to deadlocks in the child.
[2024-06-21T03:08:02.812+0000] {standard_task_runner.py:63} INFO - Started process 1504 to run task
[2024-06-21T03:08:02.838+0000] {task_command.py:426} INFO - Running <TaskInstance: example_bash_operator.runme_1 manual__2024-06-21T03:07:57+00:00 [running]> on host a97bf0bd0b80
[2024-06-21T03:08:02.882+0000] {taskinstance.py:2648} INFO - Exporting env vars: AIRFLOW_CTX_DAG_OWNER='***' AIRFLOW_CTX_DAG_ID='example_bash_operator' AIRFLOW_CTX_TASK_ID='runme_1' AIRFLOW_CTX_EXECUTION_DATE='2024-06-21T03:07:57+00:00' AIRFLOW_CTX_TRY_NUMBER='1' AIRFLOW_CTX_DAG_RUN_ID='manual__2024-06-21T03:07:57+00:00'
[2024-06-21T03:08:02.884+0000] {taskinstance.py:430} INFO - ::endgroup::
[2024-06-21T03:08:02.884+0000] {subprocess.py:63} INFO - Tmp dir root location: /tmp
[2024-06-21T03:08:02.885+0000] {subprocess.py:75} INFO - Running command: ['/usr/bin/bash', '-c', 'echo "example_bash_operator__runme_1__20240621" && sleep 1']
[2024-06-21T03:08:02.890+0000] {subprocess.py:86} INFO - Output:
[2024-06-21T03:08:02.891+0000] {subprocess.py:93} INFO - example_bash_operator__runme_1__20240621
[2024-06-21T03:08:03.894+0000] {subprocess.py:97} INFO - Command exited with return code 0
[2024-06-21T03:08:03.897+0000] {taskinstance.py:441} INFO - ::group::Post task execution logs
[2024-06-21T03:08:03.916+0000] {taskinstance.py:1206} INFO - Marking task as SUCCESS. dag_id=example_bash_operator, task_id=runme_1, run_id=manual__2024-06-21T03:07:57+00:00, execution_date=20240621T030757, start_date=20240621T030802, end_date=20240621T030803
[2024-06-21T03:08:03.949+0000] {local_task_job_runner.py:240} INFO - Task exited with return code 0
[2024-06-21T03:08:03.958+0000] {taskinstance.py:3503} INFO - 0 downstream tasks scheduled from follow-on schedule check
[2024-06-21T03:08:03.959+0000] {local_task_job_runner.py:222} INFO - ::endgroup::
