[2024-06-21T03:05:55.936+0000] {processor.py:161} INFO - Started process (PID=233) to work on /home/airflow/.local/lib/python3.12/site-packages/airflow/example_dags/example_branch_python_dop_operator_3.py
[2024-06-21T03:05:55.937+0000] {processor.py:830} INFO - Processing file /home/airflow/.local/lib/python3.12/site-packages/airflow/example_dags/example_branch_python_dop_operator_3.py for tasks to queue
[2024-06-21T03:05:55.938+0000] {logging_mixin.py:188} INFO - [2024-06-21T03:05:55.938+0000] {dagbag.py:545} INFO - Filling up the DagBag from /home/airflow/.local/lib/python3.12/site-packages/airflow/example_dags/example_branch_python_dop_operator_3.py
[2024-06-21T03:05:55.943+0000] {processor.py:840} INFO - DAG(s) 'example_branch_dop_operator_v3' retrieved from /home/airflow/.local/lib/python3.12/site-packages/airflow/example_dags/example_branch_python_dop_operator_3.py
[2024-06-21T03:05:55.949+0000] {logging_mixin.py:188} INFO - [2024-06-21T03:05:55.948+0000] {dag.py:3096} INFO - Sync 1 DAGs
[2024-06-21T03:05:55.961+0000] {logging_mixin.py:188} INFO - [2024-06-21T03:05:55.961+0000] {dag.py:3954} INFO - Setting next_dagrun for example_branch_dop_operator_v3 to 2024-06-21 03:04:00+00:00, run_after=2024-06-21 03:05:00+00:00
[2024-06-21T03:05:55.970+0000] {processor.py:183} INFO - Processing /home/airflow/.local/lib/python3.12/site-packages/airflow/example_dags/example_branch_python_dop_operator_3.py took 0.039 seconds
[2024-06-21T03:06:26.817+0000] {processor.py:161} INFO - Started process (PID=495) to work on /home/airflow/.local/lib/python3.12/site-packages/airflow/example_dags/example_branch_python_dop_operator_3.py
[2024-06-21T03:06:26.818+0000] {processor.py:830} INFO - Processing file /home/airflow/.local/lib/python3.12/site-packages/airflow/example_dags/example_branch_python_dop_operator_3.py for tasks to queue
[2024-06-21T03:06:26.819+0000] {logging_mixin.py:188} INFO - [2024-06-21T03:06:26.819+0000] {dagbag.py:545} INFO - Filling up the DagBag from /home/airflow/.local/lib/python3.12/site-packages/airflow/example_dags/example_branch_python_dop_operator_3.py
[2024-06-21T03:06:26.823+0000] {processor.py:840} INFO - DAG(s) 'example_branch_dop_operator_v3' retrieved from /home/airflow/.local/lib/python3.12/site-packages/airflow/example_dags/example_branch_python_dop_operator_3.py
[2024-06-21T03:06:26.872+0000] {logging_mixin.py:188} INFO - [2024-06-21T03:06:26.872+0000] {dag.py:3096} INFO - Sync 1 DAGs
[2024-06-21T03:06:26.883+0000] {logging_mixin.py:188} INFO - [2024-06-21T03:06:26.882+0000] {dag.py:3954} INFO - Setting next_dagrun for example_branch_dop_operator_v3 to 2024-06-21 03:05:00+00:00, run_after=2024-06-21 03:06:00+00:00
[2024-06-21T03:06:26.893+0000] {processor.py:183} INFO - Processing /home/airflow/.local/lib/python3.12/site-packages/airflow/example_dags/example_branch_python_dop_operator_3.py took 0.081 seconds
[2024-06-21T03:06:57.254+0000] {processor.py:161} INFO - Started process (PID=757) to work on /home/airflow/.local/lib/python3.12/site-packages/airflow/example_dags/example_branch_python_dop_operator_3.py
[2024-06-21T03:06:57.255+0000] {processor.py:830} INFO - Processing file /home/airflow/.local/lib/python3.12/site-packages/airflow/example_dags/example_branch_python_dop_operator_3.py for tasks to queue
[2024-06-21T03:06:57.256+0000] {logging_mixin.py:188} INFO - [2024-06-21T03:06:57.256+0000] {dagbag.py:545} INFO - Filling up the DagBag from /home/airflow/.local/lib/python3.12/site-packages/airflow/example_dags/example_branch_python_dop_operator_3.py
[2024-06-21T03:06:57.260+0000] {processor.py:840} INFO - DAG(s) 'example_branch_dop_operator_v3' retrieved from /home/airflow/.local/lib/python3.12/site-packages/airflow/example_dags/example_branch_python_dop_operator_3.py
[2024-06-21T03:06:57.269+0000] {logging_mixin.py:188} INFO - [2024-06-21T03:06:57.269+0000] {dag.py:3096} INFO - Sync 1 DAGs
[2024-06-21T03:06:57.281+0000] {logging_mixin.py:188} INFO - [2024-06-21T03:06:57.281+0000] {dag.py:3954} INFO - Setting next_dagrun for example_branch_dop_operator_v3 to 2024-06-21 03:05:00+00:00, run_after=2024-06-21 03:06:00+00:00
[2024-06-21T03:06:57.289+0000] {processor.py:183} INFO - Processing /home/airflow/.local/lib/python3.12/site-packages/airflow/example_dags/example_branch_python_dop_operator_3.py took 0.038 seconds
[2024-06-21T03:07:27.939+0000] {processor.py:161} INFO - Started process (PID=1019) to work on /home/airflow/.local/lib/python3.12/site-packages/airflow/example_dags/example_branch_python_dop_operator_3.py
[2024-06-21T03:07:27.940+0000] {processor.py:830} INFO - Processing file /home/airflow/.local/lib/python3.12/site-packages/airflow/example_dags/example_branch_python_dop_operator_3.py for tasks to queue
[2024-06-21T03:07:27.941+0000] {logging_mixin.py:188} INFO - [2024-06-21T03:07:27.940+0000] {dagbag.py:545} INFO - Filling up the DagBag from /home/airflow/.local/lib/python3.12/site-packages/airflow/example_dags/example_branch_python_dop_operator_3.py
[2024-06-21T03:07:27.945+0000] {processor.py:840} INFO - DAG(s) 'example_branch_dop_operator_v3' retrieved from /home/airflow/.local/lib/python3.12/site-packages/airflow/example_dags/example_branch_python_dop_operator_3.py
[2024-06-21T03:07:27.954+0000] {logging_mixin.py:188} INFO - [2024-06-21T03:07:27.954+0000] {dag.py:3096} INFO - Sync 1 DAGs
[2024-06-21T03:07:27.965+0000] {logging_mixin.py:188} INFO - [2024-06-21T03:07:27.965+0000] {dag.py:3954} INFO - Setting next_dagrun for example_branch_dop_operator_v3 to 2024-06-21 03:06:00+00:00, run_after=2024-06-21 03:07:00+00:00
[2024-06-21T03:07:27.973+0000] {processor.py:183} INFO - Processing /home/airflow/.local/lib/python3.12/site-packages/airflow/example_dags/example_branch_python_dop_operator_3.py took 0.037 seconds
[2024-06-21T03:07:58.592+0000] {processor.py:161} INFO - Started process (PID=1306) to work on /home/airflow/.local/lib/python3.12/site-packages/airflow/example_dags/example_branch_python_dop_operator_3.py
[2024-06-21T03:07:58.594+0000] {processor.py:830} INFO - Processing file /home/airflow/.local/lib/python3.12/site-packages/airflow/example_dags/example_branch_python_dop_operator_3.py for tasks to queue
[2024-06-21T03:07:58.596+0000] {logging_mixin.py:188} INFO - [2024-06-21T03:07:58.595+0000] {dagbag.py:545} INFO - Filling up the DagBag from /home/airflow/.local/lib/python3.12/site-packages/airflow/example_dags/example_branch_python_dop_operator_3.py
[2024-06-21T03:07:58.600+0000] {processor.py:840} INFO - DAG(s) 'example_branch_dop_operator_v3' retrieved from /home/airflow/.local/lib/python3.12/site-packages/airflow/example_dags/example_branch_python_dop_operator_3.py
[2024-06-21T03:07:58.610+0000] {logging_mixin.py:188} INFO - [2024-06-21T03:07:58.610+0000] {dag.py:3096} INFO - Sync 1 DAGs
[2024-06-21T03:07:58.621+0000] {logging_mixin.py:188} INFO - [2024-06-21T03:07:58.621+0000] {dag.py:3954} INFO - Setting next_dagrun for example_branch_dop_operator_v3 to 2024-06-21 03:06:00+00:00, run_after=2024-06-21 03:07:00+00:00
[2024-06-21T03:07:58.630+0000] {processor.py:183} INFO - Processing /home/airflow/.local/lib/python3.12/site-packages/airflow/example_dags/example_branch_python_dop_operator_3.py took 0.042 seconds
[2024-06-21T03:08:29.231+0000] {processor.py:161} INFO - Started process (PID=1592) to work on /home/airflow/.local/lib/python3.12/site-packages/airflow/example_dags/example_branch_python_dop_operator_3.py
[2024-06-21T03:08:29.232+0000] {processor.py:830} INFO - Processing file /home/airflow/.local/lib/python3.12/site-packages/airflow/example_dags/example_branch_python_dop_operator_3.py for tasks to queue
[2024-06-21T03:08:29.233+0000] {logging_mixin.py:188} INFO - [2024-06-21T03:08:29.233+0000] {dagbag.py:545} INFO - Filling up the DagBag from /home/airflow/.local/lib/python3.12/site-packages/airflow/example_dags/example_branch_python_dop_operator_3.py
[2024-06-21T03:08:29.237+0000] {processor.py:840} INFO - DAG(s) 'example_branch_dop_operator_v3' retrieved from /home/airflow/.local/lib/python3.12/site-packages/airflow/example_dags/example_branch_python_dop_operator_3.py
[2024-06-21T03:08:29.247+0000] {logging_mixin.py:188} INFO - [2024-06-21T03:08:29.247+0000] {dag.py:3096} INFO - Sync 1 DAGs
[2024-06-21T03:08:29.259+0000] {logging_mixin.py:188} INFO - [2024-06-21T03:08:29.258+0000] {dag.py:3954} INFO - Setting next_dagrun for example_branch_dop_operator_v3 to 2024-06-21 03:07:00+00:00, run_after=2024-06-21 03:08:00+00:00
[2024-06-21T03:08:29.268+0000] {processor.py:183} INFO - Processing /home/airflow/.local/lib/python3.12/site-packages/airflow/example_dags/example_branch_python_dop_operator_3.py took 0.039 seconds
[2024-06-21T03:08:59.982+0000] {processor.py:161} INFO - Started process (PID=1854) to work on /home/airflow/.local/lib/python3.12/site-packages/airflow/example_dags/example_branch_python_dop_operator_3.py
[2024-06-21T03:08:59.982+0000] {processor.py:830} INFO - Processing file /home/airflow/.local/lib/python3.12/site-packages/airflow/example_dags/example_branch_python_dop_operator_3.py for tasks to queue
[2024-06-21T03:08:59.983+0000] {logging_mixin.py:188} INFO - [2024-06-21T03:08:59.983+0000] {dagbag.py:545} INFO - Filling up the DagBag from /home/airflow/.local/lib/python3.12/site-packages/airflow/example_dags/example_branch_python_dop_operator_3.py
[2024-06-21T03:08:59.988+0000] {processor.py:840} INFO - DAG(s) 'example_branch_dop_operator_v3' retrieved from /home/airflow/.local/lib/python3.12/site-packages/airflow/example_dags/example_branch_python_dop_operator_3.py
[2024-06-21T03:08:59.998+0000] {logging_mixin.py:188} INFO - [2024-06-21T03:08:59.997+0000] {dag.py:3096} INFO - Sync 1 DAGs
[2024-06-21T03:09:00.010+0000] {logging_mixin.py:188} INFO - [2024-06-21T03:09:00.010+0000] {dag.py:3954} INFO - Setting next_dagrun for example_branch_dop_operator_v3 to 2024-06-21 03:08:00+00:00, run_after=2024-06-21 03:09:00+00:00
[2024-06-21T03:09:00.019+0000] {processor.py:183} INFO - Processing /home/airflow/.local/lib/python3.12/site-packages/airflow/example_dags/example_branch_python_dop_operator_3.py took 0.040 seconds
[2024-06-21T03:09:30.674+0000] {processor.py:161} INFO - Started process (PID=2116) to work on /home/airflow/.local/lib/python3.12/site-packages/airflow/example_dags/example_branch_python_dop_operator_3.py
[2024-06-21T03:09:30.674+0000] {processor.py:830} INFO - Processing file /home/airflow/.local/lib/python3.12/site-packages/airflow/example_dags/example_branch_python_dop_operator_3.py for tasks to queue
[2024-06-21T03:09:30.675+0000] {logging_mixin.py:188} INFO - [2024-06-21T03:09:30.675+0000] {dagbag.py:545} INFO - Filling up the DagBag from /home/airflow/.local/lib/python3.12/site-packages/airflow/example_dags/example_branch_python_dop_operator_3.py
[2024-06-21T03:09:30.680+0000] {processor.py:840} INFO - DAG(s) 'example_branch_dop_operator_v3' retrieved from /home/airflow/.local/lib/python3.12/site-packages/airflow/example_dags/example_branch_python_dop_operator_3.py
[2024-06-21T03:09:30.691+0000] {logging_mixin.py:188} INFO - [2024-06-21T03:09:30.690+0000] {dag.py:3096} INFO - Sync 1 DAGs
[2024-06-21T03:09:30.703+0000] {logging_mixin.py:188} INFO - [2024-06-21T03:09:30.703+0000] {dag.py:3954} INFO - Setting next_dagrun for example_branch_dop_operator_v3 to 2024-06-21 03:08:00+00:00, run_after=2024-06-21 03:09:00+00:00
[2024-06-21T03:09:30.712+0000] {processor.py:183} INFO - Processing /home/airflow/.local/lib/python3.12/site-packages/airflow/example_dags/example_branch_python_dop_operator_3.py took 0.041 seconds
[2024-06-21T03:10:01.334+0000] {processor.py:161} INFO - Started process (PID=2378) to work on /home/airflow/.local/lib/python3.12/site-packages/airflow/example_dags/example_branch_python_dop_operator_3.py
[2024-06-21T03:10:01.335+0000] {processor.py:830} INFO - Processing file /home/airflow/.local/lib/python3.12/site-packages/airflow/example_dags/example_branch_python_dop_operator_3.py for tasks to queue
[2024-06-21T03:10:01.336+0000] {logging_mixin.py:188} INFO - [2024-06-21T03:10:01.336+0000] {dagbag.py:545} INFO - Filling up the DagBag from /home/airflow/.local/lib/python3.12/site-packages/airflow/example_dags/example_branch_python_dop_operator_3.py
[2024-06-21T03:10:01.341+0000] {processor.py:840} INFO - DAG(s) 'example_branch_dop_operator_v3' retrieved from /home/airflow/.local/lib/python3.12/site-packages/airflow/example_dags/example_branch_python_dop_operator_3.py
[2024-06-21T03:10:01.352+0000] {logging_mixin.py:188} INFO - [2024-06-21T03:10:01.352+0000] {dag.py:3096} INFO - Sync 1 DAGs
[2024-06-21T03:10:01.363+0000] {logging_mixin.py:188} INFO - [2024-06-21T03:10:01.363+0000] {dag.py:3954} INFO - Setting next_dagrun for example_branch_dop_operator_v3 to 2024-06-21 03:09:00+00:00, run_after=2024-06-21 03:10:00+00:00
[2024-06-21T03:10:01.372+0000] {processor.py:183} INFO - Processing /home/airflow/.local/lib/python3.12/site-packages/airflow/example_dags/example_branch_python_dop_operator_3.py took 0.040 seconds
[2024-06-21T03:10:32.073+0000] {processor.py:161} INFO - Started process (PID=2640) to work on /home/airflow/.local/lib/python3.12/site-packages/airflow/example_dags/example_branch_python_dop_operator_3.py
[2024-06-21T03:10:32.074+0000] {processor.py:830} INFO - Processing file /home/airflow/.local/lib/python3.12/site-packages/airflow/example_dags/example_branch_python_dop_operator_3.py for tasks to queue
[2024-06-21T03:10:32.075+0000] {logging_mixin.py:188} INFO - [2024-06-21T03:10:32.075+0000] {dagbag.py:545} INFO - Filling up the DagBag from /home/airflow/.local/lib/python3.12/site-packages/airflow/example_dags/example_branch_python_dop_operator_3.py
[2024-06-21T03:10:32.080+0000] {processor.py:840} INFO - DAG(s) 'example_branch_dop_operator_v3' retrieved from /home/airflow/.local/lib/python3.12/site-packages/airflow/example_dags/example_branch_python_dop_operator_3.py
[2024-06-21T03:10:32.091+0000] {logging_mixin.py:188} INFO - [2024-06-21T03:10:32.090+0000] {dag.py:3096} INFO - Sync 1 DAGs
[2024-06-21T03:10:32.102+0000] {logging_mixin.py:188} INFO - [2024-06-21T03:10:32.102+0000] {dag.py:3954} INFO - Setting next_dagrun for example_branch_dop_operator_v3 to 2024-06-21 03:09:00+00:00, run_after=2024-06-21 03:10:00+00:00
[2024-06-21T03:10:32.113+0000] {processor.py:183} INFO - Processing /home/airflow/.local/lib/python3.12/site-packages/airflow/example_dags/example_branch_python_dop_operator_3.py took 0.043 seconds
[2024-06-21T03:11:02.839+0000] {processor.py:161} INFO - Started process (PID=2902) to work on /home/airflow/.local/lib/python3.12/site-packages/airflow/example_dags/example_branch_python_dop_operator_3.py
[2024-06-21T03:11:02.839+0000] {processor.py:830} INFO - Processing file /home/airflow/.local/lib/python3.12/site-packages/airflow/example_dags/example_branch_python_dop_operator_3.py for tasks to queue
[2024-06-21T03:11:02.841+0000] {logging_mixin.py:188} INFO - [2024-06-21T03:11:02.840+0000] {dagbag.py:545} INFO - Filling up the DagBag from /home/airflow/.local/lib/python3.12/site-packages/airflow/example_dags/example_branch_python_dop_operator_3.py
[2024-06-21T03:11:02.845+0000] {processor.py:840} INFO - DAG(s) 'example_branch_dop_operator_v3' retrieved from /home/airflow/.local/lib/python3.12/site-packages/airflow/example_dags/example_branch_python_dop_operator_3.py
[2024-06-21T03:11:02.856+0000] {logging_mixin.py:188} INFO - [2024-06-21T03:11:02.856+0000] {dag.py:3096} INFO - Sync 1 DAGs
[2024-06-21T03:11:02.867+0000] {logging_mixin.py:188} INFO - [2024-06-21T03:11:02.867+0000] {dag.py:3954} INFO - Setting next_dagrun for example_branch_dop_operator_v3 to 2024-06-21 03:10:00+00:00, run_after=2024-06-21 03:11:00+00:00
[2024-06-21T03:11:02.876+0000] {processor.py:183} INFO - Processing /home/airflow/.local/lib/python3.12/site-packages/airflow/example_dags/example_branch_python_dop_operator_3.py took 0.041 seconds
[2024-06-21T03:11:33.629+0000] {processor.py:161} INFO - Started process (PID=3164) to work on /home/airflow/.local/lib/python3.12/site-packages/airflow/example_dags/example_branch_python_dop_operator_3.py
[2024-06-21T03:11:33.629+0000] {processor.py:830} INFO - Processing file /home/airflow/.local/lib/python3.12/site-packages/airflow/example_dags/example_branch_python_dop_operator_3.py for tasks to queue
[2024-06-21T03:11:33.630+0000] {logging_mixin.py:188} INFO - [2024-06-21T03:11:33.630+0000] {dagbag.py:545} INFO - Filling up the DagBag from /home/airflow/.local/lib/python3.12/site-packages/airflow/example_dags/example_branch_python_dop_operator_3.py
[2024-06-21T03:11:33.636+0000] {processor.py:840} INFO - DAG(s) 'example_branch_dop_operator_v3' retrieved from /home/airflow/.local/lib/python3.12/site-packages/airflow/example_dags/example_branch_python_dop_operator_3.py
[2024-06-21T03:11:33.647+0000] {logging_mixin.py:188} INFO - [2024-06-21T03:11:33.647+0000] {dag.py:3096} INFO - Sync 1 DAGs
[2024-06-21T03:11:33.659+0000] {logging_mixin.py:188} INFO - [2024-06-21T03:11:33.659+0000] {dag.py:3954} INFO - Setting next_dagrun for example_branch_dop_operator_v3 to 2024-06-21 03:10:00+00:00, run_after=2024-06-21 03:11:00+00:00
[2024-06-21T03:11:33.668+0000] {processor.py:183} INFO - Processing /home/airflow/.local/lib/python3.12/site-packages/airflow/example_dags/example_branch_python_dop_operator_3.py took 0.043 seconds
[2024-06-21T03:12:03.784+0000] {processor.py:161} INFO - Started process (PID=3428) to work on /home/airflow/.local/lib/python3.12/site-packages/airflow/example_dags/example_branch_python_dop_operator_3.py
[2024-06-21T03:12:03.785+0000] {processor.py:830} INFO - Processing file /home/airflow/.local/lib/python3.12/site-packages/airflow/example_dags/example_branch_python_dop_operator_3.py for tasks to queue
[2024-06-21T03:12:03.786+0000] {logging_mixin.py:188} INFO - [2024-06-21T03:12:03.786+0000] {dagbag.py:545} INFO - Filling up the DagBag from /home/airflow/.local/lib/python3.12/site-packages/airflow/example_dags/example_branch_python_dop_operator_3.py
[2024-06-21T03:12:03.790+0000] {processor.py:840} INFO - DAG(s) 'example_branch_dop_operator_v3' retrieved from /home/airflow/.local/lib/python3.12/site-packages/airflow/example_dags/example_branch_python_dop_operator_3.py
[2024-06-21T03:12:03.802+0000] {logging_mixin.py:188} INFO - [2024-06-21T03:12:03.802+0000] {dag.py:3096} INFO - Sync 1 DAGs
[2024-06-21T03:12:03.814+0000] {logging_mixin.py:188} INFO - [2024-06-21T03:12:03.814+0000] {dag.py:3954} INFO - Setting next_dagrun for example_branch_dop_operator_v3 to 2024-06-21 03:11:00+00:00, run_after=2024-06-21 03:12:00+00:00
[2024-06-21T03:12:03.823+0000] {processor.py:183} INFO - Processing /home/airflow/.local/lib/python3.12/site-packages/airflow/example_dags/example_branch_python_dop_operator_3.py took 0.042 seconds
[2024-06-21T03:12:34.568+0000] {processor.py:161} INFO - Started process (PID=3688) to work on /home/airflow/.local/lib/python3.12/site-packages/airflow/example_dags/example_branch_python_dop_operator_3.py
[2024-06-21T03:12:34.571+0000] {processor.py:830} INFO - Processing file /home/airflow/.local/lib/python3.12/site-packages/airflow/example_dags/example_branch_python_dop_operator_3.py for tasks to queue
[2024-06-21T03:12:34.572+0000] {logging_mixin.py:188} INFO - [2024-06-21T03:12:34.572+0000] {dagbag.py:545} INFO - Filling up the DagBag from /home/airflow/.local/lib/python3.12/site-packages/airflow/example_dags/example_branch_python_dop_operator_3.py
[2024-06-21T03:12:34.576+0000] {processor.py:840} INFO - DAG(s) 'example_branch_dop_operator_v3' retrieved from /home/airflow/.local/lib/python3.12/site-packages/airflow/example_dags/example_branch_python_dop_operator_3.py
[2024-06-21T03:12:34.587+0000] {logging_mixin.py:188} INFO - [2024-06-21T03:12:34.586+0000] {dag.py:3096} INFO - Sync 1 DAGs
[2024-06-21T03:12:34.599+0000] {logging_mixin.py:188} INFO - [2024-06-21T03:12:34.599+0000] {dag.py:3954} INFO - Setting next_dagrun for example_branch_dop_operator_v3 to 2024-06-21 03:11:00+00:00, run_after=2024-06-21 03:12:00+00:00
[2024-06-21T03:12:34.608+0000] {processor.py:183} INFO - Processing /home/airflow/.local/lib/python3.12/site-packages/airflow/example_dags/example_branch_python_dop_operator_3.py took 0.043 seconds
[2024-06-21T03:13:05.271+0000] {processor.py:161} INFO - Started process (PID=3950) to work on /home/airflow/.local/lib/python3.12/site-packages/airflow/example_dags/example_branch_python_dop_operator_3.py
[2024-06-21T03:13:05.272+0000] {processor.py:830} INFO - Processing file /home/airflow/.local/lib/python3.12/site-packages/airflow/example_dags/example_branch_python_dop_operator_3.py for tasks to queue
[2024-06-21T03:13:05.273+0000] {logging_mixin.py:188} INFO - [2024-06-21T03:13:05.273+0000] {dagbag.py:545} INFO - Filling up the DagBag from /home/airflow/.local/lib/python3.12/site-packages/airflow/example_dags/example_branch_python_dop_operator_3.py
[2024-06-21T03:13:05.278+0000] {processor.py:840} INFO - DAG(s) 'example_branch_dop_operator_v3' retrieved from /home/airflow/.local/lib/python3.12/site-packages/airflow/example_dags/example_branch_python_dop_operator_3.py
[2024-06-21T03:13:05.288+0000] {logging_mixin.py:188} INFO - [2024-06-21T03:13:05.288+0000] {dag.py:3096} INFO - Sync 1 DAGs
[2024-06-21T03:13:05.300+0000] {logging_mixin.py:188} INFO - [2024-06-21T03:13:05.300+0000] {dag.py:3954} INFO - Setting next_dagrun for example_branch_dop_operator_v3 to 2024-06-21 03:12:00+00:00, run_after=2024-06-21 03:13:00+00:00
[2024-06-21T03:13:05.309+0000] {processor.py:183} INFO - Processing /home/airflow/.local/lib/python3.12/site-packages/airflow/example_dags/example_branch_python_dop_operator_3.py took 0.041 seconds
[2024-06-21T03:13:36.200+0000] {processor.py:161} INFO - Started process (PID=4212) to work on /home/airflow/.local/lib/python3.12/site-packages/airflow/example_dags/example_branch_python_dop_operator_3.py
[2024-06-21T03:13:36.201+0000] {processor.py:830} INFO - Processing file /home/airflow/.local/lib/python3.12/site-packages/airflow/example_dags/example_branch_python_dop_operator_3.py for tasks to queue
[2024-06-21T03:13:36.202+0000] {logging_mixin.py:188} INFO - [2024-06-21T03:13:36.201+0000] {dagbag.py:545} INFO - Filling up the DagBag from /home/airflow/.local/lib/python3.12/site-packages/airflow/example_dags/example_branch_python_dop_operator_3.py
[2024-06-21T03:13:36.206+0000] {processor.py:840} INFO - DAG(s) 'example_branch_dop_operator_v3' retrieved from /home/airflow/.local/lib/python3.12/site-packages/airflow/example_dags/example_branch_python_dop_operator_3.py
[2024-06-21T03:13:36.216+0000] {logging_mixin.py:188} INFO - [2024-06-21T03:13:36.216+0000] {dag.py:3096} INFO - Sync 1 DAGs
[2024-06-21T03:13:36.228+0000] {logging_mixin.py:188} INFO - [2024-06-21T03:13:36.227+0000] {dag.py:3954} INFO - Setting next_dagrun for example_branch_dop_operator_v3 to 2024-06-21 03:12:00+00:00, run_after=2024-06-21 03:13:00+00:00
[2024-06-21T03:13:36.238+0000] {processor.py:183} INFO - Processing /home/airflow/.local/lib/python3.12/site-packages/airflow/example_dags/example_branch_python_dop_operator_3.py took 0.041 seconds
[2024-06-21T03:14:06.928+0000] {processor.py:161} INFO - Started process (PID=4474) to work on /home/airflow/.local/lib/python3.12/site-packages/airflow/example_dags/example_branch_python_dop_operator_3.py
[2024-06-21T03:14:06.929+0000] {processor.py:830} INFO - Processing file /home/airflow/.local/lib/python3.12/site-packages/airflow/example_dags/example_branch_python_dop_operator_3.py for tasks to queue
[2024-06-21T03:14:06.932+0000] {logging_mixin.py:188} INFO - [2024-06-21T03:14:06.932+0000] {dagbag.py:545} INFO - Filling up the DagBag from /home/airflow/.local/lib/python3.12/site-packages/airflow/example_dags/example_branch_python_dop_operator_3.py
[2024-06-21T03:14:06.937+0000] {processor.py:840} INFO - DAG(s) 'example_branch_dop_operator_v3' retrieved from /home/airflow/.local/lib/python3.12/site-packages/airflow/example_dags/example_branch_python_dop_operator_3.py
[2024-06-21T03:14:06.947+0000] {logging_mixin.py:188} INFO - [2024-06-21T03:14:06.947+0000] {dag.py:3096} INFO - Sync 1 DAGs
[2024-06-21T03:14:06.960+0000] {logging_mixin.py:188} INFO - [2024-06-21T03:14:06.959+0000] {dag.py:3954} INFO - Setting next_dagrun for example_branch_dop_operator_v3 to 2024-06-21 03:13:00+00:00, run_after=2024-06-21 03:14:00+00:00
[2024-06-21T03:14:06.968+0000] {processor.py:183} INFO - Processing /home/airflow/.local/lib/python3.12/site-packages/airflow/example_dags/example_branch_python_dop_operator_3.py took 0.043 seconds
[2024-06-21T03:14:37.668+0000] {processor.py:161} INFO - Started process (PID=4736) to work on /home/airflow/.local/lib/python3.12/site-packages/airflow/example_dags/example_branch_python_dop_operator_3.py
[2024-06-21T03:14:37.669+0000] {processor.py:830} INFO - Processing file /home/airflow/.local/lib/python3.12/site-packages/airflow/example_dags/example_branch_python_dop_operator_3.py for tasks to queue
[2024-06-21T03:14:37.670+0000] {logging_mixin.py:188} INFO - [2024-06-21T03:14:37.670+0000] {dagbag.py:545} INFO - Filling up the DagBag from /home/airflow/.local/lib/python3.12/site-packages/airflow/example_dags/example_branch_python_dop_operator_3.py
[2024-06-21T03:14:37.674+0000] {processor.py:840} INFO - DAG(s) 'example_branch_dop_operator_v3' retrieved from /home/airflow/.local/lib/python3.12/site-packages/airflow/example_dags/example_branch_python_dop_operator_3.py
[2024-06-21T03:14:37.685+0000] {logging_mixin.py:188} INFO - [2024-06-21T03:14:37.685+0000] {dag.py:3096} INFO - Sync 1 DAGs
[2024-06-21T03:14:37.698+0000] {logging_mixin.py:188} INFO - [2024-06-21T03:14:37.698+0000] {dag.py:3954} INFO - Setting next_dagrun for example_branch_dop_operator_v3 to 2024-06-21 03:13:00+00:00, run_after=2024-06-21 03:14:00+00:00
[2024-06-21T03:14:37.707+0000] {processor.py:183} INFO - Processing /home/airflow/.local/lib/python3.12/site-packages/airflow/example_dags/example_branch_python_dop_operator_3.py took 0.042 seconds
[2024-06-21T03:15:08.362+0000] {processor.py:161} INFO - Started process (PID=4998) to work on /home/airflow/.local/lib/python3.12/site-packages/airflow/example_dags/example_branch_python_dop_operator_3.py
[2024-06-21T03:15:08.363+0000] {processor.py:830} INFO - Processing file /home/airflow/.local/lib/python3.12/site-packages/airflow/example_dags/example_branch_python_dop_operator_3.py for tasks to queue
[2024-06-21T03:15:08.364+0000] {logging_mixin.py:188} INFO - [2024-06-21T03:15:08.364+0000] {dagbag.py:545} INFO - Filling up the DagBag from /home/airflow/.local/lib/python3.12/site-packages/airflow/example_dags/example_branch_python_dop_operator_3.py
[2024-06-21T03:15:08.369+0000] {processor.py:840} INFO - DAG(s) 'example_branch_dop_operator_v3' retrieved from /home/airflow/.local/lib/python3.12/site-packages/airflow/example_dags/example_branch_python_dop_operator_3.py
[2024-06-21T03:15:08.380+0000] {logging_mixin.py:188} INFO - [2024-06-21T03:15:08.380+0000] {dag.py:3096} INFO - Sync 1 DAGs
[2024-06-21T03:15:08.392+0000] {logging_mixin.py:188} INFO - [2024-06-21T03:15:08.392+0000] {dag.py:3954} INFO - Setting next_dagrun for example_branch_dop_operator_v3 to 2024-06-21 03:14:00+00:00, run_after=2024-06-21 03:15:00+00:00
[2024-06-21T03:15:08.401+0000] {processor.py:183} INFO - Processing /home/airflow/.local/lib/python3.12/site-packages/airflow/example_dags/example_branch_python_dop_operator_3.py took 0.042 seconds
[2024-06-21T03:15:39.169+0000] {processor.py:161} INFO - Started process (PID=5260) to work on /home/airflow/.local/lib/python3.12/site-packages/airflow/example_dags/example_branch_python_dop_operator_3.py
[2024-06-21T03:15:39.170+0000] {processor.py:830} INFO - Processing file /home/airflow/.local/lib/python3.12/site-packages/airflow/example_dags/example_branch_python_dop_operator_3.py for tasks to queue
[2024-06-21T03:15:39.172+0000] {logging_mixin.py:188} INFO - [2024-06-21T03:15:39.172+0000] {dagbag.py:545} INFO - Filling up the DagBag from /home/airflow/.local/lib/python3.12/site-packages/airflow/example_dags/example_branch_python_dop_operator_3.py
[2024-06-21T03:15:39.177+0000] {processor.py:840} INFO - DAG(s) 'example_branch_dop_operator_v3' retrieved from /home/airflow/.local/lib/python3.12/site-packages/airflow/example_dags/example_branch_python_dop_operator_3.py
[2024-06-21T03:15:39.190+0000] {logging_mixin.py:188} INFO - [2024-06-21T03:15:39.190+0000] {dag.py:3096} INFO - Sync 1 DAGs
[2024-06-21T03:15:39.202+0000] {logging_mixin.py:188} INFO - [2024-06-21T03:15:39.202+0000] {dag.py:3954} INFO - Setting next_dagrun for example_branch_dop_operator_v3 to 2024-06-21 03:14:00+00:00, run_after=2024-06-21 03:15:00+00:00
[2024-06-21T03:15:39.212+0000] {processor.py:183} INFO - Processing /home/airflow/.local/lib/python3.12/site-packages/airflow/example_dags/example_branch_python_dop_operator_3.py took 0.045 seconds
[2024-06-21T03:16:09.289+0000] {processor.py:161} INFO - Started process (PID=5522) to work on /home/airflow/.local/lib/python3.12/site-packages/airflow/example_dags/example_branch_python_dop_operator_3.py
[2024-06-21T03:16:09.290+0000] {processor.py:830} INFO - Processing file /home/airflow/.local/lib/python3.12/site-packages/airflow/example_dags/example_branch_python_dop_operator_3.py for tasks to queue
[2024-06-21T03:16:09.291+0000] {logging_mixin.py:188} INFO - [2024-06-21T03:16:09.291+0000] {dagbag.py:545} INFO - Filling up the DagBag from /home/airflow/.local/lib/python3.12/site-packages/airflow/example_dags/example_branch_python_dop_operator_3.py
[2024-06-21T03:16:09.296+0000] {processor.py:840} INFO - DAG(s) 'example_branch_dop_operator_v3' retrieved from /home/airflow/.local/lib/python3.12/site-packages/airflow/example_dags/example_branch_python_dop_operator_3.py
[2024-06-21T03:16:09.306+0000] {logging_mixin.py:188} INFO - [2024-06-21T03:16:09.306+0000] {dag.py:3096} INFO - Sync 1 DAGs
[2024-06-21T03:16:09.318+0000] {logging_mixin.py:188} INFO - [2024-06-21T03:16:09.318+0000] {dag.py:3954} INFO - Setting next_dagrun for example_branch_dop_operator_v3 to 2024-06-21 03:15:00+00:00, run_after=2024-06-21 03:16:00+00:00
[2024-06-21T03:16:09.327+0000] {processor.py:183} INFO - Processing /home/airflow/.local/lib/python3.12/site-packages/airflow/example_dags/example_branch_python_dop_operator_3.py took 0.041 seconds
[2024-06-21T03:16:40.102+0000] {processor.py:161} INFO - Started process (PID=5784) to work on /home/airflow/.local/lib/python3.12/site-packages/airflow/example_dags/example_branch_python_dop_operator_3.py
[2024-06-21T03:16:40.103+0000] {processor.py:830} INFO - Processing file /home/airflow/.local/lib/python3.12/site-packages/airflow/example_dags/example_branch_python_dop_operator_3.py for tasks to queue
[2024-06-21T03:16:40.104+0000] {logging_mixin.py:188} INFO - [2024-06-21T03:16:40.104+0000] {dagbag.py:545} INFO - Filling up the DagBag from /home/airflow/.local/lib/python3.12/site-packages/airflow/example_dags/example_branch_python_dop_operator_3.py
[2024-06-21T03:16:40.109+0000] {processor.py:840} INFO - DAG(s) 'example_branch_dop_operator_v3' retrieved from /home/airflow/.local/lib/python3.12/site-packages/airflow/example_dags/example_branch_python_dop_operator_3.py
[2024-06-21T03:16:40.119+0000] {logging_mixin.py:188} INFO - [2024-06-21T03:16:40.119+0000] {dag.py:3096} INFO - Sync 1 DAGs
[2024-06-21T03:16:40.132+0000] {logging_mixin.py:188} INFO - [2024-06-21T03:16:40.132+0000] {dag.py:3954} INFO - Setting next_dagrun for example_branch_dop_operator_v3 to 2024-06-21 03:15:00+00:00, run_after=2024-06-21 03:16:00+00:00
[2024-06-21T03:16:40.141+0000] {processor.py:183} INFO - Processing /home/airflow/.local/lib/python3.12/site-packages/airflow/example_dags/example_branch_python_dop_operator_3.py took 0.042 seconds
[2024-06-21T03:17:10.911+0000] {processor.py:161} INFO - Started process (PID=6046) to work on /home/airflow/.local/lib/python3.12/site-packages/airflow/example_dags/example_branch_python_dop_operator_3.py
[2024-06-21T03:17:10.912+0000] {processor.py:830} INFO - Processing file /home/airflow/.local/lib/python3.12/site-packages/airflow/example_dags/example_branch_python_dop_operator_3.py for tasks to queue
[2024-06-21T03:17:10.913+0000] {logging_mixin.py:188} INFO - [2024-06-21T03:17:10.913+0000] {dagbag.py:545} INFO - Filling up the DagBag from /home/airflow/.local/lib/python3.12/site-packages/airflow/example_dags/example_branch_python_dop_operator_3.py
[2024-06-21T03:17:10.918+0000] {processor.py:840} INFO - DAG(s) 'example_branch_dop_operator_v3' retrieved from /home/airflow/.local/lib/python3.12/site-packages/airflow/example_dags/example_branch_python_dop_operator_3.py
[2024-06-21T03:17:10.930+0000] {logging_mixin.py:188} INFO - [2024-06-21T03:17:10.930+0000] {dag.py:3096} INFO - Sync 1 DAGs
[2024-06-21T03:17:10.942+0000] {logging_mixin.py:188} INFO - [2024-06-21T03:17:10.942+0000] {dag.py:3954} INFO - Setting next_dagrun for example_branch_dop_operator_v3 to 2024-06-21 03:16:00+00:00, run_after=2024-06-21 03:17:00+00:00
[2024-06-21T03:17:10.952+0000] {processor.py:183} INFO - Processing /home/airflow/.local/lib/python3.12/site-packages/airflow/example_dags/example_branch_python_dop_operator_3.py took 0.044 seconds
[2024-06-21T03:17:41.022+0000] {processor.py:161} INFO - Started process (PID=6308) to work on /home/airflow/.local/lib/python3.12/site-packages/airflow/example_dags/example_branch_python_dop_operator_3.py
[2024-06-21T03:17:41.023+0000] {processor.py:830} INFO - Processing file /home/airflow/.local/lib/python3.12/site-packages/airflow/example_dags/example_branch_python_dop_operator_3.py for tasks to queue
[2024-06-21T03:17:41.024+0000] {logging_mixin.py:188} INFO - [2024-06-21T03:17:41.024+0000] {dagbag.py:545} INFO - Filling up the DagBag from /home/airflow/.local/lib/python3.12/site-packages/airflow/example_dags/example_branch_python_dop_operator_3.py
[2024-06-21T03:17:41.029+0000] {processor.py:840} INFO - DAG(s) 'example_branch_dop_operator_v3' retrieved from /home/airflow/.local/lib/python3.12/site-packages/airflow/example_dags/example_branch_python_dop_operator_3.py
[2024-06-21T03:17:41.039+0000] {logging_mixin.py:188} INFO - [2024-06-21T03:17:41.039+0000] {dag.py:3096} INFO - Sync 1 DAGs
[2024-06-21T03:17:41.051+0000] {logging_mixin.py:188} INFO - [2024-06-21T03:17:41.051+0000] {dag.py:3954} INFO - Setting next_dagrun for example_branch_dop_operator_v3 to 2024-06-21 03:16:00+00:00, run_after=2024-06-21 03:17:00+00:00
[2024-06-21T03:17:41.060+0000] {processor.py:183} INFO - Processing /home/airflow/.local/lib/python3.12/site-packages/airflow/example_dags/example_branch_python_dop_operator_3.py took 0.041 seconds
[2024-06-21T03:18:11.166+0000] {processor.py:161} INFO - Started process (PID=6570) to work on /home/airflow/.local/lib/python3.12/site-packages/airflow/example_dags/example_branch_python_dop_operator_3.py
[2024-06-21T03:18:11.167+0000] {processor.py:830} INFO - Processing file /home/airflow/.local/lib/python3.12/site-packages/airflow/example_dags/example_branch_python_dop_operator_3.py for tasks to queue
[2024-06-21T03:18:11.168+0000] {logging_mixin.py:188} INFO - [2024-06-21T03:18:11.168+0000] {dagbag.py:545} INFO - Filling up the DagBag from /home/airflow/.local/lib/python3.12/site-packages/airflow/example_dags/example_branch_python_dop_operator_3.py
[2024-06-21T03:18:11.218+0000] {processor.py:840} INFO - DAG(s) 'example_branch_dop_operator_v3' retrieved from /home/airflow/.local/lib/python3.12/site-packages/airflow/example_dags/example_branch_python_dop_operator_3.py
[2024-06-21T03:18:11.281+0000] {logging_mixin.py:188} INFO - [2024-06-21T03:18:11.279+0000] {dag.py:3096} INFO - Sync 1 DAGs
[2024-06-21T03:18:11.295+0000] {logging_mixin.py:188} INFO - [2024-06-21T03:18:11.295+0000] {dag.py:3954} INFO - Setting next_dagrun for example_branch_dop_operator_v3 to 2024-06-21 03:17:00+00:00, run_after=2024-06-21 03:18:00+00:00
[2024-06-21T03:18:11.305+0000] {processor.py:183} INFO - Processing /home/airflow/.local/lib/python3.12/site-packages/airflow/example_dags/example_branch_python_dop_operator_3.py took 0.143 seconds
[2024-06-21T03:18:41.427+0000] {processor.py:161} INFO - Started process (PID=6832) to work on /home/airflow/.local/lib/python3.12/site-packages/airflow/example_dags/example_branch_python_dop_operator_3.py
[2024-06-21T03:18:41.428+0000] {processor.py:830} INFO - Processing file /home/airflow/.local/lib/python3.12/site-packages/airflow/example_dags/example_branch_python_dop_operator_3.py for tasks to queue
[2024-06-21T03:18:41.429+0000] {logging_mixin.py:188} INFO - [2024-06-21T03:18:41.429+0000] {dagbag.py:545} INFO - Filling up the DagBag from /home/airflow/.local/lib/python3.12/site-packages/airflow/example_dags/example_branch_python_dop_operator_3.py
[2024-06-21T03:18:41.434+0000] {processor.py:840} INFO - DAG(s) 'example_branch_dop_operator_v3' retrieved from /home/airflow/.local/lib/python3.12/site-packages/airflow/example_dags/example_branch_python_dop_operator_3.py
[2024-06-21T03:18:41.445+0000] {logging_mixin.py:188} INFO - [2024-06-21T03:18:41.445+0000] {dag.py:3096} INFO - Sync 1 DAGs
[2024-06-21T03:18:41.457+0000] {logging_mixin.py:188} INFO - [2024-06-21T03:18:41.457+0000] {dag.py:3954} INFO - Setting next_dagrun for example_branch_dop_operator_v3 to 2024-06-21 03:17:00+00:00, run_after=2024-06-21 03:18:00+00:00
[2024-06-21T03:18:41.466+0000] {processor.py:183} INFO - Processing /home/airflow/.local/lib/python3.12/site-packages/airflow/example_dags/example_branch_python_dop_operator_3.py took 0.042 seconds
[2024-06-21T03:19:12.126+0000] {processor.py:161} INFO - Started process (PID=7094) to work on /home/airflow/.local/lib/python3.12/site-packages/airflow/example_dags/example_branch_python_dop_operator_3.py
[2024-06-21T03:19:12.127+0000] {processor.py:830} INFO - Processing file /home/airflow/.local/lib/python3.12/site-packages/airflow/example_dags/example_branch_python_dop_operator_3.py for tasks to queue
[2024-06-21T03:19:12.128+0000] {logging_mixin.py:188} INFO - [2024-06-21T03:19:12.128+0000] {dagbag.py:545} INFO - Filling up the DagBag from /home/airflow/.local/lib/python3.12/site-packages/airflow/example_dags/example_branch_python_dop_operator_3.py
[2024-06-21T03:19:12.133+0000] {processor.py:840} INFO - DAG(s) 'example_branch_dop_operator_v3' retrieved from /home/airflow/.local/lib/python3.12/site-packages/airflow/example_dags/example_branch_python_dop_operator_3.py
[2024-06-21T03:19:12.143+0000] {logging_mixin.py:188} INFO - [2024-06-21T03:19:12.143+0000] {dag.py:3096} INFO - Sync 1 DAGs
[2024-06-21T03:19:12.155+0000] {logging_mixin.py:188} INFO - [2024-06-21T03:19:12.155+0000] {dag.py:3954} INFO - Setting next_dagrun for example_branch_dop_operator_v3 to 2024-06-21 03:18:00+00:00, run_after=2024-06-21 03:19:00+00:00
[2024-06-21T03:19:12.166+0000] {processor.py:183} INFO - Processing /home/airflow/.local/lib/python3.12/site-packages/airflow/example_dags/example_branch_python_dop_operator_3.py took 0.042 seconds
[2024-06-21T03:19:42.273+0000] {processor.py:161} INFO - Started process (PID=7355) to work on /home/airflow/.local/lib/python3.12/site-packages/airflow/example_dags/example_branch_python_dop_operator_3.py
[2024-06-21T03:19:42.274+0000] {processor.py:830} INFO - Processing file /home/airflow/.local/lib/python3.12/site-packages/airflow/example_dags/example_branch_python_dop_operator_3.py for tasks to queue
[2024-06-21T03:19:42.275+0000] {logging_mixin.py:188} INFO - [2024-06-21T03:19:42.275+0000] {dagbag.py:545} INFO - Filling up the DagBag from /home/airflow/.local/lib/python3.12/site-packages/airflow/example_dags/example_branch_python_dop_operator_3.py
[2024-06-21T03:19:42.279+0000] {processor.py:840} INFO - DAG(s) 'example_branch_dop_operator_v3' retrieved from /home/airflow/.local/lib/python3.12/site-packages/airflow/example_dags/example_branch_python_dop_operator_3.py
[2024-06-21T03:19:42.291+0000] {logging_mixin.py:188} INFO - [2024-06-21T03:19:42.291+0000] {dag.py:3096} INFO - Sync 1 DAGs
[2024-06-21T03:19:42.305+0000] {logging_mixin.py:188} INFO - [2024-06-21T03:19:42.305+0000] {dag.py:3954} INFO - Setting next_dagrun for example_branch_dop_operator_v3 to 2024-06-21 03:18:00+00:00, run_after=2024-06-21 03:19:00+00:00
[2024-06-21T03:19:42.314+0000] {processor.py:183} INFO - Processing /home/airflow/.local/lib/python3.12/site-packages/airflow/example_dags/example_branch_python_dop_operator_3.py took 0.043 seconds
[2024-06-21T03:20:12.463+0000] {processor.py:161} INFO - Started process (PID=7619) to work on /home/airflow/.local/lib/python3.12/site-packages/airflow/example_dags/example_branch_python_dop_operator_3.py
[2024-06-21T03:20:12.463+0000] {processor.py:830} INFO - Processing file /home/airflow/.local/lib/python3.12/site-packages/airflow/example_dags/example_branch_python_dop_operator_3.py for tasks to queue
[2024-06-21T03:20:12.465+0000] {logging_mixin.py:188} INFO - [2024-06-21T03:20:12.464+0000] {dagbag.py:545} INFO - Filling up the DagBag from /home/airflow/.local/lib/python3.12/site-packages/airflow/example_dags/example_branch_python_dop_operator_3.py
[2024-06-21T03:20:12.469+0000] {processor.py:840} INFO - DAG(s) 'example_branch_dop_operator_v3' retrieved from /home/airflow/.local/lib/python3.12/site-packages/airflow/example_dags/example_branch_python_dop_operator_3.py
[2024-06-21T03:20:12.480+0000] {logging_mixin.py:188} INFO - [2024-06-21T03:20:12.480+0000] {dag.py:3096} INFO - Sync 1 DAGs
[2024-06-21T03:20:12.492+0000] {logging_mixin.py:188} INFO - [2024-06-21T03:20:12.491+0000] {dag.py:3954} INFO - Setting next_dagrun for example_branch_dop_operator_v3 to 2024-06-21 03:19:00+00:00, run_after=2024-06-21 03:20:00+00:00
[2024-06-21T03:20:12.501+0000] {processor.py:183} INFO - Processing /home/airflow/.local/lib/python3.12/site-packages/airflow/example_dags/example_branch_python_dop_operator_3.py took 0.041 seconds
[2024-06-21T03:20:42.681+0000] {processor.py:161} INFO - Started process (PID=7944) to work on /home/airflow/.local/lib/python3.12/site-packages/airflow/example_dags/example_branch_python_dop_operator_3.py
[2024-06-21T03:20:42.682+0000] {processor.py:830} INFO - Processing file /home/airflow/.local/lib/python3.12/site-packages/airflow/example_dags/example_branch_python_dop_operator_3.py for tasks to queue
[2024-06-21T03:20:42.684+0000] {logging_mixin.py:188} INFO - [2024-06-21T03:20:42.684+0000] {dagbag.py:545} INFO - Filling up the DagBag from /home/airflow/.local/lib/python3.12/site-packages/airflow/example_dags/example_branch_python_dop_operator_3.py
[2024-06-21T03:20:42.690+0000] {processor.py:840} INFO - DAG(s) 'example_branch_dop_operator_v3' retrieved from /home/airflow/.local/lib/python3.12/site-packages/airflow/example_dags/example_branch_python_dop_operator_3.py
[2024-06-21T03:20:42.705+0000] {logging_mixin.py:188} INFO - [2024-06-21T03:20:42.705+0000] {dag.py:3096} INFO - Sync 1 DAGs
[2024-06-21T03:20:42.719+0000] {logging_mixin.py:188} INFO - [2024-06-21T03:20:42.719+0000] {dag.py:3954} INFO - Setting next_dagrun for example_branch_dop_operator_v3 to 2024-06-21 03:19:00+00:00, run_after=2024-06-21 03:20:00+00:00
[2024-06-21T03:20:42.729+0000] {processor.py:183} INFO - Processing /home/airflow/.local/lib/python3.12/site-packages/airflow/example_dags/example_branch_python_dop_operator_3.py took 0.053 seconds
