[2024-06-21T03:05:55.503+0000] {processor.py:161} INFO - Started process (PID=173) to work on /home/airflow/.local/lib/python3.12/site-packages/airflow/example_dags/example_branch_operator.py
[2024-06-21T03:05:55.505+0000] {processor.py:830} INFO - Processing file /home/airflow/.local/lib/python3.12/site-packages/airflow/example_dags/example_branch_operator.py for tasks to queue
[2024-06-21T03:05:55.506+0000] {logging_mixin.py:188} INFO - [2024-06-21T03:05:55.506+0000] {dagbag.py:545} INFO - Filling up the DagBag from /home/airflow/.local/lib/python3.12/site-packages/airflow/example_dags/example_branch_operator.py
[2024-06-21T03:05:55.516+0000] {processor.py:840} INFO - DAG(s) 'example_branch_operator' retrieved from /home/airflow/.local/lib/python3.12/site-packages/airflow/example_dags/example_branch_operator.py
[2024-06-21T03:05:55.522+0000] {logging_mixin.py:188} INFO - [2024-06-21T03:05:55.521+0000] {dag.py:3096} INFO - Sync 1 DAGs
[2024-06-21T03:05:55.532+0000] {logging_mixin.py:188} INFO - [2024-06-21T03:05:55.532+0000] {dag.py:3954} INFO - Setting next_dagrun for example_branch_operator to 2024-06-20 00:00:00+00:00, run_after=2024-06-21 00:00:00+00:00
[2024-06-21T03:05:55.542+0000] {processor.py:183} INFO - Processing /home/airflow/.local/lib/python3.12/site-packages/airflow/example_dags/example_branch_operator.py took 0.042 seconds
[2024-06-21T03:06:26.195+0000] {processor.py:161} INFO - Started process (PID=437) to work on /home/airflow/.local/lib/python3.12/site-packages/airflow/example_dags/example_branch_operator.py
[2024-06-21T03:06:26.196+0000] {processor.py:830} INFO - Processing file /home/airflow/.local/lib/python3.12/site-packages/airflow/example_dags/example_branch_operator.py for tasks to queue
[2024-06-21T03:06:26.197+0000] {logging_mixin.py:188} INFO - [2024-06-21T03:06:26.197+0000] {dagbag.py:545} INFO - Filling up the DagBag from /home/airflow/.local/lib/python3.12/site-packages/airflow/example_dags/example_branch_operator.py
[2024-06-21T03:06:26.205+0000] {processor.py:840} INFO - DAG(s) 'example_branch_operator' retrieved from /home/airflow/.local/lib/python3.12/site-packages/airflow/example_dags/example_branch_operator.py
[2024-06-21T03:06:26.256+0000] {logging_mixin.py:188} INFO - [2024-06-21T03:06:26.256+0000] {dag.py:3096} INFO - Sync 1 DAGs
[2024-06-21T03:06:26.266+0000] {logging_mixin.py:188} INFO - [2024-06-21T03:06:26.265+0000] {dag.py:3954} INFO - Setting next_dagrun for example_branch_operator to 2024-06-20 00:00:00+00:00, run_after=2024-06-21 00:00:00+00:00
[2024-06-21T03:06:26.276+0000] {processor.py:183} INFO - Processing /home/airflow/.local/lib/python3.12/site-packages/airflow/example_dags/example_branch_operator.py took 0.084 seconds
[2024-06-21T03:06:56.973+0000] {processor.py:161} INFO - Started process (PID=697) to work on /home/airflow/.local/lib/python3.12/site-packages/airflow/example_dags/example_branch_operator.py
[2024-06-21T03:06:56.973+0000] {processor.py:830} INFO - Processing file /home/airflow/.local/lib/python3.12/site-packages/airflow/example_dags/example_branch_operator.py for tasks to queue
[2024-06-21T03:06:56.974+0000] {logging_mixin.py:188} INFO - [2024-06-21T03:06:56.974+0000] {dagbag.py:545} INFO - Filling up the DagBag from /home/airflow/.local/lib/python3.12/site-packages/airflow/example_dags/example_branch_operator.py
[2024-06-21T03:06:56.982+0000] {processor.py:840} INFO - DAG(s) 'example_branch_operator' retrieved from /home/airflow/.local/lib/python3.12/site-packages/airflow/example_dags/example_branch_operator.py
[2024-06-21T03:06:56.995+0000] {logging_mixin.py:188} INFO - [2024-06-21T03:06:56.995+0000] {dag.py:3096} INFO - Sync 1 DAGs
[2024-06-21T03:06:57.005+0000] {logging_mixin.py:188} INFO - [2024-06-21T03:06:57.005+0000] {dag.py:3954} INFO - Setting next_dagrun for example_branch_operator to 2024-06-20 00:00:00+00:00, run_after=2024-06-21 00:00:00+00:00
[2024-06-21T03:06:57.013+0000] {processor.py:183} INFO - Processing /home/airflow/.local/lib/python3.12/site-packages/airflow/example_dags/example_branch_operator.py took 0.043 seconds
[2024-06-21T03:07:27.647+0000] {processor.py:161} INFO - Started process (PID=959) to work on /home/airflow/.local/lib/python3.12/site-packages/airflow/example_dags/example_branch_operator.py
[2024-06-21T03:07:27.648+0000] {processor.py:830} INFO - Processing file /home/airflow/.local/lib/python3.12/site-packages/airflow/example_dags/example_branch_operator.py for tasks to queue
[2024-06-21T03:07:27.649+0000] {logging_mixin.py:188} INFO - [2024-06-21T03:07:27.649+0000] {dagbag.py:545} INFO - Filling up the DagBag from /home/airflow/.local/lib/python3.12/site-packages/airflow/example_dags/example_branch_operator.py
[2024-06-21T03:07:27.659+0000] {processor.py:840} INFO - DAG(s) 'example_branch_operator' retrieved from /home/airflow/.local/lib/python3.12/site-packages/airflow/example_dags/example_branch_operator.py
[2024-06-21T03:07:27.673+0000] {logging_mixin.py:188} INFO - [2024-06-21T03:07:27.672+0000] {dag.py:3096} INFO - Sync 1 DAGs
[2024-06-21T03:07:27.683+0000] {logging_mixin.py:188} INFO - [2024-06-21T03:07:27.683+0000] {dag.py:3954} INFO - Setting next_dagrun for example_branch_operator to 2024-06-20 00:00:00+00:00, run_after=2024-06-21 00:00:00+00:00
[2024-06-21T03:07:27.692+0000] {processor.py:183} INFO - Processing /home/airflow/.local/lib/python3.12/site-packages/airflow/example_dags/example_branch_operator.py took 0.048 seconds
[2024-06-21T03:07:58.299+0000] {processor.py:161} INFO - Started process (PID=1246) to work on /home/airflow/.local/lib/python3.12/site-packages/airflow/example_dags/example_branch_operator.py
[2024-06-21T03:07:58.300+0000] {processor.py:830} INFO - Processing file /home/airflow/.local/lib/python3.12/site-packages/airflow/example_dags/example_branch_operator.py for tasks to queue
[2024-06-21T03:07:58.301+0000] {logging_mixin.py:188} INFO - [2024-06-21T03:07:58.300+0000] {dagbag.py:545} INFO - Filling up the DagBag from /home/airflow/.local/lib/python3.12/site-packages/airflow/example_dags/example_branch_operator.py
[2024-06-21T03:07:58.309+0000] {processor.py:840} INFO - DAG(s) 'example_branch_operator' retrieved from /home/airflow/.local/lib/python3.12/site-packages/airflow/example_dags/example_branch_operator.py
[2024-06-21T03:07:58.321+0000] {logging_mixin.py:188} INFO - [2024-06-21T03:07:58.321+0000] {dag.py:3096} INFO - Sync 1 DAGs
[2024-06-21T03:07:58.332+0000] {logging_mixin.py:188} INFO - [2024-06-21T03:07:58.332+0000] {dag.py:3954} INFO - Setting next_dagrun for example_branch_operator to 2024-06-20 00:00:00+00:00, run_after=2024-06-21 00:00:00+00:00
[2024-06-21T03:07:58.340+0000] {processor.py:183} INFO - Processing /home/airflow/.local/lib/python3.12/site-packages/airflow/example_dags/example_branch_operator.py took 0.044 seconds
[2024-06-21T03:08:28.932+0000] {processor.py:161} INFO - Started process (PID=1532) to work on /home/airflow/.local/lib/python3.12/site-packages/airflow/example_dags/example_branch_operator.py
[2024-06-21T03:08:28.936+0000] {processor.py:830} INFO - Processing file /home/airflow/.local/lib/python3.12/site-packages/airflow/example_dags/example_branch_operator.py for tasks to queue
[2024-06-21T03:08:28.937+0000] {logging_mixin.py:188} INFO - [2024-06-21T03:08:28.937+0000] {dagbag.py:545} INFO - Filling up the DagBag from /home/airflow/.local/lib/python3.12/site-packages/airflow/example_dags/example_branch_operator.py
[2024-06-21T03:08:28.944+0000] {processor.py:840} INFO - DAG(s) 'example_branch_operator' retrieved from /home/airflow/.local/lib/python3.12/site-packages/airflow/example_dags/example_branch_operator.py
[2024-06-21T03:08:28.957+0000] {logging_mixin.py:188} INFO - [2024-06-21T03:08:28.957+0000] {dag.py:3096} INFO - Sync 1 DAGs
[2024-06-21T03:08:28.967+0000] {logging_mixin.py:188} INFO - [2024-06-21T03:08:28.967+0000] {dag.py:3954} INFO - Setting next_dagrun for example_branch_operator to 2024-06-20 00:00:00+00:00, run_after=2024-06-21 00:00:00+00:00
[2024-06-21T03:08:28.976+0000] {processor.py:183} INFO - Processing /home/airflow/.local/lib/python3.12/site-packages/airflow/example_dags/example_branch_operator.py took 0.047 seconds
[2024-06-21T03:08:59.678+0000] {processor.py:161} INFO - Started process (PID=1794) to work on /home/airflow/.local/lib/python3.12/site-packages/airflow/example_dags/example_branch_operator.py
[2024-06-21T03:08:59.679+0000] {processor.py:830} INFO - Processing file /home/airflow/.local/lib/python3.12/site-packages/airflow/example_dags/example_branch_operator.py for tasks to queue
[2024-06-21T03:08:59.680+0000] {logging_mixin.py:188} INFO - [2024-06-21T03:08:59.680+0000] {dagbag.py:545} INFO - Filling up the DagBag from /home/airflow/.local/lib/python3.12/site-packages/airflow/example_dags/example_branch_operator.py
[2024-06-21T03:08:59.689+0000] {processor.py:840} INFO - DAG(s) 'example_branch_operator' retrieved from /home/airflow/.local/lib/python3.12/site-packages/airflow/example_dags/example_branch_operator.py
[2024-06-21T03:08:59.702+0000] {logging_mixin.py:188} INFO - [2024-06-21T03:08:59.702+0000] {dag.py:3096} INFO - Sync 1 DAGs
[2024-06-21T03:08:59.713+0000] {logging_mixin.py:188} INFO - [2024-06-21T03:08:59.713+0000] {dag.py:3954} INFO - Setting next_dagrun for example_branch_operator to 2024-06-20 00:00:00+00:00, run_after=2024-06-21 00:00:00+00:00
[2024-06-21T03:08:59.724+0000] {processor.py:183} INFO - Processing /home/airflow/.local/lib/python3.12/site-packages/airflow/example_dags/example_branch_operator.py took 0.048 seconds
[2024-06-21T03:09:30.315+0000] {processor.py:161} INFO - Started process (PID=2056) to work on /home/airflow/.local/lib/python3.12/site-packages/airflow/example_dags/example_branch_operator.py
[2024-06-21T03:09:30.315+0000] {processor.py:830} INFO - Processing file /home/airflow/.local/lib/python3.12/site-packages/airflow/example_dags/example_branch_operator.py for tasks to queue
[2024-06-21T03:09:30.317+0000] {logging_mixin.py:188} INFO - [2024-06-21T03:09:30.316+0000] {dagbag.py:545} INFO - Filling up the DagBag from /home/airflow/.local/lib/python3.12/site-packages/airflow/example_dags/example_branch_operator.py
[2024-06-21T03:09:30.324+0000] {processor.py:840} INFO - DAG(s) 'example_branch_operator' retrieved from /home/airflow/.local/lib/python3.12/site-packages/airflow/example_dags/example_branch_operator.py
[2024-06-21T03:09:30.338+0000] {logging_mixin.py:188} INFO - [2024-06-21T03:09:30.338+0000] {dag.py:3096} INFO - Sync 1 DAGs
[2024-06-21T03:09:30.348+0000] {logging_mixin.py:188} INFO - [2024-06-21T03:09:30.348+0000] {dag.py:3954} INFO - Setting next_dagrun for example_branch_operator to 2024-06-20 00:00:00+00:00, run_after=2024-06-21 00:00:00+00:00
[2024-06-21T03:09:30.357+0000] {processor.py:183} INFO - Processing /home/airflow/.local/lib/python3.12/site-packages/airflow/example_dags/example_branch_operator.py took 0.045 seconds
[2024-06-21T03:10:00.996+0000] {processor.py:161} INFO - Started process (PID=2318) to work on /home/airflow/.local/lib/python3.12/site-packages/airflow/example_dags/example_branch_operator.py
[2024-06-21T03:10:00.997+0000] {processor.py:830} INFO - Processing file /home/airflow/.local/lib/python3.12/site-packages/airflow/example_dags/example_branch_operator.py for tasks to queue
[2024-06-21T03:10:00.998+0000] {logging_mixin.py:188} INFO - [2024-06-21T03:10:00.998+0000] {dagbag.py:545} INFO - Filling up the DagBag from /home/airflow/.local/lib/python3.12/site-packages/airflow/example_dags/example_branch_operator.py
[2024-06-21T03:10:01.007+0000] {processor.py:840} INFO - DAG(s) 'example_branch_operator' retrieved from /home/airflow/.local/lib/python3.12/site-packages/airflow/example_dags/example_branch_operator.py
[2024-06-21T03:10:01.019+0000] {logging_mixin.py:188} INFO - [2024-06-21T03:10:01.019+0000] {dag.py:3096} INFO - Sync 1 DAGs
[2024-06-21T03:10:01.031+0000] {logging_mixin.py:188} INFO - [2024-06-21T03:10:01.031+0000] {dag.py:3954} INFO - Setting next_dagrun for example_branch_operator to 2024-06-20 00:00:00+00:00, run_after=2024-06-21 00:00:00+00:00
[2024-06-21T03:10:01.040+0000] {processor.py:183} INFO - Processing /home/airflow/.local/lib/python3.12/site-packages/airflow/example_dags/example_branch_operator.py took 0.047 seconds
[2024-06-21T03:10:31.753+0000] {processor.py:161} INFO - Started process (PID=2580) to work on /home/airflow/.local/lib/python3.12/site-packages/airflow/example_dags/example_branch_operator.py
[2024-06-21T03:10:31.754+0000] {processor.py:830} INFO - Processing file /home/airflow/.local/lib/python3.12/site-packages/airflow/example_dags/example_branch_operator.py for tasks to queue
[2024-06-21T03:10:31.755+0000] {logging_mixin.py:188} INFO - [2024-06-21T03:10:31.755+0000] {dagbag.py:545} INFO - Filling up the DagBag from /home/airflow/.local/lib/python3.12/site-packages/airflow/example_dags/example_branch_operator.py
[2024-06-21T03:10:31.764+0000] {processor.py:840} INFO - DAG(s) 'example_branch_operator' retrieved from /home/airflow/.local/lib/python3.12/site-packages/airflow/example_dags/example_branch_operator.py
[2024-06-21T03:10:31.779+0000] {logging_mixin.py:188} INFO - [2024-06-21T03:10:31.779+0000] {dag.py:3096} INFO - Sync 1 DAGs
[2024-06-21T03:10:31.790+0000] {logging_mixin.py:188} INFO - [2024-06-21T03:10:31.790+0000] {dag.py:3954} INFO - Setting next_dagrun for example_branch_operator to 2024-06-20 00:00:00+00:00, run_after=2024-06-21 00:00:00+00:00
[2024-06-21T03:10:31.800+0000] {processor.py:183} INFO - Processing /home/airflow/.local/lib/python3.12/site-packages/airflow/example_dags/example_branch_operator.py took 0.050 seconds
[2024-06-21T03:11:02.507+0000] {processor.py:161} INFO - Started process (PID=2844) to work on /home/airflow/.local/lib/python3.12/site-packages/airflow/example_dags/example_branch_operator.py
[2024-06-21T03:11:02.508+0000] {processor.py:830} INFO - Processing file /home/airflow/.local/lib/python3.12/site-packages/airflow/example_dags/example_branch_operator.py for tasks to queue
[2024-06-21T03:11:02.509+0000] {logging_mixin.py:188} INFO - [2024-06-21T03:11:02.508+0000] {dagbag.py:545} INFO - Filling up the DagBag from /home/airflow/.local/lib/python3.12/site-packages/airflow/example_dags/example_branch_operator.py
[2024-06-21T03:11:02.517+0000] {processor.py:840} INFO - DAG(s) 'example_branch_operator' retrieved from /home/airflow/.local/lib/python3.12/site-packages/airflow/example_dags/example_branch_operator.py
[2024-06-21T03:11:02.531+0000] {logging_mixin.py:188} INFO - [2024-06-21T03:11:02.531+0000] {dag.py:3096} INFO - Sync 1 DAGs
[2024-06-21T03:11:02.542+0000] {logging_mixin.py:188} INFO - [2024-06-21T03:11:02.542+0000] {dag.py:3954} INFO - Setting next_dagrun for example_branch_operator to 2024-06-20 00:00:00+00:00, run_after=2024-06-21 00:00:00+00:00
[2024-06-21T03:11:02.551+0000] {processor.py:183} INFO - Processing /home/airflow/.local/lib/python3.12/site-packages/airflow/example_dags/example_branch_operator.py took 0.048 seconds
[2024-06-21T03:11:33.300+0000] {processor.py:161} INFO - Started process (PID=3104) to work on /home/airflow/.local/lib/python3.12/site-packages/airflow/example_dags/example_branch_operator.py
[2024-06-21T03:11:33.301+0000] {processor.py:830} INFO - Processing file /home/airflow/.local/lib/python3.12/site-packages/airflow/example_dags/example_branch_operator.py for tasks to queue
[2024-06-21T03:11:33.302+0000] {logging_mixin.py:188} INFO - [2024-06-21T03:11:33.302+0000] {dagbag.py:545} INFO - Filling up the DagBag from /home/airflow/.local/lib/python3.12/site-packages/airflow/example_dags/example_branch_operator.py
[2024-06-21T03:11:33.311+0000] {processor.py:840} INFO - DAG(s) 'example_branch_operator' retrieved from /home/airflow/.local/lib/python3.12/site-packages/airflow/example_dags/example_branch_operator.py
[2024-06-21T03:11:33.326+0000] {logging_mixin.py:188} INFO - [2024-06-21T03:11:33.325+0000] {dag.py:3096} INFO - Sync 1 DAGs
[2024-06-21T03:11:33.336+0000] {logging_mixin.py:188} INFO - [2024-06-21T03:11:33.336+0000] {dag.py:3954} INFO - Setting next_dagrun for example_branch_operator to 2024-06-20 00:00:00+00:00, run_after=2024-06-21 00:00:00+00:00
[2024-06-21T03:11:33.346+0000] {processor.py:183} INFO - Processing /home/airflow/.local/lib/python3.12/site-packages/airflow/example_dags/example_branch_operator.py took 0.049 seconds
[2024-06-21T03:12:03.400+0000] {processor.py:161} INFO - Started process (PID=3366) to work on /home/airflow/.local/lib/python3.12/site-packages/airflow/example_dags/example_branch_operator.py
[2024-06-21T03:12:03.401+0000] {processor.py:830} INFO - Processing file /home/airflow/.local/lib/python3.12/site-packages/airflow/example_dags/example_branch_operator.py for tasks to queue
[2024-06-21T03:12:03.402+0000] {logging_mixin.py:188} INFO - [2024-06-21T03:12:03.402+0000] {dagbag.py:545} INFO - Filling up the DagBag from /home/airflow/.local/lib/python3.12/site-packages/airflow/example_dags/example_branch_operator.py
[2024-06-21T03:12:03.410+0000] {processor.py:840} INFO - DAG(s) 'example_branch_operator' retrieved from /home/airflow/.local/lib/python3.12/site-packages/airflow/example_dags/example_branch_operator.py
[2024-06-21T03:12:03.425+0000] {logging_mixin.py:188} INFO - [2024-06-21T03:12:03.425+0000] {dag.py:3096} INFO - Sync 1 DAGs
[2024-06-21T03:12:03.435+0000] {logging_mixin.py:188} INFO - [2024-06-21T03:12:03.435+0000] {dag.py:3954} INFO - Setting next_dagrun for example_branch_operator to 2024-06-20 00:00:00+00:00, run_after=2024-06-21 00:00:00+00:00
[2024-06-21T03:12:03.444+0000] {processor.py:183} INFO - Processing /home/airflow/.local/lib/python3.12/site-packages/airflow/example_dags/example_branch_operator.py took 0.046 seconds
[2024-06-21T03:12:34.195+0000] {processor.py:161} INFO - Started process (PID=3628) to work on /home/airflow/.local/lib/python3.12/site-packages/airflow/example_dags/example_branch_operator.py
[2024-06-21T03:12:34.196+0000] {processor.py:830} INFO - Processing file /home/airflow/.local/lib/python3.12/site-packages/airflow/example_dags/example_branch_operator.py for tasks to queue
[2024-06-21T03:12:34.197+0000] {logging_mixin.py:188} INFO - [2024-06-21T03:12:34.197+0000] {dagbag.py:545} INFO - Filling up the DagBag from /home/airflow/.local/lib/python3.12/site-packages/airflow/example_dags/example_branch_operator.py
[2024-06-21T03:12:34.205+0000] {processor.py:840} INFO - DAG(s) 'example_branch_operator' retrieved from /home/airflow/.local/lib/python3.12/site-packages/airflow/example_dags/example_branch_operator.py
[2024-06-21T03:12:34.219+0000] {logging_mixin.py:188} INFO - [2024-06-21T03:12:34.219+0000] {dag.py:3096} INFO - Sync 1 DAGs
[2024-06-21T03:12:34.231+0000] {logging_mixin.py:188} INFO - [2024-06-21T03:12:34.230+0000] {dag.py:3954} INFO - Setting next_dagrun for example_branch_operator to 2024-06-20 00:00:00+00:00, run_after=2024-06-21 00:00:00+00:00
[2024-06-21T03:12:34.240+0000] {processor.py:183} INFO - Processing /home/airflow/.local/lib/python3.12/site-packages/airflow/example_dags/example_branch_operator.py took 0.048 seconds
[2024-06-21T03:13:04.943+0000] {processor.py:161} INFO - Started process (PID=3890) to work on /home/airflow/.local/lib/python3.12/site-packages/airflow/example_dags/example_branch_operator.py
[2024-06-21T03:13:04.944+0000] {processor.py:830} INFO - Processing file /home/airflow/.local/lib/python3.12/site-packages/airflow/example_dags/example_branch_operator.py for tasks to queue
[2024-06-21T03:13:04.945+0000] {logging_mixin.py:188} INFO - [2024-06-21T03:13:04.945+0000] {dagbag.py:545} INFO - Filling up the DagBag from /home/airflow/.local/lib/python3.12/site-packages/airflow/example_dags/example_branch_operator.py
[2024-06-21T03:13:04.954+0000] {processor.py:840} INFO - DAG(s) 'example_branch_operator' retrieved from /home/airflow/.local/lib/python3.12/site-packages/airflow/example_dags/example_branch_operator.py
[2024-06-21T03:13:04.970+0000] {logging_mixin.py:188} INFO - [2024-06-21T03:13:04.969+0000] {dag.py:3096} INFO - Sync 1 DAGs
[2024-06-21T03:13:04.981+0000] {logging_mixin.py:188} INFO - [2024-06-21T03:13:04.981+0000] {dag.py:3954} INFO - Setting next_dagrun for example_branch_operator to 2024-06-20 00:00:00+00:00, run_after=2024-06-21 00:00:00+00:00
[2024-06-21T03:13:04.991+0000] {processor.py:183} INFO - Processing /home/airflow/.local/lib/python3.12/site-packages/airflow/example_dags/example_branch_operator.py took 0.051 seconds
[2024-06-21T03:13:35.828+0000] {processor.py:161} INFO - Started process (PID=4152) to work on /home/airflow/.local/lib/python3.12/site-packages/airflow/example_dags/example_branch_operator.py
[2024-06-21T03:13:35.829+0000] {processor.py:830} INFO - Processing file /home/airflow/.local/lib/python3.12/site-packages/airflow/example_dags/example_branch_operator.py for tasks to queue
[2024-06-21T03:13:35.830+0000] {logging_mixin.py:188} INFO - [2024-06-21T03:13:35.830+0000] {dagbag.py:545} INFO - Filling up the DagBag from /home/airflow/.local/lib/python3.12/site-packages/airflow/example_dags/example_branch_operator.py
[2024-06-21T03:13:35.838+0000] {processor.py:840} INFO - DAG(s) 'example_branch_operator' retrieved from /home/airflow/.local/lib/python3.12/site-packages/airflow/example_dags/example_branch_operator.py
[2024-06-21T03:13:35.852+0000] {logging_mixin.py:188} INFO - [2024-06-21T03:13:35.852+0000] {dag.py:3096} INFO - Sync 1 DAGs
[2024-06-21T03:13:35.863+0000] {logging_mixin.py:188} INFO - [2024-06-21T03:13:35.863+0000] {dag.py:3954} INFO - Setting next_dagrun for example_branch_operator to 2024-06-20 00:00:00+00:00, run_after=2024-06-21 00:00:00+00:00
[2024-06-21T03:13:35.872+0000] {processor.py:183} INFO - Processing /home/airflow/.local/lib/python3.12/site-packages/airflow/example_dags/example_branch_operator.py took 0.047 seconds
[2024-06-21T03:14:06.604+0000] {processor.py:161} INFO - Started process (PID=4414) to work on /home/airflow/.local/lib/python3.12/site-packages/airflow/example_dags/example_branch_operator.py
[2024-06-21T03:14:06.604+0000] {processor.py:830} INFO - Processing file /home/airflow/.local/lib/python3.12/site-packages/airflow/example_dags/example_branch_operator.py for tasks to queue
[2024-06-21T03:14:06.605+0000] {logging_mixin.py:188} INFO - [2024-06-21T03:14:06.605+0000] {dagbag.py:545} INFO - Filling up the DagBag from /home/airflow/.local/lib/python3.12/site-packages/airflow/example_dags/example_branch_operator.py
[2024-06-21T03:14:06.614+0000] {processor.py:840} INFO - DAG(s) 'example_branch_operator' retrieved from /home/airflow/.local/lib/python3.12/site-packages/airflow/example_dags/example_branch_operator.py
[2024-06-21T03:14:06.628+0000] {logging_mixin.py:188} INFO - [2024-06-21T03:14:06.628+0000] {dag.py:3096} INFO - Sync 1 DAGs
[2024-06-21T03:14:06.639+0000] {logging_mixin.py:188} INFO - [2024-06-21T03:14:06.639+0000] {dag.py:3954} INFO - Setting next_dagrun for example_branch_operator to 2024-06-20 00:00:00+00:00, run_after=2024-06-21 00:00:00+00:00
[2024-06-21T03:14:06.650+0000] {processor.py:183} INFO - Processing /home/airflow/.local/lib/python3.12/site-packages/airflow/example_dags/example_branch_operator.py took 0.049 seconds
[2024-06-21T03:14:37.346+0000] {processor.py:161} INFO - Started process (PID=4676) to work on /home/airflow/.local/lib/python3.12/site-packages/airflow/example_dags/example_branch_operator.py
[2024-06-21T03:14:37.347+0000] {processor.py:830} INFO - Processing file /home/airflow/.local/lib/python3.12/site-packages/airflow/example_dags/example_branch_operator.py for tasks to queue
[2024-06-21T03:14:37.348+0000] {logging_mixin.py:188} INFO - [2024-06-21T03:14:37.348+0000] {dagbag.py:545} INFO - Filling up the DagBag from /home/airflow/.local/lib/python3.12/site-packages/airflow/example_dags/example_branch_operator.py
[2024-06-21T03:14:37.356+0000] {processor.py:840} INFO - DAG(s) 'example_branch_operator' retrieved from /home/airflow/.local/lib/python3.12/site-packages/airflow/example_dags/example_branch_operator.py
[2024-06-21T03:14:37.371+0000] {logging_mixin.py:188} INFO - [2024-06-21T03:14:37.371+0000] {dag.py:3096} INFO - Sync 1 DAGs
[2024-06-21T03:14:37.382+0000] {logging_mixin.py:188} INFO - [2024-06-21T03:14:37.382+0000] {dag.py:3954} INFO - Setting next_dagrun for example_branch_operator to 2024-06-20 00:00:00+00:00, run_after=2024-06-21 00:00:00+00:00
[2024-06-21T03:14:37.391+0000] {processor.py:183} INFO - Processing /home/airflow/.local/lib/python3.12/site-packages/airflow/example_dags/example_branch_operator.py took 0.048 seconds
[2024-06-21T03:15:08.051+0000] {processor.py:161} INFO - Started process (PID=4938) to work on /home/airflow/.local/lib/python3.12/site-packages/airflow/example_dags/example_branch_operator.py
[2024-06-21T03:15:08.051+0000] {processor.py:830} INFO - Processing file /home/airflow/.local/lib/python3.12/site-packages/airflow/example_dags/example_branch_operator.py for tasks to queue
[2024-06-21T03:15:08.052+0000] {logging_mixin.py:188} INFO - [2024-06-21T03:15:08.052+0000] {dagbag.py:545} INFO - Filling up the DagBag from /home/airflow/.local/lib/python3.12/site-packages/airflow/example_dags/example_branch_operator.py
[2024-06-21T03:15:08.060+0000] {processor.py:840} INFO - DAG(s) 'example_branch_operator' retrieved from /home/airflow/.local/lib/python3.12/site-packages/airflow/example_dags/example_branch_operator.py
[2024-06-21T03:15:08.075+0000] {logging_mixin.py:188} INFO - [2024-06-21T03:15:08.075+0000] {dag.py:3096} INFO - Sync 1 DAGs
[2024-06-21T03:15:08.084+0000] {logging_mixin.py:188} INFO - [2024-06-21T03:15:08.084+0000] {dag.py:3954} INFO - Setting next_dagrun for example_branch_operator to 2024-06-20 00:00:00+00:00, run_after=2024-06-21 00:00:00+00:00
[2024-06-21T03:15:08.094+0000] {processor.py:183} INFO - Processing /home/airflow/.local/lib/python3.12/site-packages/airflow/example_dags/example_branch_operator.py took 0.047 seconds
[2024-06-21T03:15:38.747+0000] {processor.py:161} INFO - Started process (PID=5200) to work on /home/airflow/.local/lib/python3.12/site-packages/airflow/example_dags/example_branch_operator.py
[2024-06-21T03:15:38.748+0000] {processor.py:830} INFO - Processing file /home/airflow/.local/lib/python3.12/site-packages/airflow/example_dags/example_branch_operator.py for tasks to queue
[2024-06-21T03:15:38.749+0000] {logging_mixin.py:188} INFO - [2024-06-21T03:15:38.749+0000] {dagbag.py:545} INFO - Filling up the DagBag from /home/airflow/.local/lib/python3.12/site-packages/airflow/example_dags/example_branch_operator.py
[2024-06-21T03:15:38.757+0000] {processor.py:840} INFO - DAG(s) 'example_branch_operator' retrieved from /home/airflow/.local/lib/python3.12/site-packages/airflow/example_dags/example_branch_operator.py
[2024-06-21T03:15:38.771+0000] {logging_mixin.py:188} INFO - [2024-06-21T03:15:38.771+0000] {dag.py:3096} INFO - Sync 1 DAGs
[2024-06-21T03:15:38.782+0000] {logging_mixin.py:188} INFO - [2024-06-21T03:15:38.782+0000] {dag.py:3954} INFO - Setting next_dagrun for example_branch_operator to 2024-06-20 00:00:00+00:00, run_after=2024-06-21 00:00:00+00:00
[2024-06-21T03:15:38.792+0000] {processor.py:183} INFO - Processing /home/airflow/.local/lib/python3.12/site-packages/airflow/example_dags/example_branch_operator.py took 0.048 seconds
[2024-06-21T03:16:08.971+0000] {processor.py:161} INFO - Started process (PID=5462) to work on /home/airflow/.local/lib/python3.12/site-packages/airflow/example_dags/example_branch_operator.py
[2024-06-21T03:16:08.971+0000] {processor.py:830} INFO - Processing file /home/airflow/.local/lib/python3.12/site-packages/airflow/example_dags/example_branch_operator.py for tasks to queue
[2024-06-21T03:16:08.973+0000] {logging_mixin.py:188} INFO - [2024-06-21T03:16:08.972+0000] {dagbag.py:545} INFO - Filling up the DagBag from /home/airflow/.local/lib/python3.12/site-packages/airflow/example_dags/example_branch_operator.py
[2024-06-21T03:16:08.981+0000] {processor.py:840} INFO - DAG(s) 'example_branch_operator' retrieved from /home/airflow/.local/lib/python3.12/site-packages/airflow/example_dags/example_branch_operator.py
[2024-06-21T03:16:08.994+0000] {logging_mixin.py:188} INFO - [2024-06-21T03:16:08.994+0000] {dag.py:3096} INFO - Sync 1 DAGs
[2024-06-21T03:16:09.005+0000] {logging_mixin.py:188} INFO - [2024-06-21T03:16:09.005+0000] {dag.py:3954} INFO - Setting next_dagrun for example_branch_operator to 2024-06-20 00:00:00+00:00, run_after=2024-06-21 00:00:00+00:00
[2024-06-21T03:16:09.014+0000] {processor.py:183} INFO - Processing /home/airflow/.local/lib/python3.12/site-packages/airflow/example_dags/example_branch_operator.py took 0.047 seconds
[2024-06-21T03:16:39.787+0000] {processor.py:161} INFO - Started process (PID=5724) to work on /home/airflow/.local/lib/python3.12/site-packages/airflow/example_dags/example_branch_operator.py
[2024-06-21T03:16:39.788+0000] {processor.py:830} INFO - Processing file /home/airflow/.local/lib/python3.12/site-packages/airflow/example_dags/example_branch_operator.py for tasks to queue
[2024-06-21T03:16:39.789+0000] {logging_mixin.py:188} INFO - [2024-06-21T03:16:39.789+0000] {dagbag.py:545} INFO - Filling up the DagBag from /home/airflow/.local/lib/python3.12/site-packages/airflow/example_dags/example_branch_operator.py
[2024-06-21T03:16:39.797+0000] {processor.py:840} INFO - DAG(s) 'example_branch_operator' retrieved from /home/airflow/.local/lib/python3.12/site-packages/airflow/example_dags/example_branch_operator.py
[2024-06-21T03:16:39.810+0000] {logging_mixin.py:188} INFO - [2024-06-21T03:16:39.810+0000] {dag.py:3096} INFO - Sync 1 DAGs
[2024-06-21T03:16:39.821+0000] {logging_mixin.py:188} INFO - [2024-06-21T03:16:39.821+0000] {dag.py:3954} INFO - Setting next_dagrun for example_branch_operator to 2024-06-20 00:00:00+00:00, run_after=2024-06-21 00:00:00+00:00
[2024-06-21T03:16:39.830+0000] {processor.py:183} INFO - Processing /home/airflow/.local/lib/python3.12/site-packages/airflow/example_dags/example_branch_operator.py took 0.047 seconds
[2024-06-21T03:17:10.590+0000] {processor.py:161} INFO - Started process (PID=5986) to work on /home/airflow/.local/lib/python3.12/site-packages/airflow/example_dags/example_branch_operator.py
[2024-06-21T03:17:10.591+0000] {processor.py:830} INFO - Processing file /home/airflow/.local/lib/python3.12/site-packages/airflow/example_dags/example_branch_operator.py for tasks to queue
[2024-06-21T03:17:10.592+0000] {logging_mixin.py:188} INFO - [2024-06-21T03:17:10.592+0000] {dagbag.py:545} INFO - Filling up the DagBag from /home/airflow/.local/lib/python3.12/site-packages/airflow/example_dags/example_branch_operator.py
[2024-06-21T03:17:10.600+0000] {processor.py:840} INFO - DAG(s) 'example_branch_operator' retrieved from /home/airflow/.local/lib/python3.12/site-packages/airflow/example_dags/example_branch_operator.py
[2024-06-21T03:17:10.615+0000] {logging_mixin.py:188} INFO - [2024-06-21T03:17:10.615+0000] {dag.py:3096} INFO - Sync 1 DAGs
[2024-06-21T03:17:10.626+0000] {logging_mixin.py:188} INFO - [2024-06-21T03:17:10.626+0000] {dag.py:3954} INFO - Setting next_dagrun for example_branch_operator to 2024-06-20 00:00:00+00:00, run_after=2024-06-21 00:00:00+00:00
[2024-06-21T03:17:10.636+0000] {processor.py:183} INFO - Processing /home/airflow/.local/lib/python3.12/site-packages/airflow/example_dags/example_branch_operator.py took 0.049 seconds
[2024-06-21T03:17:40.685+0000] {processor.py:161} INFO - Started process (PID=6250) to work on /home/airflow/.local/lib/python3.12/site-packages/airflow/example_dags/example_branch_operator.py
[2024-06-21T03:17:40.686+0000] {processor.py:830} INFO - Processing file /home/airflow/.local/lib/python3.12/site-packages/airflow/example_dags/example_branch_operator.py for tasks to queue
[2024-06-21T03:17:40.687+0000] {logging_mixin.py:188} INFO - [2024-06-21T03:17:40.686+0000] {dagbag.py:545} INFO - Filling up the DagBag from /home/airflow/.local/lib/python3.12/site-packages/airflow/example_dags/example_branch_operator.py
[2024-06-21T03:17:40.696+0000] {processor.py:840} INFO - DAG(s) 'example_branch_operator' retrieved from /home/airflow/.local/lib/python3.12/site-packages/airflow/example_dags/example_branch_operator.py
[2024-06-21T03:17:40.710+0000] {logging_mixin.py:188} INFO - [2024-06-21T03:17:40.709+0000] {dag.py:3096} INFO - Sync 1 DAGs
[2024-06-21T03:17:40.719+0000] {logging_mixin.py:188} INFO - [2024-06-21T03:17:40.719+0000] {dag.py:3954} INFO - Setting next_dagrun for example_branch_operator to 2024-06-20 00:00:00+00:00, run_after=2024-06-21 00:00:00+00:00
[2024-06-21T03:17:40.728+0000] {processor.py:183} INFO - Processing /home/airflow/.local/lib/python3.12/site-packages/airflow/example_dags/example_branch_operator.py took 0.047 seconds
[2024-06-21T03:18:10.847+0000] {processor.py:161} INFO - Started process (PID=6510) to work on /home/airflow/.local/lib/python3.12/site-packages/airflow/example_dags/example_branch_operator.py
[2024-06-21T03:18:10.848+0000] {processor.py:830} INFO - Processing file /home/airflow/.local/lib/python3.12/site-packages/airflow/example_dags/example_branch_operator.py for tasks to queue
[2024-06-21T03:18:10.849+0000] {logging_mixin.py:188} INFO - [2024-06-21T03:18:10.849+0000] {dagbag.py:545} INFO - Filling up the DagBag from /home/airflow/.local/lib/python3.12/site-packages/airflow/example_dags/example_branch_operator.py
[2024-06-21T03:18:10.858+0000] {processor.py:840} INFO - DAG(s) 'example_branch_operator' retrieved from /home/airflow/.local/lib/python3.12/site-packages/airflow/example_dags/example_branch_operator.py
[2024-06-21T03:18:10.872+0000] {logging_mixin.py:188} INFO - [2024-06-21T03:18:10.872+0000] {dag.py:3096} INFO - Sync 1 DAGs
[2024-06-21T03:18:10.883+0000] {logging_mixin.py:188} INFO - [2024-06-21T03:18:10.883+0000] {dag.py:3954} INFO - Setting next_dagrun for example_branch_operator to 2024-06-20 00:00:00+00:00, run_after=2024-06-21 00:00:00+00:00
[2024-06-21T03:18:10.893+0000] {processor.py:183} INFO - Processing /home/airflow/.local/lib/python3.12/site-packages/airflow/example_dags/example_branch_operator.py took 0.048 seconds
[2024-06-21T03:18:41.025+0000] {processor.py:161} INFO - Started process (PID=6772) to work on /home/airflow/.local/lib/python3.12/site-packages/airflow/example_dags/example_branch_operator.py
[2024-06-21T03:18:41.026+0000] {processor.py:830} INFO - Processing file /home/airflow/.local/lib/python3.12/site-packages/airflow/example_dags/example_branch_operator.py for tasks to queue
[2024-06-21T03:18:41.027+0000] {logging_mixin.py:188} INFO - [2024-06-21T03:18:41.027+0000] {dagbag.py:545} INFO - Filling up the DagBag from /home/airflow/.local/lib/python3.12/site-packages/airflow/example_dags/example_branch_operator.py
[2024-06-21T03:18:41.035+0000] {processor.py:840} INFO - DAG(s) 'example_branch_operator' retrieved from /home/airflow/.local/lib/python3.12/site-packages/airflow/example_dags/example_branch_operator.py
[2024-06-21T03:18:41.050+0000] {logging_mixin.py:188} INFO - [2024-06-21T03:18:41.050+0000] {dag.py:3096} INFO - Sync 1 DAGs
[2024-06-21T03:18:41.061+0000] {logging_mixin.py:188} INFO - [2024-06-21T03:18:41.061+0000] {dag.py:3954} INFO - Setting next_dagrun for example_branch_operator to 2024-06-20 00:00:00+00:00, run_after=2024-06-21 00:00:00+00:00
[2024-06-21T03:18:41.070+0000] {processor.py:183} INFO - Processing /home/airflow/.local/lib/python3.12/site-packages/airflow/example_dags/example_branch_operator.py took 0.049 seconds
[2024-06-21T03:19:11.810+0000] {processor.py:161} INFO - Started process (PID=7034) to work on /home/airflow/.local/lib/python3.12/site-packages/airflow/example_dags/example_branch_operator.py
[2024-06-21T03:19:11.810+0000] {processor.py:830} INFO - Processing file /home/airflow/.local/lib/python3.12/site-packages/airflow/example_dags/example_branch_operator.py for tasks to queue
[2024-06-21T03:19:11.812+0000] {logging_mixin.py:188} INFO - [2024-06-21T03:19:11.812+0000] {dagbag.py:545} INFO - Filling up the DagBag from /home/airflow/.local/lib/python3.12/site-packages/airflow/example_dags/example_branch_operator.py
[2024-06-21T03:19:11.821+0000] {processor.py:840} INFO - DAG(s) 'example_branch_operator' retrieved from /home/airflow/.local/lib/python3.12/site-packages/airflow/example_dags/example_branch_operator.py
[2024-06-21T03:19:11.835+0000] {logging_mixin.py:188} INFO - [2024-06-21T03:19:11.835+0000] {dag.py:3096} INFO - Sync 1 DAGs
[2024-06-21T03:19:11.846+0000] {logging_mixin.py:188} INFO - [2024-06-21T03:19:11.846+0000] {dag.py:3954} INFO - Setting next_dagrun for example_branch_operator to 2024-06-20 00:00:00+00:00, run_after=2024-06-21 00:00:00+00:00
[2024-06-21T03:19:11.856+0000] {processor.py:183} INFO - Processing /home/airflow/.local/lib/python3.12/site-packages/airflow/example_dags/example_branch_operator.py took 0.049 seconds
[2024-06-21T03:19:41.893+0000] {processor.py:161} INFO - Started process (PID=7295) to work on /home/airflow/.local/lib/python3.12/site-packages/airflow/example_dags/example_branch_operator.py
[2024-06-21T03:19:41.893+0000] {processor.py:830} INFO - Processing file /home/airflow/.local/lib/python3.12/site-packages/airflow/example_dags/example_branch_operator.py for tasks to queue
[2024-06-21T03:19:41.895+0000] {logging_mixin.py:188} INFO - [2024-06-21T03:19:41.895+0000] {dagbag.py:545} INFO - Filling up the DagBag from /home/airflow/.local/lib/python3.12/site-packages/airflow/example_dags/example_branch_operator.py
[2024-06-21T03:19:41.903+0000] {processor.py:840} INFO - DAG(s) 'example_branch_operator' retrieved from /home/airflow/.local/lib/python3.12/site-packages/airflow/example_dags/example_branch_operator.py
[2024-06-21T03:19:41.917+0000] {logging_mixin.py:188} INFO - [2024-06-21T03:19:41.917+0000] {dag.py:3096} INFO - Sync 1 DAGs
[2024-06-21T03:19:41.928+0000] {logging_mixin.py:188} INFO - [2024-06-21T03:19:41.928+0000] {dag.py:3954} INFO - Setting next_dagrun for example_branch_operator to 2024-06-20 00:00:00+00:00, run_after=2024-06-21 00:00:00+00:00
[2024-06-21T03:19:41.938+0000] {processor.py:183} INFO - Processing /home/airflow/.local/lib/python3.12/site-packages/airflow/example_dags/example_branch_operator.py took 0.049 seconds
[2024-06-21T03:20:12.081+0000] {processor.py:161} INFO - Started process (PID=7557) to work on /home/airflow/.local/lib/python3.12/site-packages/airflow/example_dags/example_branch_operator.py
[2024-06-21T03:20:12.082+0000] {processor.py:830} INFO - Processing file /home/airflow/.local/lib/python3.12/site-packages/airflow/example_dags/example_branch_operator.py for tasks to queue
[2024-06-21T03:20:12.083+0000] {logging_mixin.py:188} INFO - [2024-06-21T03:20:12.083+0000] {dagbag.py:545} INFO - Filling up the DagBag from /home/airflow/.local/lib/python3.12/site-packages/airflow/example_dags/example_branch_operator.py
[2024-06-21T03:20:12.092+0000] {processor.py:840} INFO - DAG(s) 'example_branch_operator' retrieved from /home/airflow/.local/lib/python3.12/site-packages/airflow/example_dags/example_branch_operator.py
[2024-06-21T03:20:12.106+0000] {logging_mixin.py:188} INFO - [2024-06-21T03:20:12.106+0000] {dag.py:3096} INFO - Sync 1 DAGs
[2024-06-21T03:20:12.118+0000] {logging_mixin.py:188} INFO - [2024-06-21T03:20:12.118+0000] {dag.py:3954} INFO - Setting next_dagrun for example_branch_operator to 2024-06-20 00:00:00+00:00, run_after=2024-06-21 00:00:00+00:00
[2024-06-21T03:20:12.128+0000] {processor.py:183} INFO - Processing /home/airflow/.local/lib/python3.12/site-packages/airflow/example_dags/example_branch_operator.py took 0.050 seconds
[2024-06-21T03:20:42.211+0000] {processor.py:161} INFO - Started process (PID=7821) to work on /home/airflow/.local/lib/python3.12/site-packages/airflow/example_dags/example_branch_operator.py
[2024-06-21T03:20:42.212+0000] {processor.py:830} INFO - Processing file /home/airflow/.local/lib/python3.12/site-packages/airflow/example_dags/example_branch_operator.py for tasks to queue
[2024-06-21T03:20:42.214+0000] {logging_mixin.py:188} INFO - [2024-06-21T03:20:42.214+0000] {dagbag.py:545} INFO - Filling up the DagBag from /home/airflow/.local/lib/python3.12/site-packages/airflow/example_dags/example_branch_operator.py
[2024-06-21T03:20:42.224+0000] {processor.py:840} INFO - DAG(s) 'example_branch_operator' retrieved from /home/airflow/.local/lib/python3.12/site-packages/airflow/example_dags/example_branch_operator.py
[2024-06-21T03:20:42.243+0000] {logging_mixin.py:188} INFO - [2024-06-21T03:20:42.243+0000] {dag.py:3096} INFO - Sync 1 DAGs
[2024-06-21T03:20:42.265+0000] {logging_mixin.py:188} INFO - [2024-06-21T03:20:42.265+0000] {dag.py:3954} INFO - Setting next_dagrun for example_branch_operator to 2024-06-20 00:00:00+00:00, run_after=2024-06-21 00:00:00+00:00
[2024-06-21T03:20:42.276+0000] {processor.py:183} INFO - Processing /home/airflow/.local/lib/python3.12/site-packages/airflow/example_dags/example_branch_operator.py took 0.069 seconds
