[2024-06-21T03:05:56.983+0000] {processor.py:161} INFO - Started process (PID=390) to work on /home/airflow/.local/lib/python3.12/site-packages/airflow/example_dags/example_local_kubernetes_executor.py
[2024-06-21T03:05:56.984+0000] {processor.py:830} INFO - Processing file /home/airflow/.local/lib/python3.12/site-packages/airflow/example_dags/example_local_kubernetes_executor.py for tasks to queue
[2024-06-21T03:05:56.985+0000] {logging_mixin.py:188} INFO - [2024-06-21T03:05:56.985+0000] {dagbag.py:545} INFO - Filling up the DagBag from /home/airflow/.local/lib/python3.12/site-packages/airflow/example_dags/example_local_kubernetes_executor.py
[2024-06-21T03:05:56.989+0000] {processor.py:840} INFO - DAG(s) 'example_local_kubernetes_executor' retrieved from /home/airflow/.local/lib/python3.12/site-packages/airflow/example_dags/example_local_kubernetes_executor.py
[2024-06-21T03:05:56.995+0000] {logging_mixin.py:188} INFO - [2024-06-21T03:05:56.995+0000] {dag.py:3096} INFO - Sync 1 DAGs
[2024-06-21T03:05:57.002+0000] {logging_mixin.py:188} INFO - [2024-06-21T03:05:57.002+0000] {dag.py:3954} INFO - Setting next_dagrun for example_local_kubernetes_executor to None, run_after=None
[2024-06-21T03:05:57.012+0000] {processor.py:183} INFO - Processing /home/airflow/.local/lib/python3.12/site-packages/airflow/example_dags/example_local_kubernetes_executor.py took 0.031 seconds
[2024-06-21T03:06:28.498+0000] {processor.py:161} INFO - Started process (PID=650) to work on /home/airflow/.local/lib/python3.12/site-packages/airflow/example_dags/example_local_kubernetes_executor.py
[2024-06-21T03:06:28.498+0000] {processor.py:830} INFO - Processing file /home/airflow/.local/lib/python3.12/site-packages/airflow/example_dags/example_local_kubernetes_executor.py for tasks to queue
[2024-06-21T03:06:28.499+0000] {logging_mixin.py:188} INFO - [2024-06-21T03:06:28.499+0000] {dagbag.py:545} INFO - Filling up the DagBag from /home/airflow/.local/lib/python3.12/site-packages/airflow/example_dags/example_local_kubernetes_executor.py
[2024-06-21T03:06:28.503+0000] {processor.py:840} INFO - DAG(s) 'example_local_kubernetes_executor' retrieved from /home/airflow/.local/lib/python3.12/site-packages/airflow/example_dags/example_local_kubernetes_executor.py
[2024-06-21T03:06:28.555+0000] {logging_mixin.py:188} INFO - [2024-06-21T03:06:28.555+0000] {dag.py:3096} INFO - Sync 1 DAGs
[2024-06-21T03:06:28.562+0000] {logging_mixin.py:188} INFO - [2024-06-21T03:06:28.562+0000] {dag.py:3954} INFO - Setting next_dagrun for example_local_kubernetes_executor to None, run_after=None
[2024-06-21T03:06:28.572+0000] {processor.py:183} INFO - Processing /home/airflow/.local/lib/python3.12/site-packages/airflow/example_dags/example_local_kubernetes_executor.py took 0.077 seconds
[2024-06-21T03:06:59.172+0000] {processor.py:161} INFO - Started process (PID=912) to work on /home/airflow/.local/lib/python3.12/site-packages/airflow/example_dags/example_local_kubernetes_executor.py
[2024-06-21T03:06:59.173+0000] {processor.py:830} INFO - Processing file /home/airflow/.local/lib/python3.12/site-packages/airflow/example_dags/example_local_kubernetes_executor.py for tasks to queue
[2024-06-21T03:06:59.174+0000] {logging_mixin.py:188} INFO - [2024-06-21T03:06:59.174+0000] {dagbag.py:545} INFO - Filling up the DagBag from /home/airflow/.local/lib/python3.12/site-packages/airflow/example_dags/example_local_kubernetes_executor.py
[2024-06-21T03:06:59.180+0000] {processor.py:840} INFO - DAG(s) 'example_local_kubernetes_executor' retrieved from /home/airflow/.local/lib/python3.12/site-packages/airflow/example_dags/example_local_kubernetes_executor.py
[2024-06-21T03:06:59.202+0000] {logging_mixin.py:188} INFO - [2024-06-21T03:06:59.202+0000] {dag.py:3096} INFO - Sync 1 DAGs
[2024-06-21T03:06:59.208+0000] {logging_mixin.py:188} INFO - [2024-06-21T03:06:59.208+0000] {dag.py:3954} INFO - Setting next_dagrun for example_local_kubernetes_executor to None, run_after=None
[2024-06-21T03:06:59.220+0000] {processor.py:183} INFO - Processing /home/airflow/.local/lib/python3.12/site-packages/airflow/example_dags/example_local_kubernetes_executor.py took 0.052 seconds
[2024-06-21T03:07:29.821+0000] {processor.py:161} INFO - Started process (PID=1174) to work on /home/airflow/.local/lib/python3.12/site-packages/airflow/example_dags/example_local_kubernetes_executor.py
[2024-06-21T03:07:29.822+0000] {processor.py:830} INFO - Processing file /home/airflow/.local/lib/python3.12/site-packages/airflow/example_dags/example_local_kubernetes_executor.py for tasks to queue
[2024-06-21T03:07:29.823+0000] {logging_mixin.py:188} INFO - [2024-06-21T03:07:29.822+0000] {dagbag.py:545} INFO - Filling up the DagBag from /home/airflow/.local/lib/python3.12/site-packages/airflow/example_dags/example_local_kubernetes_executor.py
[2024-06-21T03:07:29.827+0000] {processor.py:840} INFO - DAG(s) 'example_local_kubernetes_executor' retrieved from /home/airflow/.local/lib/python3.12/site-packages/airflow/example_dags/example_local_kubernetes_executor.py
[2024-06-21T03:07:29.843+0000] {logging_mixin.py:188} INFO - [2024-06-21T03:07:29.843+0000] {dag.py:3096} INFO - Sync 1 DAGs
[2024-06-21T03:07:29.850+0000] {logging_mixin.py:188} INFO - [2024-06-21T03:07:29.850+0000] {dag.py:3954} INFO - Setting next_dagrun for example_local_kubernetes_executor to None, run_after=None
[2024-06-21T03:07:29.859+0000] {processor.py:183} INFO - Processing /home/airflow/.local/lib/python3.12/site-packages/airflow/example_dags/example_local_kubernetes_executor.py took 0.040 seconds
[2024-06-21T03:08:00.516+0000] {processor.py:161} INFO - Started process (PID=1461) to work on /home/airflow/.local/lib/python3.12/site-packages/airflow/example_dags/example_local_kubernetes_executor.py
[2024-06-21T03:08:00.517+0000] {processor.py:830} INFO - Processing file /home/airflow/.local/lib/python3.12/site-packages/airflow/example_dags/example_local_kubernetes_executor.py for tasks to queue
[2024-06-21T03:08:00.518+0000] {logging_mixin.py:188} INFO - [2024-06-21T03:08:00.518+0000] {dagbag.py:545} INFO - Filling up the DagBag from /home/airflow/.local/lib/python3.12/site-packages/airflow/example_dags/example_local_kubernetes_executor.py
[2024-06-21T03:08:00.522+0000] {processor.py:840} INFO - DAG(s) 'example_local_kubernetes_executor' retrieved from /home/airflow/.local/lib/python3.12/site-packages/airflow/example_dags/example_local_kubernetes_executor.py
[2024-06-21T03:08:00.538+0000] {logging_mixin.py:188} INFO - [2024-06-21T03:08:00.538+0000] {dag.py:3096} INFO - Sync 1 DAGs
[2024-06-21T03:08:00.544+0000] {logging_mixin.py:188} INFO - [2024-06-21T03:08:00.544+0000] {dag.py:3954} INFO - Setting next_dagrun for example_local_kubernetes_executor to None, run_after=None
[2024-06-21T03:08:00.553+0000] {processor.py:183} INFO - Processing /home/airflow/.local/lib/python3.12/site-packages/airflow/example_dags/example_local_kubernetes_executor.py took 0.040 seconds
[2024-06-21T03:08:31.190+0000] {processor.py:161} INFO - Started process (PID=1747) to work on /home/airflow/.local/lib/python3.12/site-packages/airflow/example_dags/example_local_kubernetes_executor.py
[2024-06-21T03:08:31.191+0000] {processor.py:830} INFO - Processing file /home/airflow/.local/lib/python3.12/site-packages/airflow/example_dags/example_local_kubernetes_executor.py for tasks to queue
[2024-06-21T03:08:31.192+0000] {logging_mixin.py:188} INFO - [2024-06-21T03:08:31.192+0000] {dagbag.py:545} INFO - Filling up the DagBag from /home/airflow/.local/lib/python3.12/site-packages/airflow/example_dags/example_local_kubernetes_executor.py
[2024-06-21T03:08:31.196+0000] {processor.py:840} INFO - DAG(s) 'example_local_kubernetes_executor' retrieved from /home/airflow/.local/lib/python3.12/site-packages/airflow/example_dags/example_local_kubernetes_executor.py
[2024-06-21T03:08:31.212+0000] {logging_mixin.py:188} INFO - [2024-06-21T03:08:31.212+0000] {dag.py:3096} INFO - Sync 1 DAGs
[2024-06-21T03:08:31.218+0000] {logging_mixin.py:188} INFO - [2024-06-21T03:08:31.218+0000] {dag.py:3954} INFO - Setting next_dagrun for example_local_kubernetes_executor to None, run_after=None
[2024-06-21T03:08:31.227+0000] {processor.py:183} INFO - Processing /home/airflow/.local/lib/python3.12/site-packages/airflow/example_dags/example_local_kubernetes_executor.py took 0.039 seconds
[2024-06-21T03:09:01.899+0000] {processor.py:161} INFO - Started process (PID=2011) to work on /home/airflow/.local/lib/python3.12/site-packages/airflow/example_dags/example_local_kubernetes_executor.py
[2024-06-21T03:09:01.899+0000] {processor.py:830} INFO - Processing file /home/airflow/.local/lib/python3.12/site-packages/airflow/example_dags/example_local_kubernetes_executor.py for tasks to queue
[2024-06-21T03:09:01.900+0000] {logging_mixin.py:188} INFO - [2024-06-21T03:09:01.900+0000] {dagbag.py:545} INFO - Filling up the DagBag from /home/airflow/.local/lib/python3.12/site-packages/airflow/example_dags/example_local_kubernetes_executor.py
[2024-06-21T03:09:01.905+0000] {processor.py:840} INFO - DAG(s) 'example_local_kubernetes_executor' retrieved from /home/airflow/.local/lib/python3.12/site-packages/airflow/example_dags/example_local_kubernetes_executor.py
[2024-06-21T03:09:01.923+0000] {logging_mixin.py:188} INFO - [2024-06-21T03:09:01.922+0000] {dag.py:3096} INFO - Sync 1 DAGs
[2024-06-21T03:09:01.930+0000] {logging_mixin.py:188} INFO - [2024-06-21T03:09:01.929+0000] {dag.py:3954} INFO - Setting next_dagrun for example_local_kubernetes_executor to None, run_after=None
[2024-06-21T03:09:01.939+0000] {processor.py:183} INFO - Processing /home/airflow/.local/lib/python3.12/site-packages/airflow/example_dags/example_local_kubernetes_executor.py took 0.044 seconds
[2024-06-21T03:09:32.565+0000] {processor.py:161} INFO - Started process (PID=2273) to work on /home/airflow/.local/lib/python3.12/site-packages/airflow/example_dags/example_local_kubernetes_executor.py
[2024-06-21T03:09:32.566+0000] {processor.py:830} INFO - Processing file /home/airflow/.local/lib/python3.12/site-packages/airflow/example_dags/example_local_kubernetes_executor.py for tasks to queue
[2024-06-21T03:09:32.568+0000] {logging_mixin.py:188} INFO - [2024-06-21T03:09:32.568+0000] {dagbag.py:545} INFO - Filling up the DagBag from /home/airflow/.local/lib/python3.12/site-packages/airflow/example_dags/example_local_kubernetes_executor.py
[2024-06-21T03:09:32.571+0000] {processor.py:840} INFO - DAG(s) 'example_local_kubernetes_executor' retrieved from /home/airflow/.local/lib/python3.12/site-packages/airflow/example_dags/example_local_kubernetes_executor.py
[2024-06-21T03:09:32.588+0000] {logging_mixin.py:188} INFO - [2024-06-21T03:09:32.588+0000] {dag.py:3096} INFO - Sync 1 DAGs
[2024-06-21T03:09:32.594+0000] {logging_mixin.py:188} INFO - [2024-06-21T03:09:32.594+0000] {dag.py:3954} INFO - Setting next_dagrun for example_local_kubernetes_executor to None, run_after=None
[2024-06-21T03:09:32.604+0000] {processor.py:183} INFO - Processing /home/airflow/.local/lib/python3.12/site-packages/airflow/example_dags/example_local_kubernetes_executor.py took 0.042 seconds
[2024-06-21T03:10:03.325+0000] {processor.py:161} INFO - Started process (PID=2533) to work on /home/airflow/.local/lib/python3.12/site-packages/airflow/example_dags/example_local_kubernetes_executor.py
[2024-06-21T03:10:03.325+0000] {processor.py:830} INFO - Processing file /home/airflow/.local/lib/python3.12/site-packages/airflow/example_dags/example_local_kubernetes_executor.py for tasks to queue
[2024-06-21T03:10:03.326+0000] {logging_mixin.py:188} INFO - [2024-06-21T03:10:03.326+0000] {dagbag.py:545} INFO - Filling up the DagBag from /home/airflow/.local/lib/python3.12/site-packages/airflow/example_dags/example_local_kubernetes_executor.py
[2024-06-21T03:10:03.330+0000] {processor.py:840} INFO - DAG(s) 'example_local_kubernetes_executor' retrieved from /home/airflow/.local/lib/python3.12/site-packages/airflow/example_dags/example_local_kubernetes_executor.py
[2024-06-21T03:10:03.347+0000] {logging_mixin.py:188} INFO - [2024-06-21T03:10:03.347+0000] {dag.py:3096} INFO - Sync 1 DAGs
[2024-06-21T03:10:03.354+0000] {logging_mixin.py:188} INFO - [2024-06-21T03:10:03.354+0000] {dag.py:3954} INFO - Setting next_dagrun for example_local_kubernetes_executor to None, run_after=None
[2024-06-21T03:10:03.363+0000] {processor.py:183} INFO - Processing /home/airflow/.local/lib/python3.12/site-packages/airflow/example_dags/example_local_kubernetes_executor.py took 0.042 seconds
[2024-06-21T03:10:34.069+0000] {processor.py:161} INFO - Started process (PID=2795) to work on /home/airflow/.local/lib/python3.12/site-packages/airflow/example_dags/example_local_kubernetes_executor.py
[2024-06-21T03:10:34.070+0000] {processor.py:830} INFO - Processing file /home/airflow/.local/lib/python3.12/site-packages/airflow/example_dags/example_local_kubernetes_executor.py for tasks to queue
[2024-06-21T03:10:34.071+0000] {logging_mixin.py:188} INFO - [2024-06-21T03:10:34.071+0000] {dagbag.py:545} INFO - Filling up the DagBag from /home/airflow/.local/lib/python3.12/site-packages/airflow/example_dags/example_local_kubernetes_executor.py
[2024-06-21T03:10:34.075+0000] {processor.py:840} INFO - DAG(s) 'example_local_kubernetes_executor' retrieved from /home/airflow/.local/lib/python3.12/site-packages/airflow/example_dags/example_local_kubernetes_executor.py
[2024-06-21T03:10:34.093+0000] {logging_mixin.py:188} INFO - [2024-06-21T03:10:34.093+0000] {dag.py:3096} INFO - Sync 1 DAGs
[2024-06-21T03:10:34.100+0000] {logging_mixin.py:188} INFO - [2024-06-21T03:10:34.100+0000] {dag.py:3954} INFO - Setting next_dagrun for example_local_kubernetes_executor to None, run_after=None
[2024-06-21T03:10:34.110+0000] {processor.py:183} INFO - Processing /home/airflow/.local/lib/python3.12/site-packages/airflow/example_dags/example_local_kubernetes_executor.py took 0.044 seconds
[2024-06-21T03:11:04.830+0000] {processor.py:161} INFO - Started process (PID=3057) to work on /home/airflow/.local/lib/python3.12/site-packages/airflow/example_dags/example_local_kubernetes_executor.py
[2024-06-21T03:11:04.830+0000] {processor.py:830} INFO - Processing file /home/airflow/.local/lib/python3.12/site-packages/airflow/example_dags/example_local_kubernetes_executor.py for tasks to queue
[2024-06-21T03:11:04.832+0000] {logging_mixin.py:188} INFO - [2024-06-21T03:11:04.831+0000] {dagbag.py:545} INFO - Filling up the DagBag from /home/airflow/.local/lib/python3.12/site-packages/airflow/example_dags/example_local_kubernetes_executor.py
[2024-06-21T03:11:04.835+0000] {processor.py:840} INFO - DAG(s) 'example_local_kubernetes_executor' retrieved from /home/airflow/.local/lib/python3.12/site-packages/airflow/example_dags/example_local_kubernetes_executor.py
[2024-06-21T03:11:04.853+0000] {logging_mixin.py:188} INFO - [2024-06-21T03:11:04.852+0000] {dag.py:3096} INFO - Sync 1 DAGs
[2024-06-21T03:11:04.859+0000] {logging_mixin.py:188} INFO - [2024-06-21T03:11:04.859+0000] {dag.py:3954} INFO - Setting next_dagrun for example_local_kubernetes_executor to None, run_after=None
[2024-06-21T03:11:04.868+0000] {processor.py:183} INFO - Processing /home/airflow/.local/lib/python3.12/site-packages/airflow/example_dags/example_local_kubernetes_executor.py took 0.042 seconds
[2024-06-21T03:11:35.694+0000] {processor.py:161} INFO - Started process (PID=3319) to work on /home/airflow/.local/lib/python3.12/site-packages/airflow/example_dags/example_local_kubernetes_executor.py
[2024-06-21T03:11:35.695+0000] {processor.py:830} INFO - Processing file /home/airflow/.local/lib/python3.12/site-packages/airflow/example_dags/example_local_kubernetes_executor.py for tasks to queue
[2024-06-21T03:11:35.696+0000] {logging_mixin.py:188} INFO - [2024-06-21T03:11:35.696+0000] {dagbag.py:545} INFO - Filling up the DagBag from /home/airflow/.local/lib/python3.12/site-packages/airflow/example_dags/example_local_kubernetes_executor.py
[2024-06-21T03:11:35.700+0000] {processor.py:840} INFO - DAG(s) 'example_local_kubernetes_executor' retrieved from /home/airflow/.local/lib/python3.12/site-packages/airflow/example_dags/example_local_kubernetes_executor.py
[2024-06-21T03:11:35.718+0000] {logging_mixin.py:188} INFO - [2024-06-21T03:11:35.718+0000] {dag.py:3096} INFO - Sync 1 DAGs
[2024-06-21T03:11:35.725+0000] {logging_mixin.py:188} INFO - [2024-06-21T03:11:35.725+0000] {dag.py:3954} INFO - Setting next_dagrun for example_local_kubernetes_executor to None, run_after=None
[2024-06-21T03:11:35.736+0000] {processor.py:183} INFO - Processing /home/airflow/.local/lib/python3.12/site-packages/airflow/example_dags/example_local_kubernetes_executor.py took 0.045 seconds
[2024-06-21T03:12:05.757+0000] {processor.py:161} INFO - Started process (PID=3581) to work on /home/airflow/.local/lib/python3.12/site-packages/airflow/example_dags/example_local_kubernetes_executor.py
[2024-06-21T03:12:05.758+0000] {processor.py:830} INFO - Processing file /home/airflow/.local/lib/python3.12/site-packages/airflow/example_dags/example_local_kubernetes_executor.py for tasks to queue
[2024-06-21T03:12:05.758+0000] {logging_mixin.py:188} INFO - [2024-06-21T03:12:05.758+0000] {dagbag.py:545} INFO - Filling up the DagBag from /home/airflow/.local/lib/python3.12/site-packages/airflow/example_dags/example_local_kubernetes_executor.py
[2024-06-21T03:12:05.762+0000] {processor.py:840} INFO - DAG(s) 'example_local_kubernetes_executor' retrieved from /home/airflow/.local/lib/python3.12/site-packages/airflow/example_dags/example_local_kubernetes_executor.py
[2024-06-21T03:12:05.781+0000] {logging_mixin.py:188} INFO - [2024-06-21T03:12:05.780+0000] {dag.py:3096} INFO - Sync 1 DAGs
[2024-06-21T03:12:05.787+0000] {logging_mixin.py:188} INFO - [2024-06-21T03:12:05.787+0000] {dag.py:3954} INFO - Setting next_dagrun for example_local_kubernetes_executor to None, run_after=None
[2024-06-21T03:12:05.797+0000] {processor.py:183} INFO - Processing /home/airflow/.local/lib/python3.12/site-packages/airflow/example_dags/example_local_kubernetes_executor.py took 0.043 seconds
[2024-06-21T03:12:36.502+0000] {processor.py:161} INFO - Started process (PID=3843) to work on /home/airflow/.local/lib/python3.12/site-packages/airflow/example_dags/example_local_kubernetes_executor.py
[2024-06-21T03:12:36.502+0000] {processor.py:830} INFO - Processing file /home/airflow/.local/lib/python3.12/site-packages/airflow/example_dags/example_local_kubernetes_executor.py for tasks to queue
[2024-06-21T03:12:36.503+0000] {logging_mixin.py:188} INFO - [2024-06-21T03:12:36.503+0000] {dagbag.py:545} INFO - Filling up the DagBag from /home/airflow/.local/lib/python3.12/site-packages/airflow/example_dags/example_local_kubernetes_executor.py
[2024-06-21T03:12:36.508+0000] {processor.py:840} INFO - DAG(s) 'example_local_kubernetes_executor' retrieved from /home/airflow/.local/lib/python3.12/site-packages/airflow/example_dags/example_local_kubernetes_executor.py
[2024-06-21T03:12:36.526+0000] {logging_mixin.py:188} INFO - [2024-06-21T03:12:36.526+0000] {dag.py:3096} INFO - Sync 1 DAGs
[2024-06-21T03:12:36.532+0000] {logging_mixin.py:188} INFO - [2024-06-21T03:12:36.532+0000] {dag.py:3954} INFO - Setting next_dagrun for example_local_kubernetes_executor to None, run_after=None
[2024-06-21T03:12:36.545+0000] {processor.py:183} INFO - Processing /home/airflow/.local/lib/python3.12/site-packages/airflow/example_dags/example_local_kubernetes_executor.py took 0.046 seconds
[2024-06-21T03:13:07.338+0000] {processor.py:161} INFO - Started process (PID=4105) to work on /home/airflow/.local/lib/python3.12/site-packages/airflow/example_dags/example_local_kubernetes_executor.py
[2024-06-21T03:13:07.339+0000] {processor.py:830} INFO - Processing file /home/airflow/.local/lib/python3.12/site-packages/airflow/example_dags/example_local_kubernetes_executor.py for tasks to queue
[2024-06-21T03:13:07.340+0000] {logging_mixin.py:188} INFO - [2024-06-21T03:13:07.340+0000] {dagbag.py:545} INFO - Filling up the DagBag from /home/airflow/.local/lib/python3.12/site-packages/airflow/example_dags/example_local_kubernetes_executor.py
[2024-06-21T03:13:07.344+0000] {processor.py:840} INFO - DAG(s) 'example_local_kubernetes_executor' retrieved from /home/airflow/.local/lib/python3.12/site-packages/airflow/example_dags/example_local_kubernetes_executor.py
[2024-06-21T03:13:07.362+0000] {logging_mixin.py:188} INFO - [2024-06-21T03:13:07.362+0000] {dag.py:3096} INFO - Sync 1 DAGs
[2024-06-21T03:13:07.368+0000] {logging_mixin.py:188} INFO - [2024-06-21T03:13:07.368+0000] {dag.py:3954} INFO - Setting next_dagrun for example_local_kubernetes_executor to None, run_after=None
[2024-06-21T03:13:07.378+0000] {processor.py:183} INFO - Processing /home/airflow/.local/lib/python3.12/site-packages/airflow/example_dags/example_local_kubernetes_executor.py took 0.042 seconds
[2024-06-21T03:13:38.150+0000] {processor.py:161} INFO - Started process (PID=4367) to work on /home/airflow/.local/lib/python3.12/site-packages/airflow/example_dags/example_local_kubernetes_executor.py
[2024-06-21T03:13:38.151+0000] {processor.py:830} INFO - Processing file /home/airflow/.local/lib/python3.12/site-packages/airflow/example_dags/example_local_kubernetes_executor.py for tasks to queue
[2024-06-21T03:13:38.152+0000] {logging_mixin.py:188} INFO - [2024-06-21T03:13:38.152+0000] {dagbag.py:545} INFO - Filling up the DagBag from /home/airflow/.local/lib/python3.12/site-packages/airflow/example_dags/example_local_kubernetes_executor.py
[2024-06-21T03:13:38.156+0000] {processor.py:840} INFO - DAG(s) 'example_local_kubernetes_executor' retrieved from /home/airflow/.local/lib/python3.12/site-packages/airflow/example_dags/example_local_kubernetes_executor.py
[2024-06-21T03:13:38.173+0000] {logging_mixin.py:188} INFO - [2024-06-21T03:13:38.173+0000] {dag.py:3096} INFO - Sync 1 DAGs
[2024-06-21T03:13:38.179+0000] {logging_mixin.py:188} INFO - [2024-06-21T03:13:38.179+0000] {dag.py:3954} INFO - Setting next_dagrun for example_local_kubernetes_executor to None, run_after=None
[2024-06-21T03:13:38.189+0000] {processor.py:183} INFO - Processing /home/airflow/.local/lib/python3.12/site-packages/airflow/example_dags/example_local_kubernetes_executor.py took 0.043 seconds
[2024-06-21T03:14:08.871+0000] {processor.py:161} INFO - Started process (PID=4629) to work on /home/airflow/.local/lib/python3.12/site-packages/airflow/example_dags/example_local_kubernetes_executor.py
[2024-06-21T03:14:08.872+0000] {processor.py:830} INFO - Processing file /home/airflow/.local/lib/python3.12/site-packages/airflow/example_dags/example_local_kubernetes_executor.py for tasks to queue
[2024-06-21T03:14:08.873+0000] {logging_mixin.py:188} INFO - [2024-06-21T03:14:08.872+0000] {dagbag.py:545} INFO - Filling up the DagBag from /home/airflow/.local/lib/python3.12/site-packages/airflow/example_dags/example_local_kubernetes_executor.py
[2024-06-21T03:14:08.876+0000] {processor.py:840} INFO - DAG(s) 'example_local_kubernetes_executor' retrieved from /home/airflow/.local/lib/python3.12/site-packages/airflow/example_dags/example_local_kubernetes_executor.py
[2024-06-21T03:14:08.893+0000] {logging_mixin.py:188} INFO - [2024-06-21T03:14:08.893+0000] {dag.py:3096} INFO - Sync 1 DAGs
[2024-06-21T03:14:08.899+0000] {logging_mixin.py:188} INFO - [2024-06-21T03:14:08.898+0000] {dag.py:3954} INFO - Setting next_dagrun for example_local_kubernetes_executor to None, run_after=None
[2024-06-21T03:14:08.908+0000] {processor.py:183} INFO - Processing /home/airflow/.local/lib/python3.12/site-packages/airflow/example_dags/example_local_kubernetes_executor.py took 0.040 seconds
[2024-06-21T03:14:39.610+0000] {processor.py:161} INFO - Started process (PID=4891) to work on /home/airflow/.local/lib/python3.12/site-packages/airflow/example_dags/example_local_kubernetes_executor.py
[2024-06-21T03:14:39.611+0000] {processor.py:830} INFO - Processing file /home/airflow/.local/lib/python3.12/site-packages/airflow/example_dags/example_local_kubernetes_executor.py for tasks to queue
[2024-06-21T03:14:39.612+0000] {logging_mixin.py:188} INFO - [2024-06-21T03:14:39.612+0000] {dagbag.py:545} INFO - Filling up the DagBag from /home/airflow/.local/lib/python3.12/site-packages/airflow/example_dags/example_local_kubernetes_executor.py
[2024-06-21T03:14:39.616+0000] {processor.py:840} INFO - DAG(s) 'example_local_kubernetes_executor' retrieved from /home/airflow/.local/lib/python3.12/site-packages/airflow/example_dags/example_local_kubernetes_executor.py
[2024-06-21T03:14:39.633+0000] {logging_mixin.py:188} INFO - [2024-06-21T03:14:39.633+0000] {dag.py:3096} INFO - Sync 1 DAGs
[2024-06-21T03:14:39.640+0000] {logging_mixin.py:188} INFO - [2024-06-21T03:14:39.640+0000] {dag.py:3954} INFO - Setting next_dagrun for example_local_kubernetes_executor to None, run_after=None
[2024-06-21T03:14:39.649+0000] {processor.py:183} INFO - Processing /home/airflow/.local/lib/python3.12/site-packages/airflow/example_dags/example_local_kubernetes_executor.py took 0.043 seconds
[2024-06-21T03:15:10.308+0000] {processor.py:161} INFO - Started process (PID=5155) to work on /home/airflow/.local/lib/python3.12/site-packages/airflow/example_dags/example_local_kubernetes_executor.py
[2024-06-21T03:15:10.309+0000] {processor.py:830} INFO - Processing file /home/airflow/.local/lib/python3.12/site-packages/airflow/example_dags/example_local_kubernetes_executor.py for tasks to queue
[2024-06-21T03:15:10.310+0000] {logging_mixin.py:188} INFO - [2024-06-21T03:15:10.310+0000] {dagbag.py:545} INFO - Filling up the DagBag from /home/airflow/.local/lib/python3.12/site-packages/airflow/example_dags/example_local_kubernetes_executor.py
[2024-06-21T03:15:10.314+0000] {processor.py:840} INFO - DAG(s) 'example_local_kubernetes_executor' retrieved from /home/airflow/.local/lib/python3.12/site-packages/airflow/example_dags/example_local_kubernetes_executor.py
[2024-06-21T03:15:10.331+0000] {logging_mixin.py:188} INFO - [2024-06-21T03:15:10.331+0000] {dag.py:3096} INFO - Sync 1 DAGs
[2024-06-21T03:15:10.338+0000] {logging_mixin.py:188} INFO - [2024-06-21T03:15:10.338+0000] {dag.py:3954} INFO - Setting next_dagrun for example_local_kubernetes_executor to None, run_after=None
[2024-06-21T03:15:10.347+0000] {processor.py:183} INFO - Processing /home/airflow/.local/lib/python3.12/site-packages/airflow/example_dags/example_local_kubernetes_executor.py took 0.043 seconds
[2024-06-21T03:15:41.190+0000] {processor.py:161} INFO - Started process (PID=5417) to work on /home/airflow/.local/lib/python3.12/site-packages/airflow/example_dags/example_local_kubernetes_executor.py
[2024-06-21T03:15:41.190+0000] {processor.py:830} INFO - Processing file /home/airflow/.local/lib/python3.12/site-packages/airflow/example_dags/example_local_kubernetes_executor.py for tasks to queue
[2024-06-21T03:15:41.191+0000] {logging_mixin.py:188} INFO - [2024-06-21T03:15:41.191+0000] {dagbag.py:545} INFO - Filling up the DagBag from /home/airflow/.local/lib/python3.12/site-packages/airflow/example_dags/example_local_kubernetes_executor.py
[2024-06-21T03:15:41.195+0000] {processor.py:840} INFO - DAG(s) 'example_local_kubernetes_executor' retrieved from /home/airflow/.local/lib/python3.12/site-packages/airflow/example_dags/example_local_kubernetes_executor.py
[2024-06-21T03:15:41.213+0000] {logging_mixin.py:188} INFO - [2024-06-21T03:15:41.213+0000] {dag.py:3096} INFO - Sync 1 DAGs
[2024-06-21T03:15:41.219+0000] {logging_mixin.py:188} INFO - [2024-06-21T03:15:41.219+0000] {dag.py:3954} INFO - Setting next_dagrun for example_local_kubernetes_executor to None, run_after=None
[2024-06-21T03:15:41.231+0000] {processor.py:183} INFO - Processing /home/airflow/.local/lib/python3.12/site-packages/airflow/example_dags/example_local_kubernetes_executor.py took 0.044 seconds
[2024-06-21T03:16:11.275+0000] {processor.py:161} INFO - Started process (PID=5682) to work on /home/airflow/.local/lib/python3.12/site-packages/airflow/example_dags/example_local_kubernetes_executor.py
[2024-06-21T03:16:11.277+0000] {processor.py:830} INFO - Processing file /home/airflow/.local/lib/python3.12/site-packages/airflow/example_dags/example_local_kubernetes_executor.py for tasks to queue
[2024-06-21T03:16:11.278+0000] {logging_mixin.py:188} INFO - [2024-06-21T03:16:11.278+0000] {dagbag.py:545} INFO - Filling up the DagBag from /home/airflow/.local/lib/python3.12/site-packages/airflow/example_dags/example_local_kubernetes_executor.py
[2024-06-21T03:16:11.289+0000] {processor.py:840} INFO - DAG(s) 'example_local_kubernetes_executor' retrieved from /home/airflow/.local/lib/python3.12/site-packages/airflow/example_dags/example_local_kubernetes_executor.py
[2024-06-21T03:16:11.306+0000] {logging_mixin.py:188} INFO - [2024-06-21T03:16:11.306+0000] {dag.py:3096} INFO - Sync 1 DAGs
[2024-06-21T03:16:11.313+0000] {logging_mixin.py:188} INFO - [2024-06-21T03:16:11.313+0000] {dag.py:3954} INFO - Setting next_dagrun for example_local_kubernetes_executor to None, run_after=None
[2024-06-21T03:16:11.323+0000] {processor.py:183} INFO - Processing /home/airflow/.local/lib/python3.12/site-packages/airflow/example_dags/example_local_kubernetes_executor.py took 0.051 seconds
[2024-06-21T03:16:42.054+0000] {processor.py:161} INFO - Started process (PID=5939) to work on /home/airflow/.local/lib/python3.12/site-packages/airflow/example_dags/example_local_kubernetes_executor.py
[2024-06-21T03:16:42.054+0000] {processor.py:830} INFO - Processing file /home/airflow/.local/lib/python3.12/site-packages/airflow/example_dags/example_local_kubernetes_executor.py for tasks to queue
[2024-06-21T03:16:42.055+0000] {logging_mixin.py:188} INFO - [2024-06-21T03:16:42.055+0000] {dagbag.py:545} INFO - Filling up the DagBag from /home/airflow/.local/lib/python3.12/site-packages/airflow/example_dags/example_local_kubernetes_executor.py
[2024-06-21T03:16:42.059+0000] {processor.py:840} INFO - DAG(s) 'example_local_kubernetes_executor' retrieved from /home/airflow/.local/lib/python3.12/site-packages/airflow/example_dags/example_local_kubernetes_executor.py
[2024-06-21T03:16:42.076+0000] {logging_mixin.py:188} INFO - [2024-06-21T03:16:42.076+0000] {dag.py:3096} INFO - Sync 1 DAGs
[2024-06-21T03:16:42.082+0000] {logging_mixin.py:188} INFO - [2024-06-21T03:16:42.082+0000] {dag.py:3954} INFO - Setting next_dagrun for example_local_kubernetes_executor to None, run_after=None
[2024-06-21T03:16:42.092+0000] {processor.py:183} INFO - Processing /home/airflow/.local/lib/python3.12/site-packages/airflow/example_dags/example_local_kubernetes_executor.py took 0.042 seconds
[2024-06-21T03:17:12.913+0000] {processor.py:161} INFO - Started process (PID=6201) to work on /home/airflow/.local/lib/python3.12/site-packages/airflow/example_dags/example_local_kubernetes_executor.py
[2024-06-21T03:17:12.913+0000] {processor.py:830} INFO - Processing file /home/airflow/.local/lib/python3.12/site-packages/airflow/example_dags/example_local_kubernetes_executor.py for tasks to queue
[2024-06-21T03:17:12.914+0000] {logging_mixin.py:188} INFO - [2024-06-21T03:17:12.914+0000] {dagbag.py:545} INFO - Filling up the DagBag from /home/airflow/.local/lib/python3.12/site-packages/airflow/example_dags/example_local_kubernetes_executor.py
[2024-06-21T03:17:12.918+0000] {processor.py:840} INFO - DAG(s) 'example_local_kubernetes_executor' retrieved from /home/airflow/.local/lib/python3.12/site-packages/airflow/example_dags/example_local_kubernetes_executor.py
[2024-06-21T03:17:12.936+0000] {logging_mixin.py:188} INFO - [2024-06-21T03:17:12.936+0000] {dag.py:3096} INFO - Sync 1 DAGs
[2024-06-21T03:17:12.942+0000] {logging_mixin.py:188} INFO - [2024-06-21T03:17:12.942+0000] {dag.py:3954} INFO - Setting next_dagrun for example_local_kubernetes_executor to None, run_after=None
[2024-06-21T03:17:12.951+0000] {processor.py:183} INFO - Processing /home/airflow/.local/lib/python3.12/site-packages/airflow/example_dags/example_local_kubernetes_executor.py took 0.042 seconds
[2024-06-21T03:17:43.102+0000] {processor.py:161} INFO - Started process (PID=6463) to work on /home/airflow/.local/lib/python3.12/site-packages/airflow/example_dags/example_local_kubernetes_executor.py
[2024-06-21T03:17:43.103+0000] {processor.py:830} INFO - Processing file /home/airflow/.local/lib/python3.12/site-packages/airflow/example_dags/example_local_kubernetes_executor.py for tasks to queue
[2024-06-21T03:17:43.104+0000] {logging_mixin.py:188} INFO - [2024-06-21T03:17:43.104+0000] {dagbag.py:545} INFO - Filling up the DagBag from /home/airflow/.local/lib/python3.12/site-packages/airflow/example_dags/example_local_kubernetes_executor.py
[2024-06-21T03:17:43.107+0000] {processor.py:840} INFO - DAG(s) 'example_local_kubernetes_executor' retrieved from /home/airflow/.local/lib/python3.12/site-packages/airflow/example_dags/example_local_kubernetes_executor.py
[2024-06-21T03:17:43.126+0000] {logging_mixin.py:188} INFO - [2024-06-21T03:17:43.126+0000] {dag.py:3096} INFO - Sync 1 DAGs
[2024-06-21T03:17:43.133+0000] {logging_mixin.py:188} INFO - [2024-06-21T03:17:43.133+0000] {dag.py:3954} INFO - Setting next_dagrun for example_local_kubernetes_executor to None, run_after=None
[2024-06-21T03:17:43.143+0000] {processor.py:183} INFO - Processing /home/airflow/.local/lib/python3.12/site-packages/airflow/example_dags/example_local_kubernetes_executor.py took 0.044 seconds
[2024-06-21T03:18:13.275+0000] {processor.py:161} INFO - Started process (PID=6725) to work on /home/airflow/.local/lib/python3.12/site-packages/airflow/example_dags/example_local_kubernetes_executor.py
[2024-06-21T03:18:13.275+0000] {processor.py:830} INFO - Processing file /home/airflow/.local/lib/python3.12/site-packages/airflow/example_dags/example_local_kubernetes_executor.py for tasks to queue
[2024-06-21T03:18:13.276+0000] {logging_mixin.py:188} INFO - [2024-06-21T03:18:13.276+0000] {dagbag.py:545} INFO - Filling up the DagBag from /home/airflow/.local/lib/python3.12/site-packages/airflow/example_dags/example_local_kubernetes_executor.py
[2024-06-21T03:18:13.281+0000] {processor.py:840} INFO - DAG(s) 'example_local_kubernetes_executor' retrieved from /home/airflow/.local/lib/python3.12/site-packages/airflow/example_dags/example_local_kubernetes_executor.py
[2024-06-21T03:18:13.299+0000] {logging_mixin.py:188} INFO - [2024-06-21T03:18:13.298+0000] {dag.py:3096} INFO - Sync 1 DAGs
[2024-06-21T03:18:13.304+0000] {logging_mixin.py:188} INFO - [2024-06-21T03:18:13.304+0000] {dag.py:3954} INFO - Setting next_dagrun for example_local_kubernetes_executor to None, run_after=None
[2024-06-21T03:18:13.314+0000] {processor.py:183} INFO - Processing /home/airflow/.local/lib/python3.12/site-packages/airflow/example_dags/example_local_kubernetes_executor.py took 0.042 seconds
[2024-06-21T03:18:43.350+0000] {processor.py:161} INFO - Started process (PID=6987) to work on /home/airflow/.local/lib/python3.12/site-packages/airflow/example_dags/example_local_kubernetes_executor.py
[2024-06-21T03:18:43.351+0000] {processor.py:830} INFO - Processing file /home/airflow/.local/lib/python3.12/site-packages/airflow/example_dags/example_local_kubernetes_executor.py for tasks to queue
[2024-06-21T03:18:43.352+0000] {logging_mixin.py:188} INFO - [2024-06-21T03:18:43.352+0000] {dagbag.py:545} INFO - Filling up the DagBag from /home/airflow/.local/lib/python3.12/site-packages/airflow/example_dags/example_local_kubernetes_executor.py
[2024-06-21T03:18:43.355+0000] {processor.py:840} INFO - DAG(s) 'example_local_kubernetes_executor' retrieved from /home/airflow/.local/lib/python3.12/site-packages/airflow/example_dags/example_local_kubernetes_executor.py
[2024-06-21T03:18:43.373+0000] {logging_mixin.py:188} INFO - [2024-06-21T03:18:43.373+0000] {dag.py:3096} INFO - Sync 1 DAGs
[2024-06-21T03:18:43.379+0000] {logging_mixin.py:188} INFO - [2024-06-21T03:18:43.379+0000] {dag.py:3954} INFO - Setting next_dagrun for example_local_kubernetes_executor to None, run_after=None
[2024-06-21T03:18:43.388+0000] {processor.py:183} INFO - Processing /home/airflow/.local/lib/python3.12/site-packages/airflow/example_dags/example_local_kubernetes_executor.py took 0.042 seconds
[2024-06-21T03:19:14.155+0000] {processor.py:161} INFO - Started process (PID=7249) to work on /home/airflow/.local/lib/python3.12/site-packages/airflow/example_dags/example_local_kubernetes_executor.py
[2024-06-21T03:19:14.156+0000] {processor.py:830} INFO - Processing file /home/airflow/.local/lib/python3.12/site-packages/airflow/example_dags/example_local_kubernetes_executor.py for tasks to queue
[2024-06-21T03:19:14.157+0000] {logging_mixin.py:188} INFO - [2024-06-21T03:19:14.157+0000] {dagbag.py:545} INFO - Filling up the DagBag from /home/airflow/.local/lib/python3.12/site-packages/airflow/example_dags/example_local_kubernetes_executor.py
[2024-06-21T03:19:14.161+0000] {processor.py:840} INFO - DAG(s) 'example_local_kubernetes_executor' retrieved from /home/airflow/.local/lib/python3.12/site-packages/airflow/example_dags/example_local_kubernetes_executor.py
[2024-06-21T03:19:14.177+0000] {logging_mixin.py:188} INFO - [2024-06-21T03:19:14.177+0000] {dag.py:3096} INFO - Sync 1 DAGs
[2024-06-21T03:19:14.184+0000] {logging_mixin.py:188} INFO - [2024-06-21T03:19:14.183+0000] {dag.py:3954} INFO - Setting next_dagrun for example_local_kubernetes_executor to None, run_after=None
[2024-06-21T03:19:14.193+0000] {processor.py:183} INFO - Processing /home/airflow/.local/lib/python3.12/site-packages/airflow/example_dags/example_local_kubernetes_executor.py took 0.041 seconds
[2024-06-21T03:19:44.375+0000] {processor.py:161} INFO - Started process (PID=7512) to work on /home/airflow/.local/lib/python3.12/site-packages/airflow/example_dags/example_local_kubernetes_executor.py
[2024-06-21T03:19:44.375+0000] {processor.py:830} INFO - Processing file /home/airflow/.local/lib/python3.12/site-packages/airflow/example_dags/example_local_kubernetes_executor.py for tasks to queue
[2024-06-21T03:19:44.377+0000] {logging_mixin.py:188} INFO - [2024-06-21T03:19:44.377+0000] {dagbag.py:545} INFO - Filling up the DagBag from /home/airflow/.local/lib/python3.12/site-packages/airflow/example_dags/example_local_kubernetes_executor.py
[2024-06-21T03:19:44.381+0000] {processor.py:840} INFO - DAG(s) 'example_local_kubernetes_executor' retrieved from /home/airflow/.local/lib/python3.12/site-packages/airflow/example_dags/example_local_kubernetes_executor.py
[2024-06-21T03:19:44.397+0000] {logging_mixin.py:188} INFO - [2024-06-21T03:19:44.397+0000] {dag.py:3096} INFO - Sync 1 DAGs
[2024-06-21T03:19:44.404+0000] {logging_mixin.py:188} INFO - [2024-06-21T03:19:44.404+0000] {dag.py:3954} INFO - Setting next_dagrun for example_local_kubernetes_executor to None, run_after=None
[2024-06-21T03:19:44.413+0000] {processor.py:183} INFO - Processing /home/airflow/.local/lib/python3.12/site-packages/airflow/example_dags/example_local_kubernetes_executor.py took 0.041 seconds
[2024-06-21T03:20:14.528+0000] {processor.py:161} INFO - Started process (PID=7772) to work on /home/airflow/.local/lib/python3.12/site-packages/airflow/example_dags/example_local_kubernetes_executor.py
[2024-06-21T03:20:14.529+0000] {processor.py:830} INFO - Processing file /home/airflow/.local/lib/python3.12/site-packages/airflow/example_dags/example_local_kubernetes_executor.py for tasks to queue
[2024-06-21T03:20:14.530+0000] {logging_mixin.py:188} INFO - [2024-06-21T03:20:14.530+0000] {dagbag.py:545} INFO - Filling up the DagBag from /home/airflow/.local/lib/python3.12/site-packages/airflow/example_dags/example_local_kubernetes_executor.py
[2024-06-21T03:20:14.534+0000] {processor.py:840} INFO - DAG(s) 'example_local_kubernetes_executor' retrieved from /home/airflow/.local/lib/python3.12/site-packages/airflow/example_dags/example_local_kubernetes_executor.py
[2024-06-21T03:20:14.552+0000] {logging_mixin.py:188} INFO - [2024-06-21T03:20:14.552+0000] {dag.py:3096} INFO - Sync 1 DAGs
[2024-06-21T03:20:14.558+0000] {logging_mixin.py:188} INFO - [2024-06-21T03:20:14.558+0000] {dag.py:3954} INFO - Setting next_dagrun for example_local_kubernetes_executor to None, run_after=None
[2024-06-21T03:20:14.568+0000] {processor.py:183} INFO - Processing /home/airflow/.local/lib/python3.12/site-packages/airflow/example_dags/example_local_kubernetes_executor.py took 0.042 seconds
