[2024-06-21T03:05:55.719+0000] {processor.py:161} INFO - Started process (PID=203) to work on /home/airflow/.local/lib/python3.12/site-packages/airflow/example_dags/example_latest_only.py
[2024-06-21T03:05:55.720+0000] {processor.py:830} INFO - Processing file /home/airflow/.local/lib/python3.12/site-packages/airflow/example_dags/example_latest_only.py for tasks to queue
[2024-06-21T03:05:55.721+0000] {logging_mixin.py:188} INFO - [2024-06-21T03:05:55.721+0000] {dagbag.py:545} INFO - Filling up the DagBag from /home/airflow/.local/lib/python3.12/site-packages/airflow/example_dags/example_latest_only.py
[2024-06-21T03:05:55.725+0000] {processor.py:840} INFO - DAG(s) 'latest_only' retrieved from /home/airflow/.local/lib/python3.12/site-packages/airflow/example_dags/example_latest_only.py
[2024-06-21T03:05:55.731+0000] {logging_mixin.py:188} INFO - [2024-06-21T03:05:55.731+0000] {dag.py:3096} INFO - Sync 1 DAGs
[2024-06-21T03:05:55.742+0000] {logging_mixin.py:188} INFO - [2024-06-21T03:05:55.742+0000] {dag.py:3954} INFO - Setting next_dagrun for latest_only to 2024-06-20 20:00:00+00:00, run_after=2024-06-21 00:00:00+00:00
[2024-06-21T03:05:55.754+0000] {processor.py:183} INFO - Processing /home/airflow/.local/lib/python3.12/site-packages/airflow/example_dags/example_latest_only.py took 0.037 seconds
[2024-06-21T03:06:26.474+0000] {processor.py:161} INFO - Started process (PID=465) to work on /home/airflow/.local/lib/python3.12/site-packages/airflow/example_dags/example_latest_only.py
[2024-06-21T03:06:26.475+0000] {processor.py:830} INFO - Processing file /home/airflow/.local/lib/python3.12/site-packages/airflow/example_dags/example_latest_only.py for tasks to queue
[2024-06-21T03:06:26.476+0000] {logging_mixin.py:188} INFO - [2024-06-21T03:06:26.476+0000] {dagbag.py:545} INFO - Filling up the DagBag from /home/airflow/.local/lib/python3.12/site-packages/airflow/example_dags/example_latest_only.py
[2024-06-21T03:06:26.478+0000] {processor.py:840} INFO - DAG(s) 'latest_only' retrieved from /home/airflow/.local/lib/python3.12/site-packages/airflow/example_dags/example_latest_only.py
[2024-06-21T03:06:26.526+0000] {logging_mixin.py:188} INFO - [2024-06-21T03:06:26.525+0000] {dag.py:3096} INFO - Sync 1 DAGs
[2024-06-21T03:06:26.534+0000] {logging_mixin.py:188} INFO - [2024-06-21T03:06:26.534+0000] {dag.py:3954} INFO - Setting next_dagrun for latest_only to 2024-06-20 20:00:00+00:00, run_after=2024-06-21 00:00:00+00:00
[2024-06-21T03:06:26.543+0000] {processor.py:183} INFO - Processing /home/airflow/.local/lib/python3.12/site-packages/airflow/example_dags/example_latest_only.py took 0.071 seconds
[2024-06-21T03:06:57.113+0000] {processor.py:161} INFO - Started process (PID=727) to work on /home/airflow/.local/lib/python3.12/site-packages/airflow/example_dags/example_latest_only.py
[2024-06-21T03:06:57.114+0000] {processor.py:830} INFO - Processing file /home/airflow/.local/lib/python3.12/site-packages/airflow/example_dags/example_latest_only.py for tasks to queue
[2024-06-21T03:06:57.115+0000] {logging_mixin.py:188} INFO - [2024-06-21T03:06:57.115+0000] {dagbag.py:545} INFO - Filling up the DagBag from /home/airflow/.local/lib/python3.12/site-packages/airflow/example_dags/example_latest_only.py
[2024-06-21T03:06:57.117+0000] {processor.py:840} INFO - DAG(s) 'latest_only' retrieved from /home/airflow/.local/lib/python3.12/site-packages/airflow/example_dags/example_latest_only.py
[2024-06-21T03:06:57.127+0000] {logging_mixin.py:188} INFO - [2024-06-21T03:06:57.127+0000] {dag.py:3096} INFO - Sync 1 DAGs
[2024-06-21T03:06:57.137+0000] {logging_mixin.py:188} INFO - [2024-06-21T03:06:57.137+0000] {dag.py:3954} INFO - Setting next_dagrun for latest_only to 2024-06-20 20:00:00+00:00, run_after=2024-06-21 00:00:00+00:00
[2024-06-21T03:06:57.145+0000] {processor.py:183} INFO - Processing /home/airflow/.local/lib/python3.12/site-packages/airflow/example_dags/example_latest_only.py took 0.035 seconds
[2024-06-21T03:07:27.793+0000] {processor.py:161} INFO - Started process (PID=989) to work on /home/airflow/.local/lib/python3.12/site-packages/airflow/example_dags/example_latest_only.py
[2024-06-21T03:07:27.794+0000] {processor.py:830} INFO - Processing file /home/airflow/.local/lib/python3.12/site-packages/airflow/example_dags/example_latest_only.py for tasks to queue
[2024-06-21T03:07:27.795+0000] {logging_mixin.py:188} INFO - [2024-06-21T03:07:27.795+0000] {dagbag.py:545} INFO - Filling up the DagBag from /home/airflow/.local/lib/python3.12/site-packages/airflow/example_dags/example_latest_only.py
[2024-06-21T03:07:27.797+0000] {processor.py:840} INFO - DAG(s) 'latest_only' retrieved from /home/airflow/.local/lib/python3.12/site-packages/airflow/example_dags/example_latest_only.py
[2024-06-21T03:07:27.808+0000] {logging_mixin.py:188} INFO - [2024-06-21T03:07:27.808+0000] {dag.py:3096} INFO - Sync 1 DAGs
[2024-06-21T03:07:27.818+0000] {logging_mixin.py:188} INFO - [2024-06-21T03:07:27.818+0000] {dag.py:3954} INFO - Setting next_dagrun for latest_only to 2024-06-20 20:00:00+00:00, run_after=2024-06-21 00:00:00+00:00
[2024-06-21T03:07:27.827+0000] {processor.py:183} INFO - Processing /home/airflow/.local/lib/python3.12/site-packages/airflow/example_dags/example_latest_only.py took 0.037 seconds
[2024-06-21T03:07:58.444+0000] {processor.py:161} INFO - Started process (PID=1276) to work on /home/airflow/.local/lib/python3.12/site-packages/airflow/example_dags/example_latest_only.py
[2024-06-21T03:07:58.445+0000] {processor.py:830} INFO - Processing file /home/airflow/.local/lib/python3.12/site-packages/airflow/example_dags/example_latest_only.py for tasks to queue
[2024-06-21T03:07:58.446+0000] {logging_mixin.py:188} INFO - [2024-06-21T03:07:58.445+0000] {dagbag.py:545} INFO - Filling up the DagBag from /home/airflow/.local/lib/python3.12/site-packages/airflow/example_dags/example_latest_only.py
[2024-06-21T03:07:58.448+0000] {processor.py:840} INFO - DAG(s) 'latest_only' retrieved from /home/airflow/.local/lib/python3.12/site-packages/airflow/example_dags/example_latest_only.py
[2024-06-21T03:07:58.459+0000] {logging_mixin.py:188} INFO - [2024-06-21T03:07:58.459+0000] {dag.py:3096} INFO - Sync 1 DAGs
[2024-06-21T03:07:58.469+0000] {logging_mixin.py:188} INFO - [2024-06-21T03:07:58.469+0000] {dag.py:3954} INFO - Setting next_dagrun for latest_only to 2024-06-20 20:00:00+00:00, run_after=2024-06-21 00:00:00+00:00
[2024-06-21T03:07:58.478+0000] {processor.py:183} INFO - Processing /home/airflow/.local/lib/python3.12/site-packages/airflow/example_dags/example_latest_only.py took 0.037 seconds
[2024-06-21T03:08:29.078+0000] {processor.py:161} INFO - Started process (PID=1562) to work on /home/airflow/.local/lib/python3.12/site-packages/airflow/example_dags/example_latest_only.py
[2024-06-21T03:08:29.078+0000] {processor.py:830} INFO - Processing file /home/airflow/.local/lib/python3.12/site-packages/airflow/example_dags/example_latest_only.py for tasks to queue
[2024-06-21T03:08:29.079+0000] {logging_mixin.py:188} INFO - [2024-06-21T03:08:29.079+0000] {dagbag.py:545} INFO - Filling up the DagBag from /home/airflow/.local/lib/python3.12/site-packages/airflow/example_dags/example_latest_only.py
[2024-06-21T03:08:29.082+0000] {processor.py:840} INFO - DAG(s) 'latest_only' retrieved from /home/airflow/.local/lib/python3.12/site-packages/airflow/example_dags/example_latest_only.py
[2024-06-21T03:08:29.092+0000] {logging_mixin.py:188} INFO - [2024-06-21T03:08:29.092+0000] {dag.py:3096} INFO - Sync 1 DAGs
[2024-06-21T03:08:29.101+0000] {logging_mixin.py:188} INFO - [2024-06-21T03:08:29.101+0000] {dag.py:3954} INFO - Setting next_dagrun for latest_only to 2024-06-20 20:00:00+00:00, run_after=2024-06-21 00:00:00+00:00
[2024-06-21T03:08:29.110+0000] {processor.py:183} INFO - Processing /home/airflow/.local/lib/python3.12/site-packages/airflow/example_dags/example_latest_only.py took 0.036 seconds
[2024-06-21T03:08:59.834+0000] {processor.py:161} INFO - Started process (PID=1824) to work on /home/airflow/.local/lib/python3.12/site-packages/airflow/example_dags/example_latest_only.py
[2024-06-21T03:08:59.835+0000] {processor.py:830} INFO - Processing file /home/airflow/.local/lib/python3.12/site-packages/airflow/example_dags/example_latest_only.py for tasks to queue
[2024-06-21T03:08:59.836+0000] {logging_mixin.py:188} INFO - [2024-06-21T03:08:59.836+0000] {dagbag.py:545} INFO - Filling up the DagBag from /home/airflow/.local/lib/python3.12/site-packages/airflow/example_dags/example_latest_only.py
[2024-06-21T03:08:59.838+0000] {processor.py:840} INFO - DAG(s) 'latest_only' retrieved from /home/airflow/.local/lib/python3.12/site-packages/airflow/example_dags/example_latest_only.py
[2024-06-21T03:08:59.849+0000] {logging_mixin.py:188} INFO - [2024-06-21T03:08:59.849+0000] {dag.py:3096} INFO - Sync 1 DAGs
[2024-06-21T03:08:59.859+0000] {logging_mixin.py:188} INFO - [2024-06-21T03:08:59.859+0000] {dag.py:3954} INFO - Setting next_dagrun for latest_only to 2024-06-20 20:00:00+00:00, run_after=2024-06-21 00:00:00+00:00
[2024-06-21T03:08:59.869+0000] {processor.py:183} INFO - Processing /home/airflow/.local/lib/python3.12/site-packages/airflow/example_dags/example_latest_only.py took 0.038 seconds
[2024-06-21T03:09:30.475+0000] {processor.py:161} INFO - Started process (PID=2086) to work on /home/airflow/.local/lib/python3.12/site-packages/airflow/example_dags/example_latest_only.py
[2024-06-21T03:09:30.476+0000] {processor.py:830} INFO - Processing file /home/airflow/.local/lib/python3.12/site-packages/airflow/example_dags/example_latest_only.py for tasks to queue
[2024-06-21T03:09:30.477+0000] {logging_mixin.py:188} INFO - [2024-06-21T03:09:30.476+0000] {dagbag.py:545} INFO - Filling up the DagBag from /home/airflow/.local/lib/python3.12/site-packages/airflow/example_dags/example_latest_only.py
[2024-06-21T03:09:30.479+0000] {processor.py:840} INFO - DAG(s) 'latest_only' retrieved from /home/airflow/.local/lib/python3.12/site-packages/airflow/example_dags/example_latest_only.py
[2024-06-21T03:09:30.489+0000] {logging_mixin.py:188} INFO - [2024-06-21T03:09:30.489+0000] {dag.py:3096} INFO - Sync 1 DAGs
[2024-06-21T03:09:30.499+0000] {logging_mixin.py:188} INFO - [2024-06-21T03:09:30.499+0000] {dag.py:3954} INFO - Setting next_dagrun for latest_only to 2024-06-20 20:00:00+00:00, run_after=2024-06-21 00:00:00+00:00
[2024-06-21T03:09:30.508+0000] {processor.py:183} INFO - Processing /home/airflow/.local/lib/python3.12/site-packages/airflow/example_dags/example_latest_only.py took 0.036 seconds
[2024-06-21T03:10:01.161+0000] {processor.py:161} INFO - Started process (PID=2348) to work on /home/airflow/.local/lib/python3.12/site-packages/airflow/example_dags/example_latest_only.py
[2024-06-21T03:10:01.163+0000] {processor.py:830} INFO - Processing file /home/airflow/.local/lib/python3.12/site-packages/airflow/example_dags/example_latest_only.py for tasks to queue
[2024-06-21T03:10:01.165+0000] {logging_mixin.py:188} INFO - [2024-06-21T03:10:01.164+0000] {dagbag.py:545} INFO - Filling up the DagBag from /home/airflow/.local/lib/python3.12/site-packages/airflow/example_dags/example_latest_only.py
[2024-06-21T03:10:01.167+0000] {processor.py:840} INFO - DAG(s) 'latest_only' retrieved from /home/airflow/.local/lib/python3.12/site-packages/airflow/example_dags/example_latest_only.py
[2024-06-21T03:10:01.180+0000] {logging_mixin.py:188} INFO - [2024-06-21T03:10:01.180+0000] {dag.py:3096} INFO - Sync 1 DAGs
[2024-06-21T03:10:01.200+0000] {logging_mixin.py:188} INFO - [2024-06-21T03:10:01.200+0000] {dag.py:3954} INFO - Setting next_dagrun for latest_only to 2024-06-20 20:00:00+00:00, run_after=2024-06-21 00:00:00+00:00
[2024-06-21T03:10:01.211+0000] {processor.py:183} INFO - Processing /home/airflow/.local/lib/python3.12/site-packages/airflow/example_dags/example_latest_only.py took 0.053 seconds
[2024-06-21T03:10:31.913+0000] {processor.py:161} INFO - Started process (PID=2610) to work on /home/airflow/.local/lib/python3.12/site-packages/airflow/example_dags/example_latest_only.py
[2024-06-21T03:10:31.913+0000] {processor.py:830} INFO - Processing file /home/airflow/.local/lib/python3.12/site-packages/airflow/example_dags/example_latest_only.py for tasks to queue
[2024-06-21T03:10:31.914+0000] {logging_mixin.py:188} INFO - [2024-06-21T03:10:31.914+0000] {dagbag.py:545} INFO - Filling up the DagBag from /home/airflow/.local/lib/python3.12/site-packages/airflow/example_dags/example_latest_only.py
[2024-06-21T03:10:31.917+0000] {processor.py:840} INFO - DAG(s) 'latest_only' retrieved from /home/airflow/.local/lib/python3.12/site-packages/airflow/example_dags/example_latest_only.py
[2024-06-21T03:10:31.928+0000] {logging_mixin.py:188} INFO - [2024-06-21T03:10:31.928+0000] {dag.py:3096} INFO - Sync 1 DAGs
[2024-06-21T03:10:31.939+0000] {logging_mixin.py:188} INFO - [2024-06-21T03:10:31.939+0000] {dag.py:3954} INFO - Setting next_dagrun for latest_only to 2024-06-20 20:00:00+00:00, run_after=2024-06-21 00:00:00+00:00
[2024-06-21T03:10:31.950+0000] {processor.py:183} INFO - Processing /home/airflow/.local/lib/python3.12/site-packages/airflow/example_dags/example_latest_only.py took 0.040 seconds
[2024-06-21T03:11:02.670+0000] {processor.py:161} INFO - Started process (PID=2872) to work on /home/airflow/.local/lib/python3.12/site-packages/airflow/example_dags/example_latest_only.py
[2024-06-21T03:11:02.671+0000] {processor.py:830} INFO - Processing file /home/airflow/.local/lib/python3.12/site-packages/airflow/example_dags/example_latest_only.py for tasks to queue
[2024-06-21T03:11:02.672+0000] {logging_mixin.py:188} INFO - [2024-06-21T03:11:02.671+0000] {dagbag.py:545} INFO - Filling up the DagBag from /home/airflow/.local/lib/python3.12/site-packages/airflow/example_dags/example_latest_only.py
[2024-06-21T03:11:02.674+0000] {processor.py:840} INFO - DAG(s) 'latest_only' retrieved from /home/airflow/.local/lib/python3.12/site-packages/airflow/example_dags/example_latest_only.py
[2024-06-21T03:11:02.684+0000] {logging_mixin.py:188} INFO - [2024-06-21T03:11:02.684+0000] {dag.py:3096} INFO - Sync 1 DAGs
[2024-06-21T03:11:02.696+0000] {logging_mixin.py:188} INFO - [2024-06-21T03:11:02.696+0000] {dag.py:3954} INFO - Setting next_dagrun for latest_only to 2024-06-20 20:00:00+00:00, run_after=2024-06-21 00:00:00+00:00
[2024-06-21T03:11:02.706+0000] {processor.py:183} INFO - Processing /home/airflow/.local/lib/python3.12/site-packages/airflow/example_dags/example_latest_only.py took 0.039 seconds
[2024-06-21T03:11:33.463+0000] {processor.py:161} INFO - Started process (PID=3134) to work on /home/airflow/.local/lib/python3.12/site-packages/airflow/example_dags/example_latest_only.py
[2024-06-21T03:11:33.465+0000] {processor.py:830} INFO - Processing file /home/airflow/.local/lib/python3.12/site-packages/airflow/example_dags/example_latest_only.py for tasks to queue
[2024-06-21T03:11:33.466+0000] {logging_mixin.py:188} INFO - [2024-06-21T03:11:33.466+0000] {dagbag.py:545} INFO - Filling up the DagBag from /home/airflow/.local/lib/python3.12/site-packages/airflow/example_dags/example_latest_only.py
[2024-06-21T03:11:33.469+0000] {processor.py:840} INFO - DAG(s) 'latest_only' retrieved from /home/airflow/.local/lib/python3.12/site-packages/airflow/example_dags/example_latest_only.py
[2024-06-21T03:11:33.480+0000] {logging_mixin.py:188} INFO - [2024-06-21T03:11:33.480+0000] {dag.py:3096} INFO - Sync 1 DAGs
[2024-06-21T03:11:33.491+0000] {logging_mixin.py:188} INFO - [2024-06-21T03:11:33.491+0000] {dag.py:3954} INFO - Setting next_dagrun for latest_only to 2024-06-20 20:00:00+00:00, run_after=2024-06-21 00:00:00+00:00
[2024-06-21T03:11:33.501+0000] {processor.py:183} INFO - Processing /home/airflow/.local/lib/python3.12/site-packages/airflow/example_dags/example_latest_only.py took 0.041 seconds
[2024-06-21T03:12:03.622+0000] {processor.py:161} INFO - Started process (PID=3396) to work on /home/airflow/.local/lib/python3.12/site-packages/airflow/example_dags/example_latest_only.py
[2024-06-21T03:12:03.625+0000] {processor.py:830} INFO - Processing file /home/airflow/.local/lib/python3.12/site-packages/airflow/example_dags/example_latest_only.py for tasks to queue
[2024-06-21T03:12:03.626+0000] {logging_mixin.py:188} INFO - [2024-06-21T03:12:03.626+0000] {dagbag.py:545} INFO - Filling up the DagBag from /home/airflow/.local/lib/python3.12/site-packages/airflow/example_dags/example_latest_only.py
[2024-06-21T03:12:03.629+0000] {processor.py:840} INFO - DAG(s) 'latest_only' retrieved from /home/airflow/.local/lib/python3.12/site-packages/airflow/example_dags/example_latest_only.py
[2024-06-21T03:12:03.640+0000] {logging_mixin.py:188} INFO - [2024-06-21T03:12:03.640+0000] {dag.py:3096} INFO - Sync 1 DAGs
[2024-06-21T03:12:03.651+0000] {logging_mixin.py:188} INFO - [2024-06-21T03:12:03.651+0000] {dag.py:3954} INFO - Setting next_dagrun for latest_only to 2024-06-20 20:00:00+00:00, run_after=2024-06-21 00:00:00+00:00
[2024-06-21T03:12:03.660+0000] {processor.py:183} INFO - Processing /home/airflow/.local/lib/python3.12/site-packages/airflow/example_dags/example_latest_only.py took 0.042 seconds
[2024-06-21T03:12:34.363+0000] {processor.py:161} INFO - Started process (PID=3658) to work on /home/airflow/.local/lib/python3.12/site-packages/airflow/example_dags/example_latest_only.py
[2024-06-21T03:12:34.364+0000] {processor.py:830} INFO - Processing file /home/airflow/.local/lib/python3.12/site-packages/airflow/example_dags/example_latest_only.py for tasks to queue
[2024-06-21T03:12:34.365+0000] {logging_mixin.py:188} INFO - [2024-06-21T03:12:34.365+0000] {dagbag.py:545} INFO - Filling up the DagBag from /home/airflow/.local/lib/python3.12/site-packages/airflow/example_dags/example_latest_only.py
[2024-06-21T03:12:34.367+0000] {processor.py:840} INFO - DAG(s) 'latest_only' retrieved from /home/airflow/.local/lib/python3.12/site-packages/airflow/example_dags/example_latest_only.py
[2024-06-21T03:12:34.378+0000] {logging_mixin.py:188} INFO - [2024-06-21T03:12:34.378+0000] {dag.py:3096} INFO - Sync 1 DAGs
[2024-06-21T03:12:34.388+0000] {logging_mixin.py:188} INFO - [2024-06-21T03:12:34.388+0000] {dag.py:3954} INFO - Setting next_dagrun for latest_only to 2024-06-20 20:00:00+00:00, run_after=2024-06-21 00:00:00+00:00
[2024-06-21T03:12:34.397+0000] {processor.py:183} INFO - Processing /home/airflow/.local/lib/python3.12/site-packages/airflow/example_dags/example_latest_only.py took 0.037 seconds
[2024-06-21T03:13:05.106+0000] {processor.py:161} INFO - Started process (PID=3920) to work on /home/airflow/.local/lib/python3.12/site-packages/airflow/example_dags/example_latest_only.py
[2024-06-21T03:13:05.107+0000] {processor.py:830} INFO - Processing file /home/airflow/.local/lib/python3.12/site-packages/airflow/example_dags/example_latest_only.py for tasks to queue
[2024-06-21T03:13:05.108+0000] {logging_mixin.py:188} INFO - [2024-06-21T03:13:05.108+0000] {dagbag.py:545} INFO - Filling up the DagBag from /home/airflow/.local/lib/python3.12/site-packages/airflow/example_dags/example_latest_only.py
[2024-06-21T03:13:05.111+0000] {processor.py:840} INFO - DAG(s) 'latest_only' retrieved from /home/airflow/.local/lib/python3.12/site-packages/airflow/example_dags/example_latest_only.py
[2024-06-21T03:13:05.122+0000] {logging_mixin.py:188} INFO - [2024-06-21T03:13:05.122+0000] {dag.py:3096} INFO - Sync 1 DAGs
[2024-06-21T03:13:05.133+0000] {logging_mixin.py:188} INFO - [2024-06-21T03:13:05.133+0000] {dag.py:3954} INFO - Setting next_dagrun for latest_only to 2024-06-20 20:00:00+00:00, run_after=2024-06-21 00:00:00+00:00
[2024-06-21T03:13:05.145+0000] {processor.py:183} INFO - Processing /home/airflow/.local/lib/python3.12/site-packages/airflow/example_dags/example_latest_only.py took 0.042 seconds
[2024-06-21T03:13:35.994+0000] {processor.py:161} INFO - Started process (PID=4182) to work on /home/airflow/.local/lib/python3.12/site-packages/airflow/example_dags/example_latest_only.py
[2024-06-21T03:13:35.994+0000] {processor.py:830} INFO - Processing file /home/airflow/.local/lib/python3.12/site-packages/airflow/example_dags/example_latest_only.py for tasks to queue
[2024-06-21T03:13:35.995+0000] {logging_mixin.py:188} INFO - [2024-06-21T03:13:35.995+0000] {dagbag.py:545} INFO - Filling up the DagBag from /home/airflow/.local/lib/python3.12/site-packages/airflow/example_dags/example_latest_only.py
[2024-06-21T03:13:35.997+0000] {processor.py:840} INFO - DAG(s) 'latest_only' retrieved from /home/airflow/.local/lib/python3.12/site-packages/airflow/example_dags/example_latest_only.py
[2024-06-21T03:13:36.008+0000] {logging_mixin.py:188} INFO - [2024-06-21T03:13:36.008+0000] {dag.py:3096} INFO - Sync 1 DAGs
[2024-06-21T03:13:36.018+0000] {logging_mixin.py:188} INFO - [2024-06-21T03:13:36.018+0000] {dag.py:3954} INFO - Setting next_dagrun for latest_only to 2024-06-20 20:00:00+00:00, run_after=2024-06-21 00:00:00+00:00
[2024-06-21T03:13:36.027+0000] {processor.py:183} INFO - Processing /home/airflow/.local/lib/python3.12/site-packages/airflow/example_dags/example_latest_only.py took 0.037 seconds
[2024-06-21T03:14:06.760+0000] {processor.py:161} INFO - Started process (PID=4444) to work on /home/airflow/.local/lib/python3.12/site-packages/airflow/example_dags/example_latest_only.py
[2024-06-21T03:14:06.761+0000] {processor.py:830} INFO - Processing file /home/airflow/.local/lib/python3.12/site-packages/airflow/example_dags/example_latest_only.py for tasks to queue
[2024-06-21T03:14:06.762+0000] {logging_mixin.py:188} INFO - [2024-06-21T03:14:06.762+0000] {dagbag.py:545} INFO - Filling up the DagBag from /home/airflow/.local/lib/python3.12/site-packages/airflow/example_dags/example_latest_only.py
[2024-06-21T03:14:06.765+0000] {processor.py:840} INFO - DAG(s) 'latest_only' retrieved from /home/airflow/.local/lib/python3.12/site-packages/airflow/example_dags/example_latest_only.py
[2024-06-21T03:14:06.777+0000] {logging_mixin.py:188} INFO - [2024-06-21T03:14:06.776+0000] {dag.py:3096} INFO - Sync 1 DAGs
[2024-06-21T03:14:06.788+0000] {logging_mixin.py:188} INFO - [2024-06-21T03:14:06.788+0000] {dag.py:3954} INFO - Setting next_dagrun for latest_only to 2024-06-20 20:00:00+00:00, run_after=2024-06-21 00:00:00+00:00
[2024-06-21T03:14:06.798+0000] {processor.py:183} INFO - Processing /home/airflow/.local/lib/python3.12/site-packages/airflow/example_dags/example_latest_only.py took 0.041 seconds
[2024-06-21T03:14:37.507+0000] {processor.py:161} INFO - Started process (PID=4706) to work on /home/airflow/.local/lib/python3.12/site-packages/airflow/example_dags/example_latest_only.py
[2024-06-21T03:14:37.508+0000] {processor.py:830} INFO - Processing file /home/airflow/.local/lib/python3.12/site-packages/airflow/example_dags/example_latest_only.py for tasks to queue
[2024-06-21T03:14:37.509+0000] {logging_mixin.py:188} INFO - [2024-06-21T03:14:37.509+0000] {dagbag.py:545} INFO - Filling up the DagBag from /home/airflow/.local/lib/python3.12/site-packages/airflow/example_dags/example_latest_only.py
[2024-06-21T03:14:37.511+0000] {processor.py:840} INFO - DAG(s) 'latest_only' retrieved from /home/airflow/.local/lib/python3.12/site-packages/airflow/example_dags/example_latest_only.py
[2024-06-21T03:14:37.523+0000] {logging_mixin.py:188} INFO - [2024-06-21T03:14:37.522+0000] {dag.py:3096} INFO - Sync 1 DAGs
[2024-06-21T03:14:37.533+0000] {logging_mixin.py:188} INFO - [2024-06-21T03:14:37.533+0000] {dag.py:3954} INFO - Setting next_dagrun for latest_only to 2024-06-20 20:00:00+00:00, run_after=2024-06-21 00:00:00+00:00
[2024-06-21T03:14:37.544+0000] {processor.py:183} INFO - Processing /home/airflow/.local/lib/python3.12/site-packages/airflow/example_dags/example_latest_only.py took 0.039 seconds
[2024-06-21T03:15:08.206+0000] {processor.py:161} INFO - Started process (PID=4968) to work on /home/airflow/.local/lib/python3.12/site-packages/airflow/example_dags/example_latest_only.py
[2024-06-21T03:15:08.207+0000] {processor.py:830} INFO - Processing file /home/airflow/.local/lib/python3.12/site-packages/airflow/example_dags/example_latest_only.py for tasks to queue
[2024-06-21T03:15:08.208+0000] {logging_mixin.py:188} INFO - [2024-06-21T03:15:08.208+0000] {dagbag.py:545} INFO - Filling up the DagBag from /home/airflow/.local/lib/python3.12/site-packages/airflow/example_dags/example_latest_only.py
[2024-06-21T03:15:08.211+0000] {processor.py:840} INFO - DAG(s) 'latest_only' retrieved from /home/airflow/.local/lib/python3.12/site-packages/airflow/example_dags/example_latest_only.py
[2024-06-21T03:15:08.222+0000] {logging_mixin.py:188} INFO - [2024-06-21T03:15:08.222+0000] {dag.py:3096} INFO - Sync 1 DAGs
[2024-06-21T03:15:08.232+0000] {logging_mixin.py:188} INFO - [2024-06-21T03:15:08.232+0000] {dag.py:3954} INFO - Setting next_dagrun for latest_only to 2024-06-20 20:00:00+00:00, run_after=2024-06-21 00:00:00+00:00
[2024-06-21T03:15:08.241+0000] {processor.py:183} INFO - Processing /home/airflow/.local/lib/python3.12/site-packages/airflow/example_dags/example_latest_only.py took 0.038 seconds
[2024-06-21T03:15:39.006+0000] {processor.py:161} INFO - Started process (PID=5230) to work on /home/airflow/.local/lib/python3.12/site-packages/airflow/example_dags/example_latest_only.py
[2024-06-21T03:15:39.006+0000] {processor.py:830} INFO - Processing file /home/airflow/.local/lib/python3.12/site-packages/airflow/example_dags/example_latest_only.py for tasks to queue
[2024-06-21T03:15:39.009+0000] {logging_mixin.py:188} INFO - [2024-06-21T03:15:39.008+0000] {dagbag.py:545} INFO - Filling up the DagBag from /home/airflow/.local/lib/python3.12/site-packages/airflow/example_dags/example_latest_only.py
[2024-06-21T03:15:39.011+0000] {processor.py:840} INFO - DAG(s) 'latest_only' retrieved from /home/airflow/.local/lib/python3.12/site-packages/airflow/example_dags/example_latest_only.py
[2024-06-21T03:15:39.023+0000] {logging_mixin.py:188} INFO - [2024-06-21T03:15:39.023+0000] {dag.py:3096} INFO - Sync 1 DAGs
[2024-06-21T03:15:39.034+0000] {logging_mixin.py:188} INFO - [2024-06-21T03:15:39.034+0000] {dag.py:3954} INFO - Setting next_dagrun for latest_only to 2024-06-20 20:00:00+00:00, run_after=2024-06-21 00:00:00+00:00
[2024-06-21T03:15:39.045+0000] {processor.py:183} INFO - Processing /home/airflow/.local/lib/python3.12/site-packages/airflow/example_dags/example_latest_only.py took 0.042 seconds
[2024-06-21T03:16:09.127+0000] {processor.py:161} INFO - Started process (PID=5492) to work on /home/airflow/.local/lib/python3.12/site-packages/airflow/example_dags/example_latest_only.py
[2024-06-21T03:16:09.128+0000] {processor.py:830} INFO - Processing file /home/airflow/.local/lib/python3.12/site-packages/airflow/example_dags/example_latest_only.py for tasks to queue
[2024-06-21T03:16:09.129+0000] {logging_mixin.py:188} INFO - [2024-06-21T03:16:09.129+0000] {dagbag.py:545} INFO - Filling up the DagBag from /home/airflow/.local/lib/python3.12/site-packages/airflow/example_dags/example_latest_only.py
[2024-06-21T03:16:09.132+0000] {processor.py:840} INFO - DAG(s) 'latest_only' retrieved from /home/airflow/.local/lib/python3.12/site-packages/airflow/example_dags/example_latest_only.py
[2024-06-21T03:16:09.143+0000] {logging_mixin.py:188} INFO - [2024-06-21T03:16:09.143+0000] {dag.py:3096} INFO - Sync 1 DAGs
[2024-06-21T03:16:09.155+0000] {logging_mixin.py:188} INFO - [2024-06-21T03:16:09.155+0000] {dag.py:3954} INFO - Setting next_dagrun for latest_only to 2024-06-20 20:00:00+00:00, run_after=2024-06-21 00:00:00+00:00
[2024-06-21T03:16:09.165+0000] {processor.py:183} INFO - Processing /home/airflow/.local/lib/python3.12/site-packages/airflow/example_dags/example_latest_only.py took 0.041 seconds
[2024-06-21T03:16:39.942+0000] {processor.py:161} INFO - Started process (PID=5754) to work on /home/airflow/.local/lib/python3.12/site-packages/airflow/example_dags/example_latest_only.py
[2024-06-21T03:16:39.943+0000] {processor.py:830} INFO - Processing file /home/airflow/.local/lib/python3.12/site-packages/airflow/example_dags/example_latest_only.py for tasks to queue
[2024-06-21T03:16:39.944+0000] {logging_mixin.py:188} INFO - [2024-06-21T03:16:39.944+0000] {dagbag.py:545} INFO - Filling up the DagBag from /home/airflow/.local/lib/python3.12/site-packages/airflow/example_dags/example_latest_only.py
[2024-06-21T03:16:39.947+0000] {processor.py:840} INFO - DAG(s) 'latest_only' retrieved from /home/airflow/.local/lib/python3.12/site-packages/airflow/example_dags/example_latest_only.py
[2024-06-21T03:16:39.958+0000] {logging_mixin.py:188} INFO - [2024-06-21T03:16:39.957+0000] {dag.py:3096} INFO - Sync 1 DAGs
[2024-06-21T03:16:39.969+0000] {logging_mixin.py:188} INFO - [2024-06-21T03:16:39.969+0000] {dag.py:3954} INFO - Setting next_dagrun for latest_only to 2024-06-20 20:00:00+00:00, run_after=2024-06-21 00:00:00+00:00
[2024-06-21T03:16:39.979+0000] {processor.py:183} INFO - Processing /home/airflow/.local/lib/python3.12/site-packages/airflow/example_dags/example_latest_only.py took 0.040 seconds
[2024-06-21T03:17:10.747+0000] {processor.py:161} INFO - Started process (PID=6016) to work on /home/airflow/.local/lib/python3.12/site-packages/airflow/example_dags/example_latest_only.py
[2024-06-21T03:17:10.748+0000] {processor.py:830} INFO - Processing file /home/airflow/.local/lib/python3.12/site-packages/airflow/example_dags/example_latest_only.py for tasks to queue
[2024-06-21T03:17:10.750+0000] {logging_mixin.py:188} INFO - [2024-06-21T03:17:10.750+0000] {dagbag.py:545} INFO - Filling up the DagBag from /home/airflow/.local/lib/python3.12/site-packages/airflow/example_dags/example_latest_only.py
[2024-06-21T03:17:10.753+0000] {processor.py:840} INFO - DAG(s) 'latest_only' retrieved from /home/airflow/.local/lib/python3.12/site-packages/airflow/example_dags/example_latest_only.py
[2024-06-21T03:17:10.764+0000] {logging_mixin.py:188} INFO - [2024-06-21T03:17:10.764+0000] {dag.py:3096} INFO - Sync 1 DAGs
[2024-06-21T03:17:10.774+0000] {logging_mixin.py:188} INFO - [2024-06-21T03:17:10.774+0000] {dag.py:3954} INFO - Setting next_dagrun for latest_only to 2024-06-20 20:00:00+00:00, run_after=2024-06-21 00:00:00+00:00
[2024-06-21T03:17:10.786+0000] {processor.py:183} INFO - Processing /home/airflow/.local/lib/python3.12/site-packages/airflow/example_dags/example_latest_only.py took 0.042 seconds
[2024-06-21T03:17:40.854+0000] {processor.py:161} INFO - Started process (PID=6278) to work on /home/airflow/.local/lib/python3.12/site-packages/airflow/example_dags/example_latest_only.py
[2024-06-21T03:17:40.855+0000] {processor.py:830} INFO - Processing file /home/airflow/.local/lib/python3.12/site-packages/airflow/example_dags/example_latest_only.py for tasks to queue
[2024-06-21T03:17:40.856+0000] {logging_mixin.py:188} INFO - [2024-06-21T03:17:40.856+0000] {dagbag.py:545} INFO - Filling up the DagBag from /home/airflow/.local/lib/python3.12/site-packages/airflow/example_dags/example_latest_only.py
[2024-06-21T03:17:40.859+0000] {processor.py:840} INFO - DAG(s) 'latest_only' retrieved from /home/airflow/.local/lib/python3.12/site-packages/airflow/example_dags/example_latest_only.py
[2024-06-21T03:17:40.870+0000] {logging_mixin.py:188} INFO - [2024-06-21T03:17:40.869+0000] {dag.py:3096} INFO - Sync 1 DAGs
[2024-06-21T03:17:40.881+0000] {logging_mixin.py:188} INFO - [2024-06-21T03:17:40.881+0000] {dag.py:3954} INFO - Setting next_dagrun for latest_only to 2024-06-20 20:00:00+00:00, run_after=2024-06-21 00:00:00+00:00
[2024-06-21T03:17:40.893+0000] {processor.py:183} INFO - Processing /home/airflow/.local/lib/python3.12/site-packages/airflow/example_dags/example_latest_only.py took 0.043 seconds
[2024-06-21T03:18:11.006+0000] {processor.py:161} INFO - Started process (PID=6540) to work on /home/airflow/.local/lib/python3.12/site-packages/airflow/example_dags/example_latest_only.py
[2024-06-21T03:18:11.007+0000] {processor.py:830} INFO - Processing file /home/airflow/.local/lib/python3.12/site-packages/airflow/example_dags/example_latest_only.py for tasks to queue
[2024-06-21T03:18:11.008+0000] {logging_mixin.py:188} INFO - [2024-06-21T03:18:11.008+0000] {dagbag.py:545} INFO - Filling up the DagBag from /home/airflow/.local/lib/python3.12/site-packages/airflow/example_dags/example_latest_only.py
[2024-06-21T03:18:11.010+0000] {processor.py:840} INFO - DAG(s) 'latest_only' retrieved from /home/airflow/.local/lib/python3.12/site-packages/airflow/example_dags/example_latest_only.py
[2024-06-21T03:18:11.022+0000] {logging_mixin.py:188} INFO - [2024-06-21T03:18:11.021+0000] {dag.py:3096} INFO - Sync 1 DAGs
[2024-06-21T03:18:11.032+0000] {logging_mixin.py:188} INFO - [2024-06-21T03:18:11.032+0000] {dag.py:3954} INFO - Setting next_dagrun for latest_only to 2024-06-20 20:00:00+00:00, run_after=2024-06-21 00:00:00+00:00
[2024-06-21T03:18:11.042+0000] {processor.py:183} INFO - Processing /home/airflow/.local/lib/python3.12/site-packages/airflow/example_dags/example_latest_only.py took 0.040 seconds
[2024-06-21T03:18:41.251+0000] {processor.py:161} INFO - Started process (PID=6804) to work on /home/airflow/.local/lib/python3.12/site-packages/airflow/example_dags/example_latest_only.py
[2024-06-21T03:18:41.252+0000] {processor.py:830} INFO - Processing file /home/airflow/.local/lib/python3.12/site-packages/airflow/example_dags/example_latest_only.py for tasks to queue
[2024-06-21T03:18:41.254+0000] {logging_mixin.py:188} INFO - [2024-06-21T03:18:41.253+0000] {dagbag.py:545} INFO - Filling up the DagBag from /home/airflow/.local/lib/python3.12/site-packages/airflow/example_dags/example_latest_only.py
[2024-06-21T03:18:41.256+0000] {processor.py:840} INFO - DAG(s) 'latest_only' retrieved from /home/airflow/.local/lib/python3.12/site-packages/airflow/example_dags/example_latest_only.py
[2024-06-21T03:18:41.268+0000] {logging_mixin.py:188} INFO - [2024-06-21T03:18:41.268+0000] {dag.py:3096} INFO - Sync 1 DAGs
[2024-06-21T03:18:41.280+0000] {logging_mixin.py:188} INFO - [2024-06-21T03:18:41.280+0000] {dag.py:3954} INFO - Setting next_dagrun for latest_only to 2024-06-20 20:00:00+00:00, run_after=2024-06-21 00:00:00+00:00
[2024-06-21T03:18:41.289+0000] {processor.py:183} INFO - Processing /home/airflow/.local/lib/python3.12/site-packages/airflow/example_dags/example_latest_only.py took 0.041 seconds
[2024-06-21T03:19:11.968+0000] {processor.py:161} INFO - Started process (PID=7064) to work on /home/airflow/.local/lib/python3.12/site-packages/airflow/example_dags/example_latest_only.py
[2024-06-21T03:19:11.969+0000] {processor.py:830} INFO - Processing file /home/airflow/.local/lib/python3.12/site-packages/airflow/example_dags/example_latest_only.py for tasks to queue
[2024-06-21T03:19:11.971+0000] {logging_mixin.py:188} INFO - [2024-06-21T03:19:11.970+0000] {dagbag.py:545} INFO - Filling up the DagBag from /home/airflow/.local/lib/python3.12/site-packages/airflow/example_dags/example_latest_only.py
[2024-06-21T03:19:11.973+0000] {processor.py:840} INFO - DAG(s) 'latest_only' retrieved from /home/airflow/.local/lib/python3.12/site-packages/airflow/example_dags/example_latest_only.py
[2024-06-21T03:19:11.983+0000] {logging_mixin.py:188} INFO - [2024-06-21T03:19:11.983+0000] {dag.py:3096} INFO - Sync 1 DAGs
[2024-06-21T03:19:11.994+0000] {logging_mixin.py:188} INFO - [2024-06-21T03:19:11.994+0000] {dag.py:3954} INFO - Setting next_dagrun for latest_only to 2024-06-20 20:00:00+00:00, run_after=2024-06-21 00:00:00+00:00
[2024-06-21T03:19:12.003+0000] {processor.py:183} INFO - Processing /home/airflow/.local/lib/python3.12/site-packages/airflow/example_dags/example_latest_only.py took 0.038 seconds
[2024-06-21T03:19:42.114+0000] {processor.py:161} INFO - Started process (PID=7325) to work on /home/airflow/.local/lib/python3.12/site-packages/airflow/example_dags/example_latest_only.py
[2024-06-21T03:19:42.115+0000] {processor.py:830} INFO - Processing file /home/airflow/.local/lib/python3.12/site-packages/airflow/example_dags/example_latest_only.py for tasks to queue
[2024-06-21T03:19:42.115+0000] {logging_mixin.py:188} INFO - [2024-06-21T03:19:42.115+0000] {dagbag.py:545} INFO - Filling up the DagBag from /home/airflow/.local/lib/python3.12/site-packages/airflow/example_dags/example_latest_only.py
[2024-06-21T03:19:42.118+0000] {processor.py:840} INFO - DAG(s) 'latest_only' retrieved from /home/airflow/.local/lib/python3.12/site-packages/airflow/example_dags/example_latest_only.py
[2024-06-21T03:19:42.129+0000] {logging_mixin.py:188} INFO - [2024-06-21T03:19:42.128+0000] {dag.py:3096} INFO - Sync 1 DAGs
[2024-06-21T03:19:42.140+0000] {logging_mixin.py:188} INFO - [2024-06-21T03:19:42.140+0000] {dag.py:3954} INFO - Setting next_dagrun for latest_only to 2024-06-20 20:00:00+00:00, run_after=2024-06-21 00:00:00+00:00
[2024-06-21T03:19:42.150+0000] {processor.py:183} INFO - Processing /home/airflow/.local/lib/python3.12/site-packages/airflow/example_dags/example_latest_only.py took 0.040 seconds
[2024-06-21T03:20:12.304+0000] {processor.py:161} INFO - Started process (PID=7587) to work on /home/airflow/.local/lib/python3.12/site-packages/airflow/example_dags/example_latest_only.py
[2024-06-21T03:20:12.304+0000] {processor.py:830} INFO - Processing file /home/airflow/.local/lib/python3.12/site-packages/airflow/example_dags/example_latest_only.py for tasks to queue
[2024-06-21T03:20:12.306+0000] {logging_mixin.py:188} INFO - [2024-06-21T03:20:12.305+0000] {dagbag.py:545} INFO - Filling up the DagBag from /home/airflow/.local/lib/python3.12/site-packages/airflow/example_dags/example_latest_only.py
[2024-06-21T03:20:12.308+0000] {processor.py:840} INFO - DAG(s) 'latest_only' retrieved from /home/airflow/.local/lib/python3.12/site-packages/airflow/example_dags/example_latest_only.py
[2024-06-21T03:20:12.319+0000] {logging_mixin.py:188} INFO - [2024-06-21T03:20:12.319+0000] {dag.py:3096} INFO - Sync 1 DAGs
[2024-06-21T03:20:12.331+0000] {logging_mixin.py:188} INFO - [2024-06-21T03:20:12.331+0000] {dag.py:3954} INFO - Setting next_dagrun for latest_only to 2024-06-20 20:00:00+00:00, run_after=2024-06-21 00:00:00+00:00
[2024-06-21T03:20:12.339+0000] {processor.py:183} INFO - Processing /home/airflow/.local/lib/python3.12/site-packages/airflow/example_dags/example_latest_only.py took 0.039 seconds
[2024-06-21T03:20:42.406+0000] {processor.py:161} INFO - Started process (PID=7914) to work on /home/airflow/.local/lib/python3.12/site-packages/airflow/example_dags/example_latest_only.py
[2024-06-21T03:20:42.406+0000] {processor.py:830} INFO - Processing file /home/airflow/.local/lib/python3.12/site-packages/airflow/example_dags/example_latest_only.py for tasks to queue
[2024-06-21T03:20:42.408+0000] {logging_mixin.py:188} INFO - [2024-06-21T03:20:42.408+0000] {dagbag.py:545} INFO - Filling up the DagBag from /home/airflow/.local/lib/python3.12/site-packages/airflow/example_dags/example_latest_only.py
[2024-06-21T03:20:42.411+0000] {processor.py:840} INFO - DAG(s) 'latest_only' retrieved from /home/airflow/.local/lib/python3.12/site-packages/airflow/example_dags/example_latest_only.py
[2024-06-21T03:20:42.424+0000] {logging_mixin.py:188} INFO - [2024-06-21T03:20:42.423+0000] {dag.py:3096} INFO - Sync 1 DAGs
[2024-06-21T03:20:42.436+0000] {logging_mixin.py:188} INFO - [2024-06-21T03:20:42.436+0000] {dag.py:3954} INFO - Setting next_dagrun for latest_only to 2024-06-20 20:00:00+00:00, run_after=2024-06-21 00:00:00+00:00
[2024-06-21T03:20:42.448+0000] {processor.py:183} INFO - Processing /home/airflow/.local/lib/python3.12/site-packages/airflow/example_dags/example_latest_only.py took 0.046 seconds
