[2024-06-21T03:05:56.379+0000] {processor.py:161} INFO - Started process (PID=293) to work on /home/airflow/.local/lib/python3.12/site-packages/airflow/example_dags/example_display_name.py
[2024-06-21T03:05:56.380+0000] {processor.py:830} INFO - Processing file /home/airflow/.local/lib/python3.12/site-packages/airflow/example_dags/example_display_name.py for tasks to queue
[2024-06-21T03:05:56.381+0000] {logging_mixin.py:188} INFO - [2024-06-21T03:05:56.381+0000] {dagbag.py:545} INFO - Filling up the DagBag from /home/airflow/.local/lib/python3.12/site-packages/airflow/example_dags/example_display_name.py
[2024-06-21T03:05:56.385+0000] {processor.py:840} INFO - DAG(s) 'example_display_name' retrieved from /home/airflow/.local/lib/python3.12/site-packages/airflow/example_dags/example_display_name.py
[2024-06-21T03:05:56.393+0000] {logging_mixin.py:188} INFO - [2024-06-21T03:05:56.393+0000] {dag.py:3096} INFO - Sync 1 DAGs
[2024-06-21T03:05:56.400+0000] {logging_mixin.py:188} INFO - [2024-06-21T03:05:56.399+0000] {dag.py:3954} INFO - Setting next_dagrun for example_display_name to None, run_after=None
[2024-06-21T03:05:56.408+0000] {processor.py:183} INFO - Processing /home/airflow/.local/lib/python3.12/site-packages/airflow/example_dags/example_display_name.py took 0.032 seconds
[2024-06-21T03:06:27.478+0000] {processor.py:161} INFO - Started process (PID=555) to work on /home/airflow/.local/lib/python3.12/site-packages/airflow/example_dags/example_display_name.py
[2024-06-21T03:06:27.479+0000] {processor.py:830} INFO - Processing file /home/airflow/.local/lib/python3.12/site-packages/airflow/example_dags/example_display_name.py for tasks to queue
[2024-06-21T03:06:27.481+0000] {logging_mixin.py:188} INFO - [2024-06-21T03:06:27.481+0000] {dagbag.py:545} INFO - Filling up the DagBag from /home/airflow/.local/lib/python3.12/site-packages/airflow/example_dags/example_display_name.py
[2024-06-21T03:06:27.484+0000] {processor.py:840} INFO - DAG(s) 'example_display_name' retrieved from /home/airflow/.local/lib/python3.12/site-packages/airflow/example_dags/example_display_name.py
[2024-06-21T03:06:27.527+0000] {logging_mixin.py:188} INFO - [2024-06-21T03:06:27.527+0000] {dag.py:3096} INFO - Sync 1 DAGs
[2024-06-21T03:06:27.533+0000] {logging_mixin.py:188} INFO - [2024-06-21T03:06:27.532+0000] {dag.py:3954} INFO - Setting next_dagrun for example_display_name to None, run_after=None
[2024-06-21T03:06:27.542+0000] {processor.py:183} INFO - Processing /home/airflow/.local/lib/python3.12/site-packages/airflow/example_dags/example_display_name.py took 0.066 seconds
[2024-06-21T03:06:57.600+0000] {processor.py:161} INFO - Started process (PID=819) to work on /home/airflow/.local/lib/python3.12/site-packages/airflow/example_dags/example_display_name.py
[2024-06-21T03:06:57.600+0000] {processor.py:830} INFO - Processing file /home/airflow/.local/lib/python3.12/site-packages/airflow/example_dags/example_display_name.py for tasks to queue
[2024-06-21T03:06:57.601+0000] {logging_mixin.py:188} INFO - [2024-06-21T03:06:57.601+0000] {dagbag.py:545} INFO - Filling up the DagBag from /home/airflow/.local/lib/python3.12/site-packages/airflow/example_dags/example_display_name.py
[2024-06-21T03:06:57.604+0000] {processor.py:840} INFO - DAG(s) 'example_display_name' retrieved from /home/airflow/.local/lib/python3.12/site-packages/airflow/example_dags/example_display_name.py
[2024-06-21T03:06:57.614+0000] {logging_mixin.py:188} INFO - [2024-06-21T03:06:57.614+0000] {dag.py:3096} INFO - Sync 1 DAGs
[2024-06-21T03:06:57.619+0000] {logging_mixin.py:188} INFO - [2024-06-21T03:06:57.619+0000] {dag.py:3954} INFO - Setting next_dagrun for example_display_name to None, run_after=None
[2024-06-21T03:06:57.627+0000] {processor.py:183} INFO - Processing /home/airflow/.local/lib/python3.12/site-packages/airflow/example_dags/example_display_name.py took 0.030 seconds
[2024-06-21T03:07:28.253+0000] {processor.py:161} INFO - Started process (PID=1079) to work on /home/airflow/.local/lib/python3.12/site-packages/airflow/example_dags/example_display_name.py
[2024-06-21T03:07:28.254+0000] {processor.py:830} INFO - Processing file /home/airflow/.local/lib/python3.12/site-packages/airflow/example_dags/example_display_name.py for tasks to queue
[2024-06-21T03:07:28.255+0000] {logging_mixin.py:188} INFO - [2024-06-21T03:07:28.255+0000] {dagbag.py:545} INFO - Filling up the DagBag from /home/airflow/.local/lib/python3.12/site-packages/airflow/example_dags/example_display_name.py
[2024-06-21T03:07:28.258+0000] {processor.py:840} INFO - DAG(s) 'example_display_name' retrieved from /home/airflow/.local/lib/python3.12/site-packages/airflow/example_dags/example_display_name.py
[2024-06-21T03:07:28.268+0000] {logging_mixin.py:188} INFO - [2024-06-21T03:07:28.267+0000] {dag.py:3096} INFO - Sync 1 DAGs
[2024-06-21T03:07:28.273+0000] {logging_mixin.py:188} INFO - [2024-06-21T03:07:28.273+0000] {dag.py:3954} INFO - Setting next_dagrun for example_display_name to None, run_after=None
[2024-06-21T03:07:28.281+0000] {processor.py:183} INFO - Processing /home/airflow/.local/lib/python3.12/site-packages/airflow/example_dags/example_display_name.py took 0.030 seconds
[2024-06-21T03:07:58.955+0000] {processor.py:161} INFO - Started process (PID=1366) to work on /home/airflow/.local/lib/python3.12/site-packages/airflow/example_dags/example_display_name.py
[2024-06-21T03:07:58.956+0000] {processor.py:830} INFO - Processing file /home/airflow/.local/lib/python3.12/site-packages/airflow/example_dags/example_display_name.py for tasks to queue
[2024-06-21T03:07:58.957+0000] {logging_mixin.py:188} INFO - [2024-06-21T03:07:58.957+0000] {dagbag.py:545} INFO - Filling up the DagBag from /home/airflow/.local/lib/python3.12/site-packages/airflow/example_dags/example_display_name.py
[2024-06-21T03:07:58.960+0000] {processor.py:840} INFO - DAG(s) 'example_display_name' retrieved from /home/airflow/.local/lib/python3.12/site-packages/airflow/example_dags/example_display_name.py
[2024-06-21T03:07:58.969+0000] {logging_mixin.py:188} INFO - [2024-06-21T03:07:58.969+0000] {dag.py:3096} INFO - Sync 1 DAGs
[2024-06-21T03:07:58.975+0000] {logging_mixin.py:188} INFO - [2024-06-21T03:07:58.975+0000] {dag.py:3954} INFO - Setting next_dagrun for example_display_name to None, run_after=None
[2024-06-21T03:07:58.984+0000] {processor.py:183} INFO - Processing /home/airflow/.local/lib/python3.12/site-packages/airflow/example_dags/example_display_name.py took 0.031 seconds
[2024-06-21T03:08:29.593+0000] {processor.py:161} INFO - Started process (PID=1652) to work on /home/airflow/.local/lib/python3.12/site-packages/airflow/example_dags/example_display_name.py
[2024-06-21T03:08:29.593+0000] {processor.py:830} INFO - Processing file /home/airflow/.local/lib/python3.12/site-packages/airflow/example_dags/example_display_name.py for tasks to queue
[2024-06-21T03:08:29.594+0000] {logging_mixin.py:188} INFO - [2024-06-21T03:08:29.594+0000] {dagbag.py:545} INFO - Filling up the DagBag from /home/airflow/.local/lib/python3.12/site-packages/airflow/example_dags/example_display_name.py
[2024-06-21T03:08:29.597+0000] {processor.py:840} INFO - DAG(s) 'example_display_name' retrieved from /home/airflow/.local/lib/python3.12/site-packages/airflow/example_dags/example_display_name.py
[2024-06-21T03:08:29.606+0000] {logging_mixin.py:188} INFO - [2024-06-21T03:08:29.606+0000] {dag.py:3096} INFO - Sync 1 DAGs
[2024-06-21T03:08:29.612+0000] {logging_mixin.py:188} INFO - [2024-06-21T03:08:29.612+0000] {dag.py:3954} INFO - Setting next_dagrun for example_display_name to None, run_after=None
[2024-06-21T03:08:29.621+0000] {processor.py:183} INFO - Processing /home/airflow/.local/lib/python3.12/site-packages/airflow/example_dags/example_display_name.py took 0.031 seconds
[2024-06-21T03:09:00.340+0000] {processor.py:161} INFO - Started process (PID=1916) to work on /home/airflow/.local/lib/python3.12/site-packages/airflow/example_dags/example_display_name.py
[2024-06-21T03:09:00.341+0000] {processor.py:830} INFO - Processing file /home/airflow/.local/lib/python3.12/site-packages/airflow/example_dags/example_display_name.py for tasks to queue
[2024-06-21T03:09:00.342+0000] {logging_mixin.py:188} INFO - [2024-06-21T03:09:00.342+0000] {dagbag.py:545} INFO - Filling up the DagBag from /home/airflow/.local/lib/python3.12/site-packages/airflow/example_dags/example_display_name.py
[2024-06-21T03:09:00.345+0000] {processor.py:840} INFO - DAG(s) 'example_display_name' retrieved from /home/airflow/.local/lib/python3.12/site-packages/airflow/example_dags/example_display_name.py
[2024-06-21T03:09:00.355+0000] {logging_mixin.py:188} INFO - [2024-06-21T03:09:00.354+0000] {dag.py:3096} INFO - Sync 1 DAGs
[2024-06-21T03:09:00.360+0000] {logging_mixin.py:188} INFO - [2024-06-21T03:09:00.360+0000] {dag.py:3954} INFO - Setting next_dagrun for example_display_name to None, run_after=None
[2024-06-21T03:09:00.368+0000] {processor.py:183} INFO - Processing /home/airflow/.local/lib/python3.12/site-packages/airflow/example_dags/example_display_name.py took 0.031 seconds
[2024-06-21T03:09:31.029+0000] {processor.py:161} INFO - Started process (PID=2176) to work on /home/airflow/.local/lib/python3.12/site-packages/airflow/example_dags/example_display_name.py
[2024-06-21T03:09:31.029+0000] {processor.py:830} INFO - Processing file /home/airflow/.local/lib/python3.12/site-packages/airflow/example_dags/example_display_name.py for tasks to queue
[2024-06-21T03:09:31.030+0000] {logging_mixin.py:188} INFO - [2024-06-21T03:09:31.030+0000] {dagbag.py:545} INFO - Filling up the DagBag from /home/airflow/.local/lib/python3.12/site-packages/airflow/example_dags/example_display_name.py
[2024-06-21T03:09:31.034+0000] {processor.py:840} INFO - DAG(s) 'example_display_name' retrieved from /home/airflow/.local/lib/python3.12/site-packages/airflow/example_dags/example_display_name.py
[2024-06-21T03:09:31.044+0000] {logging_mixin.py:188} INFO - [2024-06-21T03:09:31.044+0000] {dag.py:3096} INFO - Sync 1 DAGs
[2024-06-21T03:09:31.051+0000] {logging_mixin.py:188} INFO - [2024-06-21T03:09:31.051+0000] {dag.py:3954} INFO - Setting next_dagrun for example_display_name to None, run_after=None
[2024-06-21T03:09:31.061+0000] {processor.py:183} INFO - Processing /home/airflow/.local/lib/python3.12/site-packages/airflow/example_dags/example_display_name.py took 0.035 seconds
[2024-06-21T03:10:01.735+0000] {processor.py:161} INFO - Started process (PID=2438) to work on /home/airflow/.local/lib/python3.12/site-packages/airflow/example_dags/example_display_name.py
[2024-06-21T03:10:01.736+0000] {processor.py:830} INFO - Processing file /home/airflow/.local/lib/python3.12/site-packages/airflow/example_dags/example_display_name.py for tasks to queue
[2024-06-21T03:10:01.737+0000] {logging_mixin.py:188} INFO - [2024-06-21T03:10:01.737+0000] {dagbag.py:545} INFO - Filling up the DagBag from /home/airflow/.local/lib/python3.12/site-packages/airflow/example_dags/example_display_name.py
[2024-06-21T03:10:01.740+0000] {processor.py:840} INFO - DAG(s) 'example_display_name' retrieved from /home/airflow/.local/lib/python3.12/site-packages/airflow/example_dags/example_display_name.py
[2024-06-21T03:10:01.750+0000] {logging_mixin.py:188} INFO - [2024-06-21T03:10:01.750+0000] {dag.py:3096} INFO - Sync 1 DAGs
[2024-06-21T03:10:01.757+0000] {logging_mixin.py:188} INFO - [2024-06-21T03:10:01.757+0000] {dag.py:3954} INFO - Setting next_dagrun for example_display_name to None, run_after=None
[2024-06-21T03:10:01.766+0000] {processor.py:183} INFO - Processing /home/airflow/.local/lib/python3.12/site-packages/airflow/example_dags/example_display_name.py took 0.034 seconds
[2024-06-21T03:10:32.429+0000] {processor.py:161} INFO - Started process (PID=2700) to work on /home/airflow/.local/lib/python3.12/site-packages/airflow/example_dags/example_display_name.py
[2024-06-21T03:10:32.430+0000] {processor.py:830} INFO - Processing file /home/airflow/.local/lib/python3.12/site-packages/airflow/example_dags/example_display_name.py for tasks to queue
[2024-06-21T03:10:32.431+0000] {logging_mixin.py:188} INFO - [2024-06-21T03:10:32.431+0000] {dagbag.py:545} INFO - Filling up the DagBag from /home/airflow/.local/lib/python3.12/site-packages/airflow/example_dags/example_display_name.py
[2024-06-21T03:10:32.434+0000] {processor.py:840} INFO - DAG(s) 'example_display_name' retrieved from /home/airflow/.local/lib/python3.12/site-packages/airflow/example_dags/example_display_name.py
[2024-06-21T03:10:32.445+0000] {logging_mixin.py:188} INFO - [2024-06-21T03:10:32.445+0000] {dag.py:3096} INFO - Sync 1 DAGs
[2024-06-21T03:10:32.451+0000] {logging_mixin.py:188} INFO - [2024-06-21T03:10:32.451+0000] {dag.py:3954} INFO - Setting next_dagrun for example_display_name to None, run_after=None
[2024-06-21T03:10:32.460+0000] {processor.py:183} INFO - Processing /home/airflow/.local/lib/python3.12/site-packages/airflow/example_dags/example_display_name.py took 0.034 seconds
[2024-06-21T03:11:03.237+0000] {processor.py:161} INFO - Started process (PID=2962) to work on /home/airflow/.local/lib/python3.12/site-packages/airflow/example_dags/example_display_name.py
[2024-06-21T03:11:03.237+0000] {processor.py:830} INFO - Processing file /home/airflow/.local/lib/python3.12/site-packages/airflow/example_dags/example_display_name.py for tasks to queue
[2024-06-21T03:11:03.238+0000] {logging_mixin.py:188} INFO - [2024-06-21T03:11:03.238+0000] {dagbag.py:545} INFO - Filling up the DagBag from /home/airflow/.local/lib/python3.12/site-packages/airflow/example_dags/example_display_name.py
[2024-06-21T03:11:03.242+0000] {processor.py:840} INFO - DAG(s) 'example_display_name' retrieved from /home/airflow/.local/lib/python3.12/site-packages/airflow/example_dags/example_display_name.py
[2024-06-21T03:11:03.253+0000] {logging_mixin.py:188} INFO - [2024-06-21T03:11:03.253+0000] {dag.py:3096} INFO - Sync 1 DAGs
[2024-06-21T03:11:03.259+0000] {logging_mixin.py:188} INFO - [2024-06-21T03:11:03.259+0000] {dag.py:3954} INFO - Setting next_dagrun for example_display_name to None, run_after=None
[2024-06-21T03:11:03.268+0000] {processor.py:183} INFO - Processing /home/airflow/.local/lib/python3.12/site-packages/airflow/example_dags/example_display_name.py took 0.035 seconds
[2024-06-21T03:11:33.983+0000] {processor.py:161} INFO - Started process (PID=3224) to work on /home/airflow/.local/lib/python3.12/site-packages/airflow/example_dags/example_display_name.py
[2024-06-21T03:11:33.983+0000] {processor.py:830} INFO - Processing file /home/airflow/.local/lib/python3.12/site-packages/airflow/example_dags/example_display_name.py for tasks to queue
[2024-06-21T03:11:33.984+0000] {logging_mixin.py:188} INFO - [2024-06-21T03:11:33.984+0000] {dagbag.py:545} INFO - Filling up the DagBag from /home/airflow/.local/lib/python3.12/site-packages/airflow/example_dags/example_display_name.py
[2024-06-21T03:11:33.989+0000] {processor.py:840} INFO - DAG(s) 'example_display_name' retrieved from /home/airflow/.local/lib/python3.12/site-packages/airflow/example_dags/example_display_name.py
[2024-06-21T03:11:33.999+0000] {logging_mixin.py:188} INFO - [2024-06-21T03:11:33.999+0000] {dag.py:3096} INFO - Sync 1 DAGs
[2024-06-21T03:11:34.006+0000] {logging_mixin.py:188} INFO - [2024-06-21T03:11:34.006+0000] {dag.py:3954} INFO - Setting next_dagrun for example_display_name to None, run_after=None
[2024-06-21T03:11:34.017+0000] {processor.py:183} INFO - Processing /home/airflow/.local/lib/python3.12/site-packages/airflow/example_dags/example_display_name.py took 0.037 seconds
[2024-06-21T03:12:04.175+0000] {processor.py:161} INFO - Started process (PID=3486) to work on /home/airflow/.local/lib/python3.12/site-packages/airflow/example_dags/example_display_name.py
[2024-06-21T03:12:04.175+0000] {processor.py:830} INFO - Processing file /home/airflow/.local/lib/python3.12/site-packages/airflow/example_dags/example_display_name.py for tasks to queue
[2024-06-21T03:12:04.176+0000] {logging_mixin.py:188} INFO - [2024-06-21T03:12:04.176+0000] {dagbag.py:545} INFO - Filling up the DagBag from /home/airflow/.local/lib/python3.12/site-packages/airflow/example_dags/example_display_name.py
[2024-06-21T03:12:04.180+0000] {processor.py:840} INFO - DAG(s) 'example_display_name' retrieved from /home/airflow/.local/lib/python3.12/site-packages/airflow/example_dags/example_display_name.py
[2024-06-21T03:12:04.190+0000] {logging_mixin.py:188} INFO - [2024-06-21T03:12:04.190+0000] {dag.py:3096} INFO - Sync 1 DAGs
[2024-06-21T03:12:04.197+0000] {logging_mixin.py:188} INFO - [2024-06-21T03:12:04.197+0000] {dag.py:3954} INFO - Setting next_dagrun for example_display_name to None, run_after=None
[2024-06-21T03:12:04.206+0000] {processor.py:183} INFO - Processing /home/airflow/.local/lib/python3.12/site-packages/airflow/example_dags/example_display_name.py took 0.034 seconds
[2024-06-21T03:12:34.946+0000] {processor.py:161} INFO - Started process (PID=3748) to work on /home/airflow/.local/lib/python3.12/site-packages/airflow/example_dags/example_display_name.py
[2024-06-21T03:12:34.947+0000] {processor.py:830} INFO - Processing file /home/airflow/.local/lib/python3.12/site-packages/airflow/example_dags/example_display_name.py for tasks to queue
[2024-06-21T03:12:34.948+0000] {logging_mixin.py:188} INFO - [2024-06-21T03:12:34.947+0000] {dagbag.py:545} INFO - Filling up the DagBag from /home/airflow/.local/lib/python3.12/site-packages/airflow/example_dags/example_display_name.py
[2024-06-21T03:12:34.951+0000] {processor.py:840} INFO - DAG(s) 'example_display_name' retrieved from /home/airflow/.local/lib/python3.12/site-packages/airflow/example_dags/example_display_name.py
[2024-06-21T03:12:34.961+0000] {logging_mixin.py:188} INFO - [2024-06-21T03:12:34.961+0000] {dag.py:3096} INFO - Sync 1 DAGs
[2024-06-21T03:12:34.968+0000] {logging_mixin.py:188} INFO - [2024-06-21T03:12:34.968+0000] {dag.py:3954} INFO - Setting next_dagrun for example_display_name to None, run_after=None
[2024-06-21T03:12:34.978+0000] {processor.py:183} INFO - Processing /home/airflow/.local/lib/python3.12/site-packages/airflow/example_dags/example_display_name.py took 0.034 seconds
[2024-06-21T03:13:05.729+0000] {processor.py:161} INFO - Started process (PID=4010) to work on /home/airflow/.local/lib/python3.12/site-packages/airflow/example_dags/example_display_name.py
[2024-06-21T03:13:05.730+0000] {processor.py:830} INFO - Processing file /home/airflow/.local/lib/python3.12/site-packages/airflow/example_dags/example_display_name.py for tasks to queue
[2024-06-21T03:13:05.731+0000] {logging_mixin.py:188} INFO - [2024-06-21T03:13:05.731+0000] {dagbag.py:545} INFO - Filling up the DagBag from /home/airflow/.local/lib/python3.12/site-packages/airflow/example_dags/example_display_name.py
[2024-06-21T03:13:05.734+0000] {processor.py:840} INFO - DAG(s) 'example_display_name' retrieved from /home/airflow/.local/lib/python3.12/site-packages/airflow/example_dags/example_display_name.py
[2024-06-21T03:13:05.744+0000] {logging_mixin.py:188} INFO - [2024-06-21T03:13:05.744+0000] {dag.py:3096} INFO - Sync 1 DAGs
[2024-06-21T03:13:05.751+0000] {logging_mixin.py:188} INFO - [2024-06-21T03:13:05.751+0000] {dag.py:3954} INFO - Setting next_dagrun for example_display_name to None, run_after=None
[2024-06-21T03:13:05.760+0000] {processor.py:183} INFO - Processing /home/airflow/.local/lib/python3.12/site-packages/airflow/example_dags/example_display_name.py took 0.034 seconds
[2024-06-21T03:13:36.571+0000] {processor.py:161} INFO - Started process (PID=4272) to work on /home/airflow/.local/lib/python3.12/site-packages/airflow/example_dags/example_display_name.py
[2024-06-21T03:13:36.572+0000] {processor.py:830} INFO - Processing file /home/airflow/.local/lib/python3.12/site-packages/airflow/example_dags/example_display_name.py for tasks to queue
[2024-06-21T03:13:36.573+0000] {logging_mixin.py:188} INFO - [2024-06-21T03:13:36.572+0000] {dagbag.py:545} INFO - Filling up the DagBag from /home/airflow/.local/lib/python3.12/site-packages/airflow/example_dags/example_display_name.py
[2024-06-21T03:13:36.576+0000] {processor.py:840} INFO - DAG(s) 'example_display_name' retrieved from /home/airflow/.local/lib/python3.12/site-packages/airflow/example_dags/example_display_name.py
[2024-06-21T03:13:36.587+0000] {logging_mixin.py:188} INFO - [2024-06-21T03:13:36.587+0000] {dag.py:3096} INFO - Sync 1 DAGs
[2024-06-21T03:13:36.594+0000] {logging_mixin.py:188} INFO - [2024-06-21T03:13:36.594+0000] {dag.py:3954} INFO - Setting next_dagrun for example_display_name to None, run_after=None
[2024-06-21T03:13:36.603+0000] {processor.py:183} INFO - Processing /home/airflow/.local/lib/python3.12/site-packages/airflow/example_dags/example_display_name.py took 0.035 seconds
[2024-06-21T03:14:07.278+0000] {processor.py:161} INFO - Started process (PID=4534) to work on /home/airflow/.local/lib/python3.12/site-packages/airflow/example_dags/example_display_name.py
[2024-06-21T03:14:07.279+0000] {processor.py:830} INFO - Processing file /home/airflow/.local/lib/python3.12/site-packages/airflow/example_dags/example_display_name.py for tasks to queue
[2024-06-21T03:14:07.280+0000] {logging_mixin.py:188} INFO - [2024-06-21T03:14:07.279+0000] {dagbag.py:545} INFO - Filling up the DagBag from /home/airflow/.local/lib/python3.12/site-packages/airflow/example_dags/example_display_name.py
[2024-06-21T03:14:07.283+0000] {processor.py:840} INFO - DAG(s) 'example_display_name' retrieved from /home/airflow/.local/lib/python3.12/site-packages/airflow/example_dags/example_display_name.py
[2024-06-21T03:14:07.293+0000] {logging_mixin.py:188} INFO - [2024-06-21T03:14:07.293+0000] {dag.py:3096} INFO - Sync 1 DAGs
[2024-06-21T03:14:07.299+0000] {logging_mixin.py:188} INFO - [2024-06-21T03:14:07.299+0000] {dag.py:3954} INFO - Setting next_dagrun for example_display_name to None, run_after=None
[2024-06-21T03:14:07.308+0000] {processor.py:183} INFO - Processing /home/airflow/.local/lib/python3.12/site-packages/airflow/example_dags/example_display_name.py took 0.032 seconds
[2024-06-21T03:14:38.014+0000] {processor.py:161} INFO - Started process (PID=4796) to work on /home/airflow/.local/lib/python3.12/site-packages/airflow/example_dags/example_display_name.py
[2024-06-21T03:14:38.015+0000] {processor.py:830} INFO - Processing file /home/airflow/.local/lib/python3.12/site-packages/airflow/example_dags/example_display_name.py for tasks to queue
[2024-06-21T03:14:38.016+0000] {logging_mixin.py:188} INFO - [2024-06-21T03:14:38.016+0000] {dagbag.py:545} INFO - Filling up the DagBag from /home/airflow/.local/lib/python3.12/site-packages/airflow/example_dags/example_display_name.py
[2024-06-21T03:14:38.019+0000] {processor.py:840} INFO - DAG(s) 'example_display_name' retrieved from /home/airflow/.local/lib/python3.12/site-packages/airflow/example_dags/example_display_name.py
[2024-06-21T03:14:38.029+0000] {logging_mixin.py:188} INFO - [2024-06-21T03:14:38.029+0000] {dag.py:3096} INFO - Sync 1 DAGs
[2024-06-21T03:14:38.035+0000] {logging_mixin.py:188} INFO - [2024-06-21T03:14:38.035+0000] {dag.py:3954} INFO - Setting next_dagrun for example_display_name to None, run_after=None
[2024-06-21T03:14:38.045+0000] {processor.py:183} INFO - Processing /home/airflow/.local/lib/python3.12/site-packages/airflow/example_dags/example_display_name.py took 0.034 seconds
[2024-06-21T03:15:08.770+0000] {processor.py:161} INFO - Started process (PID=5058) to work on /home/airflow/.local/lib/python3.12/site-packages/airflow/example_dags/example_display_name.py
[2024-06-21T03:15:08.770+0000] {processor.py:830} INFO - Processing file /home/airflow/.local/lib/python3.12/site-packages/airflow/example_dags/example_display_name.py for tasks to queue
[2024-06-21T03:15:08.772+0000] {logging_mixin.py:188} INFO - [2024-06-21T03:15:08.771+0000] {dagbag.py:545} INFO - Filling up the DagBag from /home/airflow/.local/lib/python3.12/site-packages/airflow/example_dags/example_display_name.py
[2024-06-21T03:15:08.775+0000] {processor.py:840} INFO - DAG(s) 'example_display_name' retrieved from /home/airflow/.local/lib/python3.12/site-packages/airflow/example_dags/example_display_name.py
[2024-06-21T03:15:08.786+0000] {logging_mixin.py:188} INFO - [2024-06-21T03:15:08.786+0000] {dag.py:3096} INFO - Sync 1 DAGs
[2024-06-21T03:15:08.791+0000] {logging_mixin.py:188} INFO - [2024-06-21T03:15:08.791+0000] {dag.py:3954} INFO - Setting next_dagrun for example_display_name to None, run_after=None
[2024-06-21T03:15:08.800+0000] {processor.py:183} INFO - Processing /home/airflow/.local/lib/python3.12/site-packages/airflow/example_dags/example_display_name.py took 0.034 seconds
[2024-06-21T03:15:39.521+0000] {processor.py:161} INFO - Started process (PID=5320) to work on /home/airflow/.local/lib/python3.12/site-packages/airflow/example_dags/example_display_name.py
[2024-06-21T03:15:39.521+0000] {processor.py:830} INFO - Processing file /home/airflow/.local/lib/python3.12/site-packages/airflow/example_dags/example_display_name.py for tasks to queue
[2024-06-21T03:15:39.522+0000] {logging_mixin.py:188} INFO - [2024-06-21T03:15:39.522+0000] {dagbag.py:545} INFO - Filling up the DagBag from /home/airflow/.local/lib/python3.12/site-packages/airflow/example_dags/example_display_name.py
[2024-06-21T03:15:39.526+0000] {processor.py:840} INFO - DAG(s) 'example_display_name' retrieved from /home/airflow/.local/lib/python3.12/site-packages/airflow/example_dags/example_display_name.py
[2024-06-21T03:15:39.537+0000] {logging_mixin.py:188} INFO - [2024-06-21T03:15:39.537+0000] {dag.py:3096} INFO - Sync 1 DAGs
[2024-06-21T03:15:39.543+0000] {logging_mixin.py:188} INFO - [2024-06-21T03:15:39.543+0000] {dag.py:3954} INFO - Setting next_dagrun for example_display_name to None, run_after=None
[2024-06-21T03:15:39.552+0000] {processor.py:183} INFO - Processing /home/airflow/.local/lib/python3.12/site-packages/airflow/example_dags/example_display_name.py took 0.034 seconds
[2024-06-21T03:16:09.658+0000] {processor.py:161} INFO - Started process (PID=5582) to work on /home/airflow/.local/lib/python3.12/site-packages/airflow/example_dags/example_display_name.py
[2024-06-21T03:16:09.658+0000] {processor.py:830} INFO - Processing file /home/airflow/.local/lib/python3.12/site-packages/airflow/example_dags/example_display_name.py for tasks to queue
[2024-06-21T03:16:09.660+0000] {logging_mixin.py:188} INFO - [2024-06-21T03:16:09.659+0000] {dagbag.py:545} INFO - Filling up the DagBag from /home/airflow/.local/lib/python3.12/site-packages/airflow/example_dags/example_display_name.py
[2024-06-21T03:16:09.663+0000] {processor.py:840} INFO - DAG(s) 'example_display_name' retrieved from /home/airflow/.local/lib/python3.12/site-packages/airflow/example_dags/example_display_name.py
[2024-06-21T03:16:09.672+0000] {logging_mixin.py:188} INFO - [2024-06-21T03:16:09.672+0000] {dag.py:3096} INFO - Sync 1 DAGs
[2024-06-21T03:16:09.679+0000] {logging_mixin.py:188} INFO - [2024-06-21T03:16:09.679+0000] {dag.py:3954} INFO - Setting next_dagrun for example_display_name to None, run_after=None
[2024-06-21T03:16:09.688+0000] {processor.py:183} INFO - Processing /home/airflow/.local/lib/python3.12/site-packages/airflow/example_dags/example_display_name.py took 0.033 seconds
[2024-06-21T03:16:40.442+0000] {processor.py:161} INFO - Started process (PID=5839) to work on /home/airflow/.local/lib/python3.12/site-packages/airflow/example_dags/example_display_name.py
[2024-06-21T03:16:40.442+0000] {processor.py:830} INFO - Processing file /home/airflow/.local/lib/python3.12/site-packages/airflow/example_dags/example_display_name.py for tasks to queue
[2024-06-21T03:16:40.443+0000] {logging_mixin.py:188} INFO - [2024-06-21T03:16:40.443+0000] {dagbag.py:545} INFO - Filling up the DagBag from /home/airflow/.local/lib/python3.12/site-packages/airflow/example_dags/example_display_name.py
[2024-06-21T03:16:40.446+0000] {processor.py:840} INFO - DAG(s) 'example_display_name' retrieved from /home/airflow/.local/lib/python3.12/site-packages/airflow/example_dags/example_display_name.py
[2024-06-21T03:16:40.457+0000] {logging_mixin.py:188} INFO - [2024-06-21T03:16:40.456+0000] {dag.py:3096} INFO - Sync 1 DAGs
[2024-06-21T03:16:40.463+0000] {logging_mixin.py:188} INFO - [2024-06-21T03:16:40.463+0000] {dag.py:3954} INFO - Setting next_dagrun for example_display_name to None, run_after=None
[2024-06-21T03:16:40.472+0000] {processor.py:183} INFO - Processing /home/airflow/.local/lib/python3.12/site-packages/airflow/example_dags/example_display_name.py took 0.034 seconds
[2024-06-21T03:17:11.288+0000] {processor.py:161} INFO - Started process (PID=6101) to work on /home/airflow/.local/lib/python3.12/site-packages/airflow/example_dags/example_display_name.py
[2024-06-21T03:17:11.289+0000] {processor.py:830} INFO - Processing file /home/airflow/.local/lib/python3.12/site-packages/airflow/example_dags/example_display_name.py for tasks to queue
[2024-06-21T03:17:11.290+0000] {logging_mixin.py:188} INFO - [2024-06-21T03:17:11.290+0000] {dagbag.py:545} INFO - Filling up the DagBag from /home/airflow/.local/lib/python3.12/site-packages/airflow/example_dags/example_display_name.py
[2024-06-21T03:17:11.293+0000] {processor.py:840} INFO - DAG(s) 'example_display_name' retrieved from /home/airflow/.local/lib/python3.12/site-packages/airflow/example_dags/example_display_name.py
[2024-06-21T03:17:11.303+0000] {logging_mixin.py:188} INFO - [2024-06-21T03:17:11.303+0000] {dag.py:3096} INFO - Sync 1 DAGs
[2024-06-21T03:17:11.310+0000] {logging_mixin.py:188} INFO - [2024-06-21T03:17:11.309+0000] {dag.py:3954} INFO - Setting next_dagrun for example_display_name to None, run_after=None
[2024-06-21T03:17:11.321+0000] {processor.py:183} INFO - Processing /home/airflow/.local/lib/python3.12/site-packages/airflow/example_dags/example_display_name.py took 0.036 seconds
[2024-06-21T03:17:41.508+0000] {processor.py:161} INFO - Started process (PID=6368) to work on /home/airflow/.local/lib/python3.12/site-packages/airflow/example_dags/example_display_name.py
[2024-06-21T03:17:41.508+0000] {processor.py:830} INFO - Processing file /home/airflow/.local/lib/python3.12/site-packages/airflow/example_dags/example_display_name.py for tasks to queue
[2024-06-21T03:17:41.509+0000] {logging_mixin.py:188} INFO - [2024-06-21T03:17:41.509+0000] {dagbag.py:545} INFO - Filling up the DagBag from /home/airflow/.local/lib/python3.12/site-packages/airflow/example_dags/example_display_name.py
[2024-06-21T03:17:41.512+0000] {processor.py:840} INFO - DAG(s) 'example_display_name' retrieved from /home/airflow/.local/lib/python3.12/site-packages/airflow/example_dags/example_display_name.py
[2024-06-21T03:17:41.522+0000] {logging_mixin.py:188} INFO - [2024-06-21T03:17:41.522+0000] {dag.py:3096} INFO - Sync 1 DAGs
[2024-06-21T03:17:41.529+0000] {logging_mixin.py:188} INFO - [2024-06-21T03:17:41.529+0000] {dag.py:3954} INFO - Setting next_dagrun for example_display_name to None, run_after=None
[2024-06-21T03:17:41.537+0000] {processor.py:183} INFO - Processing /home/airflow/.local/lib/python3.12/site-packages/airflow/example_dags/example_display_name.py took 0.033 seconds
[2024-06-21T03:18:11.646+0000] {processor.py:161} INFO - Started process (PID=6630) to work on /home/airflow/.local/lib/python3.12/site-packages/airflow/example_dags/example_display_name.py
[2024-06-21T03:18:11.646+0000] {processor.py:830} INFO - Processing file /home/airflow/.local/lib/python3.12/site-packages/airflow/example_dags/example_display_name.py for tasks to queue
[2024-06-21T03:18:11.648+0000] {logging_mixin.py:188} INFO - [2024-06-21T03:18:11.647+0000] {dagbag.py:545} INFO - Filling up the DagBag from /home/airflow/.local/lib/python3.12/site-packages/airflow/example_dags/example_display_name.py
[2024-06-21T03:18:11.651+0000] {processor.py:840} INFO - DAG(s) 'example_display_name' retrieved from /home/airflow/.local/lib/python3.12/site-packages/airflow/example_dags/example_display_name.py
[2024-06-21T03:18:11.661+0000] {logging_mixin.py:188} INFO - [2024-06-21T03:18:11.661+0000] {dag.py:3096} INFO - Sync 1 DAGs
[2024-06-21T03:18:11.668+0000] {logging_mixin.py:188} INFO - [2024-06-21T03:18:11.667+0000] {dag.py:3954} INFO - Setting next_dagrun for example_display_name to None, run_after=None
[2024-06-21T03:18:11.677+0000] {processor.py:183} INFO - Processing /home/airflow/.local/lib/python3.12/site-packages/airflow/example_dags/example_display_name.py took 0.035 seconds
[2024-06-21T03:18:41.777+0000] {processor.py:161} INFO - Started process (PID=6892) to work on /home/airflow/.local/lib/python3.12/site-packages/airflow/example_dags/example_display_name.py
[2024-06-21T03:18:41.778+0000] {processor.py:830} INFO - Processing file /home/airflow/.local/lib/python3.12/site-packages/airflow/example_dags/example_display_name.py for tasks to queue
[2024-06-21T03:18:41.779+0000] {logging_mixin.py:188} INFO - [2024-06-21T03:18:41.779+0000] {dagbag.py:545} INFO - Filling up the DagBag from /home/airflow/.local/lib/python3.12/site-packages/airflow/example_dags/example_display_name.py
[2024-06-21T03:18:41.782+0000] {processor.py:840} INFO - DAG(s) 'example_display_name' retrieved from /home/airflow/.local/lib/python3.12/site-packages/airflow/example_dags/example_display_name.py
[2024-06-21T03:18:41.792+0000] {logging_mixin.py:188} INFO - [2024-06-21T03:18:41.792+0000] {dag.py:3096} INFO - Sync 1 DAGs
[2024-06-21T03:18:41.798+0000] {logging_mixin.py:188} INFO - [2024-06-21T03:18:41.798+0000] {dag.py:3954} INFO - Setting next_dagrun for example_display_name to None, run_after=None
[2024-06-21T03:18:41.807+0000] {processor.py:183} INFO - Processing /home/airflow/.local/lib/python3.12/site-packages/airflow/example_dags/example_display_name.py took 0.033 seconds
[2024-06-21T03:19:12.504+0000] {processor.py:161} INFO - Started process (PID=7154) to work on /home/airflow/.local/lib/python3.12/site-packages/airflow/example_dags/example_display_name.py
[2024-06-21T03:19:12.505+0000] {processor.py:830} INFO - Processing file /home/airflow/.local/lib/python3.12/site-packages/airflow/example_dags/example_display_name.py for tasks to queue
[2024-06-21T03:19:12.506+0000] {logging_mixin.py:188} INFO - [2024-06-21T03:19:12.506+0000] {dagbag.py:545} INFO - Filling up the DagBag from /home/airflow/.local/lib/python3.12/site-packages/airflow/example_dags/example_display_name.py
[2024-06-21T03:19:12.511+0000] {processor.py:840} INFO - DAG(s) 'example_display_name' retrieved from /home/airflow/.local/lib/python3.12/site-packages/airflow/example_dags/example_display_name.py
[2024-06-21T03:19:12.523+0000] {logging_mixin.py:188} INFO - [2024-06-21T03:19:12.523+0000] {dag.py:3096} INFO - Sync 1 DAGs
[2024-06-21T03:19:12.529+0000] {logging_mixin.py:188} INFO - [2024-06-21T03:19:12.529+0000] {dag.py:3954} INFO - Setting next_dagrun for example_display_name to None, run_after=None
[2024-06-21T03:19:12.539+0000] {processor.py:183} INFO - Processing /home/airflow/.local/lib/python3.12/site-packages/airflow/example_dags/example_display_name.py took 0.038 seconds
[2024-06-21T03:19:42.802+0000] {processor.py:161} INFO - Started process (PID=7417) to work on /home/airflow/.local/lib/python3.12/site-packages/airflow/example_dags/example_display_name.py
[2024-06-21T03:19:42.803+0000] {processor.py:830} INFO - Processing file /home/airflow/.local/lib/python3.12/site-packages/airflow/example_dags/example_display_name.py for tasks to queue
[2024-06-21T03:19:42.804+0000] {logging_mixin.py:188} INFO - [2024-06-21T03:19:42.804+0000] {dagbag.py:545} INFO - Filling up the DagBag from /home/airflow/.local/lib/python3.12/site-packages/airflow/example_dags/example_display_name.py
[2024-06-21T03:19:42.808+0000] {processor.py:840} INFO - DAG(s) 'example_display_name' retrieved from /home/airflow/.local/lib/python3.12/site-packages/airflow/example_dags/example_display_name.py
[2024-06-21T03:19:42.818+0000] {logging_mixin.py:188} INFO - [2024-06-21T03:19:42.818+0000] {dag.py:3096} INFO - Sync 1 DAGs
[2024-06-21T03:19:42.825+0000] {logging_mixin.py:188} INFO - [2024-06-21T03:19:42.825+0000] {dag.py:3954} INFO - Setting next_dagrun for example_display_name to None, run_after=None
[2024-06-21T03:19:42.834+0000] {processor.py:183} INFO - Processing /home/airflow/.local/lib/python3.12/site-packages/airflow/example_dags/example_display_name.py took 0.036 seconds
[2024-06-21T03:20:12.906+0000] {processor.py:161} INFO - Started process (PID=7679) to work on /home/airflow/.local/lib/python3.12/site-packages/airflow/example_dags/example_display_name.py
[2024-06-21T03:20:12.907+0000] {processor.py:830} INFO - Processing file /home/airflow/.local/lib/python3.12/site-packages/airflow/example_dags/example_display_name.py for tasks to queue
[2024-06-21T03:20:12.908+0000] {logging_mixin.py:188} INFO - [2024-06-21T03:20:12.908+0000] {dagbag.py:545} INFO - Filling up the DagBag from /home/airflow/.local/lib/python3.12/site-packages/airflow/example_dags/example_display_name.py
[2024-06-21T03:20:12.911+0000] {processor.py:840} INFO - DAG(s) 'example_display_name' retrieved from /home/airflow/.local/lib/python3.12/site-packages/airflow/example_dags/example_display_name.py
[2024-06-21T03:20:12.922+0000] {logging_mixin.py:188} INFO - [2024-06-21T03:20:12.922+0000] {dag.py:3096} INFO - Sync 1 DAGs
[2024-06-21T03:20:12.928+0000] {logging_mixin.py:188} INFO - [2024-06-21T03:20:12.928+0000] {dag.py:3954} INFO - Setting next_dagrun for example_display_name to None, run_after=None
[2024-06-21T03:20:12.937+0000] {processor.py:183} INFO - Processing /home/airflow/.local/lib/python3.12/site-packages/airflow/example_dags/example_display_name.py took 0.033 seconds
