[2024-06-21T03:05:55.511+0000] {processor.py:161} INFO - Started process (PID=178) to work on /home/airflow/.local/lib/python3.12/site-packages/airflow/example_dags/example_task_group_decorator.py
[2024-06-21T03:05:55.511+0000] {processor.py:830} INFO - Processing file /home/airflow/.local/lib/python3.12/site-packages/airflow/example_dags/example_task_group_decorator.py for tasks to queue
[2024-06-21T03:05:55.512+0000] {logging_mixin.py:188} INFO - [2024-06-21T03:05:55.512+0000] {dagbag.py:545} INFO - Filling up the DagBag from /home/airflow/.local/lib/python3.12/site-packages/airflow/example_dags/example_task_group_decorator.py
[2024-06-21T03:05:55.519+0000] {processor.py:840} INFO - DAG(s) 'example_task_group_decorator' retrieved from /home/airflow/.local/lib/python3.12/site-packages/airflow/example_dags/example_task_group_decorator.py
[2024-06-21T03:05:55.526+0000] {logging_mixin.py:188} INFO - [2024-06-21T03:05:55.525+0000] {dag.py:3096} INFO - Sync 1 DAGs
[2024-06-21T03:05:55.535+0000] {logging_mixin.py:188} INFO - [2024-06-21T03:05:55.535+0000] {dag.py:3954} INFO - Setting next_dagrun for example_task_group_decorator to 2024-06-20 00:00:00+00:00, run_after=2024-06-21 00:00:00+00:00
[2024-06-21T03:05:55.545+0000] {processor.py:183} INFO - Processing /home/airflow/.local/lib/python3.12/site-packages/airflow/example_dags/example_task_group_decorator.py took 0.037 seconds
[2024-06-21T03:06:26.289+0000] {processor.py:161} INFO - Started process (PID=442) to work on /home/airflow/.local/lib/python3.12/site-packages/airflow/example_dags/example_task_group_decorator.py
[2024-06-21T03:06:26.290+0000] {processor.py:830} INFO - Processing file /home/airflow/.local/lib/python3.12/site-packages/airflow/example_dags/example_task_group_decorator.py for tasks to queue
[2024-06-21T03:06:26.291+0000] {logging_mixin.py:188} INFO - [2024-06-21T03:06:26.291+0000] {dagbag.py:545} INFO - Filling up the DagBag from /home/airflow/.local/lib/python3.12/site-packages/airflow/example_dags/example_task_group_decorator.py
[2024-06-21T03:06:26.298+0000] {processor.py:840} INFO - DAG(s) 'example_task_group_decorator' retrieved from /home/airflow/.local/lib/python3.12/site-packages/airflow/example_dags/example_task_group_decorator.py
[2024-06-21T03:06:26.345+0000] {logging_mixin.py:188} INFO - [2024-06-21T03:06:26.344+0000] {dag.py:3096} INFO - Sync 1 DAGs
[2024-06-21T03:06:26.353+0000] {logging_mixin.py:188} INFO - [2024-06-21T03:06:26.353+0000] {dag.py:3954} INFO - Setting next_dagrun for example_task_group_decorator to 2024-06-20 00:00:00+00:00, run_after=2024-06-21 00:00:00+00:00
[2024-06-21T03:06:26.363+0000] {processor.py:183} INFO - Processing /home/airflow/.local/lib/python3.12/site-packages/airflow/example_dags/example_task_group_decorator.py took 0.076 seconds
[2024-06-21T03:06:56.983+0000] {processor.py:161} INFO - Started process (PID=702) to work on /home/airflow/.local/lib/python3.12/site-packages/airflow/example_dags/example_task_group_decorator.py
[2024-06-21T03:06:56.984+0000] {processor.py:830} INFO - Processing file /home/airflow/.local/lib/python3.12/site-packages/airflow/example_dags/example_task_group_decorator.py for tasks to queue
[2024-06-21T03:06:56.985+0000] {logging_mixin.py:188} INFO - [2024-06-21T03:06:56.984+0000] {dagbag.py:545} INFO - Filling up the DagBag from /home/airflow/.local/lib/python3.12/site-packages/airflow/example_dags/example_task_group_decorator.py
[2024-06-21T03:06:56.990+0000] {processor.py:840} INFO - DAG(s) 'example_task_group_decorator' retrieved from /home/airflow/.local/lib/python3.12/site-packages/airflow/example_dags/example_task_group_decorator.py
[2024-06-21T03:06:57.002+0000] {logging_mixin.py:188} INFO - [2024-06-21T03:06:57.002+0000] {dag.py:3096} INFO - Sync 1 DAGs
[2024-06-21T03:06:57.011+0000] {logging_mixin.py:188} INFO - [2024-06-21T03:06:57.011+0000] {dag.py:3954} INFO - Setting next_dagrun for example_task_group_decorator to 2024-06-20 00:00:00+00:00, run_after=2024-06-21 00:00:00+00:00
[2024-06-21T03:06:57.020+0000] {processor.py:183} INFO - Processing /home/airflow/.local/lib/python3.12/site-packages/airflow/example_dags/example_task_group_decorator.py took 0.040 seconds
[2024-06-21T03:07:27.658+0000] {processor.py:161} INFO - Started process (PID=964) to work on /home/airflow/.local/lib/python3.12/site-packages/airflow/example_dags/example_task_group_decorator.py
[2024-06-21T03:07:27.659+0000] {processor.py:830} INFO - Processing file /home/airflow/.local/lib/python3.12/site-packages/airflow/example_dags/example_task_group_decorator.py for tasks to queue
[2024-06-21T03:07:27.660+0000] {logging_mixin.py:188} INFO - [2024-06-21T03:07:27.660+0000] {dagbag.py:545} INFO - Filling up the DagBag from /home/airflow/.local/lib/python3.12/site-packages/airflow/example_dags/example_task_group_decorator.py
[2024-06-21T03:07:27.666+0000] {processor.py:840} INFO - DAG(s) 'example_task_group_decorator' retrieved from /home/airflow/.local/lib/python3.12/site-packages/airflow/example_dags/example_task_group_decorator.py
[2024-06-21T03:07:27.679+0000] {logging_mixin.py:188} INFO - [2024-06-21T03:07:27.679+0000] {dag.py:3096} INFO - Sync 1 DAGs
[2024-06-21T03:07:27.688+0000] {logging_mixin.py:188} INFO - [2024-06-21T03:07:27.688+0000] {dag.py:3954} INFO - Setting next_dagrun for example_task_group_decorator to 2024-06-20 00:00:00+00:00, run_after=2024-06-21 00:00:00+00:00
[2024-06-21T03:07:27.697+0000] {processor.py:183} INFO - Processing /home/airflow/.local/lib/python3.12/site-packages/airflow/example_dags/example_task_group_decorator.py took 0.041 seconds
[2024-06-21T03:07:58.310+0000] {processor.py:161} INFO - Started process (PID=1251) to work on /home/airflow/.local/lib/python3.12/site-packages/airflow/example_dags/example_task_group_decorator.py
[2024-06-21T03:07:58.311+0000] {processor.py:830} INFO - Processing file /home/airflow/.local/lib/python3.12/site-packages/airflow/example_dags/example_task_group_decorator.py for tasks to queue
[2024-06-21T03:07:58.312+0000] {logging_mixin.py:188} INFO - [2024-06-21T03:07:58.312+0000] {dagbag.py:545} INFO - Filling up the DagBag from /home/airflow/.local/lib/python3.12/site-packages/airflow/example_dags/example_task_group_decorator.py
[2024-06-21T03:07:58.318+0000] {processor.py:840} INFO - DAG(s) 'example_task_group_decorator' retrieved from /home/airflow/.local/lib/python3.12/site-packages/airflow/example_dags/example_task_group_decorator.py
[2024-06-21T03:07:58.330+0000] {logging_mixin.py:188} INFO - [2024-06-21T03:07:58.330+0000] {dag.py:3096} INFO - Sync 1 DAGs
[2024-06-21T03:07:58.340+0000] {logging_mixin.py:188} INFO - [2024-06-21T03:07:58.340+0000] {dag.py:3954} INFO - Setting next_dagrun for example_task_group_decorator to 2024-06-20 00:00:00+00:00, run_after=2024-06-21 00:00:00+00:00
[2024-06-21T03:07:58.348+0000] {processor.py:183} INFO - Processing /home/airflow/.local/lib/python3.12/site-packages/airflow/example_dags/example_task_group_decorator.py took 0.041 seconds
[2024-06-21T03:08:28.941+0000] {processor.py:161} INFO - Started process (PID=1537) to work on /home/airflow/.local/lib/python3.12/site-packages/airflow/example_dags/example_task_group_decorator.py
[2024-06-21T03:08:28.941+0000] {processor.py:830} INFO - Processing file /home/airflow/.local/lib/python3.12/site-packages/airflow/example_dags/example_task_group_decorator.py for tasks to queue
[2024-06-21T03:08:28.942+0000] {logging_mixin.py:188} INFO - [2024-06-21T03:08:28.942+0000] {dagbag.py:545} INFO - Filling up the DagBag from /home/airflow/.local/lib/python3.12/site-packages/airflow/example_dags/example_task_group_decorator.py
[2024-06-21T03:08:28.948+0000] {processor.py:840} INFO - DAG(s) 'example_task_group_decorator' retrieved from /home/airflow/.local/lib/python3.12/site-packages/airflow/example_dags/example_task_group_decorator.py
[2024-06-21T03:08:28.959+0000] {logging_mixin.py:188} INFO - [2024-06-21T03:08:28.959+0000] {dag.py:3096} INFO - Sync 1 DAGs
[2024-06-21T03:08:28.969+0000] {logging_mixin.py:188} INFO - [2024-06-21T03:08:28.969+0000] {dag.py:3954} INFO - Setting next_dagrun for example_task_group_decorator to 2024-06-20 00:00:00+00:00, run_after=2024-06-21 00:00:00+00:00
[2024-06-21T03:08:28.976+0000] {processor.py:183} INFO - Processing /home/airflow/.local/lib/python3.12/site-packages/airflow/example_dags/example_task_group_decorator.py took 0.038 seconds
[2024-06-21T03:08:59.688+0000] {processor.py:161} INFO - Started process (PID=1799) to work on /home/airflow/.local/lib/python3.12/site-packages/airflow/example_dags/example_task_group_decorator.py
[2024-06-21T03:08:59.689+0000] {processor.py:830} INFO - Processing file /home/airflow/.local/lib/python3.12/site-packages/airflow/example_dags/example_task_group_decorator.py for tasks to queue
[2024-06-21T03:08:59.690+0000] {logging_mixin.py:188} INFO - [2024-06-21T03:08:59.690+0000] {dagbag.py:545} INFO - Filling up the DagBag from /home/airflow/.local/lib/python3.12/site-packages/airflow/example_dags/example_task_group_decorator.py
[2024-06-21T03:08:59.696+0000] {processor.py:840} INFO - DAG(s) 'example_task_group_decorator' retrieved from /home/airflow/.local/lib/python3.12/site-packages/airflow/example_dags/example_task_group_decorator.py
[2024-06-21T03:08:59.709+0000] {logging_mixin.py:188} INFO - [2024-06-21T03:08:59.709+0000] {dag.py:3096} INFO - Sync 1 DAGs
[2024-06-21T03:08:59.720+0000] {logging_mixin.py:188} INFO - [2024-06-21T03:08:59.719+0000] {dag.py:3954} INFO - Setting next_dagrun for example_task_group_decorator to 2024-06-20 00:00:00+00:00, run_after=2024-06-21 00:00:00+00:00
[2024-06-21T03:08:59.729+0000] {processor.py:183} INFO - Processing /home/airflow/.local/lib/python3.12/site-packages/airflow/example_dags/example_task_group_decorator.py took 0.044 seconds
[2024-06-21T03:09:30.322+0000] {processor.py:161} INFO - Started process (PID=2061) to work on /home/airflow/.local/lib/python3.12/site-packages/airflow/example_dags/example_task_group_decorator.py
[2024-06-21T03:09:30.322+0000] {processor.py:830} INFO - Processing file /home/airflow/.local/lib/python3.12/site-packages/airflow/example_dags/example_task_group_decorator.py for tasks to queue
[2024-06-21T03:09:30.323+0000] {logging_mixin.py:188} INFO - [2024-06-21T03:09:30.323+0000] {dagbag.py:545} INFO - Filling up the DagBag from /home/airflow/.local/lib/python3.12/site-packages/airflow/example_dags/example_task_group_decorator.py
[2024-06-21T03:09:30.330+0000] {processor.py:840} INFO - DAG(s) 'example_task_group_decorator' retrieved from /home/airflow/.local/lib/python3.12/site-packages/airflow/example_dags/example_task_group_decorator.py
[2024-06-21T03:09:30.342+0000] {logging_mixin.py:188} INFO - [2024-06-21T03:09:30.342+0000] {dag.py:3096} INFO - Sync 1 DAGs
[2024-06-21T03:09:30.352+0000] {logging_mixin.py:188} INFO - [2024-06-21T03:09:30.352+0000] {dag.py:3954} INFO - Setting next_dagrun for example_task_group_decorator to 2024-06-20 00:00:00+00:00, run_after=2024-06-21 00:00:00+00:00
[2024-06-21T03:09:30.361+0000] {processor.py:183} INFO - Processing /home/airflow/.local/lib/python3.12/site-packages/airflow/example_dags/example_task_group_decorator.py took 0.042 seconds
[2024-06-21T03:10:01.005+0000] {processor.py:161} INFO - Started process (PID=2323) to work on /home/airflow/.local/lib/python3.12/site-packages/airflow/example_dags/example_task_group_decorator.py
[2024-06-21T03:10:01.006+0000] {processor.py:830} INFO - Processing file /home/airflow/.local/lib/python3.12/site-packages/airflow/example_dags/example_task_group_decorator.py for tasks to queue
[2024-06-21T03:10:01.007+0000] {logging_mixin.py:188} INFO - [2024-06-21T03:10:01.007+0000] {dagbag.py:545} INFO - Filling up the DagBag from /home/airflow/.local/lib/python3.12/site-packages/airflow/example_dags/example_task_group_decorator.py
[2024-06-21T03:10:01.014+0000] {processor.py:840} INFO - DAG(s) 'example_task_group_decorator' retrieved from /home/airflow/.local/lib/python3.12/site-packages/airflow/example_dags/example_task_group_decorator.py
[2024-06-21T03:10:01.025+0000] {logging_mixin.py:188} INFO - [2024-06-21T03:10:01.025+0000] {dag.py:3096} INFO - Sync 1 DAGs
[2024-06-21T03:10:01.035+0000] {logging_mixin.py:188} INFO - [2024-06-21T03:10:01.035+0000] {dag.py:3954} INFO - Setting next_dagrun for example_task_group_decorator to 2024-06-20 00:00:00+00:00, run_after=2024-06-21 00:00:00+00:00
[2024-06-21T03:10:01.046+0000] {processor.py:183} INFO - Processing /home/airflow/.local/lib/python3.12/site-packages/airflow/example_dags/example_task_group_decorator.py took 0.044 seconds
[2024-06-21T03:10:31.762+0000] {processor.py:161} INFO - Started process (PID=2585) to work on /home/airflow/.local/lib/python3.12/site-packages/airflow/example_dags/example_task_group_decorator.py
[2024-06-21T03:10:31.765+0000] {processor.py:830} INFO - Processing file /home/airflow/.local/lib/python3.12/site-packages/airflow/example_dags/example_task_group_decorator.py for tasks to queue
[2024-06-21T03:10:31.766+0000] {logging_mixin.py:188} INFO - [2024-06-21T03:10:31.766+0000] {dagbag.py:545} INFO - Filling up the DagBag from /home/airflow/.local/lib/python3.12/site-packages/airflow/example_dags/example_task_group_decorator.py
[2024-06-21T03:10:31.777+0000] {processor.py:840} INFO - DAG(s) 'example_task_group_decorator' retrieved from /home/airflow/.local/lib/python3.12/site-packages/airflow/example_dags/example_task_group_decorator.py
[2024-06-21T03:10:31.792+0000] {logging_mixin.py:188} INFO - [2024-06-21T03:10:31.792+0000] {dag.py:3096} INFO - Sync 1 DAGs
[2024-06-21T03:10:31.803+0000] {logging_mixin.py:188} INFO - [2024-06-21T03:10:31.803+0000] {dag.py:3954} INFO - Setting next_dagrun for example_task_group_decorator to 2024-06-20 00:00:00+00:00, run_after=2024-06-21 00:00:00+00:00
[2024-06-21T03:10:31.812+0000] {processor.py:183} INFO - Processing /home/airflow/.local/lib/python3.12/site-packages/airflow/example_dags/example_task_group_decorator.py took 0.053 seconds
[2024-06-21T03:11:02.512+0000] {processor.py:161} INFO - Started process (PID=2847) to work on /home/airflow/.local/lib/python3.12/site-packages/airflow/example_dags/example_task_group_decorator.py
[2024-06-21T03:11:02.513+0000] {processor.py:830} INFO - Processing file /home/airflow/.local/lib/python3.12/site-packages/airflow/example_dags/example_task_group_decorator.py for tasks to queue
[2024-06-21T03:11:02.514+0000] {logging_mixin.py:188} INFO - [2024-06-21T03:11:02.513+0000] {dagbag.py:545} INFO - Filling up the DagBag from /home/airflow/.local/lib/python3.12/site-packages/airflow/example_dags/example_task_group_decorator.py
[2024-06-21T03:11:02.520+0000] {processor.py:840} INFO - DAG(s) 'example_task_group_decorator' retrieved from /home/airflow/.local/lib/python3.12/site-packages/airflow/example_dags/example_task_group_decorator.py
[2024-06-21T03:11:02.533+0000] {logging_mixin.py:188} INFO - [2024-06-21T03:11:02.533+0000] {dag.py:3096} INFO - Sync 1 DAGs
[2024-06-21T03:11:02.544+0000] {logging_mixin.py:188} INFO - [2024-06-21T03:11:02.544+0000] {dag.py:3954} INFO - Setting next_dagrun for example_task_group_decorator to 2024-06-20 00:00:00+00:00, run_after=2024-06-21 00:00:00+00:00
[2024-06-21T03:11:02.554+0000] {processor.py:183} INFO - Processing /home/airflow/.local/lib/python3.12/site-packages/airflow/example_dags/example_task_group_decorator.py took 0.044 seconds
[2024-06-21T03:11:33.309+0000] {processor.py:161} INFO - Started process (PID=3109) to work on /home/airflow/.local/lib/python3.12/site-packages/airflow/example_dags/example_task_group_decorator.py
[2024-06-21T03:11:33.310+0000] {processor.py:830} INFO - Processing file /home/airflow/.local/lib/python3.12/site-packages/airflow/example_dags/example_task_group_decorator.py for tasks to queue
[2024-06-21T03:11:33.311+0000] {logging_mixin.py:188} INFO - [2024-06-21T03:11:33.311+0000] {dagbag.py:545} INFO - Filling up the DagBag from /home/airflow/.local/lib/python3.12/site-packages/airflow/example_dags/example_task_group_decorator.py
[2024-06-21T03:11:33.318+0000] {processor.py:840} INFO - DAG(s) 'example_task_group_decorator' retrieved from /home/airflow/.local/lib/python3.12/site-packages/airflow/example_dags/example_task_group_decorator.py
[2024-06-21T03:11:33.331+0000] {logging_mixin.py:188} INFO - [2024-06-21T03:11:33.331+0000] {dag.py:3096} INFO - Sync 1 DAGs
[2024-06-21T03:11:33.342+0000] {logging_mixin.py:188} INFO - [2024-06-21T03:11:33.342+0000] {dag.py:3954} INFO - Setting next_dagrun for example_task_group_decorator to 2024-06-20 00:00:00+00:00, run_after=2024-06-21 00:00:00+00:00
[2024-06-21T03:11:33.351+0000] {processor.py:183} INFO - Processing /home/airflow/.local/lib/python3.12/site-packages/airflow/example_dags/example_task_group_decorator.py took 0.046 seconds
[2024-06-21T03:12:03.408+0000] {processor.py:161} INFO - Started process (PID=3371) to work on /home/airflow/.local/lib/python3.12/site-packages/airflow/example_dags/example_task_group_decorator.py
[2024-06-21T03:12:03.409+0000] {processor.py:830} INFO - Processing file /home/airflow/.local/lib/python3.12/site-packages/airflow/example_dags/example_task_group_decorator.py for tasks to queue
[2024-06-21T03:12:03.409+0000] {logging_mixin.py:188} INFO - [2024-06-21T03:12:03.409+0000] {dagbag.py:545} INFO - Filling up the DagBag from /home/airflow/.local/lib/python3.12/site-packages/airflow/example_dags/example_task_group_decorator.py
[2024-06-21T03:12:03.416+0000] {processor.py:840} INFO - DAG(s) 'example_task_group_decorator' retrieved from /home/airflow/.local/lib/python3.12/site-packages/airflow/example_dags/example_task_group_decorator.py
[2024-06-21T03:12:03.429+0000] {logging_mixin.py:188} INFO - [2024-06-21T03:12:03.429+0000] {dag.py:3096} INFO - Sync 1 DAGs
[2024-06-21T03:12:03.440+0000] {logging_mixin.py:188} INFO - [2024-06-21T03:12:03.439+0000] {dag.py:3954} INFO - Setting next_dagrun for example_task_group_decorator to 2024-06-20 00:00:00+00:00, run_after=2024-06-21 00:00:00+00:00
[2024-06-21T03:12:03.448+0000] {processor.py:183} INFO - Processing /home/airflow/.local/lib/python3.12/site-packages/airflow/example_dags/example_task_group_decorator.py took 0.043 seconds
[2024-06-21T03:12:34.205+0000] {processor.py:161} INFO - Started process (PID=3633) to work on /home/airflow/.local/lib/python3.12/site-packages/airflow/example_dags/example_task_group_decorator.py
[2024-06-21T03:12:34.206+0000] {processor.py:830} INFO - Processing file /home/airflow/.local/lib/python3.12/site-packages/airflow/example_dags/example_task_group_decorator.py for tasks to queue
[2024-06-21T03:12:34.207+0000] {logging_mixin.py:188} INFO - [2024-06-21T03:12:34.206+0000] {dagbag.py:545} INFO - Filling up the DagBag from /home/airflow/.local/lib/python3.12/site-packages/airflow/example_dags/example_task_group_decorator.py
[2024-06-21T03:12:34.212+0000] {processor.py:840} INFO - DAG(s) 'example_task_group_decorator' retrieved from /home/airflow/.local/lib/python3.12/site-packages/airflow/example_dags/example_task_group_decorator.py
[2024-06-21T03:12:34.225+0000] {logging_mixin.py:188} INFO - [2024-06-21T03:12:34.224+0000] {dag.py:3096} INFO - Sync 1 DAGs
[2024-06-21T03:12:34.235+0000] {logging_mixin.py:188} INFO - [2024-06-21T03:12:34.235+0000] {dag.py:3954} INFO - Setting next_dagrun for example_task_group_decorator to 2024-06-20 00:00:00+00:00, run_after=2024-06-21 00:00:00+00:00
[2024-06-21T03:12:34.244+0000] {processor.py:183} INFO - Processing /home/airflow/.local/lib/python3.12/site-packages/airflow/example_dags/example_task_group_decorator.py took 0.042 seconds
[2024-06-21T03:13:04.958+0000] {processor.py:161} INFO - Started process (PID=3895) to work on /home/airflow/.local/lib/python3.12/site-packages/airflow/example_dags/example_task_group_decorator.py
[2024-06-21T03:13:04.958+0000] {processor.py:830} INFO - Processing file /home/airflow/.local/lib/python3.12/site-packages/airflow/example_dags/example_task_group_decorator.py for tasks to queue
[2024-06-21T03:13:04.959+0000] {logging_mixin.py:188} INFO - [2024-06-21T03:13:04.959+0000] {dagbag.py:545} INFO - Filling up the DagBag from /home/airflow/.local/lib/python3.12/site-packages/airflow/example_dags/example_task_group_decorator.py
[2024-06-21T03:13:04.966+0000] {processor.py:840} INFO - DAG(s) 'example_task_group_decorator' retrieved from /home/airflow/.local/lib/python3.12/site-packages/airflow/example_dags/example_task_group_decorator.py
[2024-06-21T03:13:04.980+0000] {logging_mixin.py:188} INFO - [2024-06-21T03:13:04.980+0000] {dag.py:3096} INFO - Sync 1 DAGs
[2024-06-21T03:13:04.990+0000] {logging_mixin.py:188} INFO - [2024-06-21T03:13:04.990+0000] {dag.py:3954} INFO - Setting next_dagrun for example_task_group_decorator to 2024-06-20 00:00:00+00:00, run_after=2024-06-21 00:00:00+00:00
[2024-06-21T03:13:05.000+0000] {processor.py:183} INFO - Processing /home/airflow/.local/lib/python3.12/site-packages/airflow/example_dags/example_task_group_decorator.py took 0.046 seconds
[2024-06-21T03:13:35.836+0000] {processor.py:161} INFO - Started process (PID=4157) to work on /home/airflow/.local/lib/python3.12/site-packages/airflow/example_dags/example_task_group_decorator.py
[2024-06-21T03:13:35.836+0000] {processor.py:830} INFO - Processing file /home/airflow/.local/lib/python3.12/site-packages/airflow/example_dags/example_task_group_decorator.py for tasks to queue
[2024-06-21T03:13:35.837+0000] {logging_mixin.py:188} INFO - [2024-06-21T03:13:35.837+0000] {dagbag.py:545} INFO - Filling up the DagBag from /home/airflow/.local/lib/python3.12/site-packages/airflow/example_dags/example_task_group_decorator.py
[2024-06-21T03:13:35.844+0000] {processor.py:840} INFO - DAG(s) 'example_task_group_decorator' retrieved from /home/airflow/.local/lib/python3.12/site-packages/airflow/example_dags/example_task_group_decorator.py
[2024-06-21T03:13:35.857+0000] {logging_mixin.py:188} INFO - [2024-06-21T03:13:35.857+0000] {dag.py:3096} INFO - Sync 1 DAGs
[2024-06-21T03:13:35.867+0000] {logging_mixin.py:188} INFO - [2024-06-21T03:13:35.867+0000] {dag.py:3954} INFO - Setting next_dagrun for example_task_group_decorator to 2024-06-20 00:00:00+00:00, run_after=2024-06-21 00:00:00+00:00
[2024-06-21T03:13:35.876+0000] {processor.py:183} INFO - Processing /home/airflow/.local/lib/python3.12/site-packages/airflow/example_dags/example_task_group_decorator.py took 0.043 seconds
[2024-06-21T03:14:06.612+0000] {processor.py:161} INFO - Started process (PID=4419) to work on /home/airflow/.local/lib/python3.12/site-packages/airflow/example_dags/example_task_group_decorator.py
[2024-06-21T03:14:06.612+0000] {processor.py:830} INFO - Processing file /home/airflow/.local/lib/python3.12/site-packages/airflow/example_dags/example_task_group_decorator.py for tasks to queue
[2024-06-21T03:14:06.614+0000] {logging_mixin.py:188} INFO - [2024-06-21T03:14:06.613+0000] {dagbag.py:545} INFO - Filling up the DagBag from /home/airflow/.local/lib/python3.12/site-packages/airflow/example_dags/example_task_group_decorator.py
[2024-06-21T03:14:06.621+0000] {processor.py:840} INFO - DAG(s) 'example_task_group_decorator' retrieved from /home/airflow/.local/lib/python3.12/site-packages/airflow/example_dags/example_task_group_decorator.py
[2024-06-21T03:14:06.634+0000] {logging_mixin.py:188} INFO - [2024-06-21T03:14:06.634+0000] {dag.py:3096} INFO - Sync 1 DAGs
[2024-06-21T03:14:06.644+0000] {logging_mixin.py:188} INFO - [2024-06-21T03:14:06.644+0000] {dag.py:3954} INFO - Setting next_dagrun for example_task_group_decorator to 2024-06-20 00:00:00+00:00, run_after=2024-06-21 00:00:00+00:00
[2024-06-21T03:14:06.654+0000] {processor.py:183} INFO - Processing /home/airflow/.local/lib/python3.12/site-packages/airflow/example_dags/example_task_group_decorator.py took 0.046 seconds
[2024-06-21T03:14:37.356+0000] {processor.py:161} INFO - Started process (PID=4681) to work on /home/airflow/.local/lib/python3.12/site-packages/airflow/example_dags/example_task_group_decorator.py
[2024-06-21T03:14:37.357+0000] {processor.py:830} INFO - Processing file /home/airflow/.local/lib/python3.12/site-packages/airflow/example_dags/example_task_group_decorator.py for tasks to queue
[2024-06-21T03:14:37.358+0000] {logging_mixin.py:188} INFO - [2024-06-21T03:14:37.358+0000] {dagbag.py:545} INFO - Filling up the DagBag from /home/airflow/.local/lib/python3.12/site-packages/airflow/example_dags/example_task_group_decorator.py
[2024-06-21T03:14:37.365+0000] {processor.py:840} INFO - DAG(s) 'example_task_group_decorator' retrieved from /home/airflow/.local/lib/python3.12/site-packages/airflow/example_dags/example_task_group_decorator.py
[2024-06-21T03:14:37.378+0000] {logging_mixin.py:188} INFO - [2024-06-21T03:14:37.378+0000] {dag.py:3096} INFO - Sync 1 DAGs
[2024-06-21T03:14:37.389+0000] {logging_mixin.py:188} INFO - [2024-06-21T03:14:37.389+0000] {dag.py:3954} INFO - Setting next_dagrun for example_task_group_decorator to 2024-06-20 00:00:00+00:00, run_after=2024-06-21 00:00:00+00:00
[2024-06-21T03:14:37.398+0000] {processor.py:183} INFO - Processing /home/airflow/.local/lib/python3.12/site-packages/airflow/example_dags/example_task_group_decorator.py took 0.046 seconds
[2024-06-21T03:15:08.064+0000] {processor.py:161} INFO - Started process (PID=4943) to work on /home/airflow/.local/lib/python3.12/site-packages/airflow/example_dags/example_task_group_decorator.py
[2024-06-21T03:15:08.065+0000] {processor.py:830} INFO - Processing file /home/airflow/.local/lib/python3.12/site-packages/airflow/example_dags/example_task_group_decorator.py for tasks to queue
[2024-06-21T03:15:08.066+0000] {logging_mixin.py:188} INFO - [2024-06-21T03:15:08.066+0000] {dagbag.py:545} INFO - Filling up the DagBag from /home/airflow/.local/lib/python3.12/site-packages/airflow/example_dags/example_task_group_decorator.py
[2024-06-21T03:15:08.074+0000] {processor.py:840} INFO - DAG(s) 'example_task_group_decorator' retrieved from /home/airflow/.local/lib/python3.12/site-packages/airflow/example_dags/example_task_group_decorator.py
[2024-06-21T03:15:08.087+0000] {logging_mixin.py:188} INFO - [2024-06-21T03:15:08.086+0000] {dag.py:3096} INFO - Sync 1 DAGs
[2024-06-21T03:15:08.097+0000] {logging_mixin.py:188} INFO - [2024-06-21T03:15:08.097+0000] {dag.py:3954} INFO - Setting next_dagrun for example_task_group_decorator to 2024-06-20 00:00:00+00:00, run_after=2024-06-21 00:00:00+00:00
[2024-06-21T03:15:08.107+0000] {processor.py:183} INFO - Processing /home/airflow/.local/lib/python3.12/site-packages/airflow/example_dags/example_task_group_decorator.py took 0.046 seconds
[2024-06-21T03:15:38.756+0000] {processor.py:161} INFO - Started process (PID=5205) to work on /home/airflow/.local/lib/python3.12/site-packages/airflow/example_dags/example_task_group_decorator.py
[2024-06-21T03:15:38.757+0000] {processor.py:830} INFO - Processing file /home/airflow/.local/lib/python3.12/site-packages/airflow/example_dags/example_task_group_decorator.py for tasks to queue
[2024-06-21T03:15:38.758+0000] {logging_mixin.py:188} INFO - [2024-06-21T03:15:38.758+0000] {dagbag.py:545} INFO - Filling up the DagBag from /home/airflow/.local/lib/python3.12/site-packages/airflow/example_dags/example_task_group_decorator.py
[2024-06-21T03:15:38.764+0000] {processor.py:840} INFO - DAG(s) 'example_task_group_decorator' retrieved from /home/airflow/.local/lib/python3.12/site-packages/airflow/example_dags/example_task_group_decorator.py
[2024-06-21T03:15:38.777+0000] {logging_mixin.py:188} INFO - [2024-06-21T03:15:38.777+0000] {dag.py:3096} INFO - Sync 1 DAGs
[2024-06-21T03:15:38.788+0000] {logging_mixin.py:188} INFO - [2024-06-21T03:15:38.787+0000] {dag.py:3954} INFO - Setting next_dagrun for example_task_group_decorator to 2024-06-20 00:00:00+00:00, run_after=2024-06-21 00:00:00+00:00
[2024-06-21T03:15:38.798+0000] {processor.py:183} INFO - Processing /home/airflow/.local/lib/python3.12/site-packages/airflow/example_dags/example_task_group_decorator.py took 0.045 seconds
[2024-06-21T03:16:08.980+0000] {processor.py:161} INFO - Started process (PID=5467) to work on /home/airflow/.local/lib/python3.12/site-packages/airflow/example_dags/example_task_group_decorator.py
[2024-06-21T03:16:08.980+0000] {processor.py:830} INFO - Processing file /home/airflow/.local/lib/python3.12/site-packages/airflow/example_dags/example_task_group_decorator.py for tasks to queue
[2024-06-21T03:16:08.981+0000] {logging_mixin.py:188} INFO - [2024-06-21T03:16:08.981+0000] {dagbag.py:545} INFO - Filling up the DagBag from /home/airflow/.local/lib/python3.12/site-packages/airflow/example_dags/example_task_group_decorator.py
[2024-06-21T03:16:08.988+0000] {processor.py:840} INFO - DAG(s) 'example_task_group_decorator' retrieved from /home/airflow/.local/lib/python3.12/site-packages/airflow/example_dags/example_task_group_decorator.py
[2024-06-21T03:16:09.001+0000] {logging_mixin.py:188} INFO - [2024-06-21T03:16:09.001+0000] {dag.py:3096} INFO - Sync 1 DAGs
[2024-06-21T03:16:09.011+0000] {logging_mixin.py:188} INFO - [2024-06-21T03:16:09.011+0000] {dag.py:3954} INFO - Setting next_dagrun for example_task_group_decorator to 2024-06-20 00:00:00+00:00, run_after=2024-06-21 00:00:00+00:00
[2024-06-21T03:16:09.021+0000] {processor.py:183} INFO - Processing /home/airflow/.local/lib/python3.12/site-packages/airflow/example_dags/example_task_group_decorator.py took 0.044 seconds
[2024-06-21T03:16:39.795+0000] {processor.py:161} INFO - Started process (PID=5729) to work on /home/airflow/.local/lib/python3.12/site-packages/airflow/example_dags/example_task_group_decorator.py
[2024-06-21T03:16:39.796+0000] {processor.py:830} INFO - Processing file /home/airflow/.local/lib/python3.12/site-packages/airflow/example_dags/example_task_group_decorator.py for tasks to queue
[2024-06-21T03:16:39.797+0000] {logging_mixin.py:188} INFO - [2024-06-21T03:16:39.797+0000] {dagbag.py:545} INFO - Filling up the DagBag from /home/airflow/.local/lib/python3.12/site-packages/airflow/example_dags/example_task_group_decorator.py
[2024-06-21T03:16:39.804+0000] {processor.py:840} INFO - DAG(s) 'example_task_group_decorator' retrieved from /home/airflow/.local/lib/python3.12/site-packages/airflow/example_dags/example_task_group_decorator.py
[2024-06-21T03:16:39.816+0000] {logging_mixin.py:188} INFO - [2024-06-21T03:16:39.816+0000] {dag.py:3096} INFO - Sync 1 DAGs
[2024-06-21T03:16:39.827+0000] {logging_mixin.py:188} INFO - [2024-06-21T03:16:39.827+0000] {dag.py:3954} INFO - Setting next_dagrun for example_task_group_decorator to 2024-06-20 00:00:00+00:00, run_after=2024-06-21 00:00:00+00:00
[2024-06-21T03:16:39.836+0000] {processor.py:183} INFO - Processing /home/airflow/.local/lib/python3.12/site-packages/airflow/example_dags/example_task_group_decorator.py took 0.044 seconds
[2024-06-21T03:17:10.599+0000] {processor.py:161} INFO - Started process (PID=5991) to work on /home/airflow/.local/lib/python3.12/site-packages/airflow/example_dags/example_task_group_decorator.py
[2024-06-21T03:17:10.600+0000] {processor.py:830} INFO - Processing file /home/airflow/.local/lib/python3.12/site-packages/airflow/example_dags/example_task_group_decorator.py for tasks to queue
[2024-06-21T03:17:10.601+0000] {logging_mixin.py:188} INFO - [2024-06-21T03:17:10.601+0000] {dagbag.py:545} INFO - Filling up the DagBag from /home/airflow/.local/lib/python3.12/site-packages/airflow/example_dags/example_task_group_decorator.py
[2024-06-21T03:17:10.608+0000] {processor.py:840} INFO - DAG(s) 'example_task_group_decorator' retrieved from /home/airflow/.local/lib/python3.12/site-packages/airflow/example_dags/example_task_group_decorator.py
[2024-06-21T03:17:10.621+0000] {logging_mixin.py:188} INFO - [2024-06-21T03:17:10.621+0000] {dag.py:3096} INFO - Sync 1 DAGs
[2024-06-21T03:17:10.632+0000] {logging_mixin.py:188} INFO - [2024-06-21T03:17:10.632+0000] {dag.py:3954} INFO - Setting next_dagrun for example_task_group_decorator to 2024-06-20 00:00:00+00:00, run_after=2024-06-21 00:00:00+00:00
[2024-06-21T03:17:10.641+0000] {processor.py:183} INFO - Processing /home/airflow/.local/lib/python3.12/site-packages/airflow/example_dags/example_task_group_decorator.py took 0.045 seconds
[2024-06-21T03:17:40.687+0000] {processor.py:161} INFO - Started process (PID=6253) to work on /home/airflow/.local/lib/python3.12/site-packages/airflow/example_dags/example_task_group_decorator.py
[2024-06-21T03:17:40.687+0000] {processor.py:830} INFO - Processing file /home/airflow/.local/lib/python3.12/site-packages/airflow/example_dags/example_task_group_decorator.py for tasks to queue
[2024-06-21T03:17:40.688+0000] {logging_mixin.py:188} INFO - [2024-06-21T03:17:40.688+0000] {dagbag.py:545} INFO - Filling up the DagBag from /home/airflow/.local/lib/python3.12/site-packages/airflow/example_dags/example_task_group_decorator.py
[2024-06-21T03:17:40.695+0000] {processor.py:840} INFO - DAG(s) 'example_task_group_decorator' retrieved from /home/airflow/.local/lib/python3.12/site-packages/airflow/example_dags/example_task_group_decorator.py
[2024-06-21T03:17:40.709+0000] {logging_mixin.py:188} INFO - [2024-06-21T03:17:40.709+0000] {dag.py:3096} INFO - Sync 1 DAGs
[2024-06-21T03:17:40.719+0000] {logging_mixin.py:188} INFO - [2024-06-21T03:17:40.719+0000] {dag.py:3954} INFO - Setting next_dagrun for example_task_group_decorator to 2024-06-20 00:00:00+00:00, run_after=2024-06-21 00:00:00+00:00
[2024-06-21T03:17:40.728+0000] {processor.py:183} INFO - Processing /home/airflow/.local/lib/python3.12/site-packages/airflow/example_dags/example_task_group_decorator.py took 0.045 seconds
[2024-06-21T03:18:10.858+0000] {processor.py:161} INFO - Started process (PID=6515) to work on /home/airflow/.local/lib/python3.12/site-packages/airflow/example_dags/example_task_group_decorator.py
[2024-06-21T03:18:10.859+0000] {processor.py:830} INFO - Processing file /home/airflow/.local/lib/python3.12/site-packages/airflow/example_dags/example_task_group_decorator.py for tasks to queue
[2024-06-21T03:18:10.860+0000] {logging_mixin.py:188} INFO - [2024-06-21T03:18:10.860+0000] {dagbag.py:545} INFO - Filling up the DagBag from /home/airflow/.local/lib/python3.12/site-packages/airflow/example_dags/example_task_group_decorator.py
[2024-06-21T03:18:10.867+0000] {processor.py:840} INFO - DAG(s) 'example_task_group_decorator' retrieved from /home/airflow/.local/lib/python3.12/site-packages/airflow/example_dags/example_task_group_decorator.py
[2024-06-21T03:18:10.879+0000] {logging_mixin.py:188} INFO - [2024-06-21T03:18:10.879+0000] {dag.py:3096} INFO - Sync 1 DAGs
[2024-06-21T03:18:10.889+0000] {logging_mixin.py:188} INFO - [2024-06-21T03:18:10.889+0000] {dag.py:3954} INFO - Setting next_dagrun for example_task_group_decorator to 2024-06-20 00:00:00+00:00, run_after=2024-06-21 00:00:00+00:00
[2024-06-21T03:18:10.898+0000] {processor.py:183} INFO - Processing /home/airflow/.local/lib/python3.12/site-packages/airflow/example_dags/example_task_group_decorator.py took 0.044 seconds
[2024-06-21T03:18:41.035+0000] {processor.py:161} INFO - Started process (PID=6777) to work on /home/airflow/.local/lib/python3.12/site-packages/airflow/example_dags/example_task_group_decorator.py
[2024-06-21T03:18:41.036+0000] {processor.py:830} INFO - Processing file /home/airflow/.local/lib/python3.12/site-packages/airflow/example_dags/example_task_group_decorator.py for tasks to queue
[2024-06-21T03:18:41.037+0000] {logging_mixin.py:188} INFO - [2024-06-21T03:18:41.037+0000] {dagbag.py:545} INFO - Filling up the DagBag from /home/airflow/.local/lib/python3.12/site-packages/airflow/example_dags/example_task_group_decorator.py
[2024-06-21T03:18:41.044+0000] {processor.py:840} INFO - DAG(s) 'example_task_group_decorator' retrieved from /home/airflow/.local/lib/python3.12/site-packages/airflow/example_dags/example_task_group_decorator.py
[2024-06-21T03:18:41.056+0000] {logging_mixin.py:188} INFO - [2024-06-21T03:18:41.056+0000] {dag.py:3096} INFO - Sync 1 DAGs
[2024-06-21T03:18:41.066+0000] {logging_mixin.py:188} INFO - [2024-06-21T03:18:41.066+0000] {dag.py:3954} INFO - Setting next_dagrun for example_task_group_decorator to 2024-06-20 00:00:00+00:00, run_after=2024-06-21 00:00:00+00:00
[2024-06-21T03:18:41.074+0000] {processor.py:183} INFO - Processing /home/airflow/.local/lib/python3.12/site-packages/airflow/example_dags/example_task_group_decorator.py took 0.042 seconds
[2024-06-21T03:19:11.827+0000] {processor.py:161} INFO - Started process (PID=7039) to work on /home/airflow/.local/lib/python3.12/site-packages/airflow/example_dags/example_task_group_decorator.py
[2024-06-21T03:19:11.830+0000] {processor.py:830} INFO - Processing file /home/airflow/.local/lib/python3.12/site-packages/airflow/example_dags/example_task_group_decorator.py for tasks to queue
[2024-06-21T03:19:11.832+0000] {logging_mixin.py:188} INFO - [2024-06-21T03:19:11.831+0000] {dagbag.py:545} INFO - Filling up the DagBag from /home/airflow/.local/lib/python3.12/site-packages/airflow/example_dags/example_task_group_decorator.py
[2024-06-21T03:19:11.838+0000] {processor.py:840} INFO - DAG(s) 'example_task_group_decorator' retrieved from /home/airflow/.local/lib/python3.12/site-packages/airflow/example_dags/example_task_group_decorator.py
[2024-06-21T03:19:11.852+0000] {logging_mixin.py:188} INFO - [2024-06-21T03:19:11.852+0000] {dag.py:3096} INFO - Sync 1 DAGs
[2024-06-21T03:19:11.863+0000] {logging_mixin.py:188} INFO - [2024-06-21T03:19:11.863+0000] {dag.py:3954} INFO - Setting next_dagrun for example_task_group_decorator to 2024-06-20 00:00:00+00:00, run_after=2024-06-21 00:00:00+00:00
[2024-06-21T03:19:11.874+0000] {processor.py:183} INFO - Processing /home/airflow/.local/lib/python3.12/site-packages/airflow/example_dags/example_task_group_decorator.py took 0.050 seconds
[2024-06-21T03:19:41.953+0000] {processor.py:161} INFO - Started process (PID=7302) to work on /home/airflow/.local/lib/python3.12/site-packages/airflow/example_dags/example_task_group_decorator.py
[2024-06-21T03:19:41.954+0000] {processor.py:830} INFO - Processing file /home/airflow/.local/lib/python3.12/site-packages/airflow/example_dags/example_task_group_decorator.py for tasks to queue
[2024-06-21T03:19:41.956+0000] {logging_mixin.py:188} INFO - [2024-06-21T03:19:41.955+0000] {dagbag.py:545} INFO - Filling up the DagBag from /home/airflow/.local/lib/python3.12/site-packages/airflow/example_dags/example_task_group_decorator.py
[2024-06-21T03:19:41.963+0000] {processor.py:840} INFO - DAG(s) 'example_task_group_decorator' retrieved from /home/airflow/.local/lib/python3.12/site-packages/airflow/example_dags/example_task_group_decorator.py
[2024-06-21T03:19:41.976+0000] {logging_mixin.py:188} INFO - [2024-06-21T03:19:41.975+0000] {dag.py:3096} INFO - Sync 1 DAGs
[2024-06-21T03:19:41.987+0000] {logging_mixin.py:188} INFO - [2024-06-21T03:19:41.987+0000] {dag.py:3954} INFO - Setting next_dagrun for example_task_group_decorator to 2024-06-20 00:00:00+00:00, run_after=2024-06-21 00:00:00+00:00
[2024-06-21T03:19:41.997+0000] {processor.py:183} INFO - Processing /home/airflow/.local/lib/python3.12/site-packages/airflow/example_dags/example_task_group_decorator.py took 0.047 seconds
[2024-06-21T03:20:12.090+0000] {processor.py:161} INFO - Started process (PID=7562) to work on /home/airflow/.local/lib/python3.12/site-packages/airflow/example_dags/example_task_group_decorator.py
[2024-06-21T03:20:12.091+0000] {processor.py:830} INFO - Processing file /home/airflow/.local/lib/python3.12/site-packages/airflow/example_dags/example_task_group_decorator.py for tasks to queue
[2024-06-21T03:20:12.092+0000] {logging_mixin.py:188} INFO - [2024-06-21T03:20:12.092+0000] {dagbag.py:545} INFO - Filling up the DagBag from /home/airflow/.local/lib/python3.12/site-packages/airflow/example_dags/example_task_group_decorator.py
[2024-06-21T03:20:12.099+0000] {processor.py:840} INFO - DAG(s) 'example_task_group_decorator' retrieved from /home/airflow/.local/lib/python3.12/site-packages/airflow/example_dags/example_task_group_decorator.py
[2024-06-21T03:20:12.111+0000] {logging_mixin.py:188} INFO - [2024-06-21T03:20:12.111+0000] {dag.py:3096} INFO - Sync 1 DAGs
[2024-06-21T03:20:12.120+0000] {logging_mixin.py:188} INFO - [2024-06-21T03:20:12.120+0000] {dag.py:3954} INFO - Setting next_dagrun for example_task_group_decorator to 2024-06-20 00:00:00+00:00, run_after=2024-06-21 00:00:00+00:00
[2024-06-21T03:20:12.130+0000] {processor.py:183} INFO - Processing /home/airflow/.local/lib/python3.12/site-packages/airflow/example_dags/example_task_group_decorator.py took 0.043 seconds
[2024-06-21T03:20:42.238+0000] {processor.py:161} INFO - Started process (PID=7824) to work on /home/airflow/.local/lib/python3.12/site-packages/airflow/example_dags/example_task_group_decorator.py
[2024-06-21T03:20:42.239+0000] {processor.py:830} INFO - Processing file /home/airflow/.local/lib/python3.12/site-packages/airflow/example_dags/example_task_group_decorator.py for tasks to queue
[2024-06-21T03:20:42.243+0000] {logging_mixin.py:188} INFO - [2024-06-21T03:20:42.243+0000] {dagbag.py:545} INFO - Filling up the DagBag from /home/airflow/.local/lib/python3.12/site-packages/airflow/example_dags/example_task_group_decorator.py
[2024-06-21T03:20:42.256+0000] {processor.py:840} INFO - DAG(s) 'example_task_group_decorator' retrieved from /home/airflow/.local/lib/python3.12/site-packages/airflow/example_dags/example_task_group_decorator.py
[2024-06-21T03:20:42.271+0000] {logging_mixin.py:188} INFO - [2024-06-21T03:20:42.271+0000] {dag.py:3096} INFO - Sync 1 DAGs
[2024-06-21T03:20:42.282+0000] {logging_mixin.py:188} INFO - [2024-06-21T03:20:42.282+0000] {dag.py:3954} INFO - Setting next_dagrun for example_task_group_decorator to 2024-06-20 00:00:00+00:00, run_after=2024-06-21 00:00:00+00:00
[2024-06-21T03:20:42.294+0000] {processor.py:183} INFO - Processing /home/airflow/.local/lib/python3.12/site-packages/airflow/example_dags/example_task_group_decorator.py took 0.064 seconds
