[2024-06-21T03:05:56.179+0000] {processor.py:161} INFO - Started process (PID=263) to work on /home/airflow/.local/lib/python3.12/site-packages/airflow/example_dags/example_skip_dag.py
[2024-06-21T03:05:56.180+0000] {processor.py:830} INFO - Processing file /home/airflow/.local/lib/python3.12/site-packages/airflow/example_dags/example_skip_dag.py for tasks to queue
[2024-06-21T03:05:56.181+0000] {logging_mixin.py:188} INFO - [2024-06-21T03:05:56.181+0000] {dagbag.py:545} INFO - Filling up the DagBag from /home/airflow/.local/lib/python3.12/site-packages/airflow/example_dags/example_skip_dag.py
[2024-06-21T03:05:56.186+0000] {processor.py:840} INFO - DAG(s) 'example_skip_dag' retrieved from /home/airflow/.local/lib/python3.12/site-packages/airflow/example_dags/example_skip_dag.py
[2024-06-21T03:05:56.192+0000] {logging_mixin.py:188} INFO - [2024-06-21T03:05:56.192+0000] {dag.py:3096} INFO - Sync 1 DAGs
[2024-06-21T03:05:56.205+0000] {logging_mixin.py:188} INFO - [2024-06-21T03:05:56.205+0000] {dag.py:3954} INFO - Setting next_dagrun for example_skip_dag to 2024-06-20 00:00:00+00:00, run_after=2024-06-21 00:00:00+00:00
[2024-06-21T03:05:56.216+0000] {processor.py:183} INFO - Processing /home/airflow/.local/lib/python3.12/site-packages/airflow/example_dags/example_skip_dag.py took 0.039 seconds
[2024-06-21T03:06:27.130+0000] {processor.py:161} INFO - Started process (PID=525) to work on /home/airflow/.local/lib/python3.12/site-packages/airflow/example_dags/example_skip_dag.py
[2024-06-21T03:06:27.130+0000] {processor.py:830} INFO - Processing file /home/airflow/.local/lib/python3.12/site-packages/airflow/example_dags/example_skip_dag.py for tasks to queue
[2024-06-21T03:06:27.131+0000] {logging_mixin.py:188} INFO - [2024-06-21T03:06:27.131+0000] {dagbag.py:545} INFO - Filling up the DagBag from /home/airflow/.local/lib/python3.12/site-packages/airflow/example_dags/example_skip_dag.py
[2024-06-21T03:06:27.135+0000] {processor.py:840} INFO - DAG(s) 'example_skip_dag' retrieved from /home/airflow/.local/lib/python3.12/site-packages/airflow/example_dags/example_skip_dag.py
[2024-06-21T03:06:27.183+0000] {logging_mixin.py:188} INFO - [2024-06-21T03:06:27.183+0000] {dag.py:3096} INFO - Sync 1 DAGs
[2024-06-21T03:06:27.192+0000] {logging_mixin.py:188} INFO - [2024-06-21T03:06:27.192+0000] {dag.py:3954} INFO - Setting next_dagrun for example_skip_dag to 2024-06-20 00:00:00+00:00, run_after=2024-06-21 00:00:00+00:00
[2024-06-21T03:06:27.203+0000] {processor.py:183} INFO - Processing /home/airflow/.local/lib/python3.12/site-packages/airflow/example_dags/example_skip_dag.py took 0.076 seconds
[2024-06-21T03:06:57.418+0000] {processor.py:161} INFO - Started process (PID=787) to work on /home/airflow/.local/lib/python3.12/site-packages/airflow/example_dags/example_skip_dag.py
[2024-06-21T03:06:57.419+0000] {processor.py:830} INFO - Processing file /home/airflow/.local/lib/python3.12/site-packages/airflow/example_dags/example_skip_dag.py for tasks to queue
[2024-06-21T03:06:57.420+0000] {logging_mixin.py:188} INFO - [2024-06-21T03:06:57.419+0000] {dagbag.py:545} INFO - Filling up the DagBag from /home/airflow/.local/lib/python3.12/site-packages/airflow/example_dags/example_skip_dag.py
[2024-06-21T03:06:57.423+0000] {processor.py:840} INFO - DAG(s) 'example_skip_dag' retrieved from /home/airflow/.local/lib/python3.12/site-packages/airflow/example_dags/example_skip_dag.py
[2024-06-21T03:06:57.433+0000] {logging_mixin.py:188} INFO - [2024-06-21T03:06:57.433+0000] {dag.py:3096} INFO - Sync 1 DAGs
[2024-06-21T03:06:57.443+0000] {logging_mixin.py:188} INFO - [2024-06-21T03:06:57.443+0000] {dag.py:3954} INFO - Setting next_dagrun for example_skip_dag to 2024-06-20 00:00:00+00:00, run_after=2024-06-21 00:00:00+00:00
[2024-06-21T03:06:57.451+0000] {processor.py:183} INFO - Processing /home/airflow/.local/lib/python3.12/site-packages/airflow/example_dags/example_skip_dag.py took 0.035 seconds
[2024-06-21T03:07:28.100+0000] {processor.py:161} INFO - Started process (PID=1049) to work on /home/airflow/.local/lib/python3.12/site-packages/airflow/example_dags/example_skip_dag.py
[2024-06-21T03:07:28.101+0000] {processor.py:830} INFO - Processing file /home/airflow/.local/lib/python3.12/site-packages/airflow/example_dags/example_skip_dag.py for tasks to queue
[2024-06-21T03:07:28.102+0000] {logging_mixin.py:188} INFO - [2024-06-21T03:07:28.102+0000] {dagbag.py:545} INFO - Filling up the DagBag from /home/airflow/.local/lib/python3.12/site-packages/airflow/example_dags/example_skip_dag.py
[2024-06-21T03:07:28.105+0000] {processor.py:840} INFO - DAG(s) 'example_skip_dag' retrieved from /home/airflow/.local/lib/python3.12/site-packages/airflow/example_dags/example_skip_dag.py
[2024-06-21T03:07:28.116+0000] {logging_mixin.py:188} INFO - [2024-06-21T03:07:28.116+0000] {dag.py:3096} INFO - Sync 1 DAGs
[2024-06-21T03:07:28.125+0000] {logging_mixin.py:188} INFO - [2024-06-21T03:07:28.125+0000] {dag.py:3954} INFO - Setting next_dagrun for example_skip_dag to 2024-06-20 00:00:00+00:00, run_after=2024-06-21 00:00:00+00:00
[2024-06-21T03:07:28.133+0000] {processor.py:183} INFO - Processing /home/airflow/.local/lib/python3.12/site-packages/airflow/example_dags/example_skip_dag.py took 0.036 seconds
[2024-06-21T03:07:58.767+0000] {processor.py:161} INFO - Started process (PID=1336) to work on /home/airflow/.local/lib/python3.12/site-packages/airflow/example_dags/example_skip_dag.py
[2024-06-21T03:07:58.768+0000] {processor.py:830} INFO - Processing file /home/airflow/.local/lib/python3.12/site-packages/airflow/example_dags/example_skip_dag.py for tasks to queue
[2024-06-21T03:07:58.769+0000] {logging_mixin.py:188} INFO - [2024-06-21T03:07:58.769+0000] {dagbag.py:545} INFO - Filling up the DagBag from /home/airflow/.local/lib/python3.12/site-packages/airflow/example_dags/example_skip_dag.py
[2024-06-21T03:07:58.772+0000] {processor.py:840} INFO - DAG(s) 'example_skip_dag' retrieved from /home/airflow/.local/lib/python3.12/site-packages/airflow/example_dags/example_skip_dag.py
[2024-06-21T03:07:58.783+0000] {logging_mixin.py:188} INFO - [2024-06-21T03:07:58.783+0000] {dag.py:3096} INFO - Sync 1 DAGs
[2024-06-21T03:07:58.792+0000] {logging_mixin.py:188} INFO - [2024-06-21T03:07:58.792+0000] {dag.py:3954} INFO - Setting next_dagrun for example_skip_dag to 2024-06-20 00:00:00+00:00, run_after=2024-06-21 00:00:00+00:00
[2024-06-21T03:07:58.800+0000] {processor.py:183} INFO - Processing /home/airflow/.local/lib/python3.12/site-packages/airflow/example_dags/example_skip_dag.py took 0.036 seconds
[2024-06-21T03:08:29.405+0000] {processor.py:161} INFO - Started process (PID=1622) to work on /home/airflow/.local/lib/python3.12/site-packages/airflow/example_dags/example_skip_dag.py
[2024-06-21T03:08:29.405+0000] {processor.py:830} INFO - Processing file /home/airflow/.local/lib/python3.12/site-packages/airflow/example_dags/example_skip_dag.py for tasks to queue
[2024-06-21T03:08:29.406+0000] {logging_mixin.py:188} INFO - [2024-06-21T03:08:29.406+0000] {dagbag.py:545} INFO - Filling up the DagBag from /home/airflow/.local/lib/python3.12/site-packages/airflow/example_dags/example_skip_dag.py
[2024-06-21T03:08:29.409+0000] {processor.py:840} INFO - DAG(s) 'example_skip_dag' retrieved from /home/airflow/.local/lib/python3.12/site-packages/airflow/example_dags/example_skip_dag.py
[2024-06-21T03:08:29.420+0000] {logging_mixin.py:188} INFO - [2024-06-21T03:08:29.420+0000] {dag.py:3096} INFO - Sync 1 DAGs
[2024-06-21T03:08:29.430+0000] {logging_mixin.py:188} INFO - [2024-06-21T03:08:29.430+0000] {dag.py:3954} INFO - Setting next_dagrun for example_skip_dag to 2024-06-20 00:00:00+00:00, run_after=2024-06-21 00:00:00+00:00
[2024-06-21T03:08:29.437+0000] {processor.py:183} INFO - Processing /home/airflow/.local/lib/python3.12/site-packages/airflow/example_dags/example_skip_dag.py took 0.036 seconds
[2024-06-21T03:09:00.154+0000] {processor.py:161} INFO - Started process (PID=1884) to work on /home/airflow/.local/lib/python3.12/site-packages/airflow/example_dags/example_skip_dag.py
[2024-06-21T03:09:00.155+0000] {processor.py:830} INFO - Processing file /home/airflow/.local/lib/python3.12/site-packages/airflow/example_dags/example_skip_dag.py for tasks to queue
[2024-06-21T03:09:00.156+0000] {logging_mixin.py:188} INFO - [2024-06-21T03:09:00.156+0000] {dagbag.py:545} INFO - Filling up the DagBag from /home/airflow/.local/lib/python3.12/site-packages/airflow/example_dags/example_skip_dag.py
[2024-06-21T03:09:00.159+0000] {processor.py:840} INFO - DAG(s) 'example_skip_dag' retrieved from /home/airflow/.local/lib/python3.12/site-packages/airflow/example_dags/example_skip_dag.py
[2024-06-21T03:09:00.169+0000] {logging_mixin.py:188} INFO - [2024-06-21T03:09:00.169+0000] {dag.py:3096} INFO - Sync 1 DAGs
[2024-06-21T03:09:00.179+0000] {logging_mixin.py:188} INFO - [2024-06-21T03:09:00.179+0000] {dag.py:3954} INFO - Setting next_dagrun for example_skip_dag to 2024-06-20 00:00:00+00:00, run_after=2024-06-21 00:00:00+00:00
[2024-06-21T03:09:00.187+0000] {processor.py:183} INFO - Processing /home/airflow/.local/lib/python3.12/site-packages/airflow/example_dags/example_skip_dag.py took 0.035 seconds
[2024-06-21T03:09:30.838+0000] {processor.py:161} INFO - Started process (PID=2146) to work on /home/airflow/.local/lib/python3.12/site-packages/airflow/example_dags/example_skip_dag.py
[2024-06-21T03:09:30.839+0000] {processor.py:830} INFO - Processing file /home/airflow/.local/lib/python3.12/site-packages/airflow/example_dags/example_skip_dag.py for tasks to queue
[2024-06-21T03:09:30.840+0000] {logging_mixin.py:188} INFO - [2024-06-21T03:09:30.840+0000] {dagbag.py:545} INFO - Filling up the DagBag from /home/airflow/.local/lib/python3.12/site-packages/airflow/example_dags/example_skip_dag.py
[2024-06-21T03:09:30.843+0000] {processor.py:840} INFO - DAG(s) 'example_skip_dag' retrieved from /home/airflow/.local/lib/python3.12/site-packages/airflow/example_dags/example_skip_dag.py
[2024-06-21T03:09:30.854+0000] {logging_mixin.py:188} INFO - [2024-06-21T03:09:30.854+0000] {dag.py:3096} INFO - Sync 1 DAGs
[2024-06-21T03:09:30.864+0000] {logging_mixin.py:188} INFO - [2024-06-21T03:09:30.864+0000] {dag.py:3954} INFO - Setting next_dagrun for example_skip_dag to 2024-06-20 00:00:00+00:00, run_after=2024-06-21 00:00:00+00:00
[2024-06-21T03:09:30.873+0000] {processor.py:183} INFO - Processing /home/airflow/.local/lib/python3.12/site-packages/airflow/example_dags/example_skip_dag.py took 0.038 seconds
[2024-06-21T03:10:01.563+0000] {processor.py:161} INFO - Started process (PID=2408) to work on /home/airflow/.local/lib/python3.12/site-packages/airflow/example_dags/example_skip_dag.py
[2024-06-21T03:10:01.564+0000] {processor.py:830} INFO - Processing file /home/airflow/.local/lib/python3.12/site-packages/airflow/example_dags/example_skip_dag.py for tasks to queue
[2024-06-21T03:10:01.565+0000] {logging_mixin.py:188} INFO - [2024-06-21T03:10:01.565+0000] {dagbag.py:545} INFO - Filling up the DagBag from /home/airflow/.local/lib/python3.12/site-packages/airflow/example_dags/example_skip_dag.py
[2024-06-21T03:10:01.568+0000] {processor.py:840} INFO - DAG(s) 'example_skip_dag' retrieved from /home/airflow/.local/lib/python3.12/site-packages/airflow/example_dags/example_skip_dag.py
[2024-06-21T03:10:01.580+0000] {logging_mixin.py:188} INFO - [2024-06-21T03:10:01.580+0000] {dag.py:3096} INFO - Sync 1 DAGs
[2024-06-21T03:10:01.589+0000] {logging_mixin.py:188} INFO - [2024-06-21T03:10:01.589+0000] {dag.py:3954} INFO - Setting next_dagrun for example_skip_dag to 2024-06-20 00:00:00+00:00, run_after=2024-06-21 00:00:00+00:00
[2024-06-21T03:10:01.598+0000] {processor.py:183} INFO - Processing /home/airflow/.local/lib/python3.12/site-packages/airflow/example_dags/example_skip_dag.py took 0.038 seconds
[2024-06-21T03:10:32.267+0000] {processor.py:161} INFO - Started process (PID=2670) to work on /home/airflow/.local/lib/python3.12/site-packages/airflow/example_dags/example_skip_dag.py
[2024-06-21T03:10:32.268+0000] {processor.py:830} INFO - Processing file /home/airflow/.local/lib/python3.12/site-packages/airflow/example_dags/example_skip_dag.py for tasks to queue
[2024-06-21T03:10:32.268+0000] {logging_mixin.py:188} INFO - [2024-06-21T03:10:32.268+0000] {dagbag.py:545} INFO - Filling up the DagBag from /home/airflow/.local/lib/python3.12/site-packages/airflow/example_dags/example_skip_dag.py
[2024-06-21T03:10:32.272+0000] {processor.py:840} INFO - DAG(s) 'example_skip_dag' retrieved from /home/airflow/.local/lib/python3.12/site-packages/airflow/example_dags/example_skip_dag.py
[2024-06-21T03:10:32.283+0000] {logging_mixin.py:188} INFO - [2024-06-21T03:10:32.282+0000] {dag.py:3096} INFO - Sync 1 DAGs
[2024-06-21T03:10:32.294+0000] {logging_mixin.py:188} INFO - [2024-06-21T03:10:32.294+0000] {dag.py:3954} INFO - Setting next_dagrun for example_skip_dag to 2024-06-20 00:00:00+00:00, run_after=2024-06-21 00:00:00+00:00
[2024-06-21T03:10:32.303+0000] {processor.py:183} INFO - Processing /home/airflow/.local/lib/python3.12/site-packages/airflow/example_dags/example_skip_dag.py took 0.038 seconds
[2024-06-21T03:11:03.047+0000] {processor.py:161} INFO - Started process (PID=2932) to work on /home/airflow/.local/lib/python3.12/site-packages/airflow/example_dags/example_skip_dag.py
[2024-06-21T03:11:03.047+0000] {processor.py:830} INFO - Processing file /home/airflow/.local/lib/python3.12/site-packages/airflow/example_dags/example_skip_dag.py for tasks to queue
[2024-06-21T03:11:03.049+0000] {logging_mixin.py:188} INFO - [2024-06-21T03:11:03.048+0000] {dagbag.py:545} INFO - Filling up the DagBag from /home/airflow/.local/lib/python3.12/site-packages/airflow/example_dags/example_skip_dag.py
[2024-06-21T03:11:03.053+0000] {processor.py:840} INFO - DAG(s) 'example_skip_dag' retrieved from /home/airflow/.local/lib/python3.12/site-packages/airflow/example_dags/example_skip_dag.py
[2024-06-21T03:11:03.070+0000] {logging_mixin.py:188} INFO - [2024-06-21T03:11:03.070+0000] {dag.py:3096} INFO - Sync 1 DAGs
[2024-06-21T03:11:03.081+0000] {logging_mixin.py:188} INFO - [2024-06-21T03:11:03.081+0000] {dag.py:3954} INFO - Setting next_dagrun for example_skip_dag to 2024-06-20 00:00:00+00:00, run_after=2024-06-21 00:00:00+00:00
[2024-06-21T03:11:03.091+0000] {processor.py:183} INFO - Processing /home/airflow/.local/lib/python3.12/site-packages/airflow/example_dags/example_skip_dag.py took 0.050 seconds
[2024-06-21T03:11:33.812+0000] {processor.py:161} INFO - Started process (PID=3194) to work on /home/airflow/.local/lib/python3.12/site-packages/airflow/example_dags/example_skip_dag.py
[2024-06-21T03:11:33.813+0000] {processor.py:830} INFO - Processing file /home/airflow/.local/lib/python3.12/site-packages/airflow/example_dags/example_skip_dag.py for tasks to queue
[2024-06-21T03:11:33.814+0000] {logging_mixin.py:188} INFO - [2024-06-21T03:11:33.813+0000] {dagbag.py:545} INFO - Filling up the DagBag from /home/airflow/.local/lib/python3.12/site-packages/airflow/example_dags/example_skip_dag.py
[2024-06-21T03:11:33.817+0000] {processor.py:840} INFO - DAG(s) 'example_skip_dag' retrieved from /home/airflow/.local/lib/python3.12/site-packages/airflow/example_dags/example_skip_dag.py
[2024-06-21T03:11:33.828+0000] {logging_mixin.py:188} INFO - [2024-06-21T03:11:33.827+0000] {dag.py:3096} INFO - Sync 1 DAGs
[2024-06-21T03:11:33.838+0000] {logging_mixin.py:188} INFO - [2024-06-21T03:11:33.838+0000] {dag.py:3954} INFO - Setting next_dagrun for example_skip_dag to 2024-06-20 00:00:00+00:00, run_after=2024-06-21 00:00:00+00:00
[2024-06-21T03:11:33.848+0000] {processor.py:183} INFO - Processing /home/airflow/.local/lib/python3.12/site-packages/airflow/example_dags/example_skip_dag.py took 0.039 seconds
[2024-06-21T03:12:03.998+0000] {processor.py:161} INFO - Started process (PID=3456) to work on /home/airflow/.local/lib/python3.12/site-packages/airflow/example_dags/example_skip_dag.py
[2024-06-21T03:12:03.998+0000] {processor.py:830} INFO - Processing file /home/airflow/.local/lib/python3.12/site-packages/airflow/example_dags/example_skip_dag.py for tasks to queue
[2024-06-21T03:12:04.000+0000] {logging_mixin.py:188} INFO - [2024-06-21T03:12:03.999+0000] {dagbag.py:545} INFO - Filling up the DagBag from /home/airflow/.local/lib/python3.12/site-packages/airflow/example_dags/example_skip_dag.py
[2024-06-21T03:12:04.003+0000] {processor.py:840} INFO - DAG(s) 'example_skip_dag' retrieved from /home/airflow/.local/lib/python3.12/site-packages/airflow/example_dags/example_skip_dag.py
[2024-06-21T03:12:04.015+0000] {logging_mixin.py:188} INFO - [2024-06-21T03:12:04.014+0000] {dag.py:3096} INFO - Sync 1 DAGs
[2024-06-21T03:12:04.025+0000] {logging_mixin.py:188} INFO - [2024-06-21T03:12:04.025+0000] {dag.py:3954} INFO - Setting next_dagrun for example_skip_dag to 2024-06-20 00:00:00+00:00, run_after=2024-06-21 00:00:00+00:00
[2024-06-21T03:12:04.034+0000] {processor.py:183} INFO - Processing /home/airflow/.local/lib/python3.12/site-packages/airflow/example_dags/example_skip_dag.py took 0.040 seconds
[2024-06-21T03:12:34.783+0000] {processor.py:161} INFO - Started process (PID=3718) to work on /home/airflow/.local/lib/python3.12/site-packages/airflow/example_dags/example_skip_dag.py
[2024-06-21T03:12:34.783+0000] {processor.py:830} INFO - Processing file /home/airflow/.local/lib/python3.12/site-packages/airflow/example_dags/example_skip_dag.py for tasks to queue
[2024-06-21T03:12:34.784+0000] {logging_mixin.py:188} INFO - [2024-06-21T03:12:34.784+0000] {dagbag.py:545} INFO - Filling up the DagBag from /home/airflow/.local/lib/python3.12/site-packages/airflow/example_dags/example_skip_dag.py
[2024-06-21T03:12:34.789+0000] {processor.py:840} INFO - DAG(s) 'example_skip_dag' retrieved from /home/airflow/.local/lib/python3.12/site-packages/airflow/example_dags/example_skip_dag.py
[2024-06-21T03:12:34.800+0000] {logging_mixin.py:188} INFO - [2024-06-21T03:12:34.800+0000] {dag.py:3096} INFO - Sync 1 DAGs
[2024-06-21T03:12:34.812+0000] {logging_mixin.py:188} INFO - [2024-06-21T03:12:34.811+0000] {dag.py:3954} INFO - Setting next_dagrun for example_skip_dag to 2024-06-20 00:00:00+00:00, run_after=2024-06-21 00:00:00+00:00
[2024-06-21T03:12:34.821+0000] {processor.py:183} INFO - Processing /home/airflow/.local/lib/python3.12/site-packages/airflow/example_dags/example_skip_dag.py took 0.042 seconds
[2024-06-21T03:13:05.558+0000] {processor.py:161} INFO - Started process (PID=3980) to work on /home/airflow/.local/lib/python3.12/site-packages/airflow/example_dags/example_skip_dag.py
[2024-06-21T03:13:05.559+0000] {processor.py:830} INFO - Processing file /home/airflow/.local/lib/python3.12/site-packages/airflow/example_dags/example_skip_dag.py for tasks to queue
[2024-06-21T03:13:05.560+0000] {logging_mixin.py:188} INFO - [2024-06-21T03:13:05.560+0000] {dagbag.py:545} INFO - Filling up the DagBag from /home/airflow/.local/lib/python3.12/site-packages/airflow/example_dags/example_skip_dag.py
[2024-06-21T03:13:05.564+0000] {processor.py:840} INFO - DAG(s) 'example_skip_dag' retrieved from /home/airflow/.local/lib/python3.12/site-packages/airflow/example_dags/example_skip_dag.py
[2024-06-21T03:13:05.576+0000] {logging_mixin.py:188} INFO - [2024-06-21T03:13:05.576+0000] {dag.py:3096} INFO - Sync 1 DAGs
[2024-06-21T03:13:05.586+0000] {logging_mixin.py:188} INFO - [2024-06-21T03:13:05.586+0000] {dag.py:3954} INFO - Setting next_dagrun for example_skip_dag to 2024-06-20 00:00:00+00:00, run_after=2024-06-21 00:00:00+00:00
[2024-06-21T03:13:05.594+0000] {processor.py:183} INFO - Processing /home/airflow/.local/lib/python3.12/site-packages/airflow/example_dags/example_skip_dag.py took 0.039 seconds
[2024-06-21T03:13:36.407+0000] {processor.py:161} INFO - Started process (PID=4242) to work on /home/airflow/.local/lib/python3.12/site-packages/airflow/example_dags/example_skip_dag.py
[2024-06-21T03:13:36.407+0000] {processor.py:830} INFO - Processing file /home/airflow/.local/lib/python3.12/site-packages/airflow/example_dags/example_skip_dag.py for tasks to queue
[2024-06-21T03:13:36.408+0000] {logging_mixin.py:188} INFO - [2024-06-21T03:13:36.408+0000] {dagbag.py:545} INFO - Filling up the DagBag from /home/airflow/.local/lib/python3.12/site-packages/airflow/example_dags/example_skip_dag.py
[2024-06-21T03:13:36.412+0000] {processor.py:840} INFO - DAG(s) 'example_skip_dag' retrieved from /home/airflow/.local/lib/python3.12/site-packages/airflow/example_dags/example_skip_dag.py
[2024-06-21T03:13:36.424+0000] {logging_mixin.py:188} INFO - [2024-06-21T03:13:36.424+0000] {dag.py:3096} INFO - Sync 1 DAGs
[2024-06-21T03:13:36.435+0000] {logging_mixin.py:188} INFO - [2024-06-21T03:13:36.435+0000] {dag.py:3954} INFO - Setting next_dagrun for example_skip_dag to 2024-06-20 00:00:00+00:00, run_after=2024-06-21 00:00:00+00:00
[2024-06-21T03:13:36.444+0000] {processor.py:183} INFO - Processing /home/airflow/.local/lib/python3.12/site-packages/airflow/example_dags/example_skip_dag.py took 0.040 seconds
[2024-06-21T03:14:07.099+0000] {processor.py:161} INFO - Started process (PID=4504) to work on /home/airflow/.local/lib/python3.12/site-packages/airflow/example_dags/example_skip_dag.py
[2024-06-21T03:14:07.100+0000] {processor.py:830} INFO - Processing file /home/airflow/.local/lib/python3.12/site-packages/airflow/example_dags/example_skip_dag.py for tasks to queue
[2024-06-21T03:14:07.101+0000] {logging_mixin.py:188} INFO - [2024-06-21T03:14:07.101+0000] {dagbag.py:545} INFO - Filling up the DagBag from /home/airflow/.local/lib/python3.12/site-packages/airflow/example_dags/example_skip_dag.py
[2024-06-21T03:14:07.105+0000] {processor.py:840} INFO - DAG(s) 'example_skip_dag' retrieved from /home/airflow/.local/lib/python3.12/site-packages/airflow/example_dags/example_skip_dag.py
[2024-06-21T03:14:07.116+0000] {logging_mixin.py:188} INFO - [2024-06-21T03:14:07.116+0000] {dag.py:3096} INFO - Sync 1 DAGs
[2024-06-21T03:14:07.127+0000] {logging_mixin.py:188} INFO - [2024-06-21T03:14:07.127+0000] {dag.py:3954} INFO - Setting next_dagrun for example_skip_dag to 2024-06-20 00:00:00+00:00, run_after=2024-06-21 00:00:00+00:00
[2024-06-21T03:14:07.137+0000] {processor.py:183} INFO - Processing /home/airflow/.local/lib/python3.12/site-packages/airflow/example_dags/example_skip_dag.py took 0.040 seconds
[2024-06-21T03:14:37.846+0000] {processor.py:161} INFO - Started process (PID=4766) to work on /home/airflow/.local/lib/python3.12/site-packages/airflow/example_dags/example_skip_dag.py
[2024-06-21T03:14:37.846+0000] {processor.py:830} INFO - Processing file /home/airflow/.local/lib/python3.12/site-packages/airflow/example_dags/example_skip_dag.py for tasks to queue
[2024-06-21T03:14:37.848+0000] {logging_mixin.py:188} INFO - [2024-06-21T03:14:37.847+0000] {dagbag.py:545} INFO - Filling up the DagBag from /home/airflow/.local/lib/python3.12/site-packages/airflow/example_dags/example_skip_dag.py
[2024-06-21T03:14:37.851+0000] {processor.py:840} INFO - DAG(s) 'example_skip_dag' retrieved from /home/airflow/.local/lib/python3.12/site-packages/airflow/example_dags/example_skip_dag.py
[2024-06-21T03:14:37.862+0000] {logging_mixin.py:188} INFO - [2024-06-21T03:14:37.862+0000] {dag.py:3096} INFO - Sync 1 DAGs
[2024-06-21T03:14:37.873+0000] {logging_mixin.py:188} INFO - [2024-06-21T03:14:37.873+0000] {dag.py:3954} INFO - Setting next_dagrun for example_skip_dag to 2024-06-20 00:00:00+00:00, run_after=2024-06-21 00:00:00+00:00
[2024-06-21T03:14:37.882+0000] {processor.py:183} INFO - Processing /home/airflow/.local/lib/python3.12/site-packages/airflow/example_dags/example_skip_dag.py took 0.040 seconds
[2024-06-21T03:15:08.549+0000] {processor.py:161} INFO - Started process (PID=5028) to work on /home/airflow/.local/lib/python3.12/site-packages/airflow/example_dags/example_skip_dag.py
[2024-06-21T03:15:08.549+0000] {processor.py:830} INFO - Processing file /home/airflow/.local/lib/python3.12/site-packages/airflow/example_dags/example_skip_dag.py for tasks to queue
[2024-06-21T03:15:08.550+0000] {logging_mixin.py:188} INFO - [2024-06-21T03:15:08.550+0000] {dagbag.py:545} INFO - Filling up the DagBag from /home/airflow/.local/lib/python3.12/site-packages/airflow/example_dags/example_skip_dag.py
[2024-06-21T03:15:08.554+0000] {processor.py:840} INFO - DAG(s) 'example_skip_dag' retrieved from /home/airflow/.local/lib/python3.12/site-packages/airflow/example_dags/example_skip_dag.py
[2024-06-21T03:15:08.565+0000] {logging_mixin.py:188} INFO - [2024-06-21T03:15:08.565+0000] {dag.py:3096} INFO - Sync 1 DAGs
[2024-06-21T03:15:08.575+0000] {logging_mixin.py:188} INFO - [2024-06-21T03:15:08.575+0000] {dag.py:3954} INFO - Setting next_dagrun for example_skip_dag to 2024-06-20 00:00:00+00:00, run_after=2024-06-21 00:00:00+00:00
[2024-06-21T03:15:08.586+0000] {processor.py:183} INFO - Processing /home/airflow/.local/lib/python3.12/site-packages/airflow/example_dags/example_skip_dag.py took 0.040 seconds
[2024-06-21T03:15:39.350+0000] {processor.py:161} INFO - Started process (PID=5290) to work on /home/airflow/.local/lib/python3.12/site-packages/airflow/example_dags/example_skip_dag.py
[2024-06-21T03:15:39.351+0000] {processor.py:830} INFO - Processing file /home/airflow/.local/lib/python3.12/site-packages/airflow/example_dags/example_skip_dag.py for tasks to queue
[2024-06-21T03:15:39.352+0000] {logging_mixin.py:188} INFO - [2024-06-21T03:15:39.352+0000] {dagbag.py:545} INFO - Filling up the DagBag from /home/airflow/.local/lib/python3.12/site-packages/airflow/example_dags/example_skip_dag.py
[2024-06-21T03:15:39.355+0000] {processor.py:840} INFO - DAG(s) 'example_skip_dag' retrieved from /home/airflow/.local/lib/python3.12/site-packages/airflow/example_dags/example_skip_dag.py
[2024-06-21T03:15:39.367+0000] {logging_mixin.py:188} INFO - [2024-06-21T03:15:39.367+0000] {dag.py:3096} INFO - Sync 1 DAGs
[2024-06-21T03:15:39.377+0000] {logging_mixin.py:188} INFO - [2024-06-21T03:15:39.376+0000] {dag.py:3954} INFO - Setting next_dagrun for example_skip_dag to 2024-06-20 00:00:00+00:00, run_after=2024-06-21 00:00:00+00:00
[2024-06-21T03:15:39.386+0000] {processor.py:183} INFO - Processing /home/airflow/.local/lib/python3.12/site-packages/airflow/example_dags/example_skip_dag.py took 0.039 seconds
[2024-06-21T03:16:09.455+0000] {processor.py:161} INFO - Started process (PID=5552) to work on /home/airflow/.local/lib/python3.12/site-packages/airflow/example_dags/example_skip_dag.py
[2024-06-21T03:16:09.455+0000] {processor.py:830} INFO - Processing file /home/airflow/.local/lib/python3.12/site-packages/airflow/example_dags/example_skip_dag.py for tasks to queue
[2024-06-21T03:16:09.456+0000] {logging_mixin.py:188} INFO - [2024-06-21T03:16:09.456+0000] {dagbag.py:545} INFO - Filling up the DagBag from /home/airflow/.local/lib/python3.12/site-packages/airflow/example_dags/example_skip_dag.py
[2024-06-21T03:16:09.460+0000] {processor.py:840} INFO - DAG(s) 'example_skip_dag' retrieved from /home/airflow/.local/lib/python3.12/site-packages/airflow/example_dags/example_skip_dag.py
[2024-06-21T03:16:09.471+0000] {logging_mixin.py:188} INFO - [2024-06-21T03:16:09.471+0000] {dag.py:3096} INFO - Sync 1 DAGs
[2024-06-21T03:16:09.482+0000] {logging_mixin.py:188} INFO - [2024-06-21T03:16:09.482+0000] {dag.py:3954} INFO - Setting next_dagrun for example_skip_dag to 2024-06-20 00:00:00+00:00, run_after=2024-06-21 00:00:00+00:00
[2024-06-21T03:16:09.490+0000] {processor.py:183} INFO - Processing /home/airflow/.local/lib/python3.12/site-packages/airflow/example_dags/example_skip_dag.py took 0.039 seconds
[2024-06-21T03:16:40.290+0000] {processor.py:161} INFO - Started process (PID=5814) to work on /home/airflow/.local/lib/python3.12/site-packages/airflow/example_dags/example_skip_dag.py
[2024-06-21T03:16:40.291+0000] {processor.py:830} INFO - Processing file /home/airflow/.local/lib/python3.12/site-packages/airflow/example_dags/example_skip_dag.py for tasks to queue
[2024-06-21T03:16:40.292+0000] {logging_mixin.py:188} INFO - [2024-06-21T03:16:40.292+0000] {dagbag.py:545} INFO - Filling up the DagBag from /home/airflow/.local/lib/python3.12/site-packages/airflow/example_dags/example_skip_dag.py
[2024-06-21T03:16:40.295+0000] {processor.py:840} INFO - DAG(s) 'example_skip_dag' retrieved from /home/airflow/.local/lib/python3.12/site-packages/airflow/example_dags/example_skip_dag.py
[2024-06-21T03:16:40.307+0000] {logging_mixin.py:188} INFO - [2024-06-21T03:16:40.307+0000] {dag.py:3096} INFO - Sync 1 DAGs
[2024-06-21T03:16:40.317+0000] {logging_mixin.py:188} INFO - [2024-06-21T03:16:40.317+0000] {dag.py:3954} INFO - Setting next_dagrun for example_skip_dag to 2024-06-20 00:00:00+00:00, run_after=2024-06-21 00:00:00+00:00
[2024-06-21T03:16:40.326+0000] {processor.py:183} INFO - Processing /home/airflow/.local/lib/python3.12/site-packages/airflow/example_dags/example_skip_dag.py took 0.039 seconds
[2024-06-21T03:17:11.093+0000] {processor.py:161} INFO - Started process (PID=6076) to work on /home/airflow/.local/lib/python3.12/site-packages/airflow/example_dags/example_skip_dag.py
[2024-06-21T03:17:11.094+0000] {processor.py:830} INFO - Processing file /home/airflow/.local/lib/python3.12/site-packages/airflow/example_dags/example_skip_dag.py for tasks to queue
[2024-06-21T03:17:11.095+0000] {logging_mixin.py:188} INFO - [2024-06-21T03:17:11.095+0000] {dagbag.py:545} INFO - Filling up the DagBag from /home/airflow/.local/lib/python3.12/site-packages/airflow/example_dags/example_skip_dag.py
[2024-06-21T03:17:11.098+0000] {processor.py:840} INFO - DAG(s) 'example_skip_dag' retrieved from /home/airflow/.local/lib/python3.12/site-packages/airflow/example_dags/example_skip_dag.py
[2024-06-21T03:17:11.111+0000] {logging_mixin.py:188} INFO - [2024-06-21T03:17:11.110+0000] {dag.py:3096} INFO - Sync 1 DAGs
[2024-06-21T03:17:11.122+0000] {logging_mixin.py:188} INFO - [2024-06-21T03:17:11.122+0000] {dag.py:3954} INFO - Setting next_dagrun for example_skip_dag to 2024-06-20 00:00:00+00:00, run_after=2024-06-21 00:00:00+00:00
[2024-06-21T03:17:11.132+0000] {processor.py:183} INFO - Processing /home/airflow/.local/lib/python3.12/site-packages/airflow/example_dags/example_skip_dag.py took 0.041 seconds
[2024-06-21T03:17:41.224+0000] {processor.py:161} INFO - Started process (PID=6335) to work on /home/airflow/.local/lib/python3.12/site-packages/airflow/example_dags/example_skip_dag.py
[2024-06-21T03:17:41.225+0000] {processor.py:830} INFO - Processing file /home/airflow/.local/lib/python3.12/site-packages/airflow/example_dags/example_skip_dag.py for tasks to queue
[2024-06-21T03:17:41.226+0000] {logging_mixin.py:188} INFO - [2024-06-21T03:17:41.225+0000] {dagbag.py:545} INFO - Filling up the DagBag from /home/airflow/.local/lib/python3.12/site-packages/airflow/example_dags/example_skip_dag.py
[2024-06-21T03:17:41.229+0000] {processor.py:840} INFO - DAG(s) 'example_skip_dag' retrieved from /home/airflow/.local/lib/python3.12/site-packages/airflow/example_dags/example_skip_dag.py
[2024-06-21T03:17:41.241+0000] {logging_mixin.py:188} INFO - [2024-06-21T03:17:41.241+0000] {dag.py:3096} INFO - Sync 1 DAGs
[2024-06-21T03:17:41.252+0000] {logging_mixin.py:188} INFO - [2024-06-21T03:17:41.252+0000] {dag.py:3954} INFO - Setting next_dagrun for example_skip_dag to 2024-06-20 00:00:00+00:00, run_after=2024-06-21 00:00:00+00:00
[2024-06-21T03:17:41.261+0000] {processor.py:183} INFO - Processing /home/airflow/.local/lib/python3.12/site-packages/airflow/example_dags/example_skip_dag.py took 0.040 seconds
[2024-06-21T03:18:11.406+0000] {processor.py:161} INFO - Started process (PID=6595) to work on /home/airflow/.local/lib/python3.12/site-packages/airflow/example_dags/example_skip_dag.py
[2024-06-21T03:18:11.407+0000] {processor.py:830} INFO - Processing file /home/airflow/.local/lib/python3.12/site-packages/airflow/example_dags/example_skip_dag.py for tasks to queue
[2024-06-21T03:18:11.408+0000] {logging_mixin.py:188} INFO - [2024-06-21T03:18:11.408+0000] {dagbag.py:545} INFO - Filling up the DagBag from /home/airflow/.local/lib/python3.12/site-packages/airflow/example_dags/example_skip_dag.py
[2024-06-21T03:18:11.411+0000] {processor.py:840} INFO - DAG(s) 'example_skip_dag' retrieved from /home/airflow/.local/lib/python3.12/site-packages/airflow/example_dags/example_skip_dag.py
[2024-06-21T03:18:11.423+0000] {logging_mixin.py:188} INFO - [2024-06-21T03:18:11.423+0000] {dag.py:3096} INFO - Sync 1 DAGs
[2024-06-21T03:18:11.434+0000] {logging_mixin.py:188} INFO - [2024-06-21T03:18:11.434+0000] {dag.py:3954} INFO - Setting next_dagrun for example_skip_dag to 2024-06-20 00:00:00+00:00, run_after=2024-06-21 00:00:00+00:00
[2024-06-21T03:18:11.443+0000] {processor.py:183} INFO - Processing /home/airflow/.local/lib/python3.12/site-packages/airflow/example_dags/example_skip_dag.py took 0.040 seconds
[2024-06-21T03:18:41.565+0000] {processor.py:161} INFO - Started process (PID=6857) to work on /home/airflow/.local/lib/python3.12/site-packages/airflow/example_dags/example_skip_dag.py
[2024-06-21T03:18:41.565+0000] {processor.py:830} INFO - Processing file /home/airflow/.local/lib/python3.12/site-packages/airflow/example_dags/example_skip_dag.py for tasks to queue
[2024-06-21T03:18:41.566+0000] {logging_mixin.py:188} INFO - [2024-06-21T03:18:41.566+0000] {dagbag.py:545} INFO - Filling up the DagBag from /home/airflow/.local/lib/python3.12/site-packages/airflow/example_dags/example_skip_dag.py
[2024-06-21T03:18:41.570+0000] {processor.py:840} INFO - DAG(s) 'example_skip_dag' retrieved from /home/airflow/.local/lib/python3.12/site-packages/airflow/example_dags/example_skip_dag.py
[2024-06-21T03:18:41.582+0000] {logging_mixin.py:188} INFO - [2024-06-21T03:18:41.582+0000] {dag.py:3096} INFO - Sync 1 DAGs
[2024-06-21T03:18:41.593+0000] {logging_mixin.py:188} INFO - [2024-06-21T03:18:41.593+0000] {dag.py:3954} INFO - Setting next_dagrun for example_skip_dag to 2024-06-20 00:00:00+00:00, run_after=2024-06-21 00:00:00+00:00
[2024-06-21T03:18:41.603+0000] {processor.py:183} INFO - Processing /home/airflow/.local/lib/python3.12/site-packages/airflow/example_dags/example_skip_dag.py took 0.041 seconds
[2024-06-21T03:19:12.259+0000] {processor.py:161} INFO - Started process (PID=7119) to work on /home/airflow/.local/lib/python3.12/site-packages/airflow/example_dags/example_skip_dag.py
[2024-06-21T03:19:12.259+0000] {processor.py:830} INFO - Processing file /home/airflow/.local/lib/python3.12/site-packages/airflow/example_dags/example_skip_dag.py for tasks to queue
[2024-06-21T03:19:12.261+0000] {logging_mixin.py:188} INFO - [2024-06-21T03:19:12.260+0000] {dagbag.py:545} INFO - Filling up the DagBag from /home/airflow/.local/lib/python3.12/site-packages/airflow/example_dags/example_skip_dag.py
[2024-06-21T03:19:12.264+0000] {processor.py:840} INFO - DAG(s) 'example_skip_dag' retrieved from /home/airflow/.local/lib/python3.12/site-packages/airflow/example_dags/example_skip_dag.py
[2024-06-21T03:19:12.276+0000] {logging_mixin.py:188} INFO - [2024-06-21T03:19:12.276+0000] {dag.py:3096} INFO - Sync 1 DAGs
[2024-06-21T03:19:12.287+0000] {logging_mixin.py:188} INFO - [2024-06-21T03:19:12.287+0000] {dag.py:3954} INFO - Setting next_dagrun for example_skip_dag to 2024-06-20 00:00:00+00:00, run_after=2024-06-21 00:00:00+00:00
[2024-06-21T03:19:12.297+0000] {processor.py:183} INFO - Processing /home/airflow/.local/lib/python3.12/site-packages/airflow/example_dags/example_skip_dag.py took 0.041 seconds
[2024-06-21T03:19:42.387+0000] {processor.py:161} INFO - Started process (PID=7380) to work on /home/airflow/.local/lib/python3.12/site-packages/airflow/example_dags/example_skip_dag.py
[2024-06-21T03:19:42.388+0000] {processor.py:830} INFO - Processing file /home/airflow/.local/lib/python3.12/site-packages/airflow/example_dags/example_skip_dag.py for tasks to queue
[2024-06-21T03:19:42.389+0000] {logging_mixin.py:188} INFO - [2024-06-21T03:19:42.389+0000] {dagbag.py:545} INFO - Filling up the DagBag from /home/airflow/.local/lib/python3.12/site-packages/airflow/example_dags/example_skip_dag.py
[2024-06-21T03:19:42.392+0000] {processor.py:840} INFO - DAG(s) 'example_skip_dag' retrieved from /home/airflow/.local/lib/python3.12/site-packages/airflow/example_dags/example_skip_dag.py
[2024-06-21T03:19:42.402+0000] {logging_mixin.py:188} INFO - [2024-06-21T03:19:42.402+0000] {dag.py:3096} INFO - Sync 1 DAGs
[2024-06-21T03:19:42.413+0000] {logging_mixin.py:188} INFO - [2024-06-21T03:19:42.413+0000] {dag.py:3954} INFO - Setting next_dagrun for example_skip_dag to 2024-06-20 00:00:00+00:00, run_after=2024-06-21 00:00:00+00:00
[2024-06-21T03:19:42.422+0000] {processor.py:183} INFO - Processing /home/airflow/.local/lib/python3.12/site-packages/airflow/example_dags/example_skip_dag.py took 0.038 seconds
[2024-06-21T03:20:12.615+0000] {processor.py:161} INFO - Started process (PID=7642) to work on /home/airflow/.local/lib/python3.12/site-packages/airflow/example_dags/example_skip_dag.py
[2024-06-21T03:20:12.615+0000] {processor.py:830} INFO - Processing file /home/airflow/.local/lib/python3.12/site-packages/airflow/example_dags/example_skip_dag.py for tasks to queue
[2024-06-21T03:20:12.616+0000] {logging_mixin.py:188} INFO - [2024-06-21T03:20:12.616+0000] {dagbag.py:545} INFO - Filling up the DagBag from /home/airflow/.local/lib/python3.12/site-packages/airflow/example_dags/example_skip_dag.py
[2024-06-21T03:20:12.619+0000] {processor.py:840} INFO - DAG(s) 'example_skip_dag' retrieved from /home/airflow/.local/lib/python3.12/site-packages/airflow/example_dags/example_skip_dag.py
[2024-06-21T03:20:12.631+0000] {logging_mixin.py:188} INFO - [2024-06-21T03:20:12.631+0000] {dag.py:3096} INFO - Sync 1 DAGs
[2024-06-21T03:20:12.641+0000] {logging_mixin.py:188} INFO - [2024-06-21T03:20:12.641+0000] {dag.py:3954} INFO - Setting next_dagrun for example_skip_dag to 2024-06-20 00:00:00+00:00, run_after=2024-06-21 00:00:00+00:00
[2024-06-21T03:20:12.651+0000] {processor.py:183} INFO - Processing /home/airflow/.local/lib/python3.12/site-packages/airflow/example_dags/example_skip_dag.py took 0.039 seconds
[2024-06-21T03:20:42.891+0000] {processor.py:161} INFO - Started process (PID=7969) to work on /home/airflow/.local/lib/python3.12/site-packages/airflow/example_dags/example_skip_dag.py
[2024-06-21T03:20:42.894+0000] {processor.py:830} INFO - Processing file /home/airflow/.local/lib/python3.12/site-packages/airflow/example_dags/example_skip_dag.py for tasks to queue
[2024-06-21T03:20:42.895+0000] {logging_mixin.py:188} INFO - [2024-06-21T03:20:42.895+0000] {dagbag.py:545} INFO - Filling up the DagBag from /home/airflow/.local/lib/python3.12/site-packages/airflow/example_dags/example_skip_dag.py
[2024-06-21T03:20:42.899+0000] {processor.py:840} INFO - DAG(s) 'example_skip_dag' retrieved from /home/airflow/.local/lib/python3.12/site-packages/airflow/example_dags/example_skip_dag.py
[2024-06-21T03:20:42.912+0000] {logging_mixin.py:188} INFO - [2024-06-21T03:20:42.911+0000] {dag.py:3096} INFO - Sync 1 DAGs
[2024-06-21T03:20:42.923+0000] {logging_mixin.py:188} INFO - [2024-06-21T03:20:42.923+0000] {dag.py:3954} INFO - Setting next_dagrun for example_skip_dag to 2024-06-20 00:00:00+00:00, run_after=2024-06-21 00:00:00+00:00
[2024-06-21T03:20:42.934+0000] {processor.py:183} INFO - Processing /home/airflow/.local/lib/python3.12/site-packages/airflow/example_dags/example_skip_dag.py took 0.047 seconds
