[2024-06-21T03:05:56.879+0000] {processor.py:161} INFO - Started process (PID=378) to work on /home/airflow/.local/lib/python3.12/site-packages/airflow/example_dags/example_short_circuit_operator.py
[2024-06-21T03:05:56.879+0000] {processor.py:830} INFO - Processing file /home/airflow/.local/lib/python3.12/site-packages/airflow/example_dags/example_short_circuit_operator.py for tasks to queue
[2024-06-21T03:05:56.880+0000] {logging_mixin.py:188} INFO - [2024-06-21T03:05:56.880+0000] {dagbag.py:545} INFO - Filling up the DagBag from /home/airflow/.local/lib/python3.12/site-packages/airflow/example_dags/example_short_circuit_operator.py
[2024-06-21T03:05:56.885+0000] {processor.py:840} INFO - DAG(s) 'example_short_circuit_operator' retrieved from /home/airflow/.local/lib/python3.12/site-packages/airflow/example_dags/example_short_circuit_operator.py
[2024-06-21T03:05:56.891+0000] {logging_mixin.py:188} INFO - [2024-06-21T03:05:56.891+0000] {dag.py:3096} INFO - Sync 1 DAGs
[2024-06-21T03:05:56.903+0000] {logging_mixin.py:188} INFO - [2024-06-21T03:05:56.903+0000] {dag.py:3954} INFO - Setting next_dagrun for example_short_circuit_operator to 2024-06-20 00:00:00+00:00, run_after=2024-06-21 00:00:00+00:00
[2024-06-21T03:05:56.912+0000] {processor.py:183} INFO - Processing /home/airflow/.local/lib/python3.12/site-packages/airflow/example_dags/example_short_circuit_operator.py took 0.036 seconds
[2024-06-21T03:06:28.414+0000] {processor.py:161} INFO - Started process (PID=640) to work on /home/airflow/.local/lib/python3.12/site-packages/airflow/example_dags/example_short_circuit_operator.py
[2024-06-21T03:06:28.415+0000] {processor.py:830} INFO - Processing file /home/airflow/.local/lib/python3.12/site-packages/airflow/example_dags/example_short_circuit_operator.py for tasks to queue
[2024-06-21T03:06:28.416+0000] {logging_mixin.py:188} INFO - [2024-06-21T03:06:28.416+0000] {dagbag.py:545} INFO - Filling up the DagBag from /home/airflow/.local/lib/python3.12/site-packages/airflow/example_dags/example_short_circuit_operator.py
[2024-06-21T03:06:28.420+0000] {processor.py:840} INFO - DAG(s) 'example_short_circuit_operator' retrieved from /home/airflow/.local/lib/python3.12/site-packages/airflow/example_dags/example_short_circuit_operator.py
[2024-06-21T03:06:28.467+0000] {logging_mixin.py:188} INFO - [2024-06-21T03:06:28.467+0000] {dag.py:3096} INFO - Sync 1 DAGs
[2024-06-21T03:06:28.476+0000] {logging_mixin.py:188} INFO - [2024-06-21T03:06:28.476+0000] {dag.py:3954} INFO - Setting next_dagrun for example_short_circuit_operator to 2024-06-20 00:00:00+00:00, run_after=2024-06-21 00:00:00+00:00
[2024-06-21T03:06:28.485+0000] {processor.py:183} INFO - Processing /home/airflow/.local/lib/python3.12/site-packages/airflow/example_dags/example_short_circuit_operator.py took 0.073 seconds
[2024-06-21T03:06:59.108+0000] {processor.py:161} INFO - Started process (PID=902) to work on /home/airflow/.local/lib/python3.12/site-packages/airflow/example_dags/example_short_circuit_operator.py
[2024-06-21T03:06:59.108+0000] {processor.py:830} INFO - Processing file /home/airflow/.local/lib/python3.12/site-packages/airflow/example_dags/example_short_circuit_operator.py for tasks to queue
[2024-06-21T03:06:59.110+0000] {logging_mixin.py:188} INFO - [2024-06-21T03:06:59.110+0000] {dagbag.py:545} INFO - Filling up the DagBag from /home/airflow/.local/lib/python3.12/site-packages/airflow/example_dags/example_short_circuit_operator.py
[2024-06-21T03:06:59.115+0000] {processor.py:840} INFO - DAG(s) 'example_short_circuit_operator' retrieved from /home/airflow/.local/lib/python3.12/site-packages/airflow/example_dags/example_short_circuit_operator.py
[2024-06-21T03:06:59.128+0000] {logging_mixin.py:188} INFO - [2024-06-21T03:06:59.128+0000] {dag.py:3096} INFO - Sync 1 DAGs
[2024-06-21T03:06:59.140+0000] {logging_mixin.py:188} INFO - [2024-06-21T03:06:59.140+0000] {dag.py:3954} INFO - Setting next_dagrun for example_short_circuit_operator to 2024-06-20 00:00:00+00:00, run_after=2024-06-21 00:00:00+00:00
[2024-06-21T03:06:59.152+0000] {processor.py:183} INFO - Processing /home/airflow/.local/lib/python3.12/site-packages/airflow/example_dags/example_short_circuit_operator.py took 0.049 seconds
[2024-06-21T03:07:29.773+0000] {processor.py:161} INFO - Started process (PID=1164) to work on /home/airflow/.local/lib/python3.12/site-packages/airflow/example_dags/example_short_circuit_operator.py
[2024-06-21T03:07:29.773+0000] {processor.py:830} INFO - Processing file /home/airflow/.local/lib/python3.12/site-packages/airflow/example_dags/example_short_circuit_operator.py for tasks to queue
[2024-06-21T03:07:29.774+0000] {logging_mixin.py:188} INFO - [2024-06-21T03:07:29.774+0000] {dagbag.py:545} INFO - Filling up the DagBag from /home/airflow/.local/lib/python3.12/site-packages/airflow/example_dags/example_short_circuit_operator.py
[2024-06-21T03:07:29.778+0000] {processor.py:840} INFO - DAG(s) 'example_short_circuit_operator' retrieved from /home/airflow/.local/lib/python3.12/site-packages/airflow/example_dags/example_short_circuit_operator.py
[2024-06-21T03:07:29.788+0000] {logging_mixin.py:188} INFO - [2024-06-21T03:07:29.788+0000] {dag.py:3096} INFO - Sync 1 DAGs
[2024-06-21T03:07:29.799+0000] {logging_mixin.py:188} INFO - [2024-06-21T03:07:29.799+0000] {dag.py:3954} INFO - Setting next_dagrun for example_short_circuit_operator to 2024-06-20 00:00:00+00:00, run_after=2024-06-21 00:00:00+00:00
[2024-06-21T03:07:29.808+0000] {processor.py:183} INFO - Processing /home/airflow/.local/lib/python3.12/site-packages/airflow/example_dags/example_short_circuit_operator.py took 0.038 seconds
[2024-06-21T03:08:00.468+0000] {processor.py:161} INFO - Started process (PID=1451) to work on /home/airflow/.local/lib/python3.12/site-packages/airflow/example_dags/example_short_circuit_operator.py
[2024-06-21T03:08:00.469+0000] {processor.py:830} INFO - Processing file /home/airflow/.local/lib/python3.12/site-packages/airflow/example_dags/example_short_circuit_operator.py for tasks to queue
[2024-06-21T03:08:00.470+0000] {logging_mixin.py:188} INFO - [2024-06-21T03:08:00.469+0000] {dagbag.py:545} INFO - Filling up the DagBag from /home/airflow/.local/lib/python3.12/site-packages/airflow/example_dags/example_short_circuit_operator.py
[2024-06-21T03:08:00.473+0000] {processor.py:840} INFO - DAG(s) 'example_short_circuit_operator' retrieved from /home/airflow/.local/lib/python3.12/site-packages/airflow/example_dags/example_short_circuit_operator.py
[2024-06-21T03:08:00.484+0000] {logging_mixin.py:188} INFO - [2024-06-21T03:08:00.484+0000] {dag.py:3096} INFO - Sync 1 DAGs
[2024-06-21T03:08:00.494+0000] {logging_mixin.py:188} INFO - [2024-06-21T03:08:00.494+0000] {dag.py:3954} INFO - Setting next_dagrun for example_short_circuit_operator to 2024-06-20 00:00:00+00:00, run_after=2024-06-21 00:00:00+00:00
[2024-06-21T03:08:00.502+0000] {processor.py:183} INFO - Processing /home/airflow/.local/lib/python3.12/site-packages/airflow/example_dags/example_short_circuit_operator.py took 0.037 seconds
[2024-06-21T03:08:31.129+0000] {processor.py:161} INFO - Started process (PID=1737) to work on /home/airflow/.local/lib/python3.12/site-packages/airflow/example_dags/example_short_circuit_operator.py
[2024-06-21T03:08:31.130+0000] {processor.py:830} INFO - Processing file /home/airflow/.local/lib/python3.12/site-packages/airflow/example_dags/example_short_circuit_operator.py for tasks to queue
[2024-06-21T03:08:31.131+0000] {logging_mixin.py:188} INFO - [2024-06-21T03:08:31.130+0000] {dagbag.py:545} INFO - Filling up the DagBag from /home/airflow/.local/lib/python3.12/site-packages/airflow/example_dags/example_short_circuit_operator.py
[2024-06-21T03:08:31.135+0000] {processor.py:840} INFO - DAG(s) 'example_short_circuit_operator' retrieved from /home/airflow/.local/lib/python3.12/site-packages/airflow/example_dags/example_short_circuit_operator.py
[2024-06-21T03:08:31.147+0000] {logging_mixin.py:188} INFO - [2024-06-21T03:08:31.147+0000] {dag.py:3096} INFO - Sync 1 DAGs
[2024-06-21T03:08:31.166+0000] {logging_mixin.py:188} INFO - [2024-06-21T03:08:31.166+0000] {dag.py:3954} INFO - Setting next_dagrun for example_short_circuit_operator to 2024-06-20 00:00:00+00:00, run_after=2024-06-21 00:00:00+00:00
[2024-06-21T03:08:31.177+0000] {processor.py:183} INFO - Processing /home/airflow/.local/lib/python3.12/site-packages/airflow/example_dags/example_short_circuit_operator.py took 0.051 seconds
[2024-06-21T03:09:01.797+0000] {processor.py:161} INFO - Started process (PID=1999) to work on /home/airflow/.local/lib/python3.12/site-packages/airflow/example_dags/example_short_circuit_operator.py
[2024-06-21T03:09:01.798+0000] {processor.py:830} INFO - Processing file /home/airflow/.local/lib/python3.12/site-packages/airflow/example_dags/example_short_circuit_operator.py for tasks to queue
[2024-06-21T03:09:01.799+0000] {logging_mixin.py:188} INFO - [2024-06-21T03:09:01.799+0000] {dagbag.py:545} INFO - Filling up the DagBag from /home/airflow/.local/lib/python3.12/site-packages/airflow/example_dags/example_short_circuit_operator.py
[2024-06-21T03:09:01.803+0000] {processor.py:840} INFO - DAG(s) 'example_short_circuit_operator' retrieved from /home/airflow/.local/lib/python3.12/site-packages/airflow/example_dags/example_short_circuit_operator.py
[2024-06-21T03:09:01.814+0000] {logging_mixin.py:188} INFO - [2024-06-21T03:09:01.814+0000] {dag.py:3096} INFO - Sync 1 DAGs
[2024-06-21T03:09:01.826+0000] {logging_mixin.py:188} INFO - [2024-06-21T03:09:01.826+0000] {dag.py:3954} INFO - Setting next_dagrun for example_short_circuit_operator to 2024-06-20 00:00:00+00:00, run_after=2024-06-21 00:00:00+00:00
[2024-06-21T03:09:01.839+0000] {processor.py:183} INFO - Processing /home/airflow/.local/lib/python3.12/site-packages/airflow/example_dags/example_short_circuit_operator.py took 0.045 seconds
[2024-06-21T03:09:32.466+0000] {processor.py:161} INFO - Started process (PID=2261) to work on /home/airflow/.local/lib/python3.12/site-packages/airflow/example_dags/example_short_circuit_operator.py
[2024-06-21T03:09:32.467+0000] {processor.py:830} INFO - Processing file /home/airflow/.local/lib/python3.12/site-packages/airflow/example_dags/example_short_circuit_operator.py for tasks to queue
[2024-06-21T03:09:32.468+0000] {logging_mixin.py:188} INFO - [2024-06-21T03:09:32.468+0000] {dagbag.py:545} INFO - Filling up the DagBag from /home/airflow/.local/lib/python3.12/site-packages/airflow/example_dags/example_short_circuit_operator.py
[2024-06-21T03:09:32.472+0000] {processor.py:840} INFO - DAG(s) 'example_short_circuit_operator' retrieved from /home/airflow/.local/lib/python3.12/site-packages/airflow/example_dags/example_short_circuit_operator.py
[2024-06-21T03:09:32.483+0000] {logging_mixin.py:188} INFO - [2024-06-21T03:09:32.483+0000] {dag.py:3096} INFO - Sync 1 DAGs
[2024-06-21T03:09:32.494+0000] {logging_mixin.py:188} INFO - [2024-06-21T03:09:32.494+0000] {dag.py:3954} INFO - Setting next_dagrun for example_short_circuit_operator to 2024-06-20 00:00:00+00:00, run_after=2024-06-21 00:00:00+00:00
[2024-06-21T03:09:32.503+0000] {processor.py:183} INFO - Processing /home/airflow/.local/lib/python3.12/site-packages/airflow/example_dags/example_short_circuit_operator.py took 0.041 seconds
[2024-06-21T03:10:03.266+0000] {processor.py:161} INFO - Started process (PID=2523) to work on /home/airflow/.local/lib/python3.12/site-packages/airflow/example_dags/example_short_circuit_operator.py
[2024-06-21T03:10:03.268+0000] {processor.py:830} INFO - Processing file /home/airflow/.local/lib/python3.12/site-packages/airflow/example_dags/example_short_circuit_operator.py for tasks to queue
[2024-06-21T03:10:03.269+0000] {logging_mixin.py:188} INFO - [2024-06-21T03:10:03.269+0000] {dagbag.py:545} INFO - Filling up the DagBag from /home/airflow/.local/lib/python3.12/site-packages/airflow/example_dags/example_short_circuit_operator.py
[2024-06-21T03:10:03.273+0000] {processor.py:840} INFO - DAG(s) 'example_short_circuit_operator' retrieved from /home/airflow/.local/lib/python3.12/site-packages/airflow/example_dags/example_short_circuit_operator.py
[2024-06-21T03:10:03.285+0000] {logging_mixin.py:188} INFO - [2024-06-21T03:10:03.285+0000] {dag.py:3096} INFO - Sync 1 DAGs
[2024-06-21T03:10:03.297+0000] {logging_mixin.py:188} INFO - [2024-06-21T03:10:03.296+0000] {dag.py:3954} INFO - Setting next_dagrun for example_short_circuit_operator to 2024-06-20 00:00:00+00:00, run_after=2024-06-21 00:00:00+00:00
[2024-06-21T03:10:03.305+0000] {processor.py:183} INFO - Processing /home/airflow/.local/lib/python3.12/site-packages/airflow/example_dags/example_short_circuit_operator.py took 0.043 seconds
[2024-06-21T03:10:34.014+0000] {processor.py:161} INFO - Started process (PID=2785) to work on /home/airflow/.local/lib/python3.12/site-packages/airflow/example_dags/example_short_circuit_operator.py
[2024-06-21T03:10:34.015+0000] {processor.py:830} INFO - Processing file /home/airflow/.local/lib/python3.12/site-packages/airflow/example_dags/example_short_circuit_operator.py for tasks to queue
[2024-06-21T03:10:34.016+0000] {logging_mixin.py:188} INFO - [2024-06-21T03:10:34.016+0000] {dagbag.py:545} INFO - Filling up the DagBag from /home/airflow/.local/lib/python3.12/site-packages/airflow/example_dags/example_short_circuit_operator.py
[2024-06-21T03:10:34.020+0000] {processor.py:840} INFO - DAG(s) 'example_short_circuit_operator' retrieved from /home/airflow/.local/lib/python3.12/site-packages/airflow/example_dags/example_short_circuit_operator.py
[2024-06-21T03:10:34.033+0000] {logging_mixin.py:188} INFO - [2024-06-21T03:10:34.032+0000] {dag.py:3096} INFO - Sync 1 DAGs
[2024-06-21T03:10:34.044+0000] {logging_mixin.py:188} INFO - [2024-06-21T03:10:34.044+0000] {dag.py:3954} INFO - Setting next_dagrun for example_short_circuit_operator to 2024-06-20 00:00:00+00:00, run_after=2024-06-21 00:00:00+00:00
[2024-06-21T03:10:34.053+0000] {processor.py:183} INFO - Processing /home/airflow/.local/lib/python3.12/site-packages/airflow/example_dags/example_short_circuit_operator.py took 0.042 seconds
[2024-06-21T03:11:04.778+0000] {processor.py:161} INFO - Started process (PID=3047) to work on /home/airflow/.local/lib/python3.12/site-packages/airflow/example_dags/example_short_circuit_operator.py
[2024-06-21T03:11:04.779+0000] {processor.py:830} INFO - Processing file /home/airflow/.local/lib/python3.12/site-packages/airflow/example_dags/example_short_circuit_operator.py for tasks to queue
[2024-06-21T03:11:04.780+0000] {logging_mixin.py:188} INFO - [2024-06-21T03:11:04.779+0000] {dagbag.py:545} INFO - Filling up the DagBag from /home/airflow/.local/lib/python3.12/site-packages/airflow/example_dags/example_short_circuit_operator.py
[2024-06-21T03:11:04.783+0000] {processor.py:840} INFO - DAG(s) 'example_short_circuit_operator' retrieved from /home/airflow/.local/lib/python3.12/site-packages/airflow/example_dags/example_short_circuit_operator.py
[2024-06-21T03:11:04.795+0000] {logging_mixin.py:188} INFO - [2024-06-21T03:11:04.795+0000] {dag.py:3096} INFO - Sync 1 DAGs
[2024-06-21T03:11:04.805+0000] {logging_mixin.py:188} INFO - [2024-06-21T03:11:04.805+0000] {dag.py:3954} INFO - Setting next_dagrun for example_short_circuit_operator to 2024-06-20 00:00:00+00:00, run_after=2024-06-21 00:00:00+00:00
[2024-06-21T03:11:04.815+0000] {processor.py:183} INFO - Processing /home/airflow/.local/lib/python3.12/site-packages/airflow/example_dags/example_short_circuit_operator.py took 0.040 seconds
[2024-06-21T03:11:35.533+0000] {processor.py:161} INFO - Started process (PID=3309) to work on /home/airflow/.local/lib/python3.12/site-packages/airflow/example_dags/example_short_circuit_operator.py
[2024-06-21T03:11:35.534+0000] {processor.py:830} INFO - Processing file /home/airflow/.local/lib/python3.12/site-packages/airflow/example_dags/example_short_circuit_operator.py for tasks to queue
[2024-06-21T03:11:35.535+0000] {logging_mixin.py:188} INFO - [2024-06-21T03:11:35.535+0000] {dagbag.py:545} INFO - Filling up the DagBag from /home/airflow/.local/lib/python3.12/site-packages/airflow/example_dags/example_short_circuit_operator.py
[2024-06-21T03:11:35.541+0000] {processor.py:840} INFO - DAG(s) 'example_short_circuit_operator' retrieved from /home/airflow/.local/lib/python3.12/site-packages/airflow/example_dags/example_short_circuit_operator.py
[2024-06-21T03:11:35.555+0000] {logging_mixin.py:188} INFO - [2024-06-21T03:11:35.555+0000] {dag.py:3096} INFO - Sync 1 DAGs
[2024-06-21T03:11:35.565+0000] {logging_mixin.py:188} INFO - [2024-06-21T03:11:35.565+0000] {dag.py:3954} INFO - Setting next_dagrun for example_short_circuit_operator to 2024-06-20 00:00:00+00:00, run_after=2024-06-21 00:00:00+00:00
[2024-06-21T03:11:35.664+0000] {processor.py:183} INFO - Processing /home/airflow/.local/lib/python3.12/site-packages/airflow/example_dags/example_short_circuit_operator.py took 0.134 seconds
[2024-06-21T03:12:05.703+0000] {processor.py:161} INFO - Started process (PID=3571) to work on /home/airflow/.local/lib/python3.12/site-packages/airflow/example_dags/example_short_circuit_operator.py
[2024-06-21T03:12:05.704+0000] {processor.py:830} INFO - Processing file /home/airflow/.local/lib/python3.12/site-packages/airflow/example_dags/example_short_circuit_operator.py for tasks to queue
[2024-06-21T03:12:05.705+0000] {logging_mixin.py:188} INFO - [2024-06-21T03:12:05.705+0000] {dagbag.py:545} INFO - Filling up the DagBag from /home/airflow/.local/lib/python3.12/site-packages/airflow/example_dags/example_short_circuit_operator.py
[2024-06-21T03:12:05.709+0000] {processor.py:840} INFO - DAG(s) 'example_short_circuit_operator' retrieved from /home/airflow/.local/lib/python3.12/site-packages/airflow/example_dags/example_short_circuit_operator.py
[2024-06-21T03:12:05.722+0000] {logging_mixin.py:188} INFO - [2024-06-21T03:12:05.722+0000] {dag.py:3096} INFO - Sync 1 DAGs
[2024-06-21T03:12:05.732+0000] {logging_mixin.py:188} INFO - [2024-06-21T03:12:05.732+0000] {dag.py:3954} INFO - Setting next_dagrun for example_short_circuit_operator to 2024-06-20 00:00:00+00:00, run_after=2024-06-21 00:00:00+00:00
[2024-06-21T03:12:05.742+0000] {processor.py:183} INFO - Processing /home/airflow/.local/lib/python3.12/site-packages/airflow/example_dags/example_short_circuit_operator.py took 0.042 seconds
[2024-06-21T03:12:36.447+0000] {processor.py:161} INFO - Started process (PID=3833) to work on /home/airflow/.local/lib/python3.12/site-packages/airflow/example_dags/example_short_circuit_operator.py
[2024-06-21T03:12:36.448+0000] {processor.py:830} INFO - Processing file /home/airflow/.local/lib/python3.12/site-packages/airflow/example_dags/example_short_circuit_operator.py for tasks to queue
[2024-06-21T03:12:36.449+0000] {logging_mixin.py:188} INFO - [2024-06-21T03:12:36.449+0000] {dagbag.py:545} INFO - Filling up the DagBag from /home/airflow/.local/lib/python3.12/site-packages/airflow/example_dags/example_short_circuit_operator.py
[2024-06-21T03:12:36.452+0000] {processor.py:840} INFO - DAG(s) 'example_short_circuit_operator' retrieved from /home/airflow/.local/lib/python3.12/site-packages/airflow/example_dags/example_short_circuit_operator.py
[2024-06-21T03:12:36.465+0000] {logging_mixin.py:188} INFO - [2024-06-21T03:12:36.464+0000] {dag.py:3096} INFO - Sync 1 DAGs
[2024-06-21T03:12:36.477+0000] {logging_mixin.py:188} INFO - [2024-06-21T03:12:36.477+0000] {dag.py:3954} INFO - Setting next_dagrun for example_short_circuit_operator to 2024-06-20 00:00:00+00:00, run_after=2024-06-21 00:00:00+00:00
[2024-06-21T03:12:36.487+0000] {processor.py:183} INFO - Processing /home/airflow/.local/lib/python3.12/site-packages/airflow/example_dags/example_short_circuit_operator.py took 0.043 seconds
[2024-06-21T03:13:07.284+0000] {processor.py:161} INFO - Started process (PID=4095) to work on /home/airflow/.local/lib/python3.12/site-packages/airflow/example_dags/example_short_circuit_operator.py
[2024-06-21T03:13:07.285+0000] {processor.py:830} INFO - Processing file /home/airflow/.local/lib/python3.12/site-packages/airflow/example_dags/example_short_circuit_operator.py for tasks to queue
[2024-06-21T03:13:07.286+0000] {logging_mixin.py:188} INFO - [2024-06-21T03:13:07.286+0000] {dagbag.py:545} INFO - Filling up the DagBag from /home/airflow/.local/lib/python3.12/site-packages/airflow/example_dags/example_short_circuit_operator.py
[2024-06-21T03:13:07.290+0000] {processor.py:840} INFO - DAG(s) 'example_short_circuit_operator' retrieved from /home/airflow/.local/lib/python3.12/site-packages/airflow/example_dags/example_short_circuit_operator.py
[2024-06-21T03:13:07.302+0000] {logging_mixin.py:188} INFO - [2024-06-21T03:13:07.302+0000] {dag.py:3096} INFO - Sync 1 DAGs
[2024-06-21T03:13:07.314+0000] {logging_mixin.py:188} INFO - [2024-06-21T03:13:07.314+0000] {dag.py:3954} INFO - Setting next_dagrun for example_short_circuit_operator to 2024-06-20 00:00:00+00:00, run_after=2024-06-21 00:00:00+00:00
[2024-06-21T03:13:07.324+0000] {processor.py:183} INFO - Processing /home/airflow/.local/lib/python3.12/site-packages/airflow/example_dags/example_short_circuit_operator.py took 0.042 seconds
[2024-06-21T03:13:38.095+0000] {processor.py:161} INFO - Started process (PID=4357) to work on /home/airflow/.local/lib/python3.12/site-packages/airflow/example_dags/example_short_circuit_operator.py
[2024-06-21T03:13:38.096+0000] {processor.py:830} INFO - Processing file /home/airflow/.local/lib/python3.12/site-packages/airflow/example_dags/example_short_circuit_operator.py for tasks to queue
[2024-06-21T03:13:38.097+0000] {logging_mixin.py:188} INFO - [2024-06-21T03:13:38.097+0000] {dagbag.py:545} INFO - Filling up the DagBag from /home/airflow/.local/lib/python3.12/site-packages/airflow/example_dags/example_short_circuit_operator.py
[2024-06-21T03:13:38.101+0000] {processor.py:840} INFO - DAG(s) 'example_short_circuit_operator' retrieved from /home/airflow/.local/lib/python3.12/site-packages/airflow/example_dags/example_short_circuit_operator.py
[2024-06-21T03:13:38.113+0000] {logging_mixin.py:188} INFO - [2024-06-21T03:13:38.113+0000] {dag.py:3096} INFO - Sync 1 DAGs
[2024-06-21T03:13:38.124+0000] {logging_mixin.py:188} INFO - [2024-06-21T03:13:38.124+0000] {dag.py:3954} INFO - Setting next_dagrun for example_short_circuit_operator to 2024-06-20 00:00:00+00:00, run_after=2024-06-21 00:00:00+00:00
[2024-06-21T03:13:38.134+0000] {processor.py:183} INFO - Processing /home/airflow/.local/lib/python3.12/site-packages/airflow/example_dags/example_short_circuit_operator.py took 0.043 seconds
[2024-06-21T03:14:08.819+0000] {processor.py:161} INFO - Started process (PID=4619) to work on /home/airflow/.local/lib/python3.12/site-packages/airflow/example_dags/example_short_circuit_operator.py
[2024-06-21T03:14:08.819+0000] {processor.py:830} INFO - Processing file /home/airflow/.local/lib/python3.12/site-packages/airflow/example_dags/example_short_circuit_operator.py for tasks to queue
[2024-06-21T03:14:08.821+0000] {logging_mixin.py:188} INFO - [2024-06-21T03:14:08.820+0000] {dagbag.py:545} INFO - Filling up the DagBag from /home/airflow/.local/lib/python3.12/site-packages/airflow/example_dags/example_short_circuit_operator.py
[2024-06-21T03:14:08.824+0000] {processor.py:840} INFO - DAG(s) 'example_short_circuit_operator' retrieved from /home/airflow/.local/lib/python3.12/site-packages/airflow/example_dags/example_short_circuit_operator.py
[2024-06-21T03:14:08.836+0000] {logging_mixin.py:188} INFO - [2024-06-21T03:14:08.836+0000] {dag.py:3096} INFO - Sync 1 DAGs
[2024-06-21T03:14:08.847+0000] {logging_mixin.py:188} INFO - [2024-06-21T03:14:08.846+0000] {dag.py:3954} INFO - Setting next_dagrun for example_short_circuit_operator to 2024-06-20 00:00:00+00:00, run_after=2024-06-21 00:00:00+00:00
[2024-06-21T03:14:08.856+0000] {processor.py:183} INFO - Processing /home/airflow/.local/lib/python3.12/site-packages/airflow/example_dags/example_short_circuit_operator.py took 0.041 seconds
[2024-06-21T03:14:39.556+0000] {processor.py:161} INFO - Started process (PID=4881) to work on /home/airflow/.local/lib/python3.12/site-packages/airflow/example_dags/example_short_circuit_operator.py
[2024-06-21T03:14:39.557+0000] {processor.py:830} INFO - Processing file /home/airflow/.local/lib/python3.12/site-packages/airflow/example_dags/example_short_circuit_operator.py for tasks to queue
[2024-06-21T03:14:39.558+0000] {logging_mixin.py:188} INFO - [2024-06-21T03:14:39.558+0000] {dagbag.py:545} INFO - Filling up the DagBag from /home/airflow/.local/lib/python3.12/site-packages/airflow/example_dags/example_short_circuit_operator.py
[2024-06-21T03:14:39.562+0000] {processor.py:840} INFO - DAG(s) 'example_short_circuit_operator' retrieved from /home/airflow/.local/lib/python3.12/site-packages/airflow/example_dags/example_short_circuit_operator.py
[2024-06-21T03:14:39.575+0000] {logging_mixin.py:188} INFO - [2024-06-21T03:14:39.575+0000] {dag.py:3096} INFO - Sync 1 DAGs
[2024-06-21T03:14:39.585+0000] {logging_mixin.py:188} INFO - [2024-06-21T03:14:39.585+0000] {dag.py:3954} INFO - Setting next_dagrun for example_short_circuit_operator to 2024-06-20 00:00:00+00:00, run_after=2024-06-21 00:00:00+00:00
[2024-06-21T03:14:39.595+0000] {processor.py:183} INFO - Processing /home/airflow/.local/lib/python3.12/site-packages/airflow/example_dags/example_short_circuit_operator.py took 0.042 seconds
[2024-06-21T03:15:10.210+0000] {processor.py:161} INFO - Started process (PID=5143) to work on /home/airflow/.local/lib/python3.12/site-packages/airflow/example_dags/example_short_circuit_operator.py
[2024-06-21T03:15:10.210+0000] {processor.py:830} INFO - Processing file /home/airflow/.local/lib/python3.12/site-packages/airflow/example_dags/example_short_circuit_operator.py for tasks to queue
[2024-06-21T03:15:10.211+0000] {logging_mixin.py:188} INFO - [2024-06-21T03:15:10.211+0000] {dagbag.py:545} INFO - Filling up the DagBag from /home/airflow/.local/lib/python3.12/site-packages/airflow/example_dags/example_short_circuit_operator.py
[2024-06-21T03:15:10.215+0000] {processor.py:840} INFO - DAG(s) 'example_short_circuit_operator' retrieved from /home/airflow/.local/lib/python3.12/site-packages/airflow/example_dags/example_short_circuit_operator.py
[2024-06-21T03:15:10.227+0000] {logging_mixin.py:188} INFO - [2024-06-21T03:15:10.227+0000] {dag.py:3096} INFO - Sync 1 DAGs
[2024-06-21T03:15:10.236+0000] {logging_mixin.py:188} INFO - [2024-06-21T03:15:10.236+0000] {dag.py:3954} INFO - Setting next_dagrun for example_short_circuit_operator to 2024-06-20 00:00:00+00:00, run_after=2024-06-21 00:00:00+00:00
[2024-06-21T03:15:10.245+0000] {processor.py:183} INFO - Processing /home/airflow/.local/lib/python3.12/site-packages/airflow/example_dags/example_short_circuit_operator.py took 0.039 seconds
[2024-06-21T03:15:41.090+0000] {processor.py:161} INFO - Started process (PID=5405) to work on /home/airflow/.local/lib/python3.12/site-packages/airflow/example_dags/example_short_circuit_operator.py
[2024-06-21T03:15:41.091+0000] {processor.py:830} INFO - Processing file /home/airflow/.local/lib/python3.12/site-packages/airflow/example_dags/example_short_circuit_operator.py for tasks to queue
[2024-06-21T03:15:41.092+0000] {logging_mixin.py:188} INFO - [2024-06-21T03:15:41.092+0000] {dagbag.py:545} INFO - Filling up the DagBag from /home/airflow/.local/lib/python3.12/site-packages/airflow/example_dags/example_short_circuit_operator.py
[2024-06-21T03:15:41.096+0000] {processor.py:840} INFO - DAG(s) 'example_short_circuit_operator' retrieved from /home/airflow/.local/lib/python3.12/site-packages/airflow/example_dags/example_short_circuit_operator.py
[2024-06-21T03:15:41.108+0000] {logging_mixin.py:188} INFO - [2024-06-21T03:15:41.107+0000] {dag.py:3096} INFO - Sync 1 DAGs
[2024-06-21T03:15:41.117+0000] {logging_mixin.py:188} INFO - [2024-06-21T03:15:41.117+0000] {dag.py:3954} INFO - Setting next_dagrun for example_short_circuit_operator to 2024-06-20 00:00:00+00:00, run_after=2024-06-21 00:00:00+00:00
[2024-06-21T03:15:41.126+0000] {processor.py:183} INFO - Processing /home/airflow/.local/lib/python3.12/site-packages/airflow/example_dags/example_short_circuit_operator.py took 0.039 seconds
[2024-06-21T03:16:11.194+0000] {processor.py:161} INFO - Started process (PID=5667) to work on /home/airflow/.local/lib/python3.12/site-packages/airflow/example_dags/example_short_circuit_operator.py
[2024-06-21T03:16:11.195+0000] {processor.py:830} INFO - Processing file /home/airflow/.local/lib/python3.12/site-packages/airflow/example_dags/example_short_circuit_operator.py for tasks to queue
[2024-06-21T03:16:11.197+0000] {logging_mixin.py:188} INFO - [2024-06-21T03:16:11.197+0000] {dagbag.py:545} INFO - Filling up the DagBag from /home/airflow/.local/lib/python3.12/site-packages/airflow/example_dags/example_short_circuit_operator.py
[2024-06-21T03:16:11.201+0000] {processor.py:840} INFO - DAG(s) 'example_short_circuit_operator' retrieved from /home/airflow/.local/lib/python3.12/site-packages/airflow/example_dags/example_short_circuit_operator.py
[2024-06-21T03:16:11.213+0000] {logging_mixin.py:188} INFO - [2024-06-21T03:16:11.213+0000] {dag.py:3096} INFO - Sync 1 DAGs
[2024-06-21T03:16:11.223+0000] {logging_mixin.py:188} INFO - [2024-06-21T03:16:11.223+0000] {dag.py:3954} INFO - Setting next_dagrun for example_short_circuit_operator to 2024-06-20 00:00:00+00:00, run_after=2024-06-21 00:00:00+00:00
[2024-06-21T03:16:11.232+0000] {processor.py:183} INFO - Processing /home/airflow/.local/lib/python3.12/site-packages/airflow/example_dags/example_short_circuit_operator.py took 0.040 seconds
[2024-06-21T03:16:42.003+0000] {processor.py:161} INFO - Started process (PID=5929) to work on /home/airflow/.local/lib/python3.12/site-packages/airflow/example_dags/example_short_circuit_operator.py
[2024-06-21T03:16:42.003+0000] {processor.py:830} INFO - Processing file /home/airflow/.local/lib/python3.12/site-packages/airflow/example_dags/example_short_circuit_operator.py for tasks to queue
[2024-06-21T03:16:42.005+0000] {logging_mixin.py:188} INFO - [2024-06-21T03:16:42.004+0000] {dagbag.py:545} INFO - Filling up the DagBag from /home/airflow/.local/lib/python3.12/site-packages/airflow/example_dags/example_short_circuit_operator.py
[2024-06-21T03:16:42.008+0000] {processor.py:840} INFO - DAG(s) 'example_short_circuit_operator' retrieved from /home/airflow/.local/lib/python3.12/site-packages/airflow/example_dags/example_short_circuit_operator.py
[2024-06-21T03:16:42.020+0000] {logging_mixin.py:188} INFO - [2024-06-21T03:16:42.020+0000] {dag.py:3096} INFO - Sync 1 DAGs
[2024-06-21T03:16:42.030+0000] {logging_mixin.py:188} INFO - [2024-06-21T03:16:42.030+0000] {dag.py:3954} INFO - Setting next_dagrun for example_short_circuit_operator to 2024-06-20 00:00:00+00:00, run_after=2024-06-21 00:00:00+00:00
[2024-06-21T03:16:42.039+0000] {processor.py:183} INFO - Processing /home/airflow/.local/lib/python3.12/site-packages/airflow/example_dags/example_short_circuit_operator.py took 0.040 seconds
[2024-06-21T03:17:12.859+0000] {processor.py:161} INFO - Started process (PID=6191) to work on /home/airflow/.local/lib/python3.12/site-packages/airflow/example_dags/example_short_circuit_operator.py
[2024-06-21T03:17:12.860+0000] {processor.py:830} INFO - Processing file /home/airflow/.local/lib/python3.12/site-packages/airflow/example_dags/example_short_circuit_operator.py for tasks to queue
[2024-06-21T03:17:12.861+0000] {logging_mixin.py:188} INFO - [2024-06-21T03:17:12.861+0000] {dagbag.py:545} INFO - Filling up the DagBag from /home/airflow/.local/lib/python3.12/site-packages/airflow/example_dags/example_short_circuit_operator.py
[2024-06-21T03:17:12.865+0000] {processor.py:840} INFO - DAG(s) 'example_short_circuit_operator' retrieved from /home/airflow/.local/lib/python3.12/site-packages/airflow/example_dags/example_short_circuit_operator.py
[2024-06-21T03:17:12.877+0000] {logging_mixin.py:188} INFO - [2024-06-21T03:17:12.876+0000] {dag.py:3096} INFO - Sync 1 DAGs
[2024-06-21T03:17:12.887+0000] {logging_mixin.py:188} INFO - [2024-06-21T03:17:12.887+0000] {dag.py:3954} INFO - Setting next_dagrun for example_short_circuit_operator to 2024-06-20 00:00:00+00:00, run_after=2024-06-21 00:00:00+00:00
[2024-06-21T03:17:12.897+0000] {processor.py:183} INFO - Processing /home/airflow/.local/lib/python3.12/site-packages/airflow/example_dags/example_short_circuit_operator.py took 0.040 seconds
[2024-06-21T03:17:43.049+0000] {processor.py:161} INFO - Started process (PID=6453) to work on /home/airflow/.local/lib/python3.12/site-packages/airflow/example_dags/example_short_circuit_operator.py
[2024-06-21T03:17:43.049+0000] {processor.py:830} INFO - Processing file /home/airflow/.local/lib/python3.12/site-packages/airflow/example_dags/example_short_circuit_operator.py for tasks to queue
[2024-06-21T03:17:43.051+0000] {logging_mixin.py:188} INFO - [2024-06-21T03:17:43.051+0000] {dagbag.py:545} INFO - Filling up the DagBag from /home/airflow/.local/lib/python3.12/site-packages/airflow/example_dags/example_short_circuit_operator.py
[2024-06-21T03:17:43.055+0000] {processor.py:840} INFO - DAG(s) 'example_short_circuit_operator' retrieved from /home/airflow/.local/lib/python3.12/site-packages/airflow/example_dags/example_short_circuit_operator.py
[2024-06-21T03:17:43.067+0000] {logging_mixin.py:188} INFO - [2024-06-21T03:17:43.067+0000] {dag.py:3096} INFO - Sync 1 DAGs
[2024-06-21T03:17:43.077+0000] {logging_mixin.py:188} INFO - [2024-06-21T03:17:43.077+0000] {dag.py:3954} INFO - Setting next_dagrun for example_short_circuit_operator to 2024-06-20 00:00:00+00:00, run_after=2024-06-21 00:00:00+00:00
[2024-06-21T03:17:43.087+0000] {processor.py:183} INFO - Processing /home/airflow/.local/lib/python3.12/site-packages/airflow/example_dags/example_short_circuit_operator.py took 0.041 seconds
[2024-06-21T03:18:13.219+0000] {processor.py:161} INFO - Started process (PID=6715) to work on /home/airflow/.local/lib/python3.12/site-packages/airflow/example_dags/example_short_circuit_operator.py
[2024-06-21T03:18:13.219+0000] {processor.py:830} INFO - Processing file /home/airflow/.local/lib/python3.12/site-packages/airflow/example_dags/example_short_circuit_operator.py for tasks to queue
[2024-06-21T03:18:13.221+0000] {logging_mixin.py:188} INFO - [2024-06-21T03:18:13.221+0000] {dagbag.py:545} INFO - Filling up the DagBag from /home/airflow/.local/lib/python3.12/site-packages/airflow/example_dags/example_short_circuit_operator.py
[2024-06-21T03:18:13.225+0000] {processor.py:840} INFO - DAG(s) 'example_short_circuit_operator' retrieved from /home/airflow/.local/lib/python3.12/site-packages/airflow/example_dags/example_short_circuit_operator.py
[2024-06-21T03:18:13.238+0000] {logging_mixin.py:188} INFO - [2024-06-21T03:18:13.238+0000] {dag.py:3096} INFO - Sync 1 DAGs
[2024-06-21T03:18:13.248+0000] {logging_mixin.py:188} INFO - [2024-06-21T03:18:13.248+0000] {dag.py:3954} INFO - Setting next_dagrun for example_short_circuit_operator to 2024-06-20 00:00:00+00:00, run_after=2024-06-21 00:00:00+00:00
[2024-06-21T03:18:13.258+0000] {processor.py:183} INFO - Processing /home/airflow/.local/lib/python3.12/site-packages/airflow/example_dags/example_short_circuit_operator.py took 0.043 seconds
[2024-06-21T03:18:43.299+0000] {processor.py:161} INFO - Started process (PID=6977) to work on /home/airflow/.local/lib/python3.12/site-packages/airflow/example_dags/example_short_circuit_operator.py
[2024-06-21T03:18:43.299+0000] {processor.py:830} INFO - Processing file /home/airflow/.local/lib/python3.12/site-packages/airflow/example_dags/example_short_circuit_operator.py for tasks to queue
[2024-06-21T03:18:43.300+0000] {logging_mixin.py:188} INFO - [2024-06-21T03:18:43.300+0000] {dagbag.py:545} INFO - Filling up the DagBag from /home/airflow/.local/lib/python3.12/site-packages/airflow/example_dags/example_short_circuit_operator.py
[2024-06-21T03:18:43.304+0000] {processor.py:840} INFO - DAG(s) 'example_short_circuit_operator' retrieved from /home/airflow/.local/lib/python3.12/site-packages/airflow/example_dags/example_short_circuit_operator.py
[2024-06-21T03:18:43.316+0000] {logging_mixin.py:188} INFO - [2024-06-21T03:18:43.316+0000] {dag.py:3096} INFO - Sync 1 DAGs
[2024-06-21T03:18:43.326+0000] {logging_mixin.py:188} INFO - [2024-06-21T03:18:43.326+0000] {dag.py:3954} INFO - Setting next_dagrun for example_short_circuit_operator to 2024-06-20 00:00:00+00:00, run_after=2024-06-21 00:00:00+00:00
[2024-06-21T03:18:43.336+0000] {processor.py:183} INFO - Processing /home/airflow/.local/lib/python3.12/site-packages/airflow/example_dags/example_short_circuit_operator.py took 0.040 seconds
[2024-06-21T03:19:14.102+0000] {processor.py:161} INFO - Started process (PID=7239) to work on /home/airflow/.local/lib/python3.12/site-packages/airflow/example_dags/example_short_circuit_operator.py
[2024-06-21T03:19:14.103+0000] {processor.py:830} INFO - Processing file /home/airflow/.local/lib/python3.12/site-packages/airflow/example_dags/example_short_circuit_operator.py for tasks to queue
[2024-06-21T03:19:14.103+0000] {logging_mixin.py:188} INFO - [2024-06-21T03:19:14.103+0000] {dagbag.py:545} INFO - Filling up the DagBag from /home/airflow/.local/lib/python3.12/site-packages/airflow/example_dags/example_short_circuit_operator.py
[2024-06-21T03:19:14.108+0000] {processor.py:840} INFO - DAG(s) 'example_short_circuit_operator' retrieved from /home/airflow/.local/lib/python3.12/site-packages/airflow/example_dags/example_short_circuit_operator.py
[2024-06-21T03:19:14.119+0000] {logging_mixin.py:188} INFO - [2024-06-21T03:19:14.119+0000] {dag.py:3096} INFO - Sync 1 DAGs
[2024-06-21T03:19:14.129+0000] {logging_mixin.py:188} INFO - [2024-06-21T03:19:14.129+0000] {dag.py:3954} INFO - Setting next_dagrun for example_short_circuit_operator to 2024-06-20 00:00:00+00:00, run_after=2024-06-21 00:00:00+00:00
[2024-06-21T03:19:14.139+0000] {processor.py:183} INFO - Processing /home/airflow/.local/lib/python3.12/site-packages/airflow/example_dags/example_short_circuit_operator.py took 0.040 seconds
[2024-06-21T03:19:44.272+0000] {processor.py:161} INFO - Started process (PID=7500) to work on /home/airflow/.local/lib/python3.12/site-packages/airflow/example_dags/example_short_circuit_operator.py
[2024-06-21T03:19:44.273+0000] {processor.py:830} INFO - Processing file /home/airflow/.local/lib/python3.12/site-packages/airflow/example_dags/example_short_circuit_operator.py for tasks to queue
[2024-06-21T03:19:44.274+0000] {logging_mixin.py:188} INFO - [2024-06-21T03:19:44.274+0000] {dagbag.py:545} INFO - Filling up the DagBag from /home/airflow/.local/lib/python3.12/site-packages/airflow/example_dags/example_short_circuit_operator.py
[2024-06-21T03:19:44.278+0000] {processor.py:840} INFO - DAG(s) 'example_short_circuit_operator' retrieved from /home/airflow/.local/lib/python3.12/site-packages/airflow/example_dags/example_short_circuit_operator.py
[2024-06-21T03:19:44.291+0000] {logging_mixin.py:188} INFO - [2024-06-21T03:19:44.291+0000] {dag.py:3096} INFO - Sync 1 DAGs
[2024-06-21T03:19:44.301+0000] {logging_mixin.py:188} INFO - [2024-06-21T03:19:44.301+0000] {dag.py:3954} INFO - Setting next_dagrun for example_short_circuit_operator to 2024-06-20 00:00:00+00:00, run_after=2024-06-21 00:00:00+00:00
[2024-06-21T03:19:44.311+0000] {processor.py:183} INFO - Processing /home/airflow/.local/lib/python3.12/site-packages/airflow/example_dags/example_short_circuit_operator.py took 0.042 seconds
[2024-06-21T03:20:14.474+0000] {processor.py:161} INFO - Started process (PID=7762) to work on /home/airflow/.local/lib/python3.12/site-packages/airflow/example_dags/example_short_circuit_operator.py
[2024-06-21T03:20:14.475+0000] {processor.py:830} INFO - Processing file /home/airflow/.local/lib/python3.12/site-packages/airflow/example_dags/example_short_circuit_operator.py for tasks to queue
[2024-06-21T03:20:14.476+0000] {logging_mixin.py:188} INFO - [2024-06-21T03:20:14.476+0000] {dagbag.py:545} INFO - Filling up the DagBag from /home/airflow/.local/lib/python3.12/site-packages/airflow/example_dags/example_short_circuit_operator.py
[2024-06-21T03:20:14.480+0000] {processor.py:840} INFO - DAG(s) 'example_short_circuit_operator' retrieved from /home/airflow/.local/lib/python3.12/site-packages/airflow/example_dags/example_short_circuit_operator.py
[2024-06-21T03:20:14.493+0000] {logging_mixin.py:188} INFO - [2024-06-21T03:20:14.492+0000] {dag.py:3096} INFO - Sync 1 DAGs
[2024-06-21T03:20:14.504+0000] {logging_mixin.py:188} INFO - [2024-06-21T03:20:14.504+0000] {dag.py:3954} INFO - Setting next_dagrun for example_short_circuit_operator to 2024-06-20 00:00:00+00:00, run_after=2024-06-21 00:00:00+00:00
[2024-06-21T03:20:14.513+0000] {processor.py:183} INFO - Processing /home/airflow/.local/lib/python3.12/site-packages/airflow/example_dags/example_short_circuit_operator.py took 0.042 seconds
