[2024-06-21T03:05:55.442+0000] {processor.py:161} INFO - Started process (PID=168) to work on /home/airflow/.local/lib/python3.12/site-packages/airflow/example_dags/example_setup_teardown.py
[2024-06-21T03:05:55.446+0000] {processor.py:830} INFO - Processing file /home/airflow/.local/lib/python3.12/site-packages/airflow/example_dags/example_setup_teardown.py for tasks to queue
[2024-06-21T03:05:55.447+0000] {logging_mixin.py:188} INFO - [2024-06-21T03:05:55.447+0000] {dagbag.py:545} INFO - Filling up the DagBag from /home/airflow/.local/lib/python3.12/site-packages/airflow/example_dags/example_setup_teardown.py
[2024-06-21T03:05:55.455+0000] {processor.py:840} INFO - DAG(s) 'example_setup_teardown' retrieved from /home/airflow/.local/lib/python3.12/site-packages/airflow/example_dags/example_setup_teardown.py
[2024-06-21T03:05:55.471+0000] {logging_mixin.py:188} INFO - [2024-06-21T03:05:55.471+0000] {dag.py:3096} INFO - Sync 1 DAGs
[2024-06-21T03:05:55.483+0000] {logging_mixin.py:188} INFO - [2024-06-21T03:05:55.483+0000] {dag.py:3954} INFO - Setting next_dagrun for example_setup_teardown to 2024-06-20 00:00:00+00:00, run_after=2024-06-21 00:00:00+00:00
[2024-06-21T03:05:55.493+0000] {processor.py:183} INFO - Processing /home/airflow/.local/lib/python3.12/site-packages/airflow/example_dags/example_setup_teardown.py took 0.055 seconds
[2024-06-21T03:06:26.052+0000] {processor.py:161} INFO - Started process (PID=430) to work on /home/airflow/.local/lib/python3.12/site-packages/airflow/example_dags/example_setup_teardown.py
[2024-06-21T03:06:26.053+0000] {processor.py:830} INFO - Processing file /home/airflow/.local/lib/python3.12/site-packages/airflow/example_dags/example_setup_teardown.py for tasks to queue
[2024-06-21T03:06:26.054+0000] {logging_mixin.py:188} INFO - [2024-06-21T03:06:26.054+0000] {dagbag.py:545} INFO - Filling up the DagBag from /home/airflow/.local/lib/python3.12/site-packages/airflow/example_dags/example_setup_teardown.py
[2024-06-21T03:06:26.060+0000] {processor.py:840} INFO - DAG(s) 'example_setup_teardown' retrieved from /home/airflow/.local/lib/python3.12/site-packages/airflow/example_dags/example_setup_teardown.py
[2024-06-21T03:06:26.165+0000] {logging_mixin.py:188} INFO - [2024-06-21T03:06:26.165+0000] {dag.py:3096} INFO - Sync 1 DAGs
[2024-06-21T03:06:26.173+0000] {logging_mixin.py:188} INFO - [2024-06-21T03:06:26.173+0000] {dag.py:3954} INFO - Setting next_dagrun for example_setup_teardown to 2024-06-20 00:00:00+00:00, run_after=2024-06-21 00:00:00+00:00
[2024-06-21T03:06:26.183+0000] {processor.py:183} INFO - Processing /home/airflow/.local/lib/python3.12/site-packages/airflow/example_dags/example_setup_teardown.py took 0.145 seconds
[2024-06-21T03:06:56.918+0000] {processor.py:161} INFO - Started process (PID=692) to work on /home/airflow/.local/lib/python3.12/site-packages/airflow/example_dags/example_setup_teardown.py
[2024-06-21T03:06:56.919+0000] {processor.py:830} INFO - Processing file /home/airflow/.local/lib/python3.12/site-packages/airflow/example_dags/example_setup_teardown.py for tasks to queue
[2024-06-21T03:06:56.920+0000] {logging_mixin.py:188} INFO - [2024-06-21T03:06:56.920+0000] {dagbag.py:545} INFO - Filling up the DagBag from /home/airflow/.local/lib/python3.12/site-packages/airflow/example_dags/example_setup_teardown.py
[2024-06-21T03:06:56.926+0000] {processor.py:840} INFO - DAG(s) 'example_setup_teardown' retrieved from /home/airflow/.local/lib/python3.12/site-packages/airflow/example_dags/example_setup_teardown.py
[2024-06-21T03:06:56.940+0000] {logging_mixin.py:188} INFO - [2024-06-21T03:06:56.939+0000] {dag.py:3096} INFO - Sync 1 DAGs
[2024-06-21T03:06:56.951+0000] {logging_mixin.py:188} INFO - [2024-06-21T03:06:56.951+0000] {dag.py:3954} INFO - Setting next_dagrun for example_setup_teardown to 2024-06-20 00:00:00+00:00, run_after=2024-06-21 00:00:00+00:00
[2024-06-21T03:06:56.960+0000] {processor.py:183} INFO - Processing /home/airflow/.local/lib/python3.12/site-packages/airflow/example_dags/example_setup_teardown.py took 0.047 seconds
[2024-06-21T03:07:27.590+0000] {processor.py:161} INFO - Started process (PID=954) to work on /home/airflow/.local/lib/python3.12/site-packages/airflow/example_dags/example_setup_teardown.py
[2024-06-21T03:07:27.590+0000] {processor.py:830} INFO - Processing file /home/airflow/.local/lib/python3.12/site-packages/airflow/example_dags/example_setup_teardown.py for tasks to queue
[2024-06-21T03:07:27.591+0000] {logging_mixin.py:188} INFO - [2024-06-21T03:07:27.591+0000] {dagbag.py:545} INFO - Filling up the DagBag from /home/airflow/.local/lib/python3.12/site-packages/airflow/example_dags/example_setup_teardown.py
[2024-06-21T03:07:27.595+0000] {processor.py:840} INFO - DAG(s) 'example_setup_teardown' retrieved from /home/airflow/.local/lib/python3.12/site-packages/airflow/example_dags/example_setup_teardown.py
[2024-06-21T03:07:27.608+0000] {logging_mixin.py:188} INFO - [2024-06-21T03:07:27.608+0000] {dag.py:3096} INFO - Sync 1 DAGs
[2024-06-21T03:07:27.621+0000] {logging_mixin.py:188} INFO - [2024-06-21T03:07:27.621+0000] {dag.py:3954} INFO - Setting next_dagrun for example_setup_teardown to 2024-06-20 00:00:00+00:00, run_after=2024-06-21 00:00:00+00:00
[2024-06-21T03:07:27.632+0000] {processor.py:183} INFO - Processing /home/airflow/.local/lib/python3.12/site-packages/airflow/example_dags/example_setup_teardown.py took 0.046 seconds
[2024-06-21T03:07:58.247+0000] {processor.py:161} INFO - Started process (PID=1241) to work on /home/airflow/.local/lib/python3.12/site-packages/airflow/example_dags/example_setup_teardown.py
[2024-06-21T03:07:58.248+0000] {processor.py:830} INFO - Processing file /home/airflow/.local/lib/python3.12/site-packages/airflow/example_dags/example_setup_teardown.py for tasks to queue
[2024-06-21T03:07:58.249+0000] {logging_mixin.py:188} INFO - [2024-06-21T03:07:58.249+0000] {dagbag.py:545} INFO - Filling up the DagBag from /home/airflow/.local/lib/python3.12/site-packages/airflow/example_dags/example_setup_teardown.py
[2024-06-21T03:07:58.253+0000] {processor.py:840} INFO - DAG(s) 'example_setup_teardown' retrieved from /home/airflow/.local/lib/python3.12/site-packages/airflow/example_dags/example_setup_teardown.py
[2024-06-21T03:07:58.266+0000] {logging_mixin.py:188} INFO - [2024-06-21T03:07:58.266+0000] {dag.py:3096} INFO - Sync 1 DAGs
[2024-06-21T03:07:58.277+0000] {logging_mixin.py:188} INFO - [2024-06-21T03:07:58.277+0000] {dag.py:3954} INFO - Setting next_dagrun for example_setup_teardown to 2024-06-20 00:00:00+00:00, run_after=2024-06-21 00:00:00+00:00
[2024-06-21T03:07:58.286+0000] {processor.py:183} INFO - Processing /home/airflow/.local/lib/python3.12/site-packages/airflow/example_dags/example_setup_teardown.py took 0.043 seconds
[2024-06-21T03:08:28.875+0000] {processor.py:161} INFO - Started process (PID=1527) to work on /home/airflow/.local/lib/python3.12/site-packages/airflow/example_dags/example_setup_teardown.py
[2024-06-21T03:08:28.876+0000] {processor.py:830} INFO - Processing file /home/airflow/.local/lib/python3.12/site-packages/airflow/example_dags/example_setup_teardown.py for tasks to queue
[2024-06-21T03:08:28.877+0000] {logging_mixin.py:188} INFO - [2024-06-21T03:08:28.877+0000] {dagbag.py:545} INFO - Filling up the DagBag from /home/airflow/.local/lib/python3.12/site-packages/airflow/example_dags/example_setup_teardown.py
[2024-06-21T03:08:28.882+0000] {processor.py:840} INFO - DAG(s) 'example_setup_teardown' retrieved from /home/airflow/.local/lib/python3.12/site-packages/airflow/example_dags/example_setup_teardown.py
[2024-06-21T03:08:28.895+0000] {logging_mixin.py:188} INFO - [2024-06-21T03:08:28.895+0000] {dag.py:3096} INFO - Sync 1 DAGs
[2024-06-21T03:08:28.907+0000] {logging_mixin.py:188} INFO - [2024-06-21T03:08:28.907+0000] {dag.py:3954} INFO - Setting next_dagrun for example_setup_teardown to 2024-06-20 00:00:00+00:00, run_after=2024-06-21 00:00:00+00:00
[2024-06-21T03:08:28.918+0000] {processor.py:183} INFO - Processing /home/airflow/.local/lib/python3.12/site-packages/airflow/example_dags/example_setup_teardown.py took 0.048 seconds
[2024-06-21T03:08:59.621+0000] {processor.py:161} INFO - Started process (PID=1789) to work on /home/airflow/.local/lib/python3.12/site-packages/airflow/example_dags/example_setup_teardown.py
[2024-06-21T03:08:59.622+0000] {processor.py:830} INFO - Processing file /home/airflow/.local/lib/python3.12/site-packages/airflow/example_dags/example_setup_teardown.py for tasks to queue
[2024-06-21T03:08:59.623+0000] {logging_mixin.py:188} INFO - [2024-06-21T03:08:59.623+0000] {dagbag.py:545} INFO - Filling up the DagBag from /home/airflow/.local/lib/python3.12/site-packages/airflow/example_dags/example_setup_teardown.py
[2024-06-21T03:08:59.628+0000] {processor.py:840} INFO - DAG(s) 'example_setup_teardown' retrieved from /home/airflow/.local/lib/python3.12/site-packages/airflow/example_dags/example_setup_teardown.py
[2024-06-21T03:08:59.642+0000] {logging_mixin.py:188} INFO - [2024-06-21T03:08:59.642+0000] {dag.py:3096} INFO - Sync 1 DAGs
[2024-06-21T03:08:59.654+0000] {logging_mixin.py:188} INFO - [2024-06-21T03:08:59.653+0000] {dag.py:3954} INFO - Setting next_dagrun for example_setup_teardown to 2024-06-20 00:00:00+00:00, run_after=2024-06-21 00:00:00+00:00
[2024-06-21T03:08:59.663+0000] {processor.py:183} INFO - Processing /home/airflow/.local/lib/python3.12/site-packages/airflow/example_dags/example_setup_teardown.py took 0.046 seconds
[2024-06-21T03:09:30.253+0000] {processor.py:161} INFO - Started process (PID=2051) to work on /home/airflow/.local/lib/python3.12/site-packages/airflow/example_dags/example_setup_teardown.py
[2024-06-21T03:09:30.253+0000] {processor.py:830} INFO - Processing file /home/airflow/.local/lib/python3.12/site-packages/airflow/example_dags/example_setup_teardown.py for tasks to queue
[2024-06-21T03:09:30.255+0000] {logging_mixin.py:188} INFO - [2024-06-21T03:09:30.255+0000] {dagbag.py:545} INFO - Filling up the DagBag from /home/airflow/.local/lib/python3.12/site-packages/airflow/example_dags/example_setup_teardown.py
[2024-06-21T03:09:30.260+0000] {processor.py:840} INFO - DAG(s) 'example_setup_teardown' retrieved from /home/airflow/.local/lib/python3.12/site-packages/airflow/example_dags/example_setup_teardown.py
[2024-06-21T03:09:30.275+0000] {logging_mixin.py:188} INFO - [2024-06-21T03:09:30.275+0000] {dag.py:3096} INFO - Sync 1 DAGs
[2024-06-21T03:09:30.288+0000] {logging_mixin.py:188} INFO - [2024-06-21T03:09:30.288+0000] {dag.py:3954} INFO - Setting next_dagrun for example_setup_teardown to 2024-06-20 00:00:00+00:00, run_after=2024-06-21 00:00:00+00:00
[2024-06-21T03:09:30.299+0000] {processor.py:183} INFO - Processing /home/airflow/.local/lib/python3.12/site-packages/airflow/example_dags/example_setup_teardown.py took 0.052 seconds
[2024-06-21T03:10:00.935+0000] {processor.py:161} INFO - Started process (PID=2313) to work on /home/airflow/.local/lib/python3.12/site-packages/airflow/example_dags/example_setup_teardown.py
[2024-06-21T03:10:00.935+0000] {processor.py:830} INFO - Processing file /home/airflow/.local/lib/python3.12/site-packages/airflow/example_dags/example_setup_teardown.py for tasks to queue
[2024-06-21T03:10:00.936+0000] {logging_mixin.py:188} INFO - [2024-06-21T03:10:00.936+0000] {dagbag.py:545} INFO - Filling up the DagBag from /home/airflow/.local/lib/python3.12/site-packages/airflow/example_dags/example_setup_teardown.py
[2024-06-21T03:10:00.941+0000] {processor.py:840} INFO - DAG(s) 'example_setup_teardown' retrieved from /home/airflow/.local/lib/python3.12/site-packages/airflow/example_dags/example_setup_teardown.py
[2024-06-21T03:10:00.956+0000] {logging_mixin.py:188} INFO - [2024-06-21T03:10:00.955+0000] {dag.py:3096} INFO - Sync 1 DAGs
[2024-06-21T03:10:00.968+0000] {logging_mixin.py:188} INFO - [2024-06-21T03:10:00.968+0000] {dag.py:3954} INFO - Setting next_dagrun for example_setup_teardown to 2024-06-20 00:00:00+00:00, run_after=2024-06-21 00:00:00+00:00
[2024-06-21T03:10:00.980+0000] {processor.py:183} INFO - Processing /home/airflow/.local/lib/python3.12/site-packages/airflow/example_dags/example_setup_teardown.py took 0.049 seconds
[2024-06-21T03:10:31.702+0000] {processor.py:161} INFO - Started process (PID=2575) to work on /home/airflow/.local/lib/python3.12/site-packages/airflow/example_dags/example_setup_teardown.py
[2024-06-21T03:10:31.702+0000] {processor.py:830} INFO - Processing file /home/airflow/.local/lib/python3.12/site-packages/airflow/example_dags/example_setup_teardown.py for tasks to queue
[2024-06-21T03:10:31.703+0000] {logging_mixin.py:188} INFO - [2024-06-21T03:10:31.703+0000] {dagbag.py:545} INFO - Filling up the DagBag from /home/airflow/.local/lib/python3.12/site-packages/airflow/example_dags/example_setup_teardown.py
[2024-06-21T03:10:31.706+0000] {processor.py:840} INFO - DAG(s) 'example_setup_teardown' retrieved from /home/airflow/.local/lib/python3.12/site-packages/airflow/example_dags/example_setup_teardown.py
[2024-06-21T03:10:31.718+0000] {logging_mixin.py:188} INFO - [2024-06-21T03:10:31.718+0000] {dag.py:3096} INFO - Sync 1 DAGs
[2024-06-21T03:10:31.728+0000] {logging_mixin.py:188} INFO - [2024-06-21T03:10:31.728+0000] {dag.py:3954} INFO - Setting next_dagrun for example_setup_teardown to 2024-06-20 00:00:00+00:00, run_after=2024-06-21 00:00:00+00:00
[2024-06-21T03:10:31.739+0000] {processor.py:183} INFO - Processing /home/airflow/.local/lib/python3.12/site-packages/airflow/example_dags/example_setup_teardown.py took 0.040 seconds
[2024-06-21T03:11:02.450+0000] {processor.py:161} INFO - Started process (PID=2837) to work on /home/airflow/.local/lib/python3.12/site-packages/airflow/example_dags/example_setup_teardown.py
[2024-06-21T03:11:02.450+0000] {processor.py:830} INFO - Processing file /home/airflow/.local/lib/python3.12/site-packages/airflow/example_dags/example_setup_teardown.py for tasks to queue
[2024-06-21T03:11:02.451+0000] {logging_mixin.py:188} INFO - [2024-06-21T03:11:02.451+0000] {dagbag.py:545} INFO - Filling up the DagBag from /home/airflow/.local/lib/python3.12/site-packages/airflow/example_dags/example_setup_teardown.py
[2024-06-21T03:11:02.455+0000] {processor.py:840} INFO - DAG(s) 'example_setup_teardown' retrieved from /home/airflow/.local/lib/python3.12/site-packages/airflow/example_dags/example_setup_teardown.py
[2024-06-21T03:11:02.470+0000] {logging_mixin.py:188} INFO - [2024-06-21T03:11:02.470+0000] {dag.py:3096} INFO - Sync 1 DAGs
[2024-06-21T03:11:02.479+0000] {logging_mixin.py:188} INFO - [2024-06-21T03:11:02.479+0000] {dag.py:3954} INFO - Setting next_dagrun for example_setup_teardown to 2024-06-20 00:00:00+00:00, run_after=2024-06-21 00:00:00+00:00
[2024-06-21T03:11:02.491+0000] {processor.py:183} INFO - Processing /home/airflow/.local/lib/python3.12/site-packages/airflow/example_dags/example_setup_teardown.py took 0.045 seconds
[2024-06-21T03:11:33.236+0000] {processor.py:161} INFO - Started process (PID=3099) to work on /home/airflow/.local/lib/python3.12/site-packages/airflow/example_dags/example_setup_teardown.py
[2024-06-21T03:11:33.238+0000] {processor.py:830} INFO - Processing file /home/airflow/.local/lib/python3.12/site-packages/airflow/example_dags/example_setup_teardown.py for tasks to queue
[2024-06-21T03:11:33.240+0000] {logging_mixin.py:188} INFO - [2024-06-21T03:11:33.239+0000] {dagbag.py:545} INFO - Filling up the DagBag from /home/airflow/.local/lib/python3.12/site-packages/airflow/example_dags/example_setup_teardown.py
[2024-06-21T03:11:33.245+0000] {processor.py:840} INFO - DAG(s) 'example_setup_teardown' retrieved from /home/airflow/.local/lib/python3.12/site-packages/airflow/example_dags/example_setup_teardown.py
[2024-06-21T03:11:33.261+0000] {logging_mixin.py:188} INFO - [2024-06-21T03:11:33.261+0000] {dag.py:3096} INFO - Sync 1 DAGs
[2024-06-21T03:11:33.274+0000] {logging_mixin.py:188} INFO - [2024-06-21T03:11:33.273+0000] {dag.py:3954} INFO - Setting next_dagrun for example_setup_teardown to 2024-06-20 00:00:00+00:00, run_after=2024-06-21 00:00:00+00:00
[2024-06-21T03:11:33.285+0000] {processor.py:183} INFO - Processing /home/airflow/.local/lib/python3.12/site-packages/airflow/example_dags/example_setup_teardown.py took 0.054 seconds
[2024-06-21T03:12:03.339+0000] {processor.py:161} INFO - Started process (PID=3361) to work on /home/airflow/.local/lib/python3.12/site-packages/airflow/example_dags/example_setup_teardown.py
[2024-06-21T03:12:03.340+0000] {processor.py:830} INFO - Processing file /home/airflow/.local/lib/python3.12/site-packages/airflow/example_dags/example_setup_teardown.py for tasks to queue
[2024-06-21T03:12:03.341+0000] {logging_mixin.py:188} INFO - [2024-06-21T03:12:03.341+0000] {dagbag.py:545} INFO - Filling up the DagBag from /home/airflow/.local/lib/python3.12/site-packages/airflow/example_dags/example_setup_teardown.py
[2024-06-21T03:12:03.345+0000] {processor.py:840} INFO - DAG(s) 'example_setup_teardown' retrieved from /home/airflow/.local/lib/python3.12/site-packages/airflow/example_dags/example_setup_teardown.py
[2024-06-21T03:12:03.360+0000] {logging_mixin.py:188} INFO - [2024-06-21T03:12:03.359+0000] {dag.py:3096} INFO - Sync 1 DAGs
[2024-06-21T03:12:03.372+0000] {logging_mixin.py:188} INFO - [2024-06-21T03:12:03.372+0000] {dag.py:3954} INFO - Setting next_dagrun for example_setup_teardown to 2024-06-20 00:00:00+00:00, run_after=2024-06-21 00:00:00+00:00
[2024-06-21T03:12:03.382+0000] {processor.py:183} INFO - Processing /home/airflow/.local/lib/python3.12/site-packages/airflow/example_dags/example_setup_teardown.py took 0.048 seconds
[2024-06-21T03:12:34.131+0000] {processor.py:161} INFO - Started process (PID=3622) to work on /home/airflow/.local/lib/python3.12/site-packages/airflow/example_dags/example_setup_teardown.py
[2024-06-21T03:12:34.132+0000] {processor.py:830} INFO - Processing file /home/airflow/.local/lib/python3.12/site-packages/airflow/example_dags/example_setup_teardown.py for tasks to queue
[2024-06-21T03:12:34.134+0000] {logging_mixin.py:188} INFO - [2024-06-21T03:12:34.133+0000] {dagbag.py:545} INFO - Filling up the DagBag from /home/airflow/.local/lib/python3.12/site-packages/airflow/example_dags/example_setup_teardown.py
[2024-06-21T03:12:34.138+0000] {processor.py:840} INFO - DAG(s) 'example_setup_teardown' retrieved from /home/airflow/.local/lib/python3.12/site-packages/airflow/example_dags/example_setup_teardown.py
[2024-06-21T03:12:34.153+0000] {logging_mixin.py:188} INFO - [2024-06-21T03:12:34.153+0000] {dag.py:3096} INFO - Sync 1 DAGs
[2024-06-21T03:12:34.167+0000] {logging_mixin.py:188} INFO - [2024-06-21T03:12:34.167+0000] {dag.py:3954} INFO - Setting next_dagrun for example_setup_teardown to 2024-06-20 00:00:00+00:00, run_after=2024-06-21 00:00:00+00:00
[2024-06-21T03:12:34.179+0000] {processor.py:183} INFO - Processing /home/airflow/.local/lib/python3.12/site-packages/airflow/example_dags/example_setup_teardown.py took 0.053 seconds
[2024-06-21T03:13:04.884+0000] {processor.py:161} INFO - Started process (PID=3885) to work on /home/airflow/.local/lib/python3.12/site-packages/airflow/example_dags/example_setup_teardown.py
[2024-06-21T03:13:04.885+0000] {processor.py:830} INFO - Processing file /home/airflow/.local/lib/python3.12/site-packages/airflow/example_dags/example_setup_teardown.py for tasks to queue
[2024-06-21T03:13:04.887+0000] {logging_mixin.py:188} INFO - [2024-06-21T03:13:04.887+0000] {dagbag.py:545} INFO - Filling up the DagBag from /home/airflow/.local/lib/python3.12/site-packages/airflow/example_dags/example_setup_teardown.py
[2024-06-21T03:13:04.892+0000] {processor.py:840} INFO - DAG(s) 'example_setup_teardown' retrieved from /home/airflow/.local/lib/python3.12/site-packages/airflow/example_dags/example_setup_teardown.py
[2024-06-21T03:13:04.906+0000] {logging_mixin.py:188} INFO - [2024-06-21T03:13:04.906+0000] {dag.py:3096} INFO - Sync 1 DAGs
[2024-06-21T03:13:04.920+0000] {logging_mixin.py:188} INFO - [2024-06-21T03:13:04.920+0000] {dag.py:3954} INFO - Setting next_dagrun for example_setup_teardown to 2024-06-20 00:00:00+00:00, run_after=2024-06-21 00:00:00+00:00
[2024-06-21T03:13:04.929+0000] {processor.py:183} INFO - Processing /home/airflow/.local/lib/python3.12/site-packages/airflow/example_dags/example_setup_teardown.py took 0.049 seconds
[2024-06-21T03:13:35.760+0000] {processor.py:161} INFO - Started process (PID=4147) to work on /home/airflow/.local/lib/python3.12/site-packages/airflow/example_dags/example_setup_teardown.py
[2024-06-21T03:13:35.761+0000] {processor.py:830} INFO - Processing file /home/airflow/.local/lib/python3.12/site-packages/airflow/example_dags/example_setup_teardown.py for tasks to queue
[2024-06-21T03:13:35.763+0000] {logging_mixin.py:188} INFO - [2024-06-21T03:13:35.763+0000] {dagbag.py:545} INFO - Filling up the DagBag from /home/airflow/.local/lib/python3.12/site-packages/airflow/example_dags/example_setup_teardown.py
[2024-06-21T03:13:35.770+0000] {processor.py:840} INFO - DAG(s) 'example_setup_teardown' retrieved from /home/airflow/.local/lib/python3.12/site-packages/airflow/example_dags/example_setup_teardown.py
[2024-06-21T03:13:35.790+0000] {logging_mixin.py:188} INFO - [2024-06-21T03:13:35.790+0000] {dag.py:3096} INFO - Sync 1 DAGs
[2024-06-21T03:13:35.803+0000] {logging_mixin.py:188} INFO - [2024-06-21T03:13:35.802+0000] {dag.py:3954} INFO - Setting next_dagrun for example_setup_teardown to 2024-06-20 00:00:00+00:00, run_after=2024-06-21 00:00:00+00:00
[2024-06-21T03:13:35.813+0000] {processor.py:183} INFO - Processing /home/airflow/.local/lib/python3.12/site-packages/airflow/example_dags/example_setup_teardown.py took 0.061 seconds
[2024-06-21T03:14:06.540+0000] {processor.py:161} INFO - Started process (PID=4409) to work on /home/airflow/.local/lib/python3.12/site-packages/airflow/example_dags/example_setup_teardown.py
[2024-06-21T03:14:06.541+0000] {processor.py:830} INFO - Processing file /home/airflow/.local/lib/python3.12/site-packages/airflow/example_dags/example_setup_teardown.py for tasks to queue
[2024-06-21T03:14:06.543+0000] {logging_mixin.py:188} INFO - [2024-06-21T03:14:06.542+0000] {dagbag.py:545} INFO - Filling up the DagBag from /home/airflow/.local/lib/python3.12/site-packages/airflow/example_dags/example_setup_teardown.py
[2024-06-21T03:14:06.550+0000] {processor.py:840} INFO - DAG(s) 'example_setup_teardown' retrieved from /home/airflow/.local/lib/python3.12/site-packages/airflow/example_dags/example_setup_teardown.py
[2024-06-21T03:14:06.565+0000] {logging_mixin.py:188} INFO - [2024-06-21T03:14:06.565+0000] {dag.py:3096} INFO - Sync 1 DAGs
[2024-06-21T03:14:06.577+0000] {logging_mixin.py:188} INFO - [2024-06-21T03:14:06.577+0000] {dag.py:3954} INFO - Setting next_dagrun for example_setup_teardown to 2024-06-20 00:00:00+00:00, run_after=2024-06-21 00:00:00+00:00
[2024-06-21T03:14:06.588+0000] {processor.py:183} INFO - Processing /home/airflow/.local/lib/python3.12/site-packages/airflow/example_dags/example_setup_teardown.py took 0.054 seconds
[2024-06-21T03:14:37.284+0000] {processor.py:161} INFO - Started process (PID=4671) to work on /home/airflow/.local/lib/python3.12/site-packages/airflow/example_dags/example_setup_teardown.py
[2024-06-21T03:14:37.284+0000] {processor.py:830} INFO - Processing file /home/airflow/.local/lib/python3.12/site-packages/airflow/example_dags/example_setup_teardown.py for tasks to queue
[2024-06-21T03:14:37.286+0000] {logging_mixin.py:188} INFO - [2024-06-21T03:14:37.286+0000] {dagbag.py:545} INFO - Filling up the DagBag from /home/airflow/.local/lib/python3.12/site-packages/airflow/example_dags/example_setup_teardown.py
[2024-06-21T03:14:37.293+0000] {processor.py:840} INFO - DAG(s) 'example_setup_teardown' retrieved from /home/airflow/.local/lib/python3.12/site-packages/airflow/example_dags/example_setup_teardown.py
[2024-06-21T03:14:37.307+0000] {logging_mixin.py:188} INFO - [2024-06-21T03:14:37.307+0000] {dag.py:3096} INFO - Sync 1 DAGs
[2024-06-21T03:14:37.320+0000] {logging_mixin.py:188} INFO - [2024-06-21T03:14:37.320+0000] {dag.py:3954} INFO - Setting next_dagrun for example_setup_teardown to 2024-06-20 00:00:00+00:00, run_after=2024-06-21 00:00:00+00:00
[2024-06-21T03:14:37.331+0000] {processor.py:183} INFO - Processing /home/airflow/.local/lib/python3.12/site-packages/airflow/example_dags/example_setup_teardown.py took 0.052 seconds
[2024-06-21T03:15:07.986+0000] {processor.py:161} INFO - Started process (PID=4933) to work on /home/airflow/.local/lib/python3.12/site-packages/airflow/example_dags/example_setup_teardown.py
[2024-06-21T03:15:07.988+0000] {processor.py:830} INFO - Processing file /home/airflow/.local/lib/python3.12/site-packages/airflow/example_dags/example_setup_teardown.py for tasks to queue
[2024-06-21T03:15:07.990+0000] {logging_mixin.py:188} INFO - [2024-06-21T03:15:07.989+0000] {dagbag.py:545} INFO - Filling up the DagBag from /home/airflow/.local/lib/python3.12/site-packages/airflow/example_dags/example_setup_teardown.py
[2024-06-21T03:15:07.997+0000] {processor.py:840} INFO - DAG(s) 'example_setup_teardown' retrieved from /home/airflow/.local/lib/python3.12/site-packages/airflow/example_dags/example_setup_teardown.py
[2024-06-21T03:15:08.012+0000] {logging_mixin.py:188} INFO - [2024-06-21T03:15:08.012+0000] {dag.py:3096} INFO - Sync 1 DAGs
[2024-06-21T03:15:08.024+0000] {logging_mixin.py:188} INFO - [2024-06-21T03:15:08.024+0000] {dag.py:3954} INFO - Setting next_dagrun for example_setup_teardown to 2024-06-20 00:00:00+00:00, run_after=2024-06-21 00:00:00+00:00
[2024-06-21T03:15:08.035+0000] {processor.py:183} INFO - Processing /home/airflow/.local/lib/python3.12/site-packages/airflow/example_dags/example_setup_teardown.py took 0.056 seconds
[2024-06-21T03:15:38.685+0000] {processor.py:161} INFO - Started process (PID=5195) to work on /home/airflow/.local/lib/python3.12/site-packages/airflow/example_dags/example_setup_teardown.py
[2024-06-21T03:15:38.686+0000] {processor.py:830} INFO - Processing file /home/airflow/.local/lib/python3.12/site-packages/airflow/example_dags/example_setup_teardown.py for tasks to queue
[2024-06-21T03:15:38.688+0000] {logging_mixin.py:188} INFO - [2024-06-21T03:15:38.687+0000] {dagbag.py:545} INFO - Filling up the DagBag from /home/airflow/.local/lib/python3.12/site-packages/airflow/example_dags/example_setup_teardown.py
[2024-06-21T03:15:38.692+0000] {processor.py:840} INFO - DAG(s) 'example_setup_teardown' retrieved from /home/airflow/.local/lib/python3.12/site-packages/airflow/example_dags/example_setup_teardown.py
[2024-06-21T03:15:38.709+0000] {logging_mixin.py:188} INFO - [2024-06-21T03:15:38.709+0000] {dag.py:3096} INFO - Sync 1 DAGs
[2024-06-21T03:15:38.721+0000] {logging_mixin.py:188} INFO - [2024-06-21T03:15:38.721+0000] {dag.py:3954} INFO - Setting next_dagrun for example_setup_teardown to 2024-06-20 00:00:00+00:00, run_after=2024-06-21 00:00:00+00:00
[2024-06-21T03:15:38.732+0000] {processor.py:183} INFO - Processing /home/airflow/.local/lib/python3.12/site-packages/airflow/example_dags/example_setup_teardown.py took 0.052 seconds
[2024-06-21T03:16:08.908+0000] {processor.py:161} INFO - Started process (PID=5457) to work on /home/airflow/.local/lib/python3.12/site-packages/airflow/example_dags/example_setup_teardown.py
[2024-06-21T03:16:08.910+0000] {processor.py:830} INFO - Processing file /home/airflow/.local/lib/python3.12/site-packages/airflow/example_dags/example_setup_teardown.py for tasks to queue
[2024-06-21T03:16:08.911+0000] {logging_mixin.py:188} INFO - [2024-06-21T03:16:08.911+0000] {dagbag.py:545} INFO - Filling up the DagBag from /home/airflow/.local/lib/python3.12/site-packages/airflow/example_dags/example_setup_teardown.py
[2024-06-21T03:16:08.918+0000] {processor.py:840} INFO - DAG(s) 'example_setup_teardown' retrieved from /home/airflow/.local/lib/python3.12/site-packages/airflow/example_dags/example_setup_teardown.py
[2024-06-21T03:16:08.932+0000] {logging_mixin.py:188} INFO - [2024-06-21T03:16:08.932+0000] {dag.py:3096} INFO - Sync 1 DAGs
[2024-06-21T03:16:08.945+0000] {logging_mixin.py:188} INFO - [2024-06-21T03:16:08.945+0000] {dag.py:3954} INFO - Setting next_dagrun for example_setup_teardown to 2024-06-20 00:00:00+00:00, run_after=2024-06-21 00:00:00+00:00
[2024-06-21T03:16:08.955+0000] {processor.py:183} INFO - Processing /home/airflow/.local/lib/python3.12/site-packages/airflow/example_dags/example_setup_teardown.py took 0.053 seconds
[2024-06-21T03:16:39.721+0000] {processor.py:161} INFO - Started process (PID=5719) to work on /home/airflow/.local/lib/python3.12/site-packages/airflow/example_dags/example_setup_teardown.py
[2024-06-21T03:16:39.723+0000] {processor.py:830} INFO - Processing file /home/airflow/.local/lib/python3.12/site-packages/airflow/example_dags/example_setup_teardown.py for tasks to queue
[2024-06-21T03:16:39.725+0000] {logging_mixin.py:188} INFO - [2024-06-21T03:16:39.725+0000] {dagbag.py:545} INFO - Filling up the DagBag from /home/airflow/.local/lib/python3.12/site-packages/airflow/example_dags/example_setup_teardown.py
[2024-06-21T03:16:39.731+0000] {processor.py:840} INFO - DAG(s) 'example_setup_teardown' retrieved from /home/airflow/.local/lib/python3.12/site-packages/airflow/example_dags/example_setup_teardown.py
[2024-06-21T03:16:39.749+0000] {logging_mixin.py:188} INFO - [2024-06-21T03:16:39.749+0000] {dag.py:3096} INFO - Sync 1 DAGs
[2024-06-21T03:16:39.761+0000] {logging_mixin.py:188} INFO - [2024-06-21T03:16:39.761+0000] {dag.py:3954} INFO - Setting next_dagrun for example_setup_teardown to 2024-06-20 00:00:00+00:00, run_after=2024-06-21 00:00:00+00:00
[2024-06-21T03:16:39.772+0000] {processor.py:183} INFO - Processing /home/airflow/.local/lib/python3.12/site-packages/airflow/example_dags/example_setup_teardown.py took 0.058 seconds
[2024-06-21T03:17:10.528+0000] {processor.py:161} INFO - Started process (PID=5981) to work on /home/airflow/.local/lib/python3.12/site-packages/airflow/example_dags/example_setup_teardown.py
[2024-06-21T03:17:10.529+0000] {processor.py:830} INFO - Processing file /home/airflow/.local/lib/python3.12/site-packages/airflow/example_dags/example_setup_teardown.py for tasks to queue
[2024-06-21T03:17:10.531+0000] {logging_mixin.py:188} INFO - [2024-06-21T03:17:10.530+0000] {dagbag.py:545} INFO - Filling up the DagBag from /home/airflow/.local/lib/python3.12/site-packages/airflow/example_dags/example_setup_teardown.py
[2024-06-21T03:17:10.535+0000] {processor.py:840} INFO - DAG(s) 'example_setup_teardown' retrieved from /home/airflow/.local/lib/python3.12/site-packages/airflow/example_dags/example_setup_teardown.py
[2024-06-21T03:17:10.550+0000] {logging_mixin.py:188} INFO - [2024-06-21T03:17:10.550+0000] {dag.py:3096} INFO - Sync 1 DAGs
[2024-06-21T03:17:10.563+0000] {logging_mixin.py:188} INFO - [2024-06-21T03:17:10.562+0000] {dag.py:3954} INFO - Setting next_dagrun for example_setup_teardown to 2024-06-20 00:00:00+00:00, run_after=2024-06-21 00:00:00+00:00
[2024-06-21T03:17:10.574+0000] {processor.py:183} INFO - Processing /home/airflow/.local/lib/python3.12/site-packages/airflow/example_dags/example_setup_teardown.py took 0.051 seconds
[2024-06-21T03:17:40.619+0000] {processor.py:161} INFO - Started process (PID=6243) to work on /home/airflow/.local/lib/python3.12/site-packages/airflow/example_dags/example_setup_teardown.py
[2024-06-21T03:17:40.623+0000] {processor.py:830} INFO - Processing file /home/airflow/.local/lib/python3.12/site-packages/airflow/example_dags/example_setup_teardown.py for tasks to queue
[2024-06-21T03:17:40.624+0000] {logging_mixin.py:188} INFO - [2024-06-21T03:17:40.624+0000] {dagbag.py:545} INFO - Filling up the DagBag from /home/airflow/.local/lib/python3.12/site-packages/airflow/example_dags/example_setup_teardown.py
[2024-06-21T03:17:40.628+0000] {processor.py:840} INFO - DAG(s) 'example_setup_teardown' retrieved from /home/airflow/.local/lib/python3.12/site-packages/airflow/example_dags/example_setup_teardown.py
[2024-06-21T03:17:40.641+0000] {logging_mixin.py:188} INFO - [2024-06-21T03:17:40.641+0000] {dag.py:3096} INFO - Sync 1 DAGs
[2024-06-21T03:17:40.656+0000] {logging_mixin.py:188} INFO - [2024-06-21T03:17:40.656+0000] {dag.py:3954} INFO - Setting next_dagrun for example_setup_teardown to 2024-06-20 00:00:00+00:00, run_after=2024-06-21 00:00:00+00:00
[2024-06-21T03:17:40.669+0000] {processor.py:183} INFO - Processing /home/airflow/.local/lib/python3.12/site-packages/airflow/example_dags/example_setup_teardown.py took 0.058 seconds
[2024-06-21T03:18:10.787+0000] {processor.py:161} INFO - Started process (PID=6505) to work on /home/airflow/.local/lib/python3.12/site-packages/airflow/example_dags/example_setup_teardown.py
[2024-06-21T03:18:10.788+0000] {processor.py:830} INFO - Processing file /home/airflow/.local/lib/python3.12/site-packages/airflow/example_dags/example_setup_teardown.py for tasks to queue
[2024-06-21T03:18:10.790+0000] {logging_mixin.py:188} INFO - [2024-06-21T03:18:10.789+0000] {dagbag.py:545} INFO - Filling up the DagBag from /home/airflow/.local/lib/python3.12/site-packages/airflow/example_dags/example_setup_teardown.py
[2024-06-21T03:18:10.794+0000] {processor.py:840} INFO - DAG(s) 'example_setup_teardown' retrieved from /home/airflow/.local/lib/python3.12/site-packages/airflow/example_dags/example_setup_teardown.py
[2024-06-21T03:18:10.808+0000] {logging_mixin.py:188} INFO - [2024-06-21T03:18:10.808+0000] {dag.py:3096} INFO - Sync 1 DAGs
[2024-06-21T03:18:10.821+0000] {logging_mixin.py:188} INFO - [2024-06-21T03:18:10.821+0000] {dag.py:3954} INFO - Setting next_dagrun for example_setup_teardown to 2024-06-20 00:00:00+00:00, run_after=2024-06-21 00:00:00+00:00
[2024-06-21T03:18:10.832+0000] {processor.py:183} INFO - Processing /home/airflow/.local/lib/python3.12/site-packages/airflow/example_dags/example_setup_teardown.py took 0.051 seconds
[2024-06-21T03:18:40.960+0000] {processor.py:161} INFO - Started process (PID=6767) to work on /home/airflow/.local/lib/python3.12/site-packages/airflow/example_dags/example_setup_teardown.py
[2024-06-21T03:18:40.961+0000] {processor.py:830} INFO - Processing file /home/airflow/.local/lib/python3.12/site-packages/airflow/example_dags/example_setup_teardown.py for tasks to queue
[2024-06-21T03:18:40.963+0000] {logging_mixin.py:188} INFO - [2024-06-21T03:18:40.963+0000] {dagbag.py:545} INFO - Filling up the DagBag from /home/airflow/.local/lib/python3.12/site-packages/airflow/example_dags/example_setup_teardown.py
[2024-06-21T03:18:40.969+0000] {processor.py:840} INFO - DAG(s) 'example_setup_teardown' retrieved from /home/airflow/.local/lib/python3.12/site-packages/airflow/example_dags/example_setup_teardown.py
[2024-06-21T03:18:40.986+0000] {logging_mixin.py:188} INFO - [2024-06-21T03:18:40.986+0000] {dag.py:3096} INFO - Sync 1 DAGs
[2024-06-21T03:18:40.998+0000] {logging_mixin.py:188} INFO - [2024-06-21T03:18:40.998+0000] {dag.py:3954} INFO - Setting next_dagrun for example_setup_teardown to 2024-06-20 00:00:00+00:00, run_after=2024-06-21 00:00:00+00:00
[2024-06-21T03:18:41.010+0000] {processor.py:183} INFO - Processing /home/airflow/.local/lib/python3.12/site-packages/airflow/example_dags/example_setup_teardown.py took 0.056 seconds
[2024-06-21T03:19:11.750+0000] {processor.py:161} INFO - Started process (PID=7029) to work on /home/airflow/.local/lib/python3.12/site-packages/airflow/example_dags/example_setup_teardown.py
[2024-06-21T03:19:11.751+0000] {processor.py:830} INFO - Processing file /home/airflow/.local/lib/python3.12/site-packages/airflow/example_dags/example_setup_teardown.py for tasks to queue
[2024-06-21T03:19:11.753+0000] {logging_mixin.py:188} INFO - [2024-06-21T03:19:11.753+0000] {dagbag.py:545} INFO - Filling up the DagBag from /home/airflow/.local/lib/python3.12/site-packages/airflow/example_dags/example_setup_teardown.py
[2024-06-21T03:19:11.758+0000] {processor.py:840} INFO - DAG(s) 'example_setup_teardown' retrieved from /home/airflow/.local/lib/python3.12/site-packages/airflow/example_dags/example_setup_teardown.py
[2024-06-21T03:19:11.772+0000] {logging_mixin.py:188} INFO - [2024-06-21T03:19:11.772+0000] {dag.py:3096} INFO - Sync 1 DAGs
[2024-06-21T03:19:11.784+0000] {logging_mixin.py:188} INFO - [2024-06-21T03:19:11.784+0000] {dag.py:3954} INFO - Setting next_dagrun for example_setup_teardown to 2024-06-20 00:00:00+00:00, run_after=2024-06-21 00:00:00+00:00
[2024-06-21T03:19:11.794+0000] {processor.py:183} INFO - Processing /home/airflow/.local/lib/python3.12/site-packages/airflow/example_dags/example_setup_teardown.py took 0.049 seconds
[2024-06-21T03:19:41.824+0000] {processor.py:161} INFO - Started process (PID=7287) to work on /home/airflow/.local/lib/python3.12/site-packages/airflow/example_dags/example_setup_teardown.py
[2024-06-21T03:19:41.826+0000] {processor.py:830} INFO - Processing file /home/airflow/.local/lib/python3.12/site-packages/airflow/example_dags/example_setup_teardown.py for tasks to queue
[2024-06-21T03:19:41.829+0000] {logging_mixin.py:188} INFO - [2024-06-21T03:19:41.829+0000] {dagbag.py:545} INFO - Filling up the DagBag from /home/airflow/.local/lib/python3.12/site-packages/airflow/example_dags/example_setup_teardown.py
[2024-06-21T03:19:41.836+0000] {processor.py:840} INFO - DAG(s) 'example_setup_teardown' retrieved from /home/airflow/.local/lib/python3.12/site-packages/airflow/example_dags/example_setup_teardown.py
[2024-06-21T03:19:41.852+0000] {logging_mixin.py:188} INFO - [2024-06-21T03:19:41.852+0000] {dag.py:3096} INFO - Sync 1 DAGs
[2024-06-21T03:19:41.865+0000] {logging_mixin.py:188} INFO - [2024-06-21T03:19:41.865+0000] {dag.py:3954} INFO - Setting next_dagrun for example_setup_teardown to 2024-06-20 00:00:00+00:00, run_after=2024-06-21 00:00:00+00:00
[2024-06-21T03:19:41.874+0000] {processor.py:183} INFO - Processing /home/airflow/.local/lib/python3.12/site-packages/airflow/example_dags/example_setup_teardown.py took 0.056 seconds
[2024-06-21T03:20:12.017+0000] {processor.py:161} INFO - Started process (PID=7552) to work on /home/airflow/.local/lib/python3.12/site-packages/airflow/example_dags/example_setup_teardown.py
[2024-06-21T03:20:12.018+0000] {processor.py:830} INFO - Processing file /home/airflow/.local/lib/python3.12/site-packages/airflow/example_dags/example_setup_teardown.py for tasks to queue
[2024-06-21T03:20:12.021+0000] {logging_mixin.py:188} INFO - [2024-06-21T03:20:12.020+0000] {dagbag.py:545} INFO - Filling up the DagBag from /home/airflow/.local/lib/python3.12/site-packages/airflow/example_dags/example_setup_teardown.py
[2024-06-21T03:20:12.027+0000] {processor.py:840} INFO - DAG(s) 'example_setup_teardown' retrieved from /home/airflow/.local/lib/python3.12/site-packages/airflow/example_dags/example_setup_teardown.py
[2024-06-21T03:20:12.044+0000] {logging_mixin.py:188} INFO - [2024-06-21T03:20:12.043+0000] {dag.py:3096} INFO - Sync 1 DAGs
[2024-06-21T03:20:12.055+0000] {logging_mixin.py:188} INFO - [2024-06-21T03:20:12.055+0000] {dag.py:3954} INFO - Setting next_dagrun for example_setup_teardown to 2024-06-20 00:00:00+00:00, run_after=2024-06-21 00:00:00+00:00
[2024-06-21T03:20:12.066+0000] {processor.py:183} INFO - Processing /home/airflow/.local/lib/python3.12/site-packages/airflow/example_dags/example_setup_teardown.py took 0.055 seconds
[2024-06-21T03:20:42.088+0000] {processor.py:161} INFO - Started process (PID=7811) to work on /home/airflow/.local/lib/python3.12/site-packages/airflow/example_dags/example_setup_teardown.py
[2024-06-21T03:20:42.089+0000] {processor.py:830} INFO - Processing file /home/airflow/.local/lib/python3.12/site-packages/airflow/example_dags/example_setup_teardown.py for tasks to queue
[2024-06-21T03:20:42.090+0000] {logging_mixin.py:188} INFO - [2024-06-21T03:20:42.089+0000] {dagbag.py:545} INFO - Filling up the DagBag from /home/airflow/.local/lib/python3.12/site-packages/airflow/example_dags/example_setup_teardown.py
[2024-06-21T03:20:42.094+0000] {processor.py:840} INFO - DAG(s) 'example_setup_teardown' retrieved from /home/airflow/.local/lib/python3.12/site-packages/airflow/example_dags/example_setup_teardown.py
[2024-06-21T03:20:42.104+0000] {logging_mixin.py:188} INFO - [2024-06-21T03:20:42.104+0000] {dag.py:3096} INFO - Sync 1 DAGs
[2024-06-21T03:20:42.115+0000] {logging_mixin.py:188} INFO - [2024-06-21T03:20:42.115+0000] {dag.py:3954} INFO - Setting next_dagrun for example_setup_teardown to 2024-06-20 00:00:00+00:00, run_after=2024-06-21 00:00:00+00:00
[2024-06-21T03:20:42.125+0000] {processor.py:183} INFO - Processing /home/airflow/.local/lib/python3.12/site-packages/airflow/example_dags/example_setup_teardown.py took 0.041 seconds
