[2024-06-21T03:05:55.933+0000] {processor.py:161} INFO - Started process (PID=230) to work on /home/airflow/.local/lib/python3.12/site-packages/airflow/example_dags/example_sensors.py
[2024-06-21T03:05:55.934+0000] {processor.py:830} INFO - Processing file /home/airflow/.local/lib/python3.12/site-packages/airflow/example_dags/example_sensors.py for tasks to queue
[2024-06-21T03:05:55.935+0000] {logging_mixin.py:188} INFO - [2024-06-21T03:05:55.935+0000] {dagbag.py:545} INFO - Filling up the DagBag from /home/airflow/.local/lib/python3.12/site-packages/airflow/example_dags/example_sensors.py
[2024-06-21T03:05:55.941+0000] {processor.py:840} INFO - DAG(s) 'example_sensors' retrieved from /home/airflow/.local/lib/python3.12/site-packages/airflow/example_dags/example_sensors.py
[2024-06-21T03:05:55.947+0000] {logging_mixin.py:188} INFO - [2024-06-21T03:05:55.947+0000] {dag.py:3096} INFO - Sync 1 DAGs
[2024-06-21T03:05:55.955+0000] {logging_mixin.py:188} INFO - [2024-06-21T03:05:55.955+0000] {dag.py:3954} INFO - Setting next_dagrun for example_sensors to None, run_after=None
[2024-06-21T03:05:55.964+0000] {processor.py:183} INFO - Processing /home/airflow/.local/lib/python3.12/site-packages/airflow/example_dags/example_sensors.py took 0.037 seconds
[2024-06-21T03:06:26.742+0000] {processor.py:161} INFO - Started process (PID=490) to work on /home/airflow/.local/lib/python3.12/site-packages/airflow/example_dags/example_sensors.py
[2024-06-21T03:06:26.743+0000] {processor.py:830} INFO - Processing file /home/airflow/.local/lib/python3.12/site-packages/airflow/example_dags/example_sensors.py for tasks to queue
[2024-06-21T03:06:26.744+0000] {logging_mixin.py:188} INFO - [2024-06-21T03:06:26.744+0000] {dagbag.py:545} INFO - Filling up the DagBag from /home/airflow/.local/lib/python3.12/site-packages/airflow/example_dags/example_sensors.py
[2024-06-21T03:06:26.748+0000] {processor.py:840} INFO - DAG(s) 'example_sensors' retrieved from /home/airflow/.local/lib/python3.12/site-packages/airflow/example_dags/example_sensors.py
[2024-06-21T03:06:26.799+0000] {logging_mixin.py:188} INFO - [2024-06-21T03:06:26.798+0000] {dag.py:3096} INFO - Sync 1 DAGs
[2024-06-21T03:06:26.804+0000] {logging_mixin.py:188} INFO - [2024-06-21T03:06:26.804+0000] {dag.py:3954} INFO - Setting next_dagrun for example_sensors to None, run_after=None
[2024-06-21T03:06:26.814+0000] {processor.py:183} INFO - Processing /home/airflow/.local/lib/python3.12/site-packages/airflow/example_dags/example_sensors.py took 0.074 seconds
[2024-06-21T03:06:57.232+0000] {processor.py:161} INFO - Started process (PID=752) to work on /home/airflow/.local/lib/python3.12/site-packages/airflow/example_dags/example_sensors.py
[2024-06-21T03:06:57.232+0000] {processor.py:830} INFO - Processing file /home/airflow/.local/lib/python3.12/site-packages/airflow/example_dags/example_sensors.py for tasks to queue
[2024-06-21T03:06:57.233+0000] {logging_mixin.py:188} INFO - [2024-06-21T03:06:57.233+0000] {dagbag.py:545} INFO - Filling up the DagBag from /home/airflow/.local/lib/python3.12/site-packages/airflow/example_dags/example_sensors.py
[2024-06-21T03:06:57.238+0000] {processor.py:840} INFO - DAG(s) 'example_sensors' retrieved from /home/airflow/.local/lib/python3.12/site-packages/airflow/example_dags/example_sensors.py
[2024-06-21T03:06:57.249+0000] {logging_mixin.py:188} INFO - [2024-06-21T03:06:57.249+0000] {dag.py:3096} INFO - Sync 1 DAGs
[2024-06-21T03:06:57.256+0000] {logging_mixin.py:188} INFO - [2024-06-21T03:06:57.255+0000] {dag.py:3954} INFO - Setting next_dagrun for example_sensors to None, run_after=None
[2024-06-21T03:06:57.265+0000] {processor.py:183} INFO - Processing /home/airflow/.local/lib/python3.12/site-packages/airflow/example_dags/example_sensors.py took 0.036 seconds
[2024-06-21T03:07:27.913+0000] {processor.py:161} INFO - Started process (PID=1014) to work on /home/airflow/.local/lib/python3.12/site-packages/airflow/example_dags/example_sensors.py
[2024-06-21T03:07:27.913+0000] {processor.py:830} INFO - Processing file /home/airflow/.local/lib/python3.12/site-packages/airflow/example_dags/example_sensors.py for tasks to queue
[2024-06-21T03:07:27.914+0000] {logging_mixin.py:188} INFO - [2024-06-21T03:07:27.914+0000] {dagbag.py:545} INFO - Filling up the DagBag from /home/airflow/.local/lib/python3.12/site-packages/airflow/example_dags/example_sensors.py
[2024-06-21T03:07:27.919+0000] {processor.py:840} INFO - DAG(s) 'example_sensors' retrieved from /home/airflow/.local/lib/python3.12/site-packages/airflow/example_dags/example_sensors.py
[2024-06-21T03:07:27.930+0000] {logging_mixin.py:188} INFO - [2024-06-21T03:07:27.930+0000] {dag.py:3096} INFO - Sync 1 DAGs
[2024-06-21T03:07:27.936+0000] {logging_mixin.py:188} INFO - [2024-06-21T03:07:27.936+0000] {dag.py:3954} INFO - Setting next_dagrun for example_sensors to None, run_after=None
[2024-06-21T03:07:27.945+0000] {processor.py:183} INFO - Processing /home/airflow/.local/lib/python3.12/site-packages/airflow/example_dags/example_sensors.py took 0.035 seconds
[2024-06-21T03:07:58.576+0000] {processor.py:161} INFO - Started process (PID=1301) to work on /home/airflow/.local/lib/python3.12/site-packages/airflow/example_dags/example_sensors.py
[2024-06-21T03:07:58.576+0000] {processor.py:830} INFO - Processing file /home/airflow/.local/lib/python3.12/site-packages/airflow/example_dags/example_sensors.py for tasks to queue
[2024-06-21T03:07:58.578+0000] {logging_mixin.py:188} INFO - [2024-06-21T03:07:58.577+0000] {dagbag.py:545} INFO - Filling up the DagBag from /home/airflow/.local/lib/python3.12/site-packages/airflow/example_dags/example_sensors.py
[2024-06-21T03:07:58.583+0000] {processor.py:840} INFO - DAG(s) 'example_sensors' retrieved from /home/airflow/.local/lib/python3.12/site-packages/airflow/example_dags/example_sensors.py
[2024-06-21T03:07:58.597+0000] {logging_mixin.py:188} INFO - [2024-06-21T03:07:58.597+0000] {dag.py:3096} INFO - Sync 1 DAGs
[2024-06-21T03:07:58.603+0000] {logging_mixin.py:188} INFO - [2024-06-21T03:07:58.603+0000] {dag.py:3954} INFO - Setting next_dagrun for example_sensors to None, run_after=None
[2024-06-21T03:07:58.611+0000] {processor.py:183} INFO - Processing /home/airflow/.local/lib/python3.12/site-packages/airflow/example_dags/example_sensors.py took 0.038 seconds
[2024-06-21T03:08:29.210+0000] {processor.py:161} INFO - Started process (PID=1587) to work on /home/airflow/.local/lib/python3.12/site-packages/airflow/example_dags/example_sensors.py
[2024-06-21T03:08:29.212+0000] {processor.py:830} INFO - Processing file /home/airflow/.local/lib/python3.12/site-packages/airflow/example_dags/example_sensors.py for tasks to queue
[2024-06-21T03:08:29.214+0000] {logging_mixin.py:188} INFO - [2024-06-21T03:08:29.214+0000] {dagbag.py:545} INFO - Filling up the DagBag from /home/airflow/.local/lib/python3.12/site-packages/airflow/example_dags/example_sensors.py
[2024-06-21T03:08:29.218+0000] {processor.py:840} INFO - DAG(s) 'example_sensors' retrieved from /home/airflow/.local/lib/python3.12/site-packages/airflow/example_dags/example_sensors.py
[2024-06-21T03:08:29.231+0000] {logging_mixin.py:188} INFO - [2024-06-21T03:08:29.230+0000] {dag.py:3096} INFO - Sync 1 DAGs
[2024-06-21T03:08:29.237+0000] {logging_mixin.py:188} INFO - [2024-06-21T03:08:29.236+0000] {dag.py:3954} INFO - Setting next_dagrun for example_sensors to None, run_after=None
[2024-06-21T03:08:29.245+0000] {processor.py:183} INFO - Processing /home/airflow/.local/lib/python3.12/site-packages/airflow/example_dags/example_sensors.py took 0.038 seconds
[2024-06-21T03:08:59.959+0000] {processor.py:161} INFO - Started process (PID=1849) to work on /home/airflow/.local/lib/python3.12/site-packages/airflow/example_dags/example_sensors.py
[2024-06-21T03:08:59.960+0000] {processor.py:830} INFO - Processing file /home/airflow/.local/lib/python3.12/site-packages/airflow/example_dags/example_sensors.py for tasks to queue
[2024-06-21T03:08:59.960+0000] {logging_mixin.py:188} INFO - [2024-06-21T03:08:59.960+0000] {dagbag.py:545} INFO - Filling up the DagBag from /home/airflow/.local/lib/python3.12/site-packages/airflow/example_dags/example_sensors.py
[2024-06-21T03:08:59.965+0000] {processor.py:840} INFO - DAG(s) 'example_sensors' retrieved from /home/airflow/.local/lib/python3.12/site-packages/airflow/example_dags/example_sensors.py
[2024-06-21T03:08:59.977+0000] {logging_mixin.py:188} INFO - [2024-06-21T03:08:59.977+0000] {dag.py:3096} INFO - Sync 1 DAGs
[2024-06-21T03:08:59.984+0000] {logging_mixin.py:188} INFO - [2024-06-21T03:08:59.984+0000] {dag.py:3954} INFO - Setting next_dagrun for example_sensors to None, run_after=None
[2024-06-21T03:08:59.993+0000] {processor.py:183} INFO - Processing /home/airflow/.local/lib/python3.12/site-packages/airflow/example_dags/example_sensors.py took 0.037 seconds
[2024-06-21T03:09:30.633+0000] {processor.py:161} INFO - Started process (PID=2111) to work on /home/airflow/.local/lib/python3.12/site-packages/airflow/example_dags/example_sensors.py
[2024-06-21T03:09:30.633+0000] {processor.py:830} INFO - Processing file /home/airflow/.local/lib/python3.12/site-packages/airflow/example_dags/example_sensors.py for tasks to queue
[2024-06-21T03:09:30.634+0000] {logging_mixin.py:188} INFO - [2024-06-21T03:09:30.634+0000] {dagbag.py:545} INFO - Filling up the DagBag from /home/airflow/.local/lib/python3.12/site-packages/airflow/example_dags/example_sensors.py
[2024-06-21T03:09:30.639+0000] {processor.py:840} INFO - DAG(s) 'example_sensors' retrieved from /home/airflow/.local/lib/python3.12/site-packages/airflow/example_dags/example_sensors.py
[2024-06-21T03:09:30.653+0000] {logging_mixin.py:188} INFO - [2024-06-21T03:09:30.653+0000] {dag.py:3096} INFO - Sync 1 DAGs
[2024-06-21T03:09:30.660+0000] {logging_mixin.py:188} INFO - [2024-06-21T03:09:30.659+0000] {dag.py:3954} INFO - Setting next_dagrun for example_sensors to None, run_after=None
[2024-06-21T03:09:30.669+0000] {processor.py:183} INFO - Processing /home/airflow/.local/lib/python3.12/site-packages/airflow/example_dags/example_sensors.py took 0.040 seconds
[2024-06-21T03:10:01.297+0000] {processor.py:161} INFO - Started process (PID=2373) to work on /home/airflow/.local/lib/python3.12/site-packages/airflow/example_dags/example_sensors.py
[2024-06-21T03:10:01.298+0000] {processor.py:830} INFO - Processing file /home/airflow/.local/lib/python3.12/site-packages/airflow/example_dags/example_sensors.py for tasks to queue
[2024-06-21T03:10:01.299+0000] {logging_mixin.py:188} INFO - [2024-06-21T03:10:01.298+0000] {dagbag.py:545} INFO - Filling up the DagBag from /home/airflow/.local/lib/python3.12/site-packages/airflow/example_dags/example_sensors.py
[2024-06-21T03:10:01.303+0000] {processor.py:840} INFO - DAG(s) 'example_sensors' retrieved from /home/airflow/.local/lib/python3.12/site-packages/airflow/example_dags/example_sensors.py
[2024-06-21T03:10:01.316+0000] {logging_mixin.py:188} INFO - [2024-06-21T03:10:01.315+0000] {dag.py:3096} INFO - Sync 1 DAGs
[2024-06-21T03:10:01.322+0000] {logging_mixin.py:188} INFO - [2024-06-21T03:10:01.322+0000] {dag.py:3954} INFO - Setting next_dagrun for example_sensors to None, run_after=None
[2024-06-21T03:10:01.332+0000] {processor.py:183} INFO - Processing /home/airflow/.local/lib/python3.12/site-packages/airflow/example_dags/example_sensors.py took 0.039 seconds
[2024-06-21T03:10:32.048+0000] {processor.py:161} INFO - Started process (PID=2635) to work on /home/airflow/.local/lib/python3.12/site-packages/airflow/example_dags/example_sensors.py
[2024-06-21T03:10:32.049+0000] {processor.py:830} INFO - Processing file /home/airflow/.local/lib/python3.12/site-packages/airflow/example_dags/example_sensors.py for tasks to queue
[2024-06-21T03:10:32.050+0000] {logging_mixin.py:188} INFO - [2024-06-21T03:10:32.050+0000] {dagbag.py:545} INFO - Filling up the DagBag from /home/airflow/.local/lib/python3.12/site-packages/airflow/example_dags/example_sensors.py
[2024-06-21T03:10:32.055+0000] {processor.py:840} INFO - DAG(s) 'example_sensors' retrieved from /home/airflow/.local/lib/python3.12/site-packages/airflow/example_dags/example_sensors.py
[2024-06-21T03:10:32.069+0000] {logging_mixin.py:188} INFO - [2024-06-21T03:10:32.069+0000] {dag.py:3096} INFO - Sync 1 DAGs
[2024-06-21T03:10:32.076+0000] {logging_mixin.py:188} INFO - [2024-06-21T03:10:32.076+0000] {dag.py:3954} INFO - Setting next_dagrun for example_sensors to None, run_after=None
[2024-06-21T03:10:32.086+0000] {processor.py:183} INFO - Processing /home/airflow/.local/lib/python3.12/site-packages/airflow/example_dags/example_sensors.py took 0.041 seconds
[2024-06-21T03:11:02.828+0000] {processor.py:161} INFO - Started process (PID=2897) to work on /home/airflow/.local/lib/python3.12/site-packages/airflow/example_dags/example_sensors.py
[2024-06-21T03:11:02.828+0000] {processor.py:830} INFO - Processing file /home/airflow/.local/lib/python3.12/site-packages/airflow/example_dags/example_sensors.py for tasks to queue
[2024-06-21T03:11:02.829+0000] {logging_mixin.py:188} INFO - [2024-06-21T03:11:02.829+0000] {dagbag.py:545} INFO - Filling up the DagBag from /home/airflow/.local/lib/python3.12/site-packages/airflow/example_dags/example_sensors.py
[2024-06-21T03:11:02.834+0000] {processor.py:840} INFO - DAG(s) 'example_sensors' retrieved from /home/airflow/.local/lib/python3.12/site-packages/airflow/example_dags/example_sensors.py
[2024-06-21T03:11:02.848+0000] {logging_mixin.py:188} INFO - [2024-06-21T03:11:02.848+0000] {dag.py:3096} INFO - Sync 1 DAGs
[2024-06-21T03:11:02.854+0000] {logging_mixin.py:188} INFO - [2024-06-21T03:11:02.854+0000] {dag.py:3954} INFO - Setting next_dagrun for example_sensors to None, run_after=None
[2024-06-21T03:11:02.863+0000] {processor.py:183} INFO - Processing /home/airflow/.local/lib/python3.12/site-packages/airflow/example_dags/example_sensors.py took 0.039 seconds
[2024-06-21T03:11:33.596+0000] {processor.py:161} INFO - Started process (PID=3159) to work on /home/airflow/.local/lib/python3.12/site-packages/airflow/example_dags/example_sensors.py
[2024-06-21T03:11:33.597+0000] {processor.py:830} INFO - Processing file /home/airflow/.local/lib/python3.12/site-packages/airflow/example_dags/example_sensors.py for tasks to queue
[2024-06-21T03:11:33.600+0000] {logging_mixin.py:188} INFO - [2024-06-21T03:11:33.599+0000] {dagbag.py:545} INFO - Filling up the DagBag from /home/airflow/.local/lib/python3.12/site-packages/airflow/example_dags/example_sensors.py
[2024-06-21T03:11:33.605+0000] {processor.py:840} INFO - DAG(s) 'example_sensors' retrieved from /home/airflow/.local/lib/python3.12/site-packages/airflow/example_dags/example_sensors.py
[2024-06-21T03:11:33.618+0000] {logging_mixin.py:188} INFO - [2024-06-21T03:11:33.618+0000] {dag.py:3096} INFO - Sync 1 DAGs
[2024-06-21T03:11:33.624+0000] {logging_mixin.py:188} INFO - [2024-06-21T03:11:33.624+0000] {dag.py:3954} INFO - Setting next_dagrun for example_sensors to None, run_after=None
[2024-06-21T03:11:33.634+0000] {processor.py:183} INFO - Processing /home/airflow/.local/lib/python3.12/site-packages/airflow/example_dags/example_sensors.py took 0.041 seconds
[2024-06-21T03:12:03.738+0000] {processor.py:161} INFO - Started process (PID=3421) to work on /home/airflow/.local/lib/python3.12/site-packages/airflow/example_dags/example_sensors.py
[2024-06-21T03:12:03.739+0000] {processor.py:830} INFO - Processing file /home/airflow/.local/lib/python3.12/site-packages/airflow/example_dags/example_sensors.py for tasks to queue
[2024-06-21T03:12:03.740+0000] {logging_mixin.py:188} INFO - [2024-06-21T03:12:03.740+0000] {dagbag.py:545} INFO - Filling up the DagBag from /home/airflow/.local/lib/python3.12/site-packages/airflow/example_dags/example_sensors.py
[2024-06-21T03:12:03.744+0000] {processor.py:840} INFO - DAG(s) 'example_sensors' retrieved from /home/airflow/.local/lib/python3.12/site-packages/airflow/example_dags/example_sensors.py
[2024-06-21T03:12:03.756+0000] {logging_mixin.py:188} INFO - [2024-06-21T03:12:03.756+0000] {dag.py:3096} INFO - Sync 1 DAGs
[2024-06-21T03:12:03.762+0000] {logging_mixin.py:188} INFO - [2024-06-21T03:12:03.762+0000] {dag.py:3954} INFO - Setting next_dagrun for example_sensors to None, run_after=None
[2024-06-21T03:12:03.770+0000] {processor.py:183} INFO - Processing /home/airflow/.local/lib/python3.12/site-packages/airflow/example_dags/example_sensors.py took 0.036 seconds
[2024-06-21T03:12:34.525+0000] {processor.py:161} INFO - Started process (PID=3683) to work on /home/airflow/.local/lib/python3.12/site-packages/airflow/example_dags/example_sensors.py
[2024-06-21T03:12:34.526+0000] {processor.py:830} INFO - Processing file /home/airflow/.local/lib/python3.12/site-packages/airflow/example_dags/example_sensors.py for tasks to queue
[2024-06-21T03:12:34.527+0000] {logging_mixin.py:188} INFO - [2024-06-21T03:12:34.526+0000] {dagbag.py:545} INFO - Filling up the DagBag from /home/airflow/.local/lib/python3.12/site-packages/airflow/example_dags/example_sensors.py
[2024-06-21T03:12:34.532+0000] {processor.py:840} INFO - DAG(s) 'example_sensors' retrieved from /home/airflow/.local/lib/python3.12/site-packages/airflow/example_dags/example_sensors.py
[2024-06-21T03:12:34.545+0000] {logging_mixin.py:188} INFO - [2024-06-21T03:12:34.545+0000] {dag.py:3096} INFO - Sync 1 DAGs
[2024-06-21T03:12:34.552+0000] {logging_mixin.py:188} INFO - [2024-06-21T03:12:34.551+0000] {dag.py:3954} INFO - Setting next_dagrun for example_sensors to None, run_after=None
[2024-06-21T03:12:34.561+0000] {processor.py:183} INFO - Processing /home/airflow/.local/lib/python3.12/site-packages/airflow/example_dags/example_sensors.py took 0.039 seconds
[2024-06-21T03:13:05.243+0000] {processor.py:161} INFO - Started process (PID=3945) to work on /home/airflow/.local/lib/python3.12/site-packages/airflow/example_dags/example_sensors.py
[2024-06-21T03:13:05.244+0000] {processor.py:830} INFO - Processing file /home/airflow/.local/lib/python3.12/site-packages/airflow/example_dags/example_sensors.py for tasks to queue
[2024-06-21T03:13:05.245+0000] {logging_mixin.py:188} INFO - [2024-06-21T03:13:05.245+0000] {dagbag.py:545} INFO - Filling up the DagBag from /home/airflow/.local/lib/python3.12/site-packages/airflow/example_dags/example_sensors.py
[2024-06-21T03:13:05.251+0000] {processor.py:840} INFO - DAG(s) 'example_sensors' retrieved from /home/airflow/.local/lib/python3.12/site-packages/airflow/example_dags/example_sensors.py
[2024-06-21T03:13:05.263+0000] {logging_mixin.py:188} INFO - [2024-06-21T03:13:05.263+0000] {dag.py:3096} INFO - Sync 1 DAGs
[2024-06-21T03:13:05.270+0000] {logging_mixin.py:188} INFO - [2024-06-21T03:13:05.270+0000] {dag.py:3954} INFO - Setting next_dagrun for example_sensors to None, run_after=None
[2024-06-21T03:13:05.280+0000] {processor.py:183} INFO - Processing /home/airflow/.local/lib/python3.12/site-packages/airflow/example_dags/example_sensors.py took 0.040 seconds
[2024-06-21T03:13:36.198+0000] {processor.py:161} INFO - Started process (PID=4209) to work on /home/airflow/.local/lib/python3.12/site-packages/airflow/example_dags/example_sensors.py
[2024-06-21T03:13:36.199+0000] {processor.py:830} INFO - Processing file /home/airflow/.local/lib/python3.12/site-packages/airflow/example_dags/example_sensors.py for tasks to queue
[2024-06-21T03:13:36.200+0000] {logging_mixin.py:188} INFO - [2024-06-21T03:13:36.200+0000] {dagbag.py:545} INFO - Filling up the DagBag from /home/airflow/.local/lib/python3.12/site-packages/airflow/example_dags/example_sensors.py
[2024-06-21T03:13:36.204+0000] {processor.py:840} INFO - DAG(s) 'example_sensors' retrieved from /home/airflow/.local/lib/python3.12/site-packages/airflow/example_dags/example_sensors.py
[2024-06-21T03:13:36.218+0000] {logging_mixin.py:188} INFO - [2024-06-21T03:13:36.218+0000] {dag.py:3096} INFO - Sync 1 DAGs
[2024-06-21T03:13:36.223+0000] {logging_mixin.py:188} INFO - [2024-06-21T03:13:36.223+0000] {dag.py:3954} INFO - Setting next_dagrun for example_sensors to None, run_after=None
[2024-06-21T03:13:36.234+0000] {processor.py:183} INFO - Processing /home/airflow/.local/lib/python3.12/site-packages/airflow/example_dags/example_sensors.py took 0.038 seconds
[2024-06-21T03:14:06.892+0000] {processor.py:161} INFO - Started process (PID=4469) to work on /home/airflow/.local/lib/python3.12/site-packages/airflow/example_dags/example_sensors.py
[2024-06-21T03:14:06.892+0000] {processor.py:830} INFO - Processing file /home/airflow/.local/lib/python3.12/site-packages/airflow/example_dags/example_sensors.py for tasks to queue
[2024-06-21T03:14:06.893+0000] {logging_mixin.py:188} INFO - [2024-06-21T03:14:06.893+0000] {dagbag.py:545} INFO - Filling up the DagBag from /home/airflow/.local/lib/python3.12/site-packages/airflow/example_dags/example_sensors.py
[2024-06-21T03:14:06.899+0000] {processor.py:840} INFO - DAG(s) 'example_sensors' retrieved from /home/airflow/.local/lib/python3.12/site-packages/airflow/example_dags/example_sensors.py
[2024-06-21T03:14:06.911+0000] {logging_mixin.py:188} INFO - [2024-06-21T03:14:06.911+0000] {dag.py:3096} INFO - Sync 1 DAGs
[2024-06-21T03:14:06.918+0000] {logging_mixin.py:188} INFO - [2024-06-21T03:14:06.918+0000] {dag.py:3954} INFO - Setting next_dagrun for example_sensors to None, run_after=None
[2024-06-21T03:14:06.928+0000] {processor.py:183} INFO - Processing /home/airflow/.local/lib/python3.12/site-packages/airflow/example_dags/example_sensors.py took 0.039 seconds
[2024-06-21T03:14:37.638+0000] {processor.py:161} INFO - Started process (PID=4731) to work on /home/airflow/.local/lib/python3.12/site-packages/airflow/example_dags/example_sensors.py
[2024-06-21T03:14:37.638+0000] {processor.py:830} INFO - Processing file /home/airflow/.local/lib/python3.12/site-packages/airflow/example_dags/example_sensors.py for tasks to queue
[2024-06-21T03:14:37.640+0000] {logging_mixin.py:188} INFO - [2024-06-21T03:14:37.640+0000] {dagbag.py:545} INFO - Filling up the DagBag from /home/airflow/.local/lib/python3.12/site-packages/airflow/example_dags/example_sensors.py
[2024-06-21T03:14:37.644+0000] {processor.py:840} INFO - DAG(s) 'example_sensors' retrieved from /home/airflow/.local/lib/python3.12/site-packages/airflow/example_dags/example_sensors.py
[2024-06-21T03:14:37.657+0000] {logging_mixin.py:188} INFO - [2024-06-21T03:14:37.657+0000] {dag.py:3096} INFO - Sync 1 DAGs
[2024-06-21T03:14:37.663+0000] {logging_mixin.py:188} INFO - [2024-06-21T03:14:37.663+0000] {dag.py:3954} INFO - Setting next_dagrun for example_sensors to None, run_after=None
[2024-06-21T03:14:37.672+0000] {processor.py:183} INFO - Processing /home/airflow/.local/lib/python3.12/site-packages/airflow/example_dags/example_sensors.py took 0.037 seconds
[2024-06-21T03:15:08.342+0000] {processor.py:161} INFO - Started process (PID=4993) to work on /home/airflow/.local/lib/python3.12/site-packages/airflow/example_dags/example_sensors.py
[2024-06-21T03:15:08.342+0000] {processor.py:830} INFO - Processing file /home/airflow/.local/lib/python3.12/site-packages/airflow/example_dags/example_sensors.py for tasks to queue
[2024-06-21T03:15:08.343+0000] {logging_mixin.py:188} INFO - [2024-06-21T03:15:08.343+0000] {dagbag.py:545} INFO - Filling up the DagBag from /home/airflow/.local/lib/python3.12/site-packages/airflow/example_dags/example_sensors.py
[2024-06-21T03:15:08.348+0000] {processor.py:840} INFO - DAG(s) 'example_sensors' retrieved from /home/airflow/.local/lib/python3.12/site-packages/airflow/example_dags/example_sensors.py
[2024-06-21T03:15:08.361+0000] {logging_mixin.py:188} INFO - [2024-06-21T03:15:08.361+0000] {dag.py:3096} INFO - Sync 1 DAGs
[2024-06-21T03:15:08.367+0000] {logging_mixin.py:188} INFO - [2024-06-21T03:15:08.367+0000] {dag.py:3954} INFO - Setting next_dagrun for example_sensors to None, run_after=None
[2024-06-21T03:15:08.377+0000] {processor.py:183} INFO - Processing /home/airflow/.local/lib/python3.12/site-packages/airflow/example_dags/example_sensors.py took 0.039 seconds
[2024-06-21T03:15:39.138+0000] {processor.py:161} INFO - Started process (PID=5255) to work on /home/airflow/.local/lib/python3.12/site-packages/airflow/example_dags/example_sensors.py
[2024-06-21T03:15:39.139+0000] {processor.py:830} INFO - Processing file /home/airflow/.local/lib/python3.12/site-packages/airflow/example_dags/example_sensors.py for tasks to queue
[2024-06-21T03:15:39.140+0000] {logging_mixin.py:188} INFO - [2024-06-21T03:15:39.140+0000] {dagbag.py:545} INFO - Filling up the DagBag from /home/airflow/.local/lib/python3.12/site-packages/airflow/example_dags/example_sensors.py
[2024-06-21T03:15:39.145+0000] {processor.py:840} INFO - DAG(s) 'example_sensors' retrieved from /home/airflow/.local/lib/python3.12/site-packages/airflow/example_dags/example_sensors.py
[2024-06-21T03:15:39.158+0000] {logging_mixin.py:188} INFO - [2024-06-21T03:15:39.158+0000] {dag.py:3096} INFO - Sync 1 DAGs
[2024-06-21T03:15:39.164+0000] {logging_mixin.py:188} INFO - [2024-06-21T03:15:39.164+0000] {dag.py:3954} INFO - Setting next_dagrun for example_sensors to None, run_after=None
[2024-06-21T03:15:39.175+0000] {processor.py:183} INFO - Processing /home/airflow/.local/lib/python3.12/site-packages/airflow/example_dags/example_sensors.py took 0.040 seconds
[2024-06-21T03:16:09.270+0000] {processor.py:161} INFO - Started process (PID=5517) to work on /home/airflow/.local/lib/python3.12/site-packages/airflow/example_dags/example_sensors.py
[2024-06-21T03:16:09.272+0000] {processor.py:830} INFO - Processing file /home/airflow/.local/lib/python3.12/site-packages/airflow/example_dags/example_sensors.py for tasks to queue
[2024-06-21T03:16:09.273+0000] {logging_mixin.py:188} INFO - [2024-06-21T03:16:09.273+0000] {dagbag.py:545} INFO - Filling up the DagBag from /home/airflow/.local/lib/python3.12/site-packages/airflow/example_dags/example_sensors.py
[2024-06-21T03:16:09.278+0000] {processor.py:840} INFO - DAG(s) 'example_sensors' retrieved from /home/airflow/.local/lib/python3.12/site-packages/airflow/example_dags/example_sensors.py
[2024-06-21T03:16:09.291+0000] {logging_mixin.py:188} INFO - [2024-06-21T03:16:09.291+0000] {dag.py:3096} INFO - Sync 1 DAGs
[2024-06-21T03:16:09.298+0000] {logging_mixin.py:188} INFO - [2024-06-21T03:16:09.298+0000] {dag.py:3954} INFO - Setting next_dagrun for example_sensors to None, run_after=None
[2024-06-21T03:16:09.306+0000] {processor.py:183} INFO - Processing /home/airflow/.local/lib/python3.12/site-packages/airflow/example_dags/example_sensors.py took 0.039 seconds
[2024-06-21T03:16:40.078+0000] {processor.py:161} INFO - Started process (PID=5779) to work on /home/airflow/.local/lib/python3.12/site-packages/airflow/example_dags/example_sensors.py
[2024-06-21T03:16:40.079+0000] {processor.py:830} INFO - Processing file /home/airflow/.local/lib/python3.12/site-packages/airflow/example_dags/example_sensors.py for tasks to queue
[2024-06-21T03:16:40.080+0000] {logging_mixin.py:188} INFO - [2024-06-21T03:16:40.080+0000] {dagbag.py:545} INFO - Filling up the DagBag from /home/airflow/.local/lib/python3.12/site-packages/airflow/example_dags/example_sensors.py
[2024-06-21T03:16:40.084+0000] {processor.py:840} INFO - DAG(s) 'example_sensors' retrieved from /home/airflow/.local/lib/python3.12/site-packages/airflow/example_dags/example_sensors.py
[2024-06-21T03:16:40.097+0000] {logging_mixin.py:188} INFO - [2024-06-21T03:16:40.097+0000] {dag.py:3096} INFO - Sync 1 DAGs
[2024-06-21T03:16:40.103+0000] {logging_mixin.py:188} INFO - [2024-06-21T03:16:40.103+0000] {dag.py:3954} INFO - Setting next_dagrun for example_sensors to None, run_after=None
[2024-06-21T03:16:40.112+0000] {processor.py:183} INFO - Processing /home/airflow/.local/lib/python3.12/site-packages/airflow/example_dags/example_sensors.py took 0.037 seconds
[2024-06-21T03:17:10.881+0000] {processor.py:161} INFO - Started process (PID=6041) to work on /home/airflow/.local/lib/python3.12/site-packages/airflow/example_dags/example_sensors.py
[2024-06-21T03:17:10.882+0000] {processor.py:830} INFO - Processing file /home/airflow/.local/lib/python3.12/site-packages/airflow/example_dags/example_sensors.py for tasks to queue
[2024-06-21T03:17:10.884+0000] {logging_mixin.py:188} INFO - [2024-06-21T03:17:10.883+0000] {dagbag.py:545} INFO - Filling up the DagBag from /home/airflow/.local/lib/python3.12/site-packages/airflow/example_dags/example_sensors.py
[2024-06-21T03:17:10.888+0000] {processor.py:840} INFO - DAG(s) 'example_sensors' retrieved from /home/airflow/.local/lib/python3.12/site-packages/airflow/example_dags/example_sensors.py
[2024-06-21T03:17:10.902+0000] {logging_mixin.py:188} INFO - [2024-06-21T03:17:10.901+0000] {dag.py:3096} INFO - Sync 1 DAGs
[2024-06-21T03:17:10.908+0000] {logging_mixin.py:188} INFO - [2024-06-21T03:17:10.908+0000] {dag.py:3954} INFO - Setting next_dagrun for example_sensors to None, run_after=None
[2024-06-21T03:17:10.918+0000] {processor.py:183} INFO - Processing /home/airflow/.local/lib/python3.12/site-packages/airflow/example_dags/example_sensors.py took 0.041 seconds
[2024-06-21T03:17:41.021+0000] {processor.py:161} INFO - Started process (PID=6305) to work on /home/airflow/.local/lib/python3.12/site-packages/airflow/example_dags/example_sensors.py
[2024-06-21T03:17:41.022+0000] {processor.py:830} INFO - Processing file /home/airflow/.local/lib/python3.12/site-packages/airflow/example_dags/example_sensors.py for tasks to queue
[2024-06-21T03:17:41.023+0000] {logging_mixin.py:188} INFO - [2024-06-21T03:17:41.023+0000] {dagbag.py:545} INFO - Filling up the DagBag from /home/airflow/.local/lib/python3.12/site-packages/airflow/example_dags/example_sensors.py
[2024-06-21T03:17:41.029+0000] {processor.py:840} INFO - DAG(s) 'example_sensors' retrieved from /home/airflow/.local/lib/python3.12/site-packages/airflow/example_dags/example_sensors.py
[2024-06-21T03:17:41.041+0000] {logging_mixin.py:188} INFO - [2024-06-21T03:17:41.041+0000] {dag.py:3096} INFO - Sync 1 DAGs
[2024-06-21T03:17:41.047+0000] {logging_mixin.py:188} INFO - [2024-06-21T03:17:41.047+0000] {dag.py:3954} INFO - Setting next_dagrun for example_sensors to None, run_after=None
[2024-06-21T03:17:41.056+0000] {processor.py:183} INFO - Processing /home/airflow/.local/lib/python3.12/site-packages/airflow/example_dags/example_sensors.py took 0.038 seconds
[2024-06-21T03:18:11.142+0000] {processor.py:161} INFO - Started process (PID=6565) to work on /home/airflow/.local/lib/python3.12/site-packages/airflow/example_dags/example_sensors.py
[2024-06-21T03:18:11.142+0000] {processor.py:830} INFO - Processing file /home/airflow/.local/lib/python3.12/site-packages/airflow/example_dags/example_sensors.py for tasks to queue
[2024-06-21T03:18:11.144+0000] {logging_mixin.py:188} INFO - [2024-06-21T03:18:11.143+0000] {dagbag.py:545} INFO - Filling up the DagBag from /home/airflow/.local/lib/python3.12/site-packages/airflow/example_dags/example_sensors.py
[2024-06-21T03:18:11.148+0000] {processor.py:840} INFO - DAG(s) 'example_sensors' retrieved from /home/airflow/.local/lib/python3.12/site-packages/airflow/example_dags/example_sensors.py
[2024-06-21T03:18:11.162+0000] {logging_mixin.py:188} INFO - [2024-06-21T03:18:11.161+0000] {dag.py:3096} INFO - Sync 1 DAGs
[2024-06-21T03:18:11.168+0000] {logging_mixin.py:188} INFO - [2024-06-21T03:18:11.168+0000] {dag.py:3954} INFO - Setting next_dagrun for example_sensors to None, run_after=None
[2024-06-21T03:18:11.264+0000] {processor.py:183} INFO - Processing /home/airflow/.local/lib/python3.12/site-packages/airflow/example_dags/example_sensors.py took 0.125 seconds
[2024-06-21T03:18:41.416+0000] {processor.py:161} INFO - Started process (PID=6827) to work on /home/airflow/.local/lib/python3.12/site-packages/airflow/example_dags/example_sensors.py
[2024-06-21T03:18:41.417+0000] {processor.py:830} INFO - Processing file /home/airflow/.local/lib/python3.12/site-packages/airflow/example_dags/example_sensors.py for tasks to queue
[2024-06-21T03:18:41.418+0000] {logging_mixin.py:188} INFO - [2024-06-21T03:18:41.418+0000] {dagbag.py:545} INFO - Filling up the DagBag from /home/airflow/.local/lib/python3.12/site-packages/airflow/example_dags/example_sensors.py
[2024-06-21T03:18:41.423+0000] {processor.py:840} INFO - DAG(s) 'example_sensors' retrieved from /home/airflow/.local/lib/python3.12/site-packages/airflow/example_dags/example_sensors.py
[2024-06-21T03:18:41.437+0000] {logging_mixin.py:188} INFO - [2024-06-21T03:18:41.437+0000] {dag.py:3096} INFO - Sync 1 DAGs
[2024-06-21T03:18:41.444+0000] {logging_mixin.py:188} INFO - [2024-06-21T03:18:41.444+0000] {dag.py:3954} INFO - Setting next_dagrun for example_sensors to None, run_after=None
[2024-06-21T03:18:41.454+0000] {processor.py:183} INFO - Processing /home/airflow/.local/lib/python3.12/site-packages/airflow/example_dags/example_sensors.py took 0.041 seconds
[2024-06-21T03:19:12.111+0000] {processor.py:161} INFO - Started process (PID=7089) to work on /home/airflow/.local/lib/python3.12/site-packages/airflow/example_dags/example_sensors.py
[2024-06-21T03:19:12.112+0000] {processor.py:830} INFO - Processing file /home/airflow/.local/lib/python3.12/site-packages/airflow/example_dags/example_sensors.py for tasks to queue
[2024-06-21T03:19:12.113+0000] {logging_mixin.py:188} INFO - [2024-06-21T03:19:12.113+0000] {dagbag.py:545} INFO - Filling up the DagBag from /home/airflow/.local/lib/python3.12/site-packages/airflow/example_dags/example_sensors.py
[2024-06-21T03:19:12.118+0000] {processor.py:840} INFO - DAG(s) 'example_sensors' retrieved from /home/airflow/.local/lib/python3.12/site-packages/airflow/example_dags/example_sensors.py
[2024-06-21T03:19:12.131+0000] {logging_mixin.py:188} INFO - [2024-06-21T03:19:12.131+0000] {dag.py:3096} INFO - Sync 1 DAGs
[2024-06-21T03:19:12.138+0000] {logging_mixin.py:188} INFO - [2024-06-21T03:19:12.137+0000] {dag.py:3954} INFO - Setting next_dagrun for example_sensors to None, run_after=None
[2024-06-21T03:19:12.147+0000] {processor.py:183} INFO - Processing /home/airflow/.local/lib/python3.12/site-packages/airflow/example_dags/example_sensors.py took 0.038 seconds
[2024-06-21T03:19:42.239+0000] {processor.py:161} INFO - Started process (PID=7350) to work on /home/airflow/.local/lib/python3.12/site-packages/airflow/example_dags/example_sensors.py
[2024-06-21T03:19:42.239+0000] {processor.py:830} INFO - Processing file /home/airflow/.local/lib/python3.12/site-packages/airflow/example_dags/example_sensors.py for tasks to queue
[2024-06-21T03:19:42.240+0000] {logging_mixin.py:188} INFO - [2024-06-21T03:19:42.240+0000] {dagbag.py:545} INFO - Filling up the DagBag from /home/airflow/.local/lib/python3.12/site-packages/airflow/example_dags/example_sensors.py
[2024-06-21T03:19:42.245+0000] {processor.py:840} INFO - DAG(s) 'example_sensors' retrieved from /home/airflow/.local/lib/python3.12/site-packages/airflow/example_dags/example_sensors.py
[2024-06-21T03:19:42.258+0000] {logging_mixin.py:188} INFO - [2024-06-21T03:19:42.258+0000] {dag.py:3096} INFO - Sync 1 DAGs
[2024-06-21T03:19:42.265+0000] {logging_mixin.py:188} INFO - [2024-06-21T03:19:42.264+0000] {dag.py:3954} INFO - Setting next_dagrun for example_sensors to None, run_after=None
[2024-06-21T03:19:42.274+0000] {processor.py:183} INFO - Processing /home/airflow/.local/lib/python3.12/site-packages/airflow/example_dags/example_sensors.py took 0.039 seconds
[2024-06-21T03:20:12.417+0000] {processor.py:161} INFO - Started process (PID=7612) to work on /home/airflow/.local/lib/python3.12/site-packages/airflow/example_dags/example_sensors.py
[2024-06-21T03:20:12.418+0000] {processor.py:830} INFO - Processing file /home/airflow/.local/lib/python3.12/site-packages/airflow/example_dags/example_sensors.py for tasks to queue
[2024-06-21T03:20:12.419+0000] {logging_mixin.py:188} INFO - [2024-06-21T03:20:12.419+0000] {dagbag.py:545} INFO - Filling up the DagBag from /home/airflow/.local/lib/python3.12/site-packages/airflow/example_dags/example_sensors.py
[2024-06-21T03:20:12.424+0000] {processor.py:840} INFO - DAG(s) 'example_sensors' retrieved from /home/airflow/.local/lib/python3.12/site-packages/airflow/example_dags/example_sensors.py
[2024-06-21T03:20:12.437+0000] {logging_mixin.py:188} INFO - [2024-06-21T03:20:12.437+0000] {dag.py:3096} INFO - Sync 1 DAGs
[2024-06-21T03:20:12.443+0000] {logging_mixin.py:188} INFO - [2024-06-21T03:20:12.443+0000] {dag.py:3954} INFO - Setting next_dagrun for example_sensors to None, run_after=None
[2024-06-21T03:20:12.452+0000] {processor.py:183} INFO - Processing /home/airflow/.local/lib/python3.12/site-packages/airflow/example_dags/example_sensors.py took 0.038 seconds
[2024-06-21T03:20:42.618+0000] {processor.py:161} INFO - Started process (PID=7939) to work on /home/airflow/.local/lib/python3.12/site-packages/airflow/example_dags/example_sensors.py
[2024-06-21T03:20:42.619+0000] {processor.py:830} INFO - Processing file /home/airflow/.local/lib/python3.12/site-packages/airflow/example_dags/example_sensors.py for tasks to queue
[2024-06-21T03:20:42.620+0000] {logging_mixin.py:188} INFO - [2024-06-21T03:20:42.620+0000] {dagbag.py:545} INFO - Filling up the DagBag from /home/airflow/.local/lib/python3.12/site-packages/airflow/example_dags/example_sensors.py
[2024-06-21T03:20:42.626+0000] {processor.py:840} INFO - DAG(s) 'example_sensors' retrieved from /home/airflow/.local/lib/python3.12/site-packages/airflow/example_dags/example_sensors.py
[2024-06-21T03:20:42.644+0000] {logging_mixin.py:188} INFO - [2024-06-21T03:20:42.644+0000] {dag.py:3096} INFO - Sync 1 DAGs
[2024-06-21T03:20:42.656+0000] {logging_mixin.py:188} INFO - [2024-06-21T03:20:42.656+0000] {dag.py:3954} INFO - Setting next_dagrun for example_sensors to None, run_after=None
[2024-06-21T03:20:42.670+0000] {processor.py:183} INFO - Processing /home/airflow/.local/lib/python3.12/site-packages/airflow/example_dags/example_sensors.py took 0.057 seconds
