[2024-06-21T03:05:55.875+0000] {processor.py:161} INFO - Started process (PID=225) to work on /home/airflow/.local/lib/python3.12/site-packages/airflow/example_dags/example_trigger_controller_dag.py
[2024-06-21T03:05:55.876+0000] {processor.py:830} INFO - Processing file /home/airflow/.local/lib/python3.12/site-packages/airflow/example_dags/example_trigger_controller_dag.py for tasks to queue
[2024-06-21T03:05:55.877+0000] {logging_mixin.py:188} INFO - [2024-06-21T03:05:55.877+0000] {dagbag.py:545} INFO - Filling up the DagBag from /home/airflow/.local/lib/python3.12/site-packages/airflow/example_dags/example_trigger_controller_dag.py
[2024-06-21T03:05:55.881+0000] {processor.py:840} INFO - DAG(s) 'example_trigger_controller_dag' retrieved from /home/airflow/.local/lib/python3.12/site-packages/airflow/example_dags/example_trigger_controller_dag.py
[2024-06-21T03:05:55.887+0000] {logging_mixin.py:188} INFO - [2024-06-21T03:05:55.887+0000] {dag.py:3096} INFO - Sync 1 DAGs
[2024-06-21T03:05:55.899+0000] {logging_mixin.py:188} INFO - [2024-06-21T03:05:55.899+0000] {dag.py:3954} INFO - Setting next_dagrun for example_trigger_controller_dag to 2021-01-01 00:00:00+00:00, run_after=2021-01-01 00:00:00+00:00
[2024-06-21T03:05:55.908+0000] {processor.py:183} INFO - Processing /home/airflow/.local/lib/python3.12/site-packages/airflow/example_dags/example_trigger_controller_dag.py took 0.037 seconds
[2024-06-21T03:06:26.729+0000] {processor.py:161} INFO - Started process (PID=485) to work on /home/airflow/.local/lib/python3.12/site-packages/airflow/example_dags/example_trigger_controller_dag.py
[2024-06-21T03:06:26.730+0000] {processor.py:830} INFO - Processing file /home/airflow/.local/lib/python3.12/site-packages/airflow/example_dags/example_trigger_controller_dag.py for tasks to queue
[2024-06-21T03:06:26.732+0000] {logging_mixin.py:188} INFO - [2024-06-21T03:06:26.731+0000] {dagbag.py:545} INFO - Filling up the DagBag from /home/airflow/.local/lib/python3.12/site-packages/airflow/example_dags/example_trigger_controller_dag.py
[2024-06-21T03:06:26.735+0000] {processor.py:840} INFO - DAG(s) 'example_trigger_controller_dag' retrieved from /home/airflow/.local/lib/python3.12/site-packages/airflow/example_dags/example_trigger_controller_dag.py
[2024-06-21T03:06:26.782+0000] {logging_mixin.py:188} INFO - [2024-06-21T03:06:26.781+0000] {dag.py:3096} INFO - Sync 1 DAGs
[2024-06-21T03:06:26.792+0000] {logging_mixin.py:188} INFO - [2024-06-21T03:06:26.791+0000] {dag.py:3954} INFO - Setting next_dagrun for example_trigger_controller_dag to 2021-01-01 00:00:00+00:00, run_after=2021-01-01 00:00:00+00:00
[2024-06-21T03:06:26.802+0000] {processor.py:183} INFO - Processing /home/airflow/.local/lib/python3.12/site-packages/airflow/example_dags/example_trigger_controller_dag.py took 0.076 seconds
[2024-06-21T03:06:57.209+0000] {processor.py:161} INFO - Started process (PID=747) to work on /home/airflow/.local/lib/python3.12/site-packages/airflow/example_dags/example_trigger_controller_dag.py
[2024-06-21T03:06:57.210+0000] {processor.py:830} INFO - Processing file /home/airflow/.local/lib/python3.12/site-packages/airflow/example_dags/example_trigger_controller_dag.py for tasks to queue
[2024-06-21T03:06:57.211+0000] {logging_mixin.py:188} INFO - [2024-06-21T03:06:57.211+0000] {dagbag.py:545} INFO - Filling up the DagBag from /home/airflow/.local/lib/python3.12/site-packages/airflow/example_dags/example_trigger_controller_dag.py
[2024-06-21T03:06:57.213+0000] {processor.py:840} INFO - DAG(s) 'example_trigger_controller_dag' retrieved from /home/airflow/.local/lib/python3.12/site-packages/airflow/example_dags/example_trigger_controller_dag.py
[2024-06-21T03:06:57.223+0000] {logging_mixin.py:188} INFO - [2024-06-21T03:06:57.223+0000] {dag.py:3096} INFO - Sync 1 DAGs
[2024-06-21T03:06:57.233+0000] {logging_mixin.py:188} INFO - [2024-06-21T03:06:57.233+0000] {dag.py:3954} INFO - Setting next_dagrun for example_trigger_controller_dag to 2021-01-01 00:00:00+00:00, run_after=2021-01-01 00:00:00+00:00
[2024-06-21T03:06:57.242+0000] {processor.py:183} INFO - Processing /home/airflow/.local/lib/python3.12/site-packages/airflow/example_dags/example_trigger_controller_dag.py took 0.035 seconds
[2024-06-21T03:07:27.894+0000] {processor.py:161} INFO - Started process (PID=1009) to work on /home/airflow/.local/lib/python3.12/site-packages/airflow/example_dags/example_trigger_controller_dag.py
[2024-06-21T03:07:27.894+0000] {processor.py:830} INFO - Processing file /home/airflow/.local/lib/python3.12/site-packages/airflow/example_dags/example_trigger_controller_dag.py for tasks to queue
[2024-06-21T03:07:27.895+0000] {logging_mixin.py:188} INFO - [2024-06-21T03:07:27.895+0000] {dagbag.py:545} INFO - Filling up the DagBag from /home/airflow/.local/lib/python3.12/site-packages/airflow/example_dags/example_trigger_controller_dag.py
[2024-06-21T03:07:27.898+0000] {processor.py:840} INFO - DAG(s) 'example_trigger_controller_dag' retrieved from /home/airflow/.local/lib/python3.12/site-packages/airflow/example_dags/example_trigger_controller_dag.py
[2024-06-21T03:07:27.907+0000] {logging_mixin.py:188} INFO - [2024-06-21T03:07:27.907+0000] {dag.py:3096} INFO - Sync 1 DAGs
[2024-06-21T03:07:27.918+0000] {logging_mixin.py:188} INFO - [2024-06-21T03:07:27.917+0000] {dag.py:3954} INFO - Setting next_dagrun for example_trigger_controller_dag to 2021-01-01 00:00:00+00:00, run_after=2021-01-01 00:00:00+00:00
[2024-06-21T03:07:27.926+0000] {processor.py:183} INFO - Processing /home/airflow/.local/lib/python3.12/site-packages/airflow/example_dags/example_trigger_controller_dag.py took 0.035 seconds
[2024-06-21T03:07:58.544+0000] {processor.py:161} INFO - Started process (PID=1296) to work on /home/airflow/.local/lib/python3.12/site-packages/airflow/example_dags/example_trigger_controller_dag.py
[2024-06-21T03:07:58.545+0000] {processor.py:830} INFO - Processing file /home/airflow/.local/lib/python3.12/site-packages/airflow/example_dags/example_trigger_controller_dag.py for tasks to queue
[2024-06-21T03:07:58.545+0000] {logging_mixin.py:188} INFO - [2024-06-21T03:07:58.545+0000] {dagbag.py:545} INFO - Filling up the DagBag from /home/airflow/.local/lib/python3.12/site-packages/airflow/example_dags/example_trigger_controller_dag.py
[2024-06-21T03:07:58.548+0000] {processor.py:840} INFO - DAG(s) 'example_trigger_controller_dag' retrieved from /home/airflow/.local/lib/python3.12/site-packages/airflow/example_dags/example_trigger_controller_dag.py
[2024-06-21T03:07:58.557+0000] {logging_mixin.py:188} INFO - [2024-06-21T03:07:58.557+0000] {dag.py:3096} INFO - Sync 1 DAGs
[2024-06-21T03:07:58.567+0000] {logging_mixin.py:188} INFO - [2024-06-21T03:07:58.567+0000] {dag.py:3954} INFO - Setting next_dagrun for example_trigger_controller_dag to 2021-01-01 00:00:00+00:00, run_after=2021-01-01 00:00:00+00:00
[2024-06-21T03:07:58.575+0000] {processor.py:183} INFO - Processing /home/airflow/.local/lib/python3.12/site-packages/airflow/example_dags/example_trigger_controller_dag.py took 0.034 seconds
[2024-06-21T03:08:29.179+0000] {processor.py:161} INFO - Started process (PID=1582) to work on /home/airflow/.local/lib/python3.12/site-packages/airflow/example_dags/example_trigger_controller_dag.py
[2024-06-21T03:08:29.184+0000] {processor.py:830} INFO - Processing file /home/airflow/.local/lib/python3.12/site-packages/airflow/example_dags/example_trigger_controller_dag.py for tasks to queue
[2024-06-21T03:08:29.185+0000] {logging_mixin.py:188} INFO - [2024-06-21T03:08:29.185+0000] {dagbag.py:545} INFO - Filling up the DagBag from /home/airflow/.local/lib/python3.12/site-packages/airflow/example_dags/example_trigger_controller_dag.py
[2024-06-21T03:08:29.189+0000] {processor.py:840} INFO - DAG(s) 'example_trigger_controller_dag' retrieved from /home/airflow/.local/lib/python3.12/site-packages/airflow/example_dags/example_trigger_controller_dag.py
[2024-06-21T03:08:29.199+0000] {logging_mixin.py:188} INFO - [2024-06-21T03:08:29.199+0000] {dag.py:3096} INFO - Sync 1 DAGs
[2024-06-21T03:08:29.209+0000] {logging_mixin.py:188} INFO - [2024-06-21T03:08:29.209+0000] {dag.py:3954} INFO - Setting next_dagrun for example_trigger_controller_dag to 2021-01-01 00:00:00+00:00, run_after=2021-01-01 00:00:00+00:00
[2024-06-21T03:08:29.218+0000] {processor.py:183} INFO - Processing /home/airflow/.local/lib/python3.12/site-packages/airflow/example_dags/example_trigger_controller_dag.py took 0.042 seconds
[2024-06-21T03:08:59.937+0000] {processor.py:161} INFO - Started process (PID=1844) to work on /home/airflow/.local/lib/python3.12/site-packages/airflow/example_dags/example_trigger_controller_dag.py
[2024-06-21T03:08:59.937+0000] {processor.py:830} INFO - Processing file /home/airflow/.local/lib/python3.12/site-packages/airflow/example_dags/example_trigger_controller_dag.py for tasks to queue
[2024-06-21T03:08:59.938+0000] {logging_mixin.py:188} INFO - [2024-06-21T03:08:59.938+0000] {dagbag.py:545} INFO - Filling up the DagBag from /home/airflow/.local/lib/python3.12/site-packages/airflow/example_dags/example_trigger_controller_dag.py
[2024-06-21T03:08:59.941+0000] {processor.py:840} INFO - DAG(s) 'example_trigger_controller_dag' retrieved from /home/airflow/.local/lib/python3.12/site-packages/airflow/example_dags/example_trigger_controller_dag.py
[2024-06-21T03:08:59.950+0000] {logging_mixin.py:188} INFO - [2024-06-21T03:08:59.950+0000] {dag.py:3096} INFO - Sync 1 DAGs
[2024-06-21T03:08:59.960+0000] {logging_mixin.py:188} INFO - [2024-06-21T03:08:59.960+0000] {dag.py:3954} INFO - Setting next_dagrun for example_trigger_controller_dag to 2021-01-01 00:00:00+00:00, run_after=2021-01-01 00:00:00+00:00
[2024-06-21T03:08:59.968+0000] {processor.py:183} INFO - Processing /home/airflow/.local/lib/python3.12/site-packages/airflow/example_dags/example_trigger_controller_dag.py took 0.034 seconds
[2024-06-21T03:09:30.623+0000] {processor.py:161} INFO - Started process (PID=2106) to work on /home/airflow/.local/lib/python3.12/site-packages/airflow/example_dags/example_trigger_controller_dag.py
[2024-06-21T03:09:30.623+0000] {processor.py:830} INFO - Processing file /home/airflow/.local/lib/python3.12/site-packages/airflow/example_dags/example_trigger_controller_dag.py for tasks to queue
[2024-06-21T03:09:30.624+0000] {logging_mixin.py:188} INFO - [2024-06-21T03:09:30.624+0000] {dagbag.py:545} INFO - Filling up the DagBag from /home/airflow/.local/lib/python3.12/site-packages/airflow/example_dags/example_trigger_controller_dag.py
[2024-06-21T03:09:30.627+0000] {processor.py:840} INFO - DAG(s) 'example_trigger_controller_dag' retrieved from /home/airflow/.local/lib/python3.12/site-packages/airflow/example_dags/example_trigger_controller_dag.py
[2024-06-21T03:09:30.640+0000] {logging_mixin.py:188} INFO - [2024-06-21T03:09:30.640+0000] {dag.py:3096} INFO - Sync 1 DAGs
[2024-06-21T03:09:30.651+0000] {logging_mixin.py:188} INFO - [2024-06-21T03:09:30.651+0000] {dag.py:3954} INFO - Setting next_dagrun for example_trigger_controller_dag to 2021-01-01 00:00:00+00:00, run_after=2021-01-01 00:00:00+00:00
[2024-06-21T03:09:30.660+0000] {processor.py:183} INFO - Processing /home/airflow/.local/lib/python3.12/site-packages/airflow/example_dags/example_trigger_controller_dag.py took 0.040 seconds
[2024-06-21T03:10:01.285+0000] {processor.py:161} INFO - Started process (PID=2368) to work on /home/airflow/.local/lib/python3.12/site-packages/airflow/example_dags/example_trigger_controller_dag.py
[2024-06-21T03:10:01.286+0000] {processor.py:830} INFO - Processing file /home/airflow/.local/lib/python3.12/site-packages/airflow/example_dags/example_trigger_controller_dag.py for tasks to queue
[2024-06-21T03:10:01.287+0000] {logging_mixin.py:188} INFO - [2024-06-21T03:10:01.287+0000] {dagbag.py:545} INFO - Filling up the DagBag from /home/airflow/.local/lib/python3.12/site-packages/airflow/example_dags/example_trigger_controller_dag.py
[2024-06-21T03:10:01.290+0000] {processor.py:840} INFO - DAG(s) 'example_trigger_controller_dag' retrieved from /home/airflow/.local/lib/python3.12/site-packages/airflow/example_dags/example_trigger_controller_dag.py
[2024-06-21T03:10:01.300+0000] {logging_mixin.py:188} INFO - [2024-06-21T03:10:01.300+0000] {dag.py:3096} INFO - Sync 1 DAGs
[2024-06-21T03:10:01.310+0000] {logging_mixin.py:188} INFO - [2024-06-21T03:10:01.310+0000] {dag.py:3954} INFO - Setting next_dagrun for example_trigger_controller_dag to 2021-01-01 00:00:00+00:00, run_after=2021-01-01 00:00:00+00:00
[2024-06-21T03:10:01.320+0000] {processor.py:183} INFO - Processing /home/airflow/.local/lib/python3.12/site-packages/airflow/example_dags/example_trigger_controller_dag.py took 0.038 seconds
[2024-06-21T03:10:32.023+0000] {processor.py:161} INFO - Started process (PID=2630) to work on /home/airflow/.local/lib/python3.12/site-packages/airflow/example_dags/example_trigger_controller_dag.py
[2024-06-21T03:10:32.024+0000] {processor.py:830} INFO - Processing file /home/airflow/.local/lib/python3.12/site-packages/airflow/example_dags/example_trigger_controller_dag.py for tasks to queue
[2024-06-21T03:10:32.025+0000] {logging_mixin.py:188} INFO - [2024-06-21T03:10:32.025+0000] {dagbag.py:545} INFO - Filling up the DagBag from /home/airflow/.local/lib/python3.12/site-packages/airflow/example_dags/example_trigger_controller_dag.py
[2024-06-21T03:10:32.028+0000] {processor.py:840} INFO - DAG(s) 'example_trigger_controller_dag' retrieved from /home/airflow/.local/lib/python3.12/site-packages/airflow/example_dags/example_trigger_controller_dag.py
[2024-06-21T03:10:32.038+0000] {logging_mixin.py:188} INFO - [2024-06-21T03:10:32.038+0000] {dag.py:3096} INFO - Sync 1 DAGs
[2024-06-21T03:10:32.049+0000] {logging_mixin.py:188} INFO - [2024-06-21T03:10:32.049+0000] {dag.py:3954} INFO - Setting next_dagrun for example_trigger_controller_dag to 2021-01-01 00:00:00+00:00, run_after=2021-01-01 00:00:00+00:00
[2024-06-21T03:10:32.059+0000] {processor.py:183} INFO - Processing /home/airflow/.local/lib/python3.12/site-packages/airflow/example_dags/example_trigger_controller_dag.py took 0.038 seconds
[2024-06-21T03:11:02.785+0000] {processor.py:161} INFO - Started process (PID=2892) to work on /home/airflow/.local/lib/python3.12/site-packages/airflow/example_dags/example_trigger_controller_dag.py
[2024-06-21T03:11:02.786+0000] {processor.py:830} INFO - Processing file /home/airflow/.local/lib/python3.12/site-packages/airflow/example_dags/example_trigger_controller_dag.py for tasks to queue
[2024-06-21T03:11:02.787+0000] {logging_mixin.py:188} INFO - [2024-06-21T03:11:02.787+0000] {dagbag.py:545} INFO - Filling up the DagBag from /home/airflow/.local/lib/python3.12/site-packages/airflow/example_dags/example_trigger_controller_dag.py
[2024-06-21T03:11:02.790+0000] {processor.py:840} INFO - DAG(s) 'example_trigger_controller_dag' retrieved from /home/airflow/.local/lib/python3.12/site-packages/airflow/example_dags/example_trigger_controller_dag.py
[2024-06-21T03:11:02.804+0000] {logging_mixin.py:188} INFO - [2024-06-21T03:11:02.804+0000] {dag.py:3096} INFO - Sync 1 DAGs
[2024-06-21T03:11:02.815+0000] {logging_mixin.py:188} INFO - [2024-06-21T03:11:02.815+0000] {dag.py:3954} INFO - Setting next_dagrun for example_trigger_controller_dag to 2021-01-01 00:00:00+00:00, run_after=2021-01-01 00:00:00+00:00
[2024-06-21T03:11:02.824+0000] {processor.py:183} INFO - Processing /home/airflow/.local/lib/python3.12/site-packages/airflow/example_dags/example_trigger_controller_dag.py took 0.042 seconds
[2024-06-21T03:11:33.577+0000] {processor.py:161} INFO - Started process (PID=3154) to work on /home/airflow/.local/lib/python3.12/site-packages/airflow/example_dags/example_trigger_controller_dag.py
[2024-06-21T03:11:33.578+0000] {processor.py:830} INFO - Processing file /home/airflow/.local/lib/python3.12/site-packages/airflow/example_dags/example_trigger_controller_dag.py for tasks to queue
[2024-06-21T03:11:33.579+0000] {logging_mixin.py:188} INFO - [2024-06-21T03:11:33.579+0000] {dagbag.py:545} INFO - Filling up the DagBag from /home/airflow/.local/lib/python3.12/site-packages/airflow/example_dags/example_trigger_controller_dag.py
[2024-06-21T03:11:33.582+0000] {processor.py:840} INFO - DAG(s) 'example_trigger_controller_dag' retrieved from /home/airflow/.local/lib/python3.12/site-packages/airflow/example_dags/example_trigger_controller_dag.py
[2024-06-21T03:11:33.593+0000] {logging_mixin.py:188} INFO - [2024-06-21T03:11:33.593+0000] {dag.py:3096} INFO - Sync 1 DAGs
[2024-06-21T03:11:33.604+0000] {logging_mixin.py:188} INFO - [2024-06-21T03:11:33.604+0000] {dag.py:3954} INFO - Setting next_dagrun for example_trigger_controller_dag to 2021-01-01 00:00:00+00:00, run_after=2021-01-01 00:00:00+00:00
[2024-06-21T03:11:33.613+0000] {processor.py:183} INFO - Processing /home/airflow/.local/lib/python3.12/site-packages/airflow/example_dags/example_trigger_controller_dag.py took 0.039 seconds
[2024-06-21T03:12:03.735+0000] {processor.py:161} INFO - Started process (PID=3418) to work on /home/airflow/.local/lib/python3.12/site-packages/airflow/example_dags/example_trigger_controller_dag.py
[2024-06-21T03:12:03.738+0000] {processor.py:830} INFO - Processing file /home/airflow/.local/lib/python3.12/site-packages/airflow/example_dags/example_trigger_controller_dag.py for tasks to queue
[2024-06-21T03:12:03.739+0000] {logging_mixin.py:188} INFO - [2024-06-21T03:12:03.739+0000] {dagbag.py:545} INFO - Filling up the DagBag from /home/airflow/.local/lib/python3.12/site-packages/airflow/example_dags/example_trigger_controller_dag.py
[2024-06-21T03:12:03.742+0000] {processor.py:840} INFO - DAG(s) 'example_trigger_controller_dag' retrieved from /home/airflow/.local/lib/python3.12/site-packages/airflow/example_dags/example_trigger_controller_dag.py
[2024-06-21T03:12:03.753+0000] {logging_mixin.py:188} INFO - [2024-06-21T03:12:03.753+0000] {dag.py:3096} INFO - Sync 1 DAGs
[2024-06-21T03:12:03.765+0000] {logging_mixin.py:188} INFO - [2024-06-21T03:12:03.765+0000] {dag.py:3954} INFO - Setting next_dagrun for example_trigger_controller_dag to 2021-01-01 00:00:00+00:00, run_after=2021-01-01 00:00:00+00:00
[2024-06-21T03:12:03.774+0000] {processor.py:183} INFO - Processing /home/airflow/.local/lib/python3.12/site-packages/airflow/example_dags/example_trigger_controller_dag.py took 0.042 seconds
[2024-06-21T03:12:34.515+0000] {processor.py:161} INFO - Started process (PID=3678) to work on /home/airflow/.local/lib/python3.12/site-packages/airflow/example_dags/example_trigger_controller_dag.py
[2024-06-21T03:12:34.519+0000] {processor.py:830} INFO - Processing file /home/airflow/.local/lib/python3.12/site-packages/airflow/example_dags/example_trigger_controller_dag.py for tasks to queue
[2024-06-21T03:12:34.520+0000] {logging_mixin.py:188} INFO - [2024-06-21T03:12:34.520+0000] {dagbag.py:545} INFO - Filling up the DagBag from /home/airflow/.local/lib/python3.12/site-packages/airflow/example_dags/example_trigger_controller_dag.py
[2024-06-21T03:12:34.523+0000] {processor.py:840} INFO - DAG(s) 'example_trigger_controller_dag' retrieved from /home/airflow/.local/lib/python3.12/site-packages/airflow/example_dags/example_trigger_controller_dag.py
[2024-06-21T03:12:34.533+0000] {logging_mixin.py:188} INFO - [2024-06-21T03:12:34.533+0000] {dag.py:3096} INFO - Sync 1 DAGs
[2024-06-21T03:12:34.545+0000] {logging_mixin.py:188} INFO - [2024-06-21T03:12:34.544+0000] {dag.py:3954} INFO - Setting next_dagrun for example_trigger_controller_dag to 2021-01-01 00:00:00+00:00, run_after=2021-01-01 00:00:00+00:00
[2024-06-21T03:12:34.554+0000] {processor.py:183} INFO - Processing /home/airflow/.local/lib/python3.12/site-packages/airflow/example_dags/example_trigger_controller_dag.py took 0.042 seconds
[2024-06-21T03:13:05.220+0000] {processor.py:161} INFO - Started process (PID=3940) to work on /home/airflow/.local/lib/python3.12/site-packages/airflow/example_dags/example_trigger_controller_dag.py
[2024-06-21T03:13:05.221+0000] {processor.py:830} INFO - Processing file /home/airflow/.local/lib/python3.12/site-packages/airflow/example_dags/example_trigger_controller_dag.py for tasks to queue
[2024-06-21T03:13:05.222+0000] {logging_mixin.py:188} INFO - [2024-06-21T03:13:05.222+0000] {dagbag.py:545} INFO - Filling up the DagBag from /home/airflow/.local/lib/python3.12/site-packages/airflow/example_dags/example_trigger_controller_dag.py
[2024-06-21T03:13:05.225+0000] {processor.py:840} INFO - DAG(s) 'example_trigger_controller_dag' retrieved from /home/airflow/.local/lib/python3.12/site-packages/airflow/example_dags/example_trigger_controller_dag.py
[2024-06-21T03:13:05.235+0000] {logging_mixin.py:188} INFO - [2024-06-21T03:13:05.235+0000] {dag.py:3096} INFO - Sync 1 DAGs
[2024-06-21T03:13:05.247+0000] {logging_mixin.py:188} INFO - [2024-06-21T03:13:05.247+0000] {dag.py:3954} INFO - Setting next_dagrun for example_trigger_controller_dag to 2021-01-01 00:00:00+00:00, run_after=2021-01-01 00:00:00+00:00
[2024-06-21T03:13:05.256+0000] {processor.py:183} INFO - Processing /home/airflow/.local/lib/python3.12/site-packages/airflow/example_dags/example_trigger_controller_dag.py took 0.039 seconds
[2024-06-21T03:13:36.149+0000] {processor.py:161} INFO - Started process (PID=4204) to work on /home/airflow/.local/lib/python3.12/site-packages/airflow/example_dags/example_trigger_controller_dag.py
[2024-06-21T03:13:36.150+0000] {processor.py:830} INFO - Processing file /home/airflow/.local/lib/python3.12/site-packages/airflow/example_dags/example_trigger_controller_dag.py for tasks to queue
[2024-06-21T03:13:36.151+0000] {logging_mixin.py:188} INFO - [2024-06-21T03:13:36.151+0000] {dagbag.py:545} INFO - Filling up the DagBag from /home/airflow/.local/lib/python3.12/site-packages/airflow/example_dags/example_trigger_controller_dag.py
[2024-06-21T03:13:36.154+0000] {processor.py:840} INFO - DAG(s) 'example_trigger_controller_dag' retrieved from /home/airflow/.local/lib/python3.12/site-packages/airflow/example_dags/example_trigger_controller_dag.py
[2024-06-21T03:13:36.165+0000] {logging_mixin.py:188} INFO - [2024-06-21T03:13:36.165+0000] {dag.py:3096} INFO - Sync 1 DAGs
[2024-06-21T03:13:36.175+0000] {logging_mixin.py:188} INFO - [2024-06-21T03:13:36.175+0000] {dag.py:3954} INFO - Setting next_dagrun for example_trigger_controller_dag to 2021-01-01 00:00:00+00:00, run_after=2021-01-01 00:00:00+00:00
[2024-06-21T03:13:36.184+0000] {processor.py:183} INFO - Processing /home/airflow/.local/lib/python3.12/site-packages/airflow/example_dags/example_trigger_controller_dag.py took 0.038 seconds
[2024-06-21T03:14:06.878+0000] {processor.py:161} INFO - Started process (PID=4464) to work on /home/airflow/.local/lib/python3.12/site-packages/airflow/example_dags/example_trigger_controller_dag.py
[2024-06-21T03:14:06.878+0000] {processor.py:830} INFO - Processing file /home/airflow/.local/lib/python3.12/site-packages/airflow/example_dags/example_trigger_controller_dag.py for tasks to queue
[2024-06-21T03:14:06.879+0000] {logging_mixin.py:188} INFO - [2024-06-21T03:14:06.879+0000] {dagbag.py:545} INFO - Filling up the DagBag from /home/airflow/.local/lib/python3.12/site-packages/airflow/example_dags/example_trigger_controller_dag.py
[2024-06-21T03:14:06.882+0000] {processor.py:840} INFO - DAG(s) 'example_trigger_controller_dag' retrieved from /home/airflow/.local/lib/python3.12/site-packages/airflow/example_dags/example_trigger_controller_dag.py
[2024-06-21T03:14:06.892+0000] {logging_mixin.py:188} INFO - [2024-06-21T03:14:06.892+0000] {dag.py:3096} INFO - Sync 1 DAGs
[2024-06-21T03:14:06.904+0000] {logging_mixin.py:188} INFO - [2024-06-21T03:14:06.904+0000] {dag.py:3954} INFO - Setting next_dagrun for example_trigger_controller_dag to 2021-01-01 00:00:00+00:00, run_after=2021-01-01 00:00:00+00:00
[2024-06-21T03:14:06.913+0000] {processor.py:183} INFO - Processing /home/airflow/.local/lib/python3.12/site-packages/airflow/example_dags/example_trigger_controller_dag.py took 0.038 seconds
[2024-06-21T03:14:37.618+0000] {processor.py:161} INFO - Started process (PID=4726) to work on /home/airflow/.local/lib/python3.12/site-packages/airflow/example_dags/example_trigger_controller_dag.py
[2024-06-21T03:14:37.619+0000] {processor.py:830} INFO - Processing file /home/airflow/.local/lib/python3.12/site-packages/airflow/example_dags/example_trigger_controller_dag.py for tasks to queue
[2024-06-21T03:14:37.620+0000] {logging_mixin.py:188} INFO - [2024-06-21T03:14:37.620+0000] {dagbag.py:545} INFO - Filling up the DagBag from /home/airflow/.local/lib/python3.12/site-packages/airflow/example_dags/example_trigger_controller_dag.py
[2024-06-21T03:14:37.624+0000] {processor.py:840} INFO - DAG(s) 'example_trigger_controller_dag' retrieved from /home/airflow/.local/lib/python3.12/site-packages/airflow/example_dags/example_trigger_controller_dag.py
[2024-06-21T03:14:37.635+0000] {logging_mixin.py:188} INFO - [2024-06-21T03:14:37.634+0000] {dag.py:3096} INFO - Sync 1 DAGs
[2024-06-21T03:14:37.646+0000] {logging_mixin.py:188} INFO - [2024-06-21T03:14:37.646+0000] {dag.py:3954} INFO - Setting next_dagrun for example_trigger_controller_dag to 2021-01-01 00:00:00+00:00, run_after=2021-01-01 00:00:00+00:00
[2024-06-21T03:14:37.654+0000] {processor.py:183} INFO - Processing /home/airflow/.local/lib/python3.12/site-packages/airflow/example_dags/example_trigger_controller_dag.py took 0.039 seconds
[2024-06-21T03:15:08.314+0000] {processor.py:161} INFO - Started process (PID=4988) to work on /home/airflow/.local/lib/python3.12/site-packages/airflow/example_dags/example_trigger_controller_dag.py
[2024-06-21T03:15:08.315+0000] {processor.py:830} INFO - Processing file /home/airflow/.local/lib/python3.12/site-packages/airflow/example_dags/example_trigger_controller_dag.py for tasks to queue
[2024-06-21T03:15:08.316+0000] {logging_mixin.py:188} INFO - [2024-06-21T03:15:08.316+0000] {dagbag.py:545} INFO - Filling up the DagBag from /home/airflow/.local/lib/python3.12/site-packages/airflow/example_dags/example_trigger_controller_dag.py
[2024-06-21T03:15:08.319+0000] {processor.py:840} INFO - DAG(s) 'example_trigger_controller_dag' retrieved from /home/airflow/.local/lib/python3.12/site-packages/airflow/example_dags/example_trigger_controller_dag.py
[2024-06-21T03:15:08.329+0000] {logging_mixin.py:188} INFO - [2024-06-21T03:15:08.328+0000] {dag.py:3096} INFO - Sync 1 DAGs
[2024-06-21T03:15:08.339+0000] {logging_mixin.py:188} INFO - [2024-06-21T03:15:08.339+0000] {dag.py:3954} INFO - Setting next_dagrun for example_trigger_controller_dag to 2021-01-01 00:00:00+00:00, run_after=2021-01-01 00:00:00+00:00
[2024-06-21T03:15:08.348+0000] {processor.py:183} INFO - Processing /home/airflow/.local/lib/python3.12/site-packages/airflow/example_dags/example_trigger_controller_dag.py took 0.037 seconds
[2024-06-21T03:15:39.119+0000] {processor.py:161} INFO - Started process (PID=5250) to work on /home/airflow/.local/lib/python3.12/site-packages/airflow/example_dags/example_trigger_controller_dag.py
[2024-06-21T03:15:39.119+0000] {processor.py:830} INFO - Processing file /home/airflow/.local/lib/python3.12/site-packages/airflow/example_dags/example_trigger_controller_dag.py for tasks to queue
[2024-06-21T03:15:39.120+0000] {logging_mixin.py:188} INFO - [2024-06-21T03:15:39.120+0000] {dagbag.py:545} INFO - Filling up the DagBag from /home/airflow/.local/lib/python3.12/site-packages/airflow/example_dags/example_trigger_controller_dag.py
[2024-06-21T03:15:39.124+0000] {processor.py:840} INFO - DAG(s) 'example_trigger_controller_dag' retrieved from /home/airflow/.local/lib/python3.12/site-packages/airflow/example_dags/example_trigger_controller_dag.py
[2024-06-21T03:15:39.134+0000] {logging_mixin.py:188} INFO - [2024-06-21T03:15:39.134+0000] {dag.py:3096} INFO - Sync 1 DAGs
[2024-06-21T03:15:39.146+0000] {logging_mixin.py:188} INFO - [2024-06-21T03:15:39.145+0000] {dag.py:3954} INFO - Setting next_dagrun for example_trigger_controller_dag to 2021-01-01 00:00:00+00:00, run_after=2021-01-01 00:00:00+00:00
[2024-06-21T03:15:39.154+0000] {processor.py:183} INFO - Processing /home/airflow/.local/lib/python3.12/site-packages/airflow/example_dags/example_trigger_controller_dag.py took 0.039 seconds
[2024-06-21T03:16:09.239+0000] {processor.py:161} INFO - Started process (PID=5512) to work on /home/airflow/.local/lib/python3.12/site-packages/airflow/example_dags/example_trigger_controller_dag.py
[2024-06-21T03:16:09.239+0000] {processor.py:830} INFO - Processing file /home/airflow/.local/lib/python3.12/site-packages/airflow/example_dags/example_trigger_controller_dag.py for tasks to queue
[2024-06-21T03:16:09.241+0000] {logging_mixin.py:188} INFO - [2024-06-21T03:16:09.241+0000] {dagbag.py:545} INFO - Filling up the DagBag from /home/airflow/.local/lib/python3.12/site-packages/airflow/example_dags/example_trigger_controller_dag.py
[2024-06-21T03:16:09.244+0000] {processor.py:840} INFO - DAG(s) 'example_trigger_controller_dag' retrieved from /home/airflow/.local/lib/python3.12/site-packages/airflow/example_dags/example_trigger_controller_dag.py
[2024-06-21T03:16:09.254+0000] {logging_mixin.py:188} INFO - [2024-06-21T03:16:09.254+0000] {dag.py:3096} INFO - Sync 1 DAGs
[2024-06-21T03:16:09.264+0000] {logging_mixin.py:188} INFO - [2024-06-21T03:16:09.264+0000] {dag.py:3954} INFO - Setting next_dagrun for example_trigger_controller_dag to 2021-01-01 00:00:00+00:00, run_after=2021-01-01 00:00:00+00:00
[2024-06-21T03:16:09.275+0000] {processor.py:183} INFO - Processing /home/airflow/.local/lib/python3.12/site-packages/airflow/example_dags/example_trigger_controller_dag.py took 0.039 seconds
[2024-06-21T03:16:40.055+0000] {processor.py:161} INFO - Started process (PID=5774) to work on /home/airflow/.local/lib/python3.12/site-packages/airflow/example_dags/example_trigger_controller_dag.py
[2024-06-21T03:16:40.056+0000] {processor.py:830} INFO - Processing file /home/airflow/.local/lib/python3.12/site-packages/airflow/example_dags/example_trigger_controller_dag.py for tasks to queue
[2024-06-21T03:16:40.057+0000] {logging_mixin.py:188} INFO - [2024-06-21T03:16:40.056+0000] {dagbag.py:545} INFO - Filling up the DagBag from /home/airflow/.local/lib/python3.12/site-packages/airflow/example_dags/example_trigger_controller_dag.py
[2024-06-21T03:16:40.059+0000] {processor.py:840} INFO - DAG(s) 'example_trigger_controller_dag' retrieved from /home/airflow/.local/lib/python3.12/site-packages/airflow/example_dags/example_trigger_controller_dag.py
[2024-06-21T03:16:40.069+0000] {logging_mixin.py:188} INFO - [2024-06-21T03:16:40.069+0000] {dag.py:3096} INFO - Sync 1 DAGs
[2024-06-21T03:16:40.080+0000] {logging_mixin.py:188} INFO - [2024-06-21T03:16:40.079+0000] {dag.py:3954} INFO - Setting next_dagrun for example_trigger_controller_dag to 2021-01-01 00:00:00+00:00, run_after=2021-01-01 00:00:00+00:00
[2024-06-21T03:16:40.088+0000] {processor.py:183} INFO - Processing /home/airflow/.local/lib/python3.12/site-packages/airflow/example_dags/example_trigger_controller_dag.py took 0.037 seconds
[2024-06-21T03:17:10.859+0000] {processor.py:161} INFO - Started process (PID=6036) to work on /home/airflow/.local/lib/python3.12/site-packages/airflow/example_dags/example_trigger_controller_dag.py
[2024-06-21T03:17:10.860+0000] {processor.py:830} INFO - Processing file /home/airflow/.local/lib/python3.12/site-packages/airflow/example_dags/example_trigger_controller_dag.py for tasks to queue
[2024-06-21T03:17:10.861+0000] {logging_mixin.py:188} INFO - [2024-06-21T03:17:10.861+0000] {dagbag.py:545} INFO - Filling up the DagBag from /home/airflow/.local/lib/python3.12/site-packages/airflow/example_dags/example_trigger_controller_dag.py
[2024-06-21T03:17:10.864+0000] {processor.py:840} INFO - DAG(s) 'example_trigger_controller_dag' retrieved from /home/airflow/.local/lib/python3.12/site-packages/airflow/example_dags/example_trigger_controller_dag.py
[2024-06-21T03:17:10.875+0000] {logging_mixin.py:188} INFO - [2024-06-21T03:17:10.875+0000] {dag.py:3096} INFO - Sync 1 DAGs
[2024-06-21T03:17:10.887+0000] {logging_mixin.py:188} INFO - [2024-06-21T03:17:10.887+0000] {dag.py:3954} INFO - Setting next_dagrun for example_trigger_controller_dag to 2021-01-01 00:00:00+00:00, run_after=2021-01-01 00:00:00+00:00
[2024-06-21T03:17:10.897+0000] {processor.py:183} INFO - Processing /home/airflow/.local/lib/python3.12/site-packages/airflow/example_dags/example_trigger_controller_dag.py took 0.040 seconds
[2024-06-21T03:17:40.969+0000] {processor.py:161} INFO - Started process (PID=6300) to work on /home/airflow/.local/lib/python3.12/site-packages/airflow/example_dags/example_trigger_controller_dag.py
[2024-06-21T03:17:40.970+0000] {processor.py:830} INFO - Processing file /home/airflow/.local/lib/python3.12/site-packages/airflow/example_dags/example_trigger_controller_dag.py for tasks to queue
[2024-06-21T03:17:40.971+0000] {logging_mixin.py:188} INFO - [2024-06-21T03:17:40.971+0000] {dagbag.py:545} INFO - Filling up the DagBag from /home/airflow/.local/lib/python3.12/site-packages/airflow/example_dags/example_trigger_controller_dag.py
[2024-06-21T03:17:40.975+0000] {processor.py:840} INFO - DAG(s) 'example_trigger_controller_dag' retrieved from /home/airflow/.local/lib/python3.12/site-packages/airflow/example_dags/example_trigger_controller_dag.py
[2024-06-21T03:17:40.985+0000] {logging_mixin.py:188} INFO - [2024-06-21T03:17:40.985+0000] {dag.py:3096} INFO - Sync 1 DAGs
[2024-06-21T03:17:40.996+0000] {logging_mixin.py:188} INFO - [2024-06-21T03:17:40.996+0000] {dag.py:3954} INFO - Setting next_dagrun for example_trigger_controller_dag to 2021-01-01 00:00:00+00:00, run_after=2021-01-01 00:00:00+00:00
[2024-06-21T03:17:41.005+0000] {processor.py:183} INFO - Processing /home/airflow/.local/lib/python3.12/site-packages/airflow/example_dags/example_trigger_controller_dag.py took 0.039 seconds
[2024-06-21T03:18:11.116+0000] {processor.py:161} INFO - Started process (PID=6560) to work on /home/airflow/.local/lib/python3.12/site-packages/airflow/example_dags/example_trigger_controller_dag.py
[2024-06-21T03:18:11.116+0000] {processor.py:830} INFO - Processing file /home/airflow/.local/lib/python3.12/site-packages/airflow/example_dags/example_trigger_controller_dag.py for tasks to queue
[2024-06-21T03:18:11.117+0000] {logging_mixin.py:188} INFO - [2024-06-21T03:18:11.117+0000] {dagbag.py:545} INFO - Filling up the DagBag from /home/airflow/.local/lib/python3.12/site-packages/airflow/example_dags/example_trigger_controller_dag.py
[2024-06-21T03:18:11.120+0000] {processor.py:840} INFO - DAG(s) 'example_trigger_controller_dag' retrieved from /home/airflow/.local/lib/python3.12/site-packages/airflow/example_dags/example_trigger_controller_dag.py
[2024-06-21T03:18:11.131+0000] {logging_mixin.py:188} INFO - [2024-06-21T03:18:11.131+0000] {dag.py:3096} INFO - Sync 1 DAGs
[2024-06-21T03:18:11.142+0000] {logging_mixin.py:188} INFO - [2024-06-21T03:18:11.142+0000] {dag.py:3954} INFO - Setting next_dagrun for example_trigger_controller_dag to 2021-01-01 00:00:00+00:00, run_after=2021-01-01 00:00:00+00:00
[2024-06-21T03:18:11.151+0000] {processor.py:183} INFO - Processing /home/airflow/.local/lib/python3.12/site-packages/airflow/example_dags/example_trigger_controller_dag.py took 0.039 seconds
[2024-06-21T03:18:41.363+0000] {processor.py:161} INFO - Started process (PID=6822) to work on /home/airflow/.local/lib/python3.12/site-packages/airflow/example_dags/example_trigger_controller_dag.py
[2024-06-21T03:18:41.363+0000] {processor.py:830} INFO - Processing file /home/airflow/.local/lib/python3.12/site-packages/airflow/example_dags/example_trigger_controller_dag.py for tasks to queue
[2024-06-21T03:18:41.365+0000] {logging_mixin.py:188} INFO - [2024-06-21T03:18:41.365+0000] {dagbag.py:545} INFO - Filling up the DagBag from /home/airflow/.local/lib/python3.12/site-packages/airflow/example_dags/example_trigger_controller_dag.py
[2024-06-21T03:18:41.368+0000] {processor.py:840} INFO - DAG(s) 'example_trigger_controller_dag' retrieved from /home/airflow/.local/lib/python3.12/site-packages/airflow/example_dags/example_trigger_controller_dag.py
[2024-06-21T03:18:41.380+0000] {logging_mixin.py:188} INFO - [2024-06-21T03:18:41.380+0000] {dag.py:3096} INFO - Sync 1 DAGs
[2024-06-21T03:18:41.392+0000] {logging_mixin.py:188} INFO - [2024-06-21T03:18:41.392+0000] {dag.py:3954} INFO - Setting next_dagrun for example_trigger_controller_dag to 2021-01-01 00:00:00+00:00, run_after=2021-01-01 00:00:00+00:00
[2024-06-21T03:18:41.411+0000] {processor.py:183} INFO - Processing /home/airflow/.local/lib/python3.12/site-packages/airflow/example_dags/example_trigger_controller_dag.py took 0.052 seconds
[2024-06-21T03:19:12.076+0000] {processor.py:161} INFO - Started process (PID=7084) to work on /home/airflow/.local/lib/python3.12/site-packages/airflow/example_dags/example_trigger_controller_dag.py
[2024-06-21T03:19:12.077+0000] {processor.py:830} INFO - Processing file /home/airflow/.local/lib/python3.12/site-packages/airflow/example_dags/example_trigger_controller_dag.py for tasks to queue
[2024-06-21T03:19:12.078+0000] {logging_mixin.py:188} INFO - [2024-06-21T03:19:12.078+0000] {dagbag.py:545} INFO - Filling up the DagBag from /home/airflow/.local/lib/python3.12/site-packages/airflow/example_dags/example_trigger_controller_dag.py
[2024-06-21T03:19:12.081+0000] {processor.py:840} INFO - DAG(s) 'example_trigger_controller_dag' retrieved from /home/airflow/.local/lib/python3.12/site-packages/airflow/example_dags/example_trigger_controller_dag.py
[2024-06-21T03:19:12.092+0000] {logging_mixin.py:188} INFO - [2024-06-21T03:19:12.092+0000] {dag.py:3096} INFO - Sync 1 DAGs
[2024-06-21T03:19:12.103+0000] {logging_mixin.py:188} INFO - [2024-06-21T03:19:12.103+0000] {dag.py:3954} INFO - Setting next_dagrun for example_trigger_controller_dag to 2021-01-01 00:00:00+00:00, run_after=2021-01-01 00:00:00+00:00
[2024-06-21T03:19:12.112+0000] {processor.py:183} INFO - Processing /home/airflow/.local/lib/python3.12/site-packages/airflow/example_dags/example_trigger_controller_dag.py took 0.038 seconds
[2024-06-21T03:19:42.223+0000] {processor.py:161} INFO - Started process (PID=7345) to work on /home/airflow/.local/lib/python3.12/site-packages/airflow/example_dags/example_trigger_controller_dag.py
[2024-06-21T03:19:42.224+0000] {processor.py:830} INFO - Processing file /home/airflow/.local/lib/python3.12/site-packages/airflow/example_dags/example_trigger_controller_dag.py for tasks to queue
[2024-06-21T03:19:42.225+0000] {logging_mixin.py:188} INFO - [2024-06-21T03:19:42.225+0000] {dagbag.py:545} INFO - Filling up the DagBag from /home/airflow/.local/lib/python3.12/site-packages/airflow/example_dags/example_trigger_controller_dag.py
[2024-06-21T03:19:42.228+0000] {processor.py:840} INFO - DAG(s) 'example_trigger_controller_dag' retrieved from /home/airflow/.local/lib/python3.12/site-packages/airflow/example_dags/example_trigger_controller_dag.py
[2024-06-21T03:19:42.239+0000] {logging_mixin.py:188} INFO - [2024-06-21T03:19:42.238+0000] {dag.py:3096} INFO - Sync 1 DAGs
[2024-06-21T03:19:42.250+0000] {logging_mixin.py:188} INFO - [2024-06-21T03:19:42.250+0000] {dag.py:3954} INFO - Setting next_dagrun for example_trigger_controller_dag to 2021-01-01 00:00:00+00:00, run_after=2021-01-01 00:00:00+00:00
[2024-06-21T03:19:42.259+0000] {processor.py:183} INFO - Processing /home/airflow/.local/lib/python3.12/site-packages/airflow/example_dags/example_trigger_controller_dag.py took 0.039 seconds
[2024-06-21T03:20:12.411+0000] {processor.py:161} INFO - Started process (PID=7609) to work on /home/airflow/.local/lib/python3.12/site-packages/airflow/example_dags/example_trigger_controller_dag.py
[2024-06-21T03:20:12.412+0000] {processor.py:830} INFO - Processing file /home/airflow/.local/lib/python3.12/site-packages/airflow/example_dags/example_trigger_controller_dag.py for tasks to queue
[2024-06-21T03:20:12.413+0000] {logging_mixin.py:188} INFO - [2024-06-21T03:20:12.413+0000] {dagbag.py:545} INFO - Filling up the DagBag from /home/airflow/.local/lib/python3.12/site-packages/airflow/example_dags/example_trigger_controller_dag.py
[2024-06-21T03:20:12.416+0000] {processor.py:840} INFO - DAG(s) 'example_trigger_controller_dag' retrieved from /home/airflow/.local/lib/python3.12/site-packages/airflow/example_dags/example_trigger_controller_dag.py
[2024-06-21T03:20:12.427+0000] {logging_mixin.py:188} INFO - [2024-06-21T03:20:12.426+0000] {dag.py:3096} INFO - Sync 1 DAGs
[2024-06-21T03:20:12.437+0000] {logging_mixin.py:188} INFO - [2024-06-21T03:20:12.437+0000] {dag.py:3954} INFO - Setting next_dagrun for example_trigger_controller_dag to 2021-01-01 00:00:00+00:00, run_after=2021-01-01 00:00:00+00:00
[2024-06-21T03:20:12.447+0000] {processor.py:183} INFO - Processing /home/airflow/.local/lib/python3.12/site-packages/airflow/example_dags/example_trigger_controller_dag.py took 0.039 seconds
[2024-06-21T03:20:42.588+0000] {processor.py:161} INFO - Started process (PID=7934) to work on /home/airflow/.local/lib/python3.12/site-packages/airflow/example_dags/example_trigger_controller_dag.py
[2024-06-21T03:20:42.590+0000] {processor.py:830} INFO - Processing file /home/airflow/.local/lib/python3.12/site-packages/airflow/example_dags/example_trigger_controller_dag.py for tasks to queue
[2024-06-21T03:20:42.592+0000] {logging_mixin.py:188} INFO - [2024-06-21T03:20:42.591+0000] {dagbag.py:545} INFO - Filling up the DagBag from /home/airflow/.local/lib/python3.12/site-packages/airflow/example_dags/example_trigger_controller_dag.py
[2024-06-21T03:20:42.595+0000] {processor.py:840} INFO - DAG(s) 'example_trigger_controller_dag' retrieved from /home/airflow/.local/lib/python3.12/site-packages/airflow/example_dags/example_trigger_controller_dag.py
[2024-06-21T03:20:42.621+0000] {logging_mixin.py:188} INFO - [2024-06-21T03:20:42.621+0000] {dag.py:3096} INFO - Sync 1 DAGs
[2024-06-21T03:20:42.633+0000] {logging_mixin.py:188} INFO - [2024-06-21T03:20:42.633+0000] {dag.py:3954} INFO - Setting next_dagrun for example_trigger_controller_dag to 2021-01-01 00:00:00+00:00, run_after=2021-01-01 00:00:00+00:00
[2024-06-21T03:20:42.654+0000] {processor.py:183} INFO - Processing /home/airflow/.local/lib/python3.12/site-packages/airflow/example_dags/example_trigger_controller_dag.py took 0.070 seconds
