[2024-06-21T03:05:55.597+0000] {processor.py:161} INFO - Started process (PID=190) to work on /home/airflow/.local/lib/python3.12/site-packages/airflow/example_dags/example_branch_datetime_operator.py
[2024-06-21T03:05:55.598+0000] {processor.py:830} INFO - Processing file /home/airflow/.local/lib/python3.12/site-packages/airflow/example_dags/example_branch_datetime_operator.py for tasks to queue
[2024-06-21T03:05:55.599+0000] {logging_mixin.py:188} INFO - [2024-06-21T03:05:55.598+0000] {dagbag.py:545} INFO - Filling up the DagBag from /home/airflow/.local/lib/python3.12/site-packages/airflow/example_dags/example_branch_datetime_operator.py
[2024-06-21T03:05:55.605+0000] {processor.py:840} INFO - DAG(s) 'example_branch_datetime_operator_2', 'example_branch_datetime_operator_3', 'example_branch_datetime_operator' retrieved from /home/airflow/.local/lib/python3.12/site-packages/airflow/example_dags/example_branch_datetime_operator.py
[2024-06-21T03:05:55.612+0000] {logging_mixin.py:188} INFO - [2024-06-21T03:05:55.611+0000] {dag.py:3096} INFO - Sync 3 DAGs
[2024-06-21T03:05:55.623+0000] {logging_mixin.py:188} INFO - [2024-06-21T03:05:55.622+0000] {dag.py:3954} INFO - Setting next_dagrun for example_branch_datetime_operator to 2024-06-20 00:00:00+00:00, run_after=2024-06-21 00:00:00+00:00
[2024-06-21T03:05:55.625+0000] {logging_mixin.py:188} INFO - [2024-06-21T03:05:55.625+0000] {dag.py:3954} INFO - Setting next_dagrun for example_branch_datetime_operator_2 to 2024-06-20 00:00:00+00:00, run_after=2024-06-21 00:00:00+00:00
[2024-06-21T03:05:55.626+0000] {logging_mixin.py:188} INFO - [2024-06-21T03:05:55.626+0000] {dag.py:3954} INFO - Setting next_dagrun for example_branch_datetime_operator_3 to 2024-06-20 00:00:00+00:00, run_after=2024-06-21 00:00:00+00:00
[2024-06-21T03:05:55.657+0000] {processor.py:183} INFO - Processing /home/airflow/.local/lib/python3.12/site-packages/airflow/example_dags/example_branch_datetime_operator.py took 0.063 seconds
[2024-06-21T03:06:26.372+0000] {processor.py:161} INFO - Started process (PID=452) to work on /home/airflow/.local/lib/python3.12/site-packages/airflow/example_dags/example_branch_datetime_operator.py
[2024-06-21T03:06:26.372+0000] {processor.py:830} INFO - Processing file /home/airflow/.local/lib/python3.12/site-packages/airflow/example_dags/example_branch_datetime_operator.py for tasks to queue
[2024-06-21T03:06:26.374+0000] {logging_mixin.py:188} INFO - [2024-06-21T03:06:26.374+0000] {dagbag.py:545} INFO - Filling up the DagBag from /home/airflow/.local/lib/python3.12/site-packages/airflow/example_dags/example_branch_datetime_operator.py
[2024-06-21T03:06:26.379+0000] {processor.py:840} INFO - DAG(s) 'example_branch_datetime_operator', 'example_branch_datetime_operator_2', 'example_branch_datetime_operator_3' retrieved from /home/airflow/.local/lib/python3.12/site-packages/airflow/example_dags/example_branch_datetime_operator.py
[2024-06-21T03:06:26.436+0000] {logging_mixin.py:188} INFO - [2024-06-21T03:06:26.436+0000] {dag.py:3096} INFO - Sync 3 DAGs
[2024-06-21T03:06:26.446+0000] {logging_mixin.py:188} INFO - [2024-06-21T03:06:26.446+0000] {dag.py:3954} INFO - Setting next_dagrun for example_branch_datetime_operator to 2024-06-20 00:00:00+00:00, run_after=2024-06-21 00:00:00+00:00
[2024-06-21T03:06:26.449+0000] {logging_mixin.py:188} INFO - [2024-06-21T03:06:26.448+0000] {dag.py:3954} INFO - Setting next_dagrun for example_branch_datetime_operator_2 to 2024-06-20 00:00:00+00:00, run_after=2024-06-21 00:00:00+00:00
[2024-06-21T03:06:26.450+0000] {logging_mixin.py:188} INFO - [2024-06-21T03:06:26.450+0000] {dag.py:3954} INFO - Setting next_dagrun for example_branch_datetime_operator_3 to 2024-06-20 00:00:00+00:00, run_after=2024-06-21 00:00:00+00:00
[2024-06-21T03:06:26.459+0000] {processor.py:183} INFO - Processing /home/airflow/.local/lib/python3.12/site-packages/airflow/example_dags/example_branch_datetime_operator.py took 0.090 seconds
[2024-06-21T03:06:57.034+0000] {processor.py:161} INFO - Started process (PID=712) to work on /home/airflow/.local/lib/python3.12/site-packages/airflow/example_dags/example_branch_datetime_operator.py
[2024-06-21T03:06:57.034+0000] {processor.py:830} INFO - Processing file /home/airflow/.local/lib/python3.12/site-packages/airflow/example_dags/example_branch_datetime_operator.py for tasks to queue
[2024-06-21T03:06:57.035+0000] {logging_mixin.py:188} INFO - [2024-06-21T03:06:57.035+0000] {dagbag.py:545} INFO - Filling up the DagBag from /home/airflow/.local/lib/python3.12/site-packages/airflow/example_dags/example_branch_datetime_operator.py
[2024-06-21T03:06:57.040+0000] {processor.py:840} INFO - DAG(s) 'example_branch_datetime_operator', 'example_branch_datetime_operator_2', 'example_branch_datetime_operator_3' retrieved from /home/airflow/.local/lib/python3.12/site-packages/airflow/example_dags/example_branch_datetime_operator.py
[2024-06-21T03:06:57.052+0000] {logging_mixin.py:188} INFO - [2024-06-21T03:06:57.052+0000] {dag.py:3096} INFO - Sync 3 DAGs
[2024-06-21T03:06:57.063+0000] {logging_mixin.py:188} INFO - [2024-06-21T03:06:57.063+0000] {dag.py:3954} INFO - Setting next_dagrun for example_branch_datetime_operator to 2024-06-20 00:00:00+00:00, run_after=2024-06-21 00:00:00+00:00
[2024-06-21T03:06:57.066+0000] {logging_mixin.py:188} INFO - [2024-06-21T03:06:57.065+0000] {dag.py:3954} INFO - Setting next_dagrun for example_branch_datetime_operator_2 to 2024-06-20 00:00:00+00:00, run_after=2024-06-21 00:00:00+00:00
[2024-06-21T03:06:57.067+0000] {logging_mixin.py:188} INFO - [2024-06-21T03:06:57.067+0000] {dag.py:3954} INFO - Setting next_dagrun for example_branch_datetime_operator_3 to 2024-06-20 00:00:00+00:00, run_after=2024-06-21 00:00:00+00:00
[2024-06-21T03:06:57.074+0000] {processor.py:183} INFO - Processing /home/airflow/.local/lib/python3.12/site-packages/airflow/example_dags/example_branch_datetime_operator.py took 0.043 seconds
[2024-06-21T03:07:27.711+0000] {processor.py:161} INFO - Started process (PID=974) to work on /home/airflow/.local/lib/python3.12/site-packages/airflow/example_dags/example_branch_datetime_operator.py
[2024-06-21T03:07:27.711+0000] {processor.py:830} INFO - Processing file /home/airflow/.local/lib/python3.12/site-packages/airflow/example_dags/example_branch_datetime_operator.py for tasks to queue
[2024-06-21T03:07:27.712+0000] {logging_mixin.py:188} INFO - [2024-06-21T03:07:27.712+0000] {dagbag.py:545} INFO - Filling up the DagBag from /home/airflow/.local/lib/python3.12/site-packages/airflow/example_dags/example_branch_datetime_operator.py
[2024-06-21T03:07:27.717+0000] {processor.py:840} INFO - DAG(s) 'example_branch_datetime_operator_3', 'example_branch_datetime_operator', 'example_branch_datetime_operator_2' retrieved from /home/airflow/.local/lib/python3.12/site-packages/airflow/example_dags/example_branch_datetime_operator.py
[2024-06-21T03:07:27.730+0000] {logging_mixin.py:188} INFO - [2024-06-21T03:07:27.730+0000] {dag.py:3096} INFO - Sync 3 DAGs
[2024-06-21T03:07:27.740+0000] {logging_mixin.py:188} INFO - [2024-06-21T03:07:27.740+0000] {dag.py:3954} INFO - Setting next_dagrun for example_branch_datetime_operator to 2024-06-20 00:00:00+00:00, run_after=2024-06-21 00:00:00+00:00
[2024-06-21T03:07:27.743+0000] {logging_mixin.py:188} INFO - [2024-06-21T03:07:27.743+0000] {dag.py:3954} INFO - Setting next_dagrun for example_branch_datetime_operator_2 to 2024-06-20 00:00:00+00:00, run_after=2024-06-21 00:00:00+00:00
[2024-06-21T03:07:27.744+0000] {logging_mixin.py:188} INFO - [2024-06-21T03:07:27.744+0000] {dag.py:3954} INFO - Setting next_dagrun for example_branch_datetime_operator_3 to 2024-06-20 00:00:00+00:00, run_after=2024-06-21 00:00:00+00:00
[2024-06-21T03:07:27.752+0000] {processor.py:183} INFO - Processing /home/airflow/.local/lib/python3.12/site-packages/airflow/example_dags/example_branch_datetime_operator.py took 0.044 seconds
[2024-06-21T03:07:58.364+0000] {processor.py:161} INFO - Started process (PID=1261) to work on /home/airflow/.local/lib/python3.12/site-packages/airflow/example_dags/example_branch_datetime_operator.py
[2024-06-21T03:07:58.368+0000] {processor.py:830} INFO - Processing file /home/airflow/.local/lib/python3.12/site-packages/airflow/example_dags/example_branch_datetime_operator.py for tasks to queue
[2024-06-21T03:07:58.373+0000] {logging_mixin.py:188} INFO - [2024-06-21T03:07:58.373+0000] {dagbag.py:545} INFO - Filling up the DagBag from /home/airflow/.local/lib/python3.12/site-packages/airflow/example_dags/example_branch_datetime_operator.py
[2024-06-21T03:07:58.378+0000] {processor.py:840} INFO - DAG(s) 'example_branch_datetime_operator_2', 'example_branch_datetime_operator', 'example_branch_datetime_operator_3' retrieved from /home/airflow/.local/lib/python3.12/site-packages/airflow/example_dags/example_branch_datetime_operator.py
[2024-06-21T03:07:58.392+0000] {logging_mixin.py:188} INFO - [2024-06-21T03:07:58.392+0000] {dag.py:3096} INFO - Sync 3 DAGs
[2024-06-21T03:07:58.403+0000] {logging_mixin.py:188} INFO - [2024-06-21T03:07:58.403+0000] {dag.py:3954} INFO - Setting next_dagrun for example_branch_datetime_operator to 2024-06-20 00:00:00+00:00, run_after=2024-06-21 00:00:00+00:00
[2024-06-21T03:07:58.406+0000] {logging_mixin.py:188} INFO - [2024-06-21T03:07:58.406+0000] {dag.py:3954} INFO - Setting next_dagrun for example_branch_datetime_operator_2 to 2024-06-20 00:00:00+00:00, run_after=2024-06-21 00:00:00+00:00
[2024-06-21T03:07:58.407+0000] {logging_mixin.py:188} INFO - [2024-06-21T03:07:58.407+0000] {dag.py:3954} INFO - Setting next_dagrun for example_branch_datetime_operator_3 to 2024-06-20 00:00:00+00:00, run_after=2024-06-21 00:00:00+00:00
[2024-06-21T03:07:58.414+0000] {processor.py:183} INFO - Processing /home/airflow/.local/lib/python3.12/site-packages/airflow/example_dags/example_branch_datetime_operator.py took 0.053 seconds
[2024-06-21T03:08:28.991+0000] {processor.py:161} INFO - Started process (PID=1547) to work on /home/airflow/.local/lib/python3.12/site-packages/airflow/example_dags/example_branch_datetime_operator.py
[2024-06-21T03:08:28.992+0000] {processor.py:830} INFO - Processing file /home/airflow/.local/lib/python3.12/site-packages/airflow/example_dags/example_branch_datetime_operator.py for tasks to queue
[2024-06-21T03:08:28.993+0000] {logging_mixin.py:188} INFO - [2024-06-21T03:08:28.993+0000] {dagbag.py:545} INFO - Filling up the DagBag from /home/airflow/.local/lib/python3.12/site-packages/airflow/example_dags/example_branch_datetime_operator.py
[2024-06-21T03:08:28.997+0000] {processor.py:840} INFO - DAG(s) 'example_branch_datetime_operator', 'example_branch_datetime_operator_3', 'example_branch_datetime_operator_2' retrieved from /home/airflow/.local/lib/python3.12/site-packages/airflow/example_dags/example_branch_datetime_operator.py
[2024-06-21T03:08:29.009+0000] {logging_mixin.py:188} INFO - [2024-06-21T03:08:29.009+0000] {dag.py:3096} INFO - Sync 3 DAGs
[2024-06-21T03:08:29.019+0000] {logging_mixin.py:188} INFO - [2024-06-21T03:08:29.019+0000] {dag.py:3954} INFO - Setting next_dagrun for example_branch_datetime_operator to 2024-06-20 00:00:00+00:00, run_after=2024-06-21 00:00:00+00:00
[2024-06-21T03:08:29.022+0000] {logging_mixin.py:188} INFO - [2024-06-21T03:08:29.022+0000] {dag.py:3954} INFO - Setting next_dagrun for example_branch_datetime_operator_2 to 2024-06-20 00:00:00+00:00, run_after=2024-06-21 00:00:00+00:00
[2024-06-21T03:08:29.023+0000] {logging_mixin.py:188} INFO - [2024-06-21T03:08:29.023+0000] {dag.py:3954} INFO - Setting next_dagrun for example_branch_datetime_operator_3 to 2024-06-20 00:00:00+00:00, run_after=2024-06-21 00:00:00+00:00
[2024-06-21T03:08:29.031+0000] {processor.py:183} INFO - Processing /home/airflow/.local/lib/python3.12/site-packages/airflow/example_dags/example_branch_datetime_operator.py took 0.042 seconds
[2024-06-21T03:08:59.748+0000] {processor.py:161} INFO - Started process (PID=1809) to work on /home/airflow/.local/lib/python3.12/site-packages/airflow/example_dags/example_branch_datetime_operator.py
[2024-06-21T03:08:59.748+0000] {processor.py:830} INFO - Processing file /home/airflow/.local/lib/python3.12/site-packages/airflow/example_dags/example_branch_datetime_operator.py for tasks to queue
[2024-06-21T03:08:59.749+0000] {logging_mixin.py:188} INFO - [2024-06-21T03:08:59.749+0000] {dagbag.py:545} INFO - Filling up the DagBag from /home/airflow/.local/lib/python3.12/site-packages/airflow/example_dags/example_branch_datetime_operator.py
[2024-06-21T03:08:59.754+0000] {processor.py:840} INFO - DAG(s) 'example_branch_datetime_operator_3', 'example_branch_datetime_operator_2', 'example_branch_datetime_operator' retrieved from /home/airflow/.local/lib/python3.12/site-packages/airflow/example_dags/example_branch_datetime_operator.py
[2024-06-21T03:08:59.769+0000] {logging_mixin.py:188} INFO - [2024-06-21T03:08:59.769+0000] {dag.py:3096} INFO - Sync 3 DAGs
[2024-06-21T03:08:59.781+0000] {logging_mixin.py:188} INFO - [2024-06-21T03:08:59.781+0000] {dag.py:3954} INFO - Setting next_dagrun for example_branch_datetime_operator to 2024-06-20 00:00:00+00:00, run_after=2024-06-21 00:00:00+00:00
[2024-06-21T03:08:59.784+0000] {logging_mixin.py:188} INFO - [2024-06-21T03:08:59.784+0000] {dag.py:3954} INFO - Setting next_dagrun for example_branch_datetime_operator_2 to 2024-06-20 00:00:00+00:00, run_after=2024-06-21 00:00:00+00:00
[2024-06-21T03:08:59.785+0000] {logging_mixin.py:188} INFO - [2024-06-21T03:08:59.785+0000] {dag.py:3954} INFO - Setting next_dagrun for example_branch_datetime_operator_3 to 2024-06-20 00:00:00+00:00, run_after=2024-06-21 00:00:00+00:00
[2024-06-21T03:08:59.793+0000] {processor.py:183} INFO - Processing /home/airflow/.local/lib/python3.12/site-packages/airflow/example_dags/example_branch_datetime_operator.py took 0.048 seconds
[2024-06-21T03:09:30.417+0000] {processor.py:161} INFO - Started process (PID=2073) to work on /home/airflow/.local/lib/python3.12/site-packages/airflow/example_dags/example_branch_datetime_operator.py
[2024-06-21T03:09:30.418+0000] {processor.py:830} INFO - Processing file /home/airflow/.local/lib/python3.12/site-packages/airflow/example_dags/example_branch_datetime_operator.py for tasks to queue
[2024-06-21T03:09:30.419+0000] {logging_mixin.py:188} INFO - [2024-06-21T03:09:30.419+0000] {dagbag.py:545} INFO - Filling up the DagBag from /home/airflow/.local/lib/python3.12/site-packages/airflow/example_dags/example_branch_datetime_operator.py
[2024-06-21T03:09:30.424+0000] {processor.py:840} INFO - DAG(s) 'example_branch_datetime_operator_3', 'example_branch_datetime_operator', 'example_branch_datetime_operator_2' retrieved from /home/airflow/.local/lib/python3.12/site-packages/airflow/example_dags/example_branch_datetime_operator.py
[2024-06-21T03:09:30.439+0000] {logging_mixin.py:188} INFO - [2024-06-21T03:09:30.439+0000] {dag.py:3096} INFO - Sync 3 DAGs
[2024-06-21T03:09:30.450+0000] {logging_mixin.py:188} INFO - [2024-06-21T03:09:30.449+0000] {dag.py:3954} INFO - Setting next_dagrun for example_branch_datetime_operator to 2024-06-20 00:00:00+00:00, run_after=2024-06-21 00:00:00+00:00
[2024-06-21T03:09:30.452+0000] {logging_mixin.py:188} INFO - [2024-06-21T03:09:30.452+0000] {dag.py:3954} INFO - Setting next_dagrun for example_branch_datetime_operator_2 to 2024-06-20 00:00:00+00:00, run_after=2024-06-21 00:00:00+00:00
[2024-06-21T03:09:30.453+0000] {logging_mixin.py:188} INFO - [2024-06-21T03:09:30.453+0000] {dag.py:3954} INFO - Setting next_dagrun for example_branch_datetime_operator_3 to 2024-06-20 00:00:00+00:00, run_after=2024-06-21 00:00:00+00:00
[2024-06-21T03:09:30.461+0000] {processor.py:183} INFO - Processing /home/airflow/.local/lib/python3.12/site-packages/airflow/example_dags/example_branch_datetime_operator.py took 0.047 seconds
[2024-06-21T03:10:01.061+0000] {processor.py:161} INFO - Started process (PID=2333) to work on /home/airflow/.local/lib/python3.12/site-packages/airflow/example_dags/example_branch_datetime_operator.py
[2024-06-21T03:10:01.061+0000] {processor.py:830} INFO - Processing file /home/airflow/.local/lib/python3.12/site-packages/airflow/example_dags/example_branch_datetime_operator.py for tasks to queue
[2024-06-21T03:10:01.063+0000] {logging_mixin.py:188} INFO - [2024-06-21T03:10:01.063+0000] {dagbag.py:545} INFO - Filling up the DagBag from /home/airflow/.local/lib/python3.12/site-packages/airflow/example_dags/example_branch_datetime_operator.py
[2024-06-21T03:10:01.067+0000] {processor.py:840} INFO - DAG(s) 'example_branch_datetime_operator', 'example_branch_datetime_operator_3', 'example_branch_datetime_operator_2' retrieved from /home/airflow/.local/lib/python3.12/site-packages/airflow/example_dags/example_branch_datetime_operator.py
[2024-06-21T03:10:01.082+0000] {logging_mixin.py:188} INFO - [2024-06-21T03:10:01.082+0000] {dag.py:3096} INFO - Sync 3 DAGs
[2024-06-21T03:10:01.093+0000] {logging_mixin.py:188} INFO - [2024-06-21T03:10:01.093+0000] {dag.py:3954} INFO - Setting next_dagrun for example_branch_datetime_operator to 2024-06-20 00:00:00+00:00, run_after=2024-06-21 00:00:00+00:00
[2024-06-21T03:10:01.097+0000] {logging_mixin.py:188} INFO - [2024-06-21T03:10:01.097+0000] {dag.py:3954} INFO - Setting next_dagrun for example_branch_datetime_operator_2 to 2024-06-20 00:00:00+00:00, run_after=2024-06-21 00:00:00+00:00
[2024-06-21T03:10:01.098+0000] {logging_mixin.py:188} INFO - [2024-06-21T03:10:01.098+0000] {dag.py:3954} INFO - Setting next_dagrun for example_branch_datetime_operator_3 to 2024-06-20 00:00:00+00:00, run_after=2024-06-21 00:00:00+00:00
[2024-06-21T03:10:01.106+0000] {processor.py:183} INFO - Processing /home/airflow/.local/lib/python3.12/site-packages/airflow/example_dags/example_branch_datetime_operator.py took 0.049 seconds
[2024-06-21T03:10:31.827+0000] {processor.py:161} INFO - Started process (PID=2595) to work on /home/airflow/.local/lib/python3.12/site-packages/airflow/example_dags/example_branch_datetime_operator.py
[2024-06-21T03:10:31.828+0000] {processor.py:830} INFO - Processing file /home/airflow/.local/lib/python3.12/site-packages/airflow/example_dags/example_branch_datetime_operator.py for tasks to queue
[2024-06-21T03:10:31.829+0000] {logging_mixin.py:188} INFO - [2024-06-21T03:10:31.829+0000] {dagbag.py:545} INFO - Filling up the DagBag from /home/airflow/.local/lib/python3.12/site-packages/airflow/example_dags/example_branch_datetime_operator.py
[2024-06-21T03:10:31.833+0000] {processor.py:840} INFO - DAG(s) 'example_branch_datetime_operator', 'example_branch_datetime_operator_3', 'example_branch_datetime_operator_2' retrieved from /home/airflow/.local/lib/python3.12/site-packages/airflow/example_dags/example_branch_datetime_operator.py
[2024-06-21T03:10:31.848+0000] {logging_mixin.py:188} INFO - [2024-06-21T03:10:31.848+0000] {dag.py:3096} INFO - Sync 3 DAGs
[2024-06-21T03:10:31.860+0000] {logging_mixin.py:188} INFO - [2024-06-21T03:10:31.860+0000] {dag.py:3954} INFO - Setting next_dagrun for example_branch_datetime_operator to 2024-06-20 00:00:00+00:00, run_after=2024-06-21 00:00:00+00:00
[2024-06-21T03:10:31.862+0000] {logging_mixin.py:188} INFO - [2024-06-21T03:10:31.862+0000] {dag.py:3954} INFO - Setting next_dagrun for example_branch_datetime_operator_2 to 2024-06-20 00:00:00+00:00, run_after=2024-06-21 00:00:00+00:00
[2024-06-21T03:10:31.864+0000] {logging_mixin.py:188} INFO - [2024-06-21T03:10:31.864+0000] {dag.py:3954} INFO - Setting next_dagrun for example_branch_datetime_operator_3 to 2024-06-20 00:00:00+00:00, run_after=2024-06-21 00:00:00+00:00
[2024-06-21T03:10:31.871+0000] {processor.py:183} INFO - Processing /home/airflow/.local/lib/python3.12/site-packages/airflow/example_dags/example_branch_datetime_operator.py took 0.047 seconds
[2024-06-21T03:11:02.611+0000] {processor.py:161} INFO - Started process (PID=2859) to work on /home/airflow/.local/lib/python3.12/site-packages/airflow/example_dags/example_branch_datetime_operator.py
[2024-06-21T03:11:02.611+0000] {processor.py:830} INFO - Processing file /home/airflow/.local/lib/python3.12/site-packages/airflow/example_dags/example_branch_datetime_operator.py for tasks to queue
[2024-06-21T03:11:02.613+0000] {logging_mixin.py:188} INFO - [2024-06-21T03:11:02.612+0000] {dagbag.py:545} INFO - Filling up the DagBag from /home/airflow/.local/lib/python3.12/site-packages/airflow/example_dags/example_branch_datetime_operator.py
[2024-06-21T03:11:02.617+0000] {processor.py:840} INFO - DAG(s) 'example_branch_datetime_operator_2', 'example_branch_datetime_operator', 'example_branch_datetime_operator_3' retrieved from /home/airflow/.local/lib/python3.12/site-packages/airflow/example_dags/example_branch_datetime_operator.py
[2024-06-21T03:11:02.632+0000] {logging_mixin.py:188} INFO - [2024-06-21T03:11:02.632+0000] {dag.py:3096} INFO - Sync 3 DAGs
[2024-06-21T03:11:02.643+0000] {logging_mixin.py:188} INFO - [2024-06-21T03:11:02.643+0000] {dag.py:3954} INFO - Setting next_dagrun for example_branch_datetime_operator to 2024-06-20 00:00:00+00:00, run_after=2024-06-21 00:00:00+00:00
[2024-06-21T03:11:02.646+0000] {logging_mixin.py:188} INFO - [2024-06-21T03:11:02.646+0000] {dag.py:3954} INFO - Setting next_dagrun for example_branch_datetime_operator_2 to 2024-06-20 00:00:00+00:00, run_after=2024-06-21 00:00:00+00:00
[2024-06-21T03:11:02.647+0000] {logging_mixin.py:188} INFO - [2024-06-21T03:11:02.647+0000] {dag.py:3954} INFO - Setting next_dagrun for example_branch_datetime_operator_3 to 2024-06-20 00:00:00+00:00, run_after=2024-06-21 00:00:00+00:00
[2024-06-21T03:11:02.655+0000] {processor.py:183} INFO - Processing /home/airflow/.local/lib/python3.12/site-packages/airflow/example_dags/example_branch_datetime_operator.py took 0.047 seconds
[2024-06-21T03:11:33.369+0000] {processor.py:161} INFO - Started process (PID=3119) to work on /home/airflow/.local/lib/python3.12/site-packages/airflow/example_dags/example_branch_datetime_operator.py
[2024-06-21T03:11:33.370+0000] {processor.py:830} INFO - Processing file /home/airflow/.local/lib/python3.12/site-packages/airflow/example_dags/example_branch_datetime_operator.py for tasks to queue
[2024-06-21T03:11:33.371+0000] {logging_mixin.py:188} INFO - [2024-06-21T03:11:33.370+0000] {dagbag.py:545} INFO - Filling up the DagBag from /home/airflow/.local/lib/python3.12/site-packages/airflow/example_dags/example_branch_datetime_operator.py
[2024-06-21T03:11:33.376+0000] {processor.py:840} INFO - DAG(s) 'example_branch_datetime_operator_2', 'example_branch_datetime_operator_3', 'example_branch_datetime_operator' retrieved from /home/airflow/.local/lib/python3.12/site-packages/airflow/example_dags/example_branch_datetime_operator.py
[2024-06-21T03:11:33.390+0000] {logging_mixin.py:188} INFO - [2024-06-21T03:11:33.390+0000] {dag.py:3096} INFO - Sync 3 DAGs
[2024-06-21T03:11:33.402+0000] {logging_mixin.py:188} INFO - [2024-06-21T03:11:33.402+0000] {dag.py:3954} INFO - Setting next_dagrun for example_branch_datetime_operator to 2024-06-20 00:00:00+00:00, run_after=2024-06-21 00:00:00+00:00
[2024-06-21T03:11:33.405+0000] {logging_mixin.py:188} INFO - [2024-06-21T03:11:33.405+0000] {dag.py:3954} INFO - Setting next_dagrun for example_branch_datetime_operator_2 to 2024-06-20 00:00:00+00:00, run_after=2024-06-21 00:00:00+00:00
[2024-06-21T03:11:33.406+0000] {logging_mixin.py:188} INFO - [2024-06-21T03:11:33.406+0000] {dag.py:3954} INFO - Setting next_dagrun for example_branch_datetime_operator_3 to 2024-06-20 00:00:00+00:00, run_after=2024-06-21 00:00:00+00:00
[2024-06-21T03:11:33.415+0000] {processor.py:183} INFO - Processing /home/airflow/.local/lib/python3.12/site-packages/airflow/example_dags/example_branch_datetime_operator.py took 0.049 seconds
[2024-06-21T03:12:03.505+0000] {processor.py:161} INFO - Started process (PID=3383) to work on /home/airflow/.local/lib/python3.12/site-packages/airflow/example_dags/example_branch_datetime_operator.py
[2024-06-21T03:12:03.506+0000] {processor.py:830} INFO - Processing file /home/airflow/.local/lib/python3.12/site-packages/airflow/example_dags/example_branch_datetime_operator.py for tasks to queue
[2024-06-21T03:12:03.507+0000] {logging_mixin.py:188} INFO - [2024-06-21T03:12:03.507+0000] {dagbag.py:545} INFO - Filling up the DagBag from /home/airflow/.local/lib/python3.12/site-packages/airflow/example_dags/example_branch_datetime_operator.py
[2024-06-21T03:12:03.512+0000] {processor.py:840} INFO - DAG(s) 'example_branch_datetime_operator', 'example_branch_datetime_operator_3', 'example_branch_datetime_operator_2' retrieved from /home/airflow/.local/lib/python3.12/site-packages/airflow/example_dags/example_branch_datetime_operator.py
[2024-06-21T03:12:03.527+0000] {logging_mixin.py:188} INFO - [2024-06-21T03:12:03.527+0000] {dag.py:3096} INFO - Sync 3 DAGs
[2024-06-21T03:12:03.538+0000] {logging_mixin.py:188} INFO - [2024-06-21T03:12:03.538+0000] {dag.py:3954} INFO - Setting next_dagrun for example_branch_datetime_operator to 2024-06-20 00:00:00+00:00, run_after=2024-06-21 00:00:00+00:00
[2024-06-21T03:12:03.541+0000] {logging_mixin.py:188} INFO - [2024-06-21T03:12:03.541+0000] {dag.py:3954} INFO - Setting next_dagrun for example_branch_datetime_operator_2 to 2024-06-20 00:00:00+00:00, run_after=2024-06-21 00:00:00+00:00
[2024-06-21T03:12:03.542+0000] {logging_mixin.py:188} INFO - [2024-06-21T03:12:03.542+0000] {dag.py:3954} INFO - Setting next_dagrun for example_branch_datetime_operator_3 to 2024-06-20 00:00:00+00:00, run_after=2024-06-21 00:00:00+00:00
[2024-06-21T03:12:03.550+0000] {processor.py:183} INFO - Processing /home/airflow/.local/lib/python3.12/site-packages/airflow/example_dags/example_branch_datetime_operator.py took 0.049 seconds
[2024-06-21T03:12:34.301+0000] {processor.py:161} INFO - Started process (PID=3645) to work on /home/airflow/.local/lib/python3.12/site-packages/airflow/example_dags/example_branch_datetime_operator.py
[2024-06-21T03:12:34.302+0000] {processor.py:830} INFO - Processing file /home/airflow/.local/lib/python3.12/site-packages/airflow/example_dags/example_branch_datetime_operator.py for tasks to queue
[2024-06-21T03:12:34.304+0000] {logging_mixin.py:188} INFO - [2024-06-21T03:12:34.304+0000] {dagbag.py:545} INFO - Filling up the DagBag from /home/airflow/.local/lib/python3.12/site-packages/airflow/example_dags/example_branch_datetime_operator.py
[2024-06-21T03:12:34.309+0000] {processor.py:840} INFO - DAG(s) 'example_branch_datetime_operator_3', 'example_branch_datetime_operator_2', 'example_branch_datetime_operator' retrieved from /home/airflow/.local/lib/python3.12/site-packages/airflow/example_dags/example_branch_datetime_operator.py
[2024-06-21T03:12:34.323+0000] {logging_mixin.py:188} INFO - [2024-06-21T03:12:34.323+0000] {dag.py:3096} INFO - Sync 3 DAGs
[2024-06-21T03:12:34.335+0000] {logging_mixin.py:188} INFO - [2024-06-21T03:12:34.334+0000] {dag.py:3954} INFO - Setting next_dagrun for example_branch_datetime_operator to 2024-06-20 00:00:00+00:00, run_after=2024-06-21 00:00:00+00:00
[2024-06-21T03:12:34.338+0000] {logging_mixin.py:188} INFO - [2024-06-21T03:12:34.338+0000] {dag.py:3954} INFO - Setting next_dagrun for example_branch_datetime_operator_2 to 2024-06-20 00:00:00+00:00, run_after=2024-06-21 00:00:00+00:00
[2024-06-21T03:12:34.339+0000] {logging_mixin.py:188} INFO - [2024-06-21T03:12:34.339+0000] {dag.py:3954} INFO - Setting next_dagrun for example_branch_datetime_operator_3 to 2024-06-20 00:00:00+00:00, run_after=2024-06-21 00:00:00+00:00
[2024-06-21T03:12:34.348+0000] {processor.py:183} INFO - Processing /home/airflow/.local/lib/python3.12/site-packages/airflow/example_dags/example_branch_datetime_operator.py took 0.049 seconds
[2024-06-21T03:13:05.015+0000] {processor.py:161} INFO - Started process (PID=3905) to work on /home/airflow/.local/lib/python3.12/site-packages/airflow/example_dags/example_branch_datetime_operator.py
[2024-06-21T03:13:05.016+0000] {processor.py:830} INFO - Processing file /home/airflow/.local/lib/python3.12/site-packages/airflow/example_dags/example_branch_datetime_operator.py for tasks to queue
[2024-06-21T03:13:05.017+0000] {logging_mixin.py:188} INFO - [2024-06-21T03:13:05.017+0000] {dagbag.py:545} INFO - Filling up the DagBag from /home/airflow/.local/lib/python3.12/site-packages/airflow/example_dags/example_branch_datetime_operator.py
[2024-06-21T03:13:05.021+0000] {processor.py:840} INFO - DAG(s) 'example_branch_datetime_operator_2', 'example_branch_datetime_operator_3', 'example_branch_datetime_operator' retrieved from /home/airflow/.local/lib/python3.12/site-packages/airflow/example_dags/example_branch_datetime_operator.py
[2024-06-21T03:13:05.037+0000] {logging_mixin.py:188} INFO - [2024-06-21T03:13:05.037+0000] {dag.py:3096} INFO - Sync 3 DAGs
[2024-06-21T03:13:05.049+0000] {logging_mixin.py:188} INFO - [2024-06-21T03:13:05.049+0000] {dag.py:3954} INFO - Setting next_dagrun for example_branch_datetime_operator to 2024-06-20 00:00:00+00:00, run_after=2024-06-21 00:00:00+00:00
[2024-06-21T03:13:05.052+0000] {logging_mixin.py:188} INFO - [2024-06-21T03:13:05.052+0000] {dag.py:3954} INFO - Setting next_dagrun for example_branch_datetime_operator_2 to 2024-06-20 00:00:00+00:00, run_after=2024-06-21 00:00:00+00:00
[2024-06-21T03:13:05.053+0000] {logging_mixin.py:188} INFO - [2024-06-21T03:13:05.053+0000] {dag.py:3954} INFO - Setting next_dagrun for example_branch_datetime_operator_3 to 2024-06-20 00:00:00+00:00, run_after=2024-06-21 00:00:00+00:00
[2024-06-21T03:13:05.062+0000] {processor.py:183} INFO - Processing /home/airflow/.local/lib/python3.12/site-packages/airflow/example_dags/example_branch_datetime_operator.py took 0.050 seconds
[2024-06-21T03:13:35.932+0000] {processor.py:161} INFO - Started process (PID=4169) to work on /home/airflow/.local/lib/python3.12/site-packages/airflow/example_dags/example_branch_datetime_operator.py
[2024-06-21T03:13:35.933+0000] {processor.py:830} INFO - Processing file /home/airflow/.local/lib/python3.12/site-packages/airflow/example_dags/example_branch_datetime_operator.py for tasks to queue
[2024-06-21T03:13:35.934+0000] {logging_mixin.py:188} INFO - [2024-06-21T03:13:35.934+0000] {dagbag.py:545} INFO - Filling up the DagBag from /home/airflow/.local/lib/python3.12/site-packages/airflow/example_dags/example_branch_datetime_operator.py
[2024-06-21T03:13:35.939+0000] {processor.py:840} INFO - DAG(s) 'example_branch_datetime_operator', 'example_branch_datetime_operator_3', 'example_branch_datetime_operator_2' retrieved from /home/airflow/.local/lib/python3.12/site-packages/airflow/example_dags/example_branch_datetime_operator.py
[2024-06-21T03:13:35.955+0000] {logging_mixin.py:188} INFO - [2024-06-21T03:13:35.955+0000] {dag.py:3096} INFO - Sync 3 DAGs
[2024-06-21T03:13:35.966+0000] {logging_mixin.py:188} INFO - [2024-06-21T03:13:35.965+0000] {dag.py:3954} INFO - Setting next_dagrun for example_branch_datetime_operator to 2024-06-20 00:00:00+00:00, run_after=2024-06-21 00:00:00+00:00
[2024-06-21T03:13:35.968+0000] {logging_mixin.py:188} INFO - [2024-06-21T03:13:35.968+0000] {dag.py:3954} INFO - Setting next_dagrun for example_branch_datetime_operator_2 to 2024-06-20 00:00:00+00:00, run_after=2024-06-21 00:00:00+00:00
[2024-06-21T03:13:35.969+0000] {logging_mixin.py:188} INFO - [2024-06-21T03:13:35.969+0000] {dag.py:3954} INFO - Setting next_dagrun for example_branch_datetime_operator_3 to 2024-06-20 00:00:00+00:00, run_after=2024-06-21 00:00:00+00:00
[2024-06-21T03:13:35.977+0000] {processor.py:183} INFO - Processing /home/airflow/.local/lib/python3.12/site-packages/airflow/example_dags/example_branch_datetime_operator.py took 0.048 seconds
[2024-06-21T03:14:06.670+0000] {processor.py:161} INFO - Started process (PID=4429) to work on /home/airflow/.local/lib/python3.12/site-packages/airflow/example_dags/example_branch_datetime_operator.py
[2024-06-21T03:14:06.671+0000] {processor.py:830} INFO - Processing file /home/airflow/.local/lib/python3.12/site-packages/airflow/example_dags/example_branch_datetime_operator.py for tasks to queue
[2024-06-21T03:14:06.672+0000] {logging_mixin.py:188} INFO - [2024-06-21T03:14:06.672+0000] {dagbag.py:545} INFO - Filling up the DagBag from /home/airflow/.local/lib/python3.12/site-packages/airflow/example_dags/example_branch_datetime_operator.py
[2024-06-21T03:14:06.677+0000] {processor.py:840} INFO - DAG(s) 'example_branch_datetime_operator_3', 'example_branch_datetime_operator_2', 'example_branch_datetime_operator' retrieved from /home/airflow/.local/lib/python3.12/site-packages/airflow/example_dags/example_branch_datetime_operator.py
[2024-06-21T03:14:06.692+0000] {logging_mixin.py:188} INFO - [2024-06-21T03:14:06.691+0000] {dag.py:3096} INFO - Sync 3 DAGs
[2024-06-21T03:14:06.703+0000] {logging_mixin.py:188} INFO - [2024-06-21T03:14:06.703+0000] {dag.py:3954} INFO - Setting next_dagrun for example_branch_datetime_operator to 2024-06-20 00:00:00+00:00, run_after=2024-06-21 00:00:00+00:00
[2024-06-21T03:14:06.706+0000] {logging_mixin.py:188} INFO - [2024-06-21T03:14:06.706+0000] {dag.py:3954} INFO - Setting next_dagrun for example_branch_datetime_operator_2 to 2024-06-20 00:00:00+00:00, run_after=2024-06-21 00:00:00+00:00
[2024-06-21T03:14:06.707+0000] {logging_mixin.py:188} INFO - [2024-06-21T03:14:06.707+0000] {dag.py:3954} INFO - Setting next_dagrun for example_branch_datetime_operator_3 to 2024-06-20 00:00:00+00:00, run_after=2024-06-21 00:00:00+00:00
[2024-06-21T03:14:06.716+0000] {processor.py:183} INFO - Processing /home/airflow/.local/lib/python3.12/site-packages/airflow/example_dags/example_branch_datetime_operator.py took 0.049 seconds
[2024-06-21T03:14:37.414+0000] {processor.py:161} INFO - Started process (PID=4691) to work on /home/airflow/.local/lib/python3.12/site-packages/airflow/example_dags/example_branch_datetime_operator.py
[2024-06-21T03:14:37.415+0000] {processor.py:830} INFO - Processing file /home/airflow/.local/lib/python3.12/site-packages/airflow/example_dags/example_branch_datetime_operator.py for tasks to queue
[2024-06-21T03:14:37.416+0000] {logging_mixin.py:188} INFO - [2024-06-21T03:14:37.416+0000] {dagbag.py:545} INFO - Filling up the DagBag from /home/airflow/.local/lib/python3.12/site-packages/airflow/example_dags/example_branch_datetime_operator.py
[2024-06-21T03:14:37.421+0000] {processor.py:840} INFO - DAG(s) 'example_branch_datetime_operator_2', 'example_branch_datetime_operator_3', 'example_branch_datetime_operator' retrieved from /home/airflow/.local/lib/python3.12/site-packages/airflow/example_dags/example_branch_datetime_operator.py
[2024-06-21T03:14:37.436+0000] {logging_mixin.py:188} INFO - [2024-06-21T03:14:37.436+0000] {dag.py:3096} INFO - Sync 3 DAGs
[2024-06-21T03:14:37.447+0000] {logging_mixin.py:188} INFO - [2024-06-21T03:14:37.447+0000] {dag.py:3954} INFO - Setting next_dagrun for example_branch_datetime_operator to 2024-06-20 00:00:00+00:00, run_after=2024-06-21 00:00:00+00:00
[2024-06-21T03:14:37.451+0000] {logging_mixin.py:188} INFO - [2024-06-21T03:14:37.450+0000] {dag.py:3954} INFO - Setting next_dagrun for example_branch_datetime_operator_2 to 2024-06-20 00:00:00+00:00, run_after=2024-06-21 00:00:00+00:00
[2024-06-21T03:14:37.452+0000] {logging_mixin.py:188} INFO - [2024-06-21T03:14:37.452+0000] {dag.py:3954} INFO - Setting next_dagrun for example_branch_datetime_operator_3 to 2024-06-20 00:00:00+00:00, run_after=2024-06-21 00:00:00+00:00
[2024-06-21T03:14:37.461+0000] {processor.py:183} INFO - Processing /home/airflow/.local/lib/python3.12/site-packages/airflow/example_dags/example_branch_datetime_operator.py took 0.051 seconds
[2024-06-21T03:15:08.122+0000] {processor.py:161} INFO - Started process (PID=4953) to work on /home/airflow/.local/lib/python3.12/site-packages/airflow/example_dags/example_branch_datetime_operator.py
[2024-06-21T03:15:08.123+0000] {processor.py:830} INFO - Processing file /home/airflow/.local/lib/python3.12/site-packages/airflow/example_dags/example_branch_datetime_operator.py for tasks to queue
[2024-06-21T03:15:08.124+0000] {logging_mixin.py:188} INFO - [2024-06-21T03:15:08.124+0000] {dagbag.py:545} INFO - Filling up the DagBag from /home/airflow/.local/lib/python3.12/site-packages/airflow/example_dags/example_branch_datetime_operator.py
[2024-06-21T03:15:08.129+0000] {processor.py:840} INFO - DAG(s) 'example_branch_datetime_operator', 'example_branch_datetime_operator_2', 'example_branch_datetime_operator_3' retrieved from /home/airflow/.local/lib/python3.12/site-packages/airflow/example_dags/example_branch_datetime_operator.py
[2024-06-21T03:15:08.144+0000] {logging_mixin.py:188} INFO - [2024-06-21T03:15:08.144+0000] {dag.py:3096} INFO - Sync 3 DAGs
[2024-06-21T03:15:08.156+0000] {logging_mixin.py:188} INFO - [2024-06-21T03:15:08.155+0000] {dag.py:3954} INFO - Setting next_dagrun for example_branch_datetime_operator to 2024-06-20 00:00:00+00:00, run_after=2024-06-21 00:00:00+00:00
[2024-06-21T03:15:08.158+0000] {logging_mixin.py:188} INFO - [2024-06-21T03:15:08.158+0000] {dag.py:3954} INFO - Setting next_dagrun for example_branch_datetime_operator_2 to 2024-06-20 00:00:00+00:00, run_after=2024-06-21 00:00:00+00:00
[2024-06-21T03:15:08.159+0000] {logging_mixin.py:188} INFO - [2024-06-21T03:15:08.159+0000] {dag.py:3954} INFO - Setting next_dagrun for example_branch_datetime_operator_3 to 2024-06-20 00:00:00+00:00, run_after=2024-06-21 00:00:00+00:00
[2024-06-21T03:15:08.168+0000] {processor.py:183} INFO - Processing /home/airflow/.local/lib/python3.12/site-packages/airflow/example_dags/example_branch_datetime_operator.py took 0.049 seconds
[2024-06-21T03:15:38.814+0000] {processor.py:161} INFO - Started process (PID=5215) to work on /home/airflow/.local/lib/python3.12/site-packages/airflow/example_dags/example_branch_datetime_operator.py
[2024-06-21T03:15:38.815+0000] {processor.py:830} INFO - Processing file /home/airflow/.local/lib/python3.12/site-packages/airflow/example_dags/example_branch_datetime_operator.py for tasks to queue
[2024-06-21T03:15:38.816+0000] {logging_mixin.py:188} INFO - [2024-06-21T03:15:38.816+0000] {dagbag.py:545} INFO - Filling up the DagBag from /home/airflow/.local/lib/python3.12/site-packages/airflow/example_dags/example_branch_datetime_operator.py
[2024-06-21T03:15:38.821+0000] {processor.py:840} INFO - DAG(s) 'example_branch_datetime_operator_3', 'example_branch_datetime_operator', 'example_branch_datetime_operator_2' retrieved from /home/airflow/.local/lib/python3.12/site-packages/airflow/example_dags/example_branch_datetime_operator.py
[2024-06-21T03:15:38.874+0000] {logging_mixin.py:188} INFO - [2024-06-21T03:15:38.874+0000] {dag.py:3096} INFO - Sync 3 DAGs
[2024-06-21T03:15:38.942+0000] {logging_mixin.py:188} INFO - [2024-06-21T03:15:38.942+0000] {dag.py:3954} INFO - Setting next_dagrun for example_branch_datetime_operator to 2024-06-20 00:00:00+00:00, run_after=2024-06-21 00:00:00+00:00
[2024-06-21T03:15:38.948+0000] {logging_mixin.py:188} INFO - [2024-06-21T03:15:38.948+0000] {dag.py:3954} INFO - Setting next_dagrun for example_branch_datetime_operator_2 to 2024-06-20 00:00:00+00:00, run_after=2024-06-21 00:00:00+00:00
[2024-06-21T03:15:38.950+0000] {logging_mixin.py:188} INFO - [2024-06-21T03:15:38.950+0000] {dag.py:3954} INFO - Setting next_dagrun for example_branch_datetime_operator_3 to 2024-06-20 00:00:00+00:00, run_after=2024-06-21 00:00:00+00:00
[2024-06-21T03:15:38.959+0000] {processor.py:183} INFO - Processing /home/airflow/.local/lib/python3.12/site-packages/airflow/example_dags/example_branch_datetime_operator.py took 0.148 seconds
[2024-06-21T03:16:09.036+0000] {processor.py:161} INFO - Started process (PID=5477) to work on /home/airflow/.local/lib/python3.12/site-packages/airflow/example_dags/example_branch_datetime_operator.py
[2024-06-21T03:16:09.037+0000] {processor.py:830} INFO - Processing file /home/airflow/.local/lib/python3.12/site-packages/airflow/example_dags/example_branch_datetime_operator.py for tasks to queue
[2024-06-21T03:16:09.038+0000] {logging_mixin.py:188} INFO - [2024-06-21T03:16:09.037+0000] {dagbag.py:545} INFO - Filling up the DagBag from /home/airflow/.local/lib/python3.12/site-packages/airflow/example_dags/example_branch_datetime_operator.py
[2024-06-21T03:16:09.042+0000] {processor.py:840} INFO - DAG(s) 'example_branch_datetime_operator', 'example_branch_datetime_operator_2', 'example_branch_datetime_operator_3' retrieved from /home/airflow/.local/lib/python3.12/site-packages/airflow/example_dags/example_branch_datetime_operator.py
[2024-06-21T03:16:09.057+0000] {logging_mixin.py:188} INFO - [2024-06-21T03:16:09.057+0000] {dag.py:3096} INFO - Sync 3 DAGs
[2024-06-21T03:16:09.068+0000] {logging_mixin.py:188} INFO - [2024-06-21T03:16:09.068+0000] {dag.py:3954} INFO - Setting next_dagrun for example_branch_datetime_operator to 2024-06-20 00:00:00+00:00, run_after=2024-06-21 00:00:00+00:00
[2024-06-21T03:16:09.073+0000] {logging_mixin.py:188} INFO - [2024-06-21T03:16:09.073+0000] {dag.py:3954} INFO - Setting next_dagrun for example_branch_datetime_operator_2 to 2024-06-20 00:00:00+00:00, run_after=2024-06-21 00:00:00+00:00
[2024-06-21T03:16:09.074+0000] {logging_mixin.py:188} INFO - [2024-06-21T03:16:09.074+0000] {dag.py:3954} INFO - Setting next_dagrun for example_branch_datetime_operator_3 to 2024-06-20 00:00:00+00:00, run_after=2024-06-21 00:00:00+00:00
[2024-06-21T03:16:09.083+0000] {processor.py:183} INFO - Processing /home/airflow/.local/lib/python3.12/site-packages/airflow/example_dags/example_branch_datetime_operator.py took 0.051 seconds
[2024-06-21T03:16:39.852+0000] {processor.py:161} INFO - Started process (PID=5739) to work on /home/airflow/.local/lib/python3.12/site-packages/airflow/example_dags/example_branch_datetime_operator.py
[2024-06-21T03:16:39.853+0000] {processor.py:830} INFO - Processing file /home/airflow/.local/lib/python3.12/site-packages/airflow/example_dags/example_branch_datetime_operator.py for tasks to queue
[2024-06-21T03:16:39.854+0000] {logging_mixin.py:188} INFO - [2024-06-21T03:16:39.854+0000] {dagbag.py:545} INFO - Filling up the DagBag from /home/airflow/.local/lib/python3.12/site-packages/airflow/example_dags/example_branch_datetime_operator.py
[2024-06-21T03:16:39.859+0000] {processor.py:840} INFO - DAG(s) 'example_branch_datetime_operator_3', 'example_branch_datetime_operator_2', 'example_branch_datetime_operator' retrieved from /home/airflow/.local/lib/python3.12/site-packages/airflow/example_dags/example_branch_datetime_operator.py
[2024-06-21T03:16:39.873+0000] {logging_mixin.py:188} INFO - [2024-06-21T03:16:39.873+0000] {dag.py:3096} INFO - Sync 3 DAGs
[2024-06-21T03:16:39.886+0000] {logging_mixin.py:188} INFO - [2024-06-21T03:16:39.886+0000] {dag.py:3954} INFO - Setting next_dagrun for example_branch_datetime_operator to 2024-06-20 00:00:00+00:00, run_after=2024-06-21 00:00:00+00:00
[2024-06-21T03:16:39.888+0000] {logging_mixin.py:188} INFO - [2024-06-21T03:16:39.888+0000] {dag.py:3954} INFO - Setting next_dagrun for example_branch_datetime_operator_2 to 2024-06-20 00:00:00+00:00, run_after=2024-06-21 00:00:00+00:00
[2024-06-21T03:16:39.890+0000] {logging_mixin.py:188} INFO - [2024-06-21T03:16:39.890+0000] {dag.py:3954} INFO - Setting next_dagrun for example_branch_datetime_operator_3 to 2024-06-20 00:00:00+00:00, run_after=2024-06-21 00:00:00+00:00
[2024-06-21T03:16:39.899+0000] {processor.py:183} INFO - Processing /home/airflow/.local/lib/python3.12/site-packages/airflow/example_dags/example_branch_datetime_operator.py took 0.050 seconds
[2024-06-21T03:17:10.657+0000] {processor.py:161} INFO - Started process (PID=6001) to work on /home/airflow/.local/lib/python3.12/site-packages/airflow/example_dags/example_branch_datetime_operator.py
[2024-06-21T03:17:10.657+0000] {processor.py:830} INFO - Processing file /home/airflow/.local/lib/python3.12/site-packages/airflow/example_dags/example_branch_datetime_operator.py for tasks to queue
[2024-06-21T03:17:10.659+0000] {logging_mixin.py:188} INFO - [2024-06-21T03:17:10.659+0000] {dagbag.py:545} INFO - Filling up the DagBag from /home/airflow/.local/lib/python3.12/site-packages/airflow/example_dags/example_branch_datetime_operator.py
[2024-06-21T03:17:10.664+0000] {processor.py:840} INFO - DAG(s) 'example_branch_datetime_operator_2', 'example_branch_datetime_operator', 'example_branch_datetime_operator_3' retrieved from /home/airflow/.local/lib/python3.12/site-packages/airflow/example_dags/example_branch_datetime_operator.py
[2024-06-21T03:17:10.678+0000] {logging_mixin.py:188} INFO - [2024-06-21T03:17:10.678+0000] {dag.py:3096} INFO - Sync 3 DAGs
[2024-06-21T03:17:10.690+0000] {logging_mixin.py:188} INFO - [2024-06-21T03:17:10.690+0000] {dag.py:3954} INFO - Setting next_dagrun for example_branch_datetime_operator to 2024-06-20 00:00:00+00:00, run_after=2024-06-21 00:00:00+00:00
[2024-06-21T03:17:10.693+0000] {logging_mixin.py:188} INFO - [2024-06-21T03:17:10.693+0000] {dag.py:3954} INFO - Setting next_dagrun for example_branch_datetime_operator_2 to 2024-06-20 00:00:00+00:00, run_after=2024-06-21 00:00:00+00:00
[2024-06-21T03:17:10.694+0000] {logging_mixin.py:188} INFO - [2024-06-21T03:17:10.694+0000] {dag.py:3954} INFO - Setting next_dagrun for example_branch_datetime_operator_3 to 2024-06-20 00:00:00+00:00, run_after=2024-06-21 00:00:00+00:00
[2024-06-21T03:17:10.703+0000] {processor.py:183} INFO - Processing /home/airflow/.local/lib/python3.12/site-packages/airflow/example_dags/example_branch_datetime_operator.py took 0.049 seconds
[2024-06-21T03:17:40.746+0000] {processor.py:161} INFO - Started process (PID=6263) to work on /home/airflow/.local/lib/python3.12/site-packages/airflow/example_dags/example_branch_datetime_operator.py
[2024-06-21T03:17:40.747+0000] {processor.py:830} INFO - Processing file /home/airflow/.local/lib/python3.12/site-packages/airflow/example_dags/example_branch_datetime_operator.py for tasks to queue
[2024-06-21T03:17:40.748+0000] {logging_mixin.py:188} INFO - [2024-06-21T03:17:40.748+0000] {dagbag.py:545} INFO - Filling up the DagBag from /home/airflow/.local/lib/python3.12/site-packages/airflow/example_dags/example_branch_datetime_operator.py
[2024-06-21T03:17:40.752+0000] {processor.py:840} INFO - DAG(s) 'example_branch_datetime_operator_3', 'example_branch_datetime_operator', 'example_branch_datetime_operator_2' retrieved from /home/airflow/.local/lib/python3.12/site-packages/airflow/example_dags/example_branch_datetime_operator.py
[2024-06-21T03:17:40.766+0000] {logging_mixin.py:188} INFO - [2024-06-21T03:17:40.766+0000] {dag.py:3096} INFO - Sync 3 DAGs
[2024-06-21T03:17:40.777+0000] {logging_mixin.py:188} INFO - [2024-06-21T03:17:40.777+0000] {dag.py:3954} INFO - Setting next_dagrun for example_branch_datetime_operator to 2024-06-20 00:00:00+00:00, run_after=2024-06-21 00:00:00+00:00
[2024-06-21T03:17:40.780+0000] {logging_mixin.py:188} INFO - [2024-06-21T03:17:40.779+0000] {dag.py:3954} INFO - Setting next_dagrun for example_branch_datetime_operator_2 to 2024-06-20 00:00:00+00:00, run_after=2024-06-21 00:00:00+00:00
[2024-06-21T03:17:40.781+0000] {logging_mixin.py:188} INFO - [2024-06-21T03:17:40.781+0000] {dag.py:3954} INFO - Setting next_dagrun for example_branch_datetime_operator_3 to 2024-06-20 00:00:00+00:00, run_after=2024-06-21 00:00:00+00:00
[2024-06-21T03:17:40.789+0000] {processor.py:183} INFO - Processing /home/airflow/.local/lib/python3.12/site-packages/airflow/example_dags/example_branch_datetime_operator.py took 0.046 seconds
[2024-06-21T03:18:10.914+0000] {processor.py:161} INFO - Started process (PID=6525) to work on /home/airflow/.local/lib/python3.12/site-packages/airflow/example_dags/example_branch_datetime_operator.py
[2024-06-21T03:18:10.915+0000] {processor.py:830} INFO - Processing file /home/airflow/.local/lib/python3.12/site-packages/airflow/example_dags/example_branch_datetime_operator.py for tasks to queue
[2024-06-21T03:18:10.916+0000] {logging_mixin.py:188} INFO - [2024-06-21T03:18:10.916+0000] {dagbag.py:545} INFO - Filling up the DagBag from /home/airflow/.local/lib/python3.12/site-packages/airflow/example_dags/example_branch_datetime_operator.py
[2024-06-21T03:18:10.921+0000] {processor.py:840} INFO - DAG(s) 'example_branch_datetime_operator_2', 'example_branch_datetime_operator_3', 'example_branch_datetime_operator' retrieved from /home/airflow/.local/lib/python3.12/site-packages/airflow/example_dags/example_branch_datetime_operator.py
[2024-06-21T03:18:10.936+0000] {logging_mixin.py:188} INFO - [2024-06-21T03:18:10.936+0000] {dag.py:3096} INFO - Sync 3 DAGs
[2024-06-21T03:18:10.947+0000] {logging_mixin.py:188} INFO - [2024-06-21T03:18:10.947+0000] {dag.py:3954} INFO - Setting next_dagrun for example_branch_datetime_operator to 2024-06-20 00:00:00+00:00, run_after=2024-06-21 00:00:00+00:00
[2024-06-21T03:18:10.950+0000] {logging_mixin.py:188} INFO - [2024-06-21T03:18:10.950+0000] {dag.py:3954} INFO - Setting next_dagrun for example_branch_datetime_operator_2 to 2024-06-20 00:00:00+00:00, run_after=2024-06-21 00:00:00+00:00
[2024-06-21T03:18:10.951+0000] {logging_mixin.py:188} INFO - [2024-06-21T03:18:10.951+0000] {dag.py:3954} INFO - Setting next_dagrun for example_branch_datetime_operator_3 to 2024-06-20 00:00:00+00:00, run_after=2024-06-21 00:00:00+00:00
[2024-06-21T03:18:10.960+0000] {processor.py:183} INFO - Processing /home/airflow/.local/lib/python3.12/site-packages/airflow/example_dags/example_branch_datetime_operator.py took 0.049 seconds
[2024-06-21T03:18:41.131+0000] {processor.py:161} INFO - Started process (PID=6789) to work on /home/airflow/.local/lib/python3.12/site-packages/airflow/example_dags/example_branch_datetime_operator.py
[2024-06-21T03:18:41.132+0000] {processor.py:830} INFO - Processing file /home/airflow/.local/lib/python3.12/site-packages/airflow/example_dags/example_branch_datetime_operator.py for tasks to queue
[2024-06-21T03:18:41.133+0000] {logging_mixin.py:188} INFO - [2024-06-21T03:18:41.133+0000] {dagbag.py:545} INFO - Filling up the DagBag from /home/airflow/.local/lib/python3.12/site-packages/airflow/example_dags/example_branch_datetime_operator.py
[2024-06-21T03:18:41.139+0000] {processor.py:840} INFO - DAG(s) 'example_branch_datetime_operator_2', 'example_branch_datetime_operator_3', 'example_branch_datetime_operator' retrieved from /home/airflow/.local/lib/python3.12/site-packages/airflow/example_dags/example_branch_datetime_operator.py
[2024-06-21T03:18:41.154+0000] {logging_mixin.py:188} INFO - [2024-06-21T03:18:41.153+0000] {dag.py:3096} INFO - Sync 3 DAGs
[2024-06-21T03:18:41.164+0000] {logging_mixin.py:188} INFO - [2024-06-21T03:18:41.164+0000] {dag.py:3954} INFO - Setting next_dagrun for example_branch_datetime_operator to 2024-06-20 00:00:00+00:00, run_after=2024-06-21 00:00:00+00:00
[2024-06-21T03:18:41.167+0000] {logging_mixin.py:188} INFO - [2024-06-21T03:18:41.167+0000] {dag.py:3954} INFO - Setting next_dagrun for example_branch_datetime_operator_2 to 2024-06-20 00:00:00+00:00, run_after=2024-06-21 00:00:00+00:00
[2024-06-21T03:18:41.168+0000] {logging_mixin.py:188} INFO - [2024-06-21T03:18:41.168+0000] {dag.py:3954} INFO - Setting next_dagrun for example_branch_datetime_operator_3 to 2024-06-20 00:00:00+00:00, run_after=2024-06-21 00:00:00+00:00
[2024-06-21T03:18:41.175+0000] {processor.py:183} INFO - Processing /home/airflow/.local/lib/python3.12/site-packages/airflow/example_dags/example_branch_datetime_operator.py took 0.047 seconds
[2024-06-21T03:19:11.890+0000] {processor.py:161} INFO - Started process (PID=7049) to work on /home/airflow/.local/lib/python3.12/site-packages/airflow/example_dags/example_branch_datetime_operator.py
[2024-06-21T03:19:11.890+0000] {processor.py:830} INFO - Processing file /home/airflow/.local/lib/python3.12/site-packages/airflow/example_dags/example_branch_datetime_operator.py for tasks to queue
[2024-06-21T03:19:11.892+0000] {logging_mixin.py:188} INFO - [2024-06-21T03:19:11.891+0000] {dagbag.py:545} INFO - Filling up the DagBag from /home/airflow/.local/lib/python3.12/site-packages/airflow/example_dags/example_branch_datetime_operator.py
[2024-06-21T03:19:11.896+0000] {processor.py:840} INFO - DAG(s) 'example_branch_datetime_operator_2', 'example_branch_datetime_operator_3', 'example_branch_datetime_operator' retrieved from /home/airflow/.local/lib/python3.12/site-packages/airflow/example_dags/example_branch_datetime_operator.py
[2024-06-21T03:19:11.911+0000] {logging_mixin.py:188} INFO - [2024-06-21T03:19:11.911+0000] {dag.py:3096} INFO - Sync 3 DAGs
[2024-06-21T03:19:11.923+0000] {logging_mixin.py:188} INFO - [2024-06-21T03:19:11.923+0000] {dag.py:3954} INFO - Setting next_dagrun for example_branch_datetime_operator to 2024-06-20 00:00:00+00:00, run_after=2024-06-21 00:00:00+00:00
[2024-06-21T03:19:11.926+0000] {logging_mixin.py:188} INFO - [2024-06-21T03:19:11.926+0000] {dag.py:3954} INFO - Setting next_dagrun for example_branch_datetime_operator_2 to 2024-06-20 00:00:00+00:00, run_after=2024-06-21 00:00:00+00:00
[2024-06-21T03:19:11.927+0000] {logging_mixin.py:188} INFO - [2024-06-21T03:19:11.927+0000] {dag.py:3954} INFO - Setting next_dagrun for example_branch_datetime_operator_3 to 2024-06-20 00:00:00+00:00, run_after=2024-06-21 00:00:00+00:00
[2024-06-21T03:19:11.935+0000] {processor.py:183} INFO - Processing /home/airflow/.local/lib/python3.12/site-packages/airflow/example_dags/example_branch_datetime_operator.py took 0.049 seconds
[2024-06-21T03:19:42.013+0000] {processor.py:161} INFO - Started process (PID=7310) to work on /home/airflow/.local/lib/python3.12/site-packages/airflow/example_dags/example_branch_datetime_operator.py
[2024-06-21T03:19:42.014+0000] {processor.py:830} INFO - Processing file /home/airflow/.local/lib/python3.12/site-packages/airflow/example_dags/example_branch_datetime_operator.py for tasks to queue
[2024-06-21T03:19:42.015+0000] {logging_mixin.py:188} INFO - [2024-06-21T03:19:42.015+0000] {dagbag.py:545} INFO - Filling up the DagBag from /home/airflow/.local/lib/python3.12/site-packages/airflow/example_dags/example_branch_datetime_operator.py
[2024-06-21T03:19:42.020+0000] {processor.py:840} INFO - DAG(s) 'example_branch_datetime_operator_2', 'example_branch_datetime_operator', 'example_branch_datetime_operator_3' retrieved from /home/airflow/.local/lib/python3.12/site-packages/airflow/example_dags/example_branch_datetime_operator.py
[2024-06-21T03:19:42.034+0000] {logging_mixin.py:188} INFO - [2024-06-21T03:19:42.034+0000] {dag.py:3096} INFO - Sync 3 DAGs
[2024-06-21T03:19:42.046+0000] {logging_mixin.py:188} INFO - [2024-06-21T03:19:42.046+0000] {dag.py:3954} INFO - Setting next_dagrun for example_branch_datetime_operator to 2024-06-20 00:00:00+00:00, run_after=2024-06-21 00:00:00+00:00
[2024-06-21T03:19:42.048+0000] {logging_mixin.py:188} INFO - [2024-06-21T03:19:42.048+0000] {dag.py:3954} INFO - Setting next_dagrun for example_branch_datetime_operator_2 to 2024-06-20 00:00:00+00:00, run_after=2024-06-21 00:00:00+00:00
[2024-06-21T03:19:42.050+0000] {logging_mixin.py:188} INFO - [2024-06-21T03:19:42.050+0000] {dag.py:3954} INFO - Setting next_dagrun for example_branch_datetime_operator_3 to 2024-06-20 00:00:00+00:00, run_after=2024-06-21 00:00:00+00:00
[2024-06-21T03:19:42.058+0000] {processor.py:183} INFO - Processing /home/airflow/.local/lib/python3.12/site-packages/airflow/example_dags/example_branch_datetime_operator.py took 0.048 seconds
[2024-06-21T03:20:12.190+0000] {processor.py:161} INFO - Started process (PID=7574) to work on /home/airflow/.local/lib/python3.12/site-packages/airflow/example_dags/example_branch_datetime_operator.py
[2024-06-21T03:20:12.191+0000] {processor.py:830} INFO - Processing file /home/airflow/.local/lib/python3.12/site-packages/airflow/example_dags/example_branch_datetime_operator.py for tasks to queue
[2024-06-21T03:20:12.192+0000] {logging_mixin.py:188} INFO - [2024-06-21T03:20:12.192+0000] {dagbag.py:545} INFO - Filling up the DagBag from /home/airflow/.local/lib/python3.12/site-packages/airflow/example_dags/example_branch_datetime_operator.py
[2024-06-21T03:20:12.197+0000] {processor.py:840} INFO - DAG(s) 'example_branch_datetime_operator_3', 'example_branch_datetime_operator', 'example_branch_datetime_operator_2' retrieved from /home/airflow/.local/lib/python3.12/site-packages/airflow/example_dags/example_branch_datetime_operator.py
[2024-06-21T03:20:12.212+0000] {logging_mixin.py:188} INFO - [2024-06-21T03:20:12.212+0000] {dag.py:3096} INFO - Sync 3 DAGs
[2024-06-21T03:20:12.224+0000] {logging_mixin.py:188} INFO - [2024-06-21T03:20:12.224+0000] {dag.py:3954} INFO - Setting next_dagrun for example_branch_datetime_operator to 2024-06-20 00:00:00+00:00, run_after=2024-06-21 00:00:00+00:00
[2024-06-21T03:20:12.227+0000] {logging_mixin.py:188} INFO - [2024-06-21T03:20:12.227+0000] {dag.py:3954} INFO - Setting next_dagrun for example_branch_datetime_operator_2 to 2024-06-20 00:00:00+00:00, run_after=2024-06-21 00:00:00+00:00
[2024-06-21T03:20:12.228+0000] {logging_mixin.py:188} INFO - [2024-06-21T03:20:12.228+0000] {dag.py:3954} INFO - Setting next_dagrun for example_branch_datetime_operator_3 to 2024-06-20 00:00:00+00:00, run_after=2024-06-21 00:00:00+00:00
[2024-06-21T03:20:12.237+0000] {processor.py:183} INFO - Processing /home/airflow/.local/lib/python3.12/site-packages/airflow/example_dags/example_branch_datetime_operator.py took 0.051 seconds
[2024-06-21T03:20:42.318+0000] {processor.py:161} INFO - Started process (PID=7899) to work on /home/airflow/.local/lib/python3.12/site-packages/airflow/example_dags/example_branch_datetime_operator.py
[2024-06-21T03:20:42.319+0000] {processor.py:830} INFO - Processing file /home/airflow/.local/lib/python3.12/site-packages/airflow/example_dags/example_branch_datetime_operator.py for tasks to queue
[2024-06-21T03:20:42.320+0000] {logging_mixin.py:188} INFO - [2024-06-21T03:20:42.320+0000] {dagbag.py:545} INFO - Filling up the DagBag from /home/airflow/.local/lib/python3.12/site-packages/airflow/example_dags/example_branch_datetime_operator.py
[2024-06-21T03:20:42.326+0000] {processor.py:840} INFO - DAG(s) 'example_branch_datetime_operator_2', 'example_branch_datetime_operator', 'example_branch_datetime_operator_3' retrieved from /home/airflow/.local/lib/python3.12/site-packages/airflow/example_dags/example_branch_datetime_operator.py
[2024-06-21T03:20:42.344+0000] {logging_mixin.py:188} INFO - [2024-06-21T03:20:42.344+0000] {dag.py:3096} INFO - Sync 3 DAGs
[2024-06-21T03:20:42.358+0000] {logging_mixin.py:188} INFO - [2024-06-21T03:20:42.358+0000] {dag.py:3954} INFO - Setting next_dagrun for example_branch_datetime_operator to 2024-06-20 00:00:00+00:00, run_after=2024-06-21 00:00:00+00:00
[2024-06-21T03:20:42.362+0000] {logging_mixin.py:188} INFO - [2024-06-21T03:20:42.362+0000] {dag.py:3954} INFO - Setting next_dagrun for example_branch_datetime_operator_2 to 2024-06-20 00:00:00+00:00, run_after=2024-06-21 00:00:00+00:00
[2024-06-21T03:20:42.363+0000] {logging_mixin.py:188} INFO - [2024-06-21T03:20:42.363+0000] {dag.py:3954} INFO - Setting next_dagrun for example_branch_datetime_operator_3 to 2024-06-20 00:00:00+00:00, run_after=2024-06-21 00:00:00+00:00
[2024-06-21T03:20:42.373+0000] {processor.py:183} INFO - Processing /home/airflow/.local/lib/python3.12/site-packages/airflow/example_dags/example_branch_datetime_operator.py took 0.058 seconds
