[2024-06-21T03:05:56.425+0000] {processor.py:161} INFO - Started process (PID=303) to work on /home/airflow/.local/lib/python3.12/site-packages/airflow/example_dags/example_latest_only_with_trigger.py
[2024-06-21T03:05:56.427+0000] {processor.py:830} INFO - Processing file /home/airflow/.local/lib/python3.12/site-packages/airflow/example_dags/example_latest_only_with_trigger.py for tasks to queue
[2024-06-21T03:05:56.428+0000] {logging_mixin.py:188} INFO - [2024-06-21T03:05:56.427+0000] {dagbag.py:545} INFO - Filling up the DagBag from /home/airflow/.local/lib/python3.12/site-packages/airflow/example_dags/example_latest_only_with_trigger.py
[2024-06-21T03:05:56.433+0000] {processor.py:840} INFO - DAG(s) 'latest_only_with_trigger' retrieved from /home/airflow/.local/lib/python3.12/site-packages/airflow/example_dags/example_latest_only_with_trigger.py
[2024-06-21T03:05:56.440+0000] {logging_mixin.py:188} INFO - [2024-06-21T03:05:56.440+0000] {dag.py:3096} INFO - Sync 1 DAGs
[2024-06-21T03:05:56.451+0000] {logging_mixin.py:188} INFO - [2024-06-21T03:05:56.451+0000] {dag.py:3954} INFO - Setting next_dagrun for latest_only_with_trigger to 2024-06-20 20:00:00+00:00, run_after=2024-06-21 00:00:00+00:00
[2024-06-21T03:05:56.460+0000] {processor.py:183} INFO - Processing /home/airflow/.local/lib/python3.12/site-packages/airflow/example_dags/example_latest_only_with_trigger.py took 0.038 seconds
[2024-06-21T03:06:27.559+0000] {processor.py:161} INFO - Started process (PID=565) to work on /home/airflow/.local/lib/python3.12/site-packages/airflow/example_dags/example_latest_only_with_trigger.py
[2024-06-21T03:06:27.559+0000] {processor.py:830} INFO - Processing file /home/airflow/.local/lib/python3.12/site-packages/airflow/example_dags/example_latest_only_with_trigger.py for tasks to queue
[2024-06-21T03:06:27.560+0000] {logging_mixin.py:188} INFO - [2024-06-21T03:06:27.560+0000] {dagbag.py:545} INFO - Filling up the DagBag from /home/airflow/.local/lib/python3.12/site-packages/airflow/example_dags/example_latest_only_with_trigger.py
[2024-06-21T03:06:27.563+0000] {processor.py:840} INFO - DAG(s) 'latest_only_with_trigger' retrieved from /home/airflow/.local/lib/python3.12/site-packages/airflow/example_dags/example_latest_only_with_trigger.py
[2024-06-21T03:06:27.608+0000] {logging_mixin.py:188} INFO - [2024-06-21T03:06:27.608+0000] {dag.py:3096} INFO - Sync 1 DAGs
[2024-06-21T03:06:27.619+0000] {logging_mixin.py:188} INFO - [2024-06-21T03:06:27.619+0000] {dag.py:3954} INFO - Setting next_dagrun for latest_only_with_trigger to 2024-06-20 20:00:00+00:00, run_after=2024-06-21 00:00:00+00:00
[2024-06-21T03:06:27.639+0000] {processor.py:183} INFO - Processing /home/airflow/.local/lib/python3.12/site-packages/airflow/example_dags/example_latest_only_with_trigger.py took 0.083 seconds
[2024-06-21T03:06:58.610+0000] {processor.py:161} INFO - Started process (PID=827) to work on /home/airflow/.local/lib/python3.12/site-packages/airflow/example_dags/example_latest_only_with_trigger.py
[2024-06-21T03:06:58.611+0000] {processor.py:830} INFO - Processing file /home/airflow/.local/lib/python3.12/site-packages/airflow/example_dags/example_latest_only_with_trigger.py for tasks to queue
[2024-06-21T03:06:58.612+0000] {logging_mixin.py:188} INFO - [2024-06-21T03:06:58.611+0000] {dagbag.py:545} INFO - Filling up the DagBag from /home/airflow/.local/lib/python3.12/site-packages/airflow/example_dags/example_latest_only_with_trigger.py
[2024-06-21T03:06:58.614+0000] {processor.py:840} INFO - DAG(s) 'latest_only_with_trigger' retrieved from /home/airflow/.local/lib/python3.12/site-packages/airflow/example_dags/example_latest_only_with_trigger.py
[2024-06-21T03:06:58.624+0000] {logging_mixin.py:188} INFO - [2024-06-21T03:06:58.624+0000] {dag.py:3096} INFO - Sync 1 DAGs
[2024-06-21T03:06:58.635+0000] {logging_mixin.py:188} INFO - [2024-06-21T03:06:58.635+0000] {dag.py:3954} INFO - Setting next_dagrun for latest_only_with_trigger to 2024-06-20 20:00:00+00:00, run_after=2024-06-21 00:00:00+00:00
[2024-06-21T03:06:58.644+0000] {processor.py:183} INFO - Processing /home/airflow/.local/lib/python3.12/site-packages/airflow/example_dags/example_latest_only_with_trigger.py took 0.036 seconds
[2024-06-21T03:07:29.290+0000] {processor.py:161} INFO - Started process (PID=1089) to work on /home/airflow/.local/lib/python3.12/site-packages/airflow/example_dags/example_latest_only_with_trigger.py
[2024-06-21T03:07:29.291+0000] {processor.py:830} INFO - Processing file /home/airflow/.local/lib/python3.12/site-packages/airflow/example_dags/example_latest_only_with_trigger.py for tasks to queue
[2024-06-21T03:07:29.292+0000] {logging_mixin.py:188} INFO - [2024-06-21T03:07:29.292+0000] {dagbag.py:545} INFO - Filling up the DagBag from /home/airflow/.local/lib/python3.12/site-packages/airflow/example_dags/example_latest_only_with_trigger.py
[2024-06-21T03:07:29.295+0000] {processor.py:840} INFO - DAG(s) 'latest_only_with_trigger' retrieved from /home/airflow/.local/lib/python3.12/site-packages/airflow/example_dags/example_latest_only_with_trigger.py
[2024-06-21T03:07:29.307+0000] {logging_mixin.py:188} INFO - [2024-06-21T03:07:29.307+0000] {dag.py:3096} INFO - Sync 1 DAGs
[2024-06-21T03:07:29.318+0000] {logging_mixin.py:188} INFO - [2024-06-21T03:07:29.318+0000] {dag.py:3954} INFO - Setting next_dagrun for latest_only_with_trigger to 2024-06-20 20:00:00+00:00, run_after=2024-06-21 00:00:00+00:00
[2024-06-21T03:07:29.328+0000] {processor.py:183} INFO - Processing /home/airflow/.local/lib/python3.12/site-packages/airflow/example_dags/example_latest_only_with_trigger.py took 0.041 seconds
[2024-06-21T03:08:00.024+0000] {processor.py:161} INFO - Started process (PID=1375) to work on /home/airflow/.local/lib/python3.12/site-packages/airflow/example_dags/example_latest_only_with_trigger.py
[2024-06-21T03:08:00.024+0000] {processor.py:830} INFO - Processing file /home/airflow/.local/lib/python3.12/site-packages/airflow/example_dags/example_latest_only_with_trigger.py for tasks to queue
[2024-06-21T03:08:00.026+0000] {logging_mixin.py:188} INFO - [2024-06-21T03:08:00.025+0000] {dagbag.py:545} INFO - Filling up the DagBag from /home/airflow/.local/lib/python3.12/site-packages/airflow/example_dags/example_latest_only_with_trigger.py
[2024-06-21T03:08:00.029+0000] {processor.py:840} INFO - DAG(s) 'latest_only_with_trigger' retrieved from /home/airflow/.local/lib/python3.12/site-packages/airflow/example_dags/example_latest_only_with_trigger.py
[2024-06-21T03:08:00.044+0000] {logging_mixin.py:188} INFO - [2024-06-21T03:08:00.044+0000] {dag.py:3096} INFO - Sync 1 DAGs
[2024-06-21T03:08:00.055+0000] {logging_mixin.py:188} INFO - [2024-06-21T03:08:00.055+0000] {dag.py:3954} INFO - Setting next_dagrun for latest_only_with_trigger to 2024-06-20 20:00:00+00:00, run_after=2024-06-21 00:00:00+00:00
[2024-06-21T03:08:00.064+0000] {processor.py:183} INFO - Processing /home/airflow/.local/lib/python3.12/site-packages/airflow/example_dags/example_latest_only_with_trigger.py took 0.045 seconds
[2024-06-21T03:08:30.644+0000] {processor.py:161} INFO - Started process (PID=1662) to work on /home/airflow/.local/lib/python3.12/site-packages/airflow/example_dags/example_latest_only_with_trigger.py
[2024-06-21T03:08:30.644+0000] {processor.py:830} INFO - Processing file /home/airflow/.local/lib/python3.12/site-packages/airflow/example_dags/example_latest_only_with_trigger.py for tasks to queue
[2024-06-21T03:08:30.645+0000] {logging_mixin.py:188} INFO - [2024-06-21T03:08:30.645+0000] {dagbag.py:545} INFO - Filling up the DagBag from /home/airflow/.local/lib/python3.12/site-packages/airflow/example_dags/example_latest_only_with_trigger.py
[2024-06-21T03:08:30.649+0000] {processor.py:840} INFO - DAG(s) 'latest_only_with_trigger' retrieved from /home/airflow/.local/lib/python3.12/site-packages/airflow/example_dags/example_latest_only_with_trigger.py
[2024-06-21T03:08:30.661+0000] {logging_mixin.py:188} INFO - [2024-06-21T03:08:30.661+0000] {dag.py:3096} INFO - Sync 1 DAGs
[2024-06-21T03:08:30.673+0000] {logging_mixin.py:188} INFO - [2024-06-21T03:08:30.673+0000] {dag.py:3954} INFO - Setting next_dagrun for latest_only_with_trigger to 2024-06-20 20:00:00+00:00, run_after=2024-06-21 00:00:00+00:00
[2024-06-21T03:08:30.682+0000] {processor.py:183} INFO - Processing /home/airflow/.local/lib/python3.12/site-packages/airflow/example_dags/example_latest_only_with_trigger.py took 0.042 seconds
[2024-06-21T03:09:01.362+0000] {processor.py:161} INFO - Started process (PID=1924) to work on /home/airflow/.local/lib/python3.12/site-packages/airflow/example_dags/example_latest_only_with_trigger.py
[2024-06-21T03:09:01.363+0000] {processor.py:830} INFO - Processing file /home/airflow/.local/lib/python3.12/site-packages/airflow/example_dags/example_latest_only_with_trigger.py for tasks to queue
[2024-06-21T03:09:01.364+0000] {logging_mixin.py:188} INFO - [2024-06-21T03:09:01.363+0000] {dagbag.py:545} INFO - Filling up the DagBag from /home/airflow/.local/lib/python3.12/site-packages/airflow/example_dags/example_latest_only_with_trigger.py
[2024-06-21T03:09:01.367+0000] {processor.py:840} INFO - DAG(s) 'latest_only_with_trigger' retrieved from /home/airflow/.local/lib/python3.12/site-packages/airflow/example_dags/example_latest_only_with_trigger.py
[2024-06-21T03:09:01.380+0000] {logging_mixin.py:188} INFO - [2024-06-21T03:09:01.380+0000] {dag.py:3096} INFO - Sync 1 DAGs
[2024-06-21T03:09:01.392+0000] {logging_mixin.py:188} INFO - [2024-06-21T03:09:01.392+0000] {dag.py:3954} INFO - Setting next_dagrun for latest_only_with_trigger to 2024-06-20 20:00:00+00:00, run_after=2024-06-21 00:00:00+00:00
[2024-06-21T03:09:01.401+0000] {processor.py:183} INFO - Processing /home/airflow/.local/lib/python3.12/site-packages/airflow/example_dags/example_latest_only_with_trigger.py took 0.043 seconds
[2024-06-21T03:09:32.051+0000] {processor.py:161} INFO - Started process (PID=2185) to work on /home/airflow/.local/lib/python3.12/site-packages/airflow/example_dags/example_latest_only_with_trigger.py
[2024-06-21T03:09:32.052+0000] {processor.py:830} INFO - Processing file /home/airflow/.local/lib/python3.12/site-packages/airflow/example_dags/example_latest_only_with_trigger.py for tasks to queue
[2024-06-21T03:09:32.053+0000] {logging_mixin.py:188} INFO - [2024-06-21T03:09:32.053+0000] {dagbag.py:545} INFO - Filling up the DagBag from /home/airflow/.local/lib/python3.12/site-packages/airflow/example_dags/example_latest_only_with_trigger.py
[2024-06-21T03:09:32.057+0000] {processor.py:840} INFO - DAG(s) 'latest_only_with_trigger' retrieved from /home/airflow/.local/lib/python3.12/site-packages/airflow/example_dags/example_latest_only_with_trigger.py
[2024-06-21T03:09:32.073+0000] {logging_mixin.py:188} INFO - [2024-06-21T03:09:32.073+0000] {dag.py:3096} INFO - Sync 1 DAGs
[2024-06-21T03:09:32.086+0000] {logging_mixin.py:188} INFO - [2024-06-21T03:09:32.085+0000] {dag.py:3954} INFO - Setting next_dagrun for latest_only_with_trigger to 2024-06-20 20:00:00+00:00, run_after=2024-06-21 00:00:00+00:00
[2024-06-21T03:09:32.096+0000] {processor.py:183} INFO - Processing /home/airflow/.local/lib/python3.12/site-packages/airflow/example_dags/example_latest_only_with_trigger.py took 0.050 seconds
[2024-06-21T03:10:02.790+0000] {processor.py:161} INFO - Started process (PID=2448) to work on /home/airflow/.local/lib/python3.12/site-packages/airflow/example_dags/example_latest_only_with_trigger.py
[2024-06-21T03:10:02.791+0000] {processor.py:830} INFO - Processing file /home/airflow/.local/lib/python3.12/site-packages/airflow/example_dags/example_latest_only_with_trigger.py for tasks to queue
[2024-06-21T03:10:02.793+0000] {logging_mixin.py:188} INFO - [2024-06-21T03:10:02.793+0000] {dagbag.py:545} INFO - Filling up the DagBag from /home/airflow/.local/lib/python3.12/site-packages/airflow/example_dags/example_latest_only_with_trigger.py
[2024-06-21T03:10:02.797+0000] {processor.py:840} INFO - DAG(s) 'latest_only_with_trigger' retrieved from /home/airflow/.local/lib/python3.12/site-packages/airflow/example_dags/example_latest_only_with_trigger.py
[2024-06-21T03:10:02.812+0000] {logging_mixin.py:188} INFO - [2024-06-21T03:10:02.811+0000] {dag.py:3096} INFO - Sync 1 DAGs
[2024-06-21T03:10:02.824+0000] {logging_mixin.py:188} INFO - [2024-06-21T03:10:02.824+0000] {dag.py:3954} INFO - Setting next_dagrun for latest_only_with_trigger to 2024-06-20 20:00:00+00:00, run_after=2024-06-21 00:00:00+00:00
[2024-06-21T03:10:02.835+0000] {processor.py:183} INFO - Processing /home/airflow/.local/lib/python3.12/site-packages/airflow/example_dags/example_latest_only_with_trigger.py took 0.051 seconds
[2024-06-21T03:10:33.490+0000] {processor.py:161} INFO - Started process (PID=2710) to work on /home/airflow/.local/lib/python3.12/site-packages/airflow/example_dags/example_latest_only_with_trigger.py
[2024-06-21T03:10:33.492+0000] {processor.py:830} INFO - Processing file /home/airflow/.local/lib/python3.12/site-packages/airflow/example_dags/example_latest_only_with_trigger.py for tasks to queue
[2024-06-21T03:10:33.495+0000] {logging_mixin.py:188} INFO - [2024-06-21T03:10:33.495+0000] {dagbag.py:545} INFO - Filling up the DagBag from /home/airflow/.local/lib/python3.12/site-packages/airflow/example_dags/example_latest_only_with_trigger.py
[2024-06-21T03:10:33.499+0000] {processor.py:840} INFO - DAG(s) 'latest_only_with_trigger' retrieved from /home/airflow/.local/lib/python3.12/site-packages/airflow/example_dags/example_latest_only_with_trigger.py
[2024-06-21T03:10:33.511+0000] {logging_mixin.py:188} INFO - [2024-06-21T03:10:33.511+0000] {dag.py:3096} INFO - Sync 1 DAGs
[2024-06-21T03:10:33.522+0000] {logging_mixin.py:188} INFO - [2024-06-21T03:10:33.522+0000] {dag.py:3954} INFO - Setting next_dagrun for latest_only_with_trigger to 2024-06-20 20:00:00+00:00, run_after=2024-06-21 00:00:00+00:00
[2024-06-21T03:10:33.531+0000] {processor.py:183} INFO - Processing /home/airflow/.local/lib/python3.12/site-packages/airflow/example_dags/example_latest_only_with_trigger.py took 0.047 seconds
[2024-06-21T03:11:04.284+0000] {processor.py:161} INFO - Started process (PID=2971) to work on /home/airflow/.local/lib/python3.12/site-packages/airflow/example_dags/example_latest_only_with_trigger.py
[2024-06-21T03:11:04.285+0000] {processor.py:830} INFO - Processing file /home/airflow/.local/lib/python3.12/site-packages/airflow/example_dags/example_latest_only_with_trigger.py for tasks to queue
[2024-06-21T03:11:04.288+0000] {logging_mixin.py:188} INFO - [2024-06-21T03:11:04.287+0000] {dagbag.py:545} INFO - Filling up the DagBag from /home/airflow/.local/lib/python3.12/site-packages/airflow/example_dags/example_latest_only_with_trigger.py
[2024-06-21T03:11:04.294+0000] {processor.py:840} INFO - DAG(s) 'latest_only_with_trigger' retrieved from /home/airflow/.local/lib/python3.12/site-packages/airflow/example_dags/example_latest_only_with_trigger.py
[2024-06-21T03:11:04.313+0000] {logging_mixin.py:188} INFO - [2024-06-21T03:11:04.313+0000] {dag.py:3096} INFO - Sync 1 DAGs
[2024-06-21T03:11:04.325+0000] {logging_mixin.py:188} INFO - [2024-06-21T03:11:04.325+0000] {dag.py:3954} INFO - Setting next_dagrun for latest_only_with_trigger to 2024-06-20 20:00:00+00:00, run_after=2024-06-21 00:00:00+00:00
[2024-06-21T03:11:04.335+0000] {processor.py:183} INFO - Processing /home/airflow/.local/lib/python3.12/site-packages/airflow/example_dags/example_latest_only_with_trigger.py took 0.057 seconds
[2024-06-21T03:11:35.025+0000] {processor.py:161} INFO - Started process (PID=3234) to work on /home/airflow/.local/lib/python3.12/site-packages/airflow/example_dags/example_latest_only_with_trigger.py
[2024-06-21T03:11:35.026+0000] {processor.py:830} INFO - Processing file /home/airflow/.local/lib/python3.12/site-packages/airflow/example_dags/example_latest_only_with_trigger.py for tasks to queue
[2024-06-21T03:11:35.027+0000] {logging_mixin.py:188} INFO - [2024-06-21T03:11:35.027+0000] {dagbag.py:545} INFO - Filling up the DagBag from /home/airflow/.local/lib/python3.12/site-packages/airflow/example_dags/example_latest_only_with_trigger.py
[2024-06-21T03:11:35.031+0000] {processor.py:840} INFO - DAG(s) 'latest_only_with_trigger' retrieved from /home/airflow/.local/lib/python3.12/site-packages/airflow/example_dags/example_latest_only_with_trigger.py
[2024-06-21T03:11:35.044+0000] {logging_mixin.py:188} INFO - [2024-06-21T03:11:35.044+0000] {dag.py:3096} INFO - Sync 1 DAGs
[2024-06-21T03:11:35.056+0000] {logging_mixin.py:188} INFO - [2024-06-21T03:11:35.056+0000] {dag.py:3954} INFO - Setting next_dagrun for latest_only_with_trigger to 2024-06-20 20:00:00+00:00, run_after=2024-06-21 00:00:00+00:00
[2024-06-21T03:11:35.066+0000] {processor.py:183} INFO - Processing /home/airflow/.local/lib/python3.12/site-packages/airflow/example_dags/example_latest_only_with_trigger.py took 0.045 seconds
[2024-06-21T03:12:05.212+0000] {processor.py:161} INFO - Started process (PID=3496) to work on /home/airflow/.local/lib/python3.12/site-packages/airflow/example_dags/example_latest_only_with_trigger.py
[2024-06-21T03:12:05.213+0000] {processor.py:830} INFO - Processing file /home/airflow/.local/lib/python3.12/site-packages/airflow/example_dags/example_latest_only_with_trigger.py for tasks to queue
[2024-06-21T03:12:05.215+0000] {logging_mixin.py:188} INFO - [2024-06-21T03:12:05.215+0000] {dagbag.py:545} INFO - Filling up the DagBag from /home/airflow/.local/lib/python3.12/site-packages/airflow/example_dags/example_latest_only_with_trigger.py
[2024-06-21T03:12:05.218+0000] {processor.py:840} INFO - DAG(s) 'latest_only_with_trigger' retrieved from /home/airflow/.local/lib/python3.12/site-packages/airflow/example_dags/example_latest_only_with_trigger.py
[2024-06-21T03:12:05.229+0000] {logging_mixin.py:188} INFO - [2024-06-21T03:12:05.228+0000] {dag.py:3096} INFO - Sync 1 DAGs
[2024-06-21T03:12:05.241+0000] {logging_mixin.py:188} INFO - [2024-06-21T03:12:05.241+0000] {dag.py:3954} INFO - Setting next_dagrun for latest_only_with_trigger to 2024-06-20 20:00:00+00:00, run_after=2024-06-21 00:00:00+00:00
[2024-06-21T03:12:05.251+0000] {processor.py:183} INFO - Processing /home/airflow/.local/lib/python3.12/site-packages/airflow/example_dags/example_latest_only_with_trigger.py took 0.042 seconds
[2024-06-21T03:12:35.987+0000] {processor.py:161} INFO - Started process (PID=3758) to work on /home/airflow/.local/lib/python3.12/site-packages/airflow/example_dags/example_latest_only_with_trigger.py
[2024-06-21T03:12:35.988+0000] {processor.py:830} INFO - Processing file /home/airflow/.local/lib/python3.12/site-packages/airflow/example_dags/example_latest_only_with_trigger.py for tasks to queue
[2024-06-21T03:12:35.989+0000] {logging_mixin.py:188} INFO - [2024-06-21T03:12:35.989+0000] {dagbag.py:545} INFO - Filling up the DagBag from /home/airflow/.local/lib/python3.12/site-packages/airflow/example_dags/example_latest_only_with_trigger.py
[2024-06-21T03:12:35.994+0000] {processor.py:840} INFO - DAG(s) 'latest_only_with_trigger' retrieved from /home/airflow/.local/lib/python3.12/site-packages/airflow/example_dags/example_latest_only_with_trigger.py
[2024-06-21T03:12:36.008+0000] {logging_mixin.py:188} INFO - [2024-06-21T03:12:36.008+0000] {dag.py:3096} INFO - Sync 1 DAGs
[2024-06-21T03:12:36.022+0000] {logging_mixin.py:188} INFO - [2024-06-21T03:12:36.022+0000] {dag.py:3954} INFO - Setting next_dagrun for latest_only_with_trigger to 2024-06-20 20:00:00+00:00, run_after=2024-06-21 00:00:00+00:00
[2024-06-21T03:12:36.032+0000] {processor.py:183} INFO - Processing /home/airflow/.local/lib/python3.12/site-packages/airflow/example_dags/example_latest_only_with_trigger.py took 0.052 seconds
[2024-06-21T03:13:06.800+0000] {processor.py:161} INFO - Started process (PID=4020) to work on /home/airflow/.local/lib/python3.12/site-packages/airflow/example_dags/example_latest_only_with_trigger.py
[2024-06-21T03:13:06.801+0000] {processor.py:830} INFO - Processing file /home/airflow/.local/lib/python3.12/site-packages/airflow/example_dags/example_latest_only_with_trigger.py for tasks to queue
[2024-06-21T03:13:06.803+0000] {logging_mixin.py:188} INFO - [2024-06-21T03:13:06.803+0000] {dagbag.py:545} INFO - Filling up the DagBag from /home/airflow/.local/lib/python3.12/site-packages/airflow/example_dags/example_latest_only_with_trigger.py
[2024-06-21T03:13:06.808+0000] {processor.py:840} INFO - DAG(s) 'latest_only_with_trigger' retrieved from /home/airflow/.local/lib/python3.12/site-packages/airflow/example_dags/example_latest_only_with_trigger.py
[2024-06-21T03:13:06.826+0000] {logging_mixin.py:188} INFO - [2024-06-21T03:13:06.826+0000] {dag.py:3096} INFO - Sync 1 DAGs
[2024-06-21T03:13:06.839+0000] {logging_mixin.py:188} INFO - [2024-06-21T03:13:06.839+0000] {dag.py:3954} INFO - Setting next_dagrun for latest_only_with_trigger to 2024-06-20 20:00:00+00:00, run_after=2024-06-21 00:00:00+00:00
[2024-06-21T03:13:06.849+0000] {processor.py:183} INFO - Processing /home/airflow/.local/lib/python3.12/site-packages/airflow/example_dags/example_latest_only_with_trigger.py took 0.054 seconds
[2024-06-21T03:13:37.608+0000] {processor.py:161} INFO - Started process (PID=4282) to work on /home/airflow/.local/lib/python3.12/site-packages/airflow/example_dags/example_latest_only_with_trigger.py
[2024-06-21T03:13:37.609+0000] {processor.py:830} INFO - Processing file /home/airflow/.local/lib/python3.12/site-packages/airflow/example_dags/example_latest_only_with_trigger.py for tasks to queue
[2024-06-21T03:13:37.610+0000] {logging_mixin.py:188} INFO - [2024-06-21T03:13:37.610+0000] {dagbag.py:545} INFO - Filling up the DagBag from /home/airflow/.local/lib/python3.12/site-packages/airflow/example_dags/example_latest_only_with_trigger.py
[2024-06-21T03:13:37.615+0000] {processor.py:840} INFO - DAG(s) 'latest_only_with_trigger' retrieved from /home/airflow/.local/lib/python3.12/site-packages/airflow/example_dags/example_latest_only_with_trigger.py
[2024-06-21T03:13:37.630+0000] {logging_mixin.py:188} INFO - [2024-06-21T03:13:37.630+0000] {dag.py:3096} INFO - Sync 1 DAGs
[2024-06-21T03:13:37.644+0000] {logging_mixin.py:188} INFO - [2024-06-21T03:13:37.644+0000] {dag.py:3954} INFO - Setting next_dagrun for latest_only_with_trigger to 2024-06-20 20:00:00+00:00, run_after=2024-06-21 00:00:00+00:00
[2024-06-21T03:13:37.655+0000] {processor.py:183} INFO - Processing /home/airflow/.local/lib/python3.12/site-packages/airflow/example_dags/example_latest_only_with_trigger.py took 0.051 seconds
[2024-06-21T03:14:08.330+0000] {processor.py:161} INFO - Started process (PID=4544) to work on /home/airflow/.local/lib/python3.12/site-packages/airflow/example_dags/example_latest_only_with_trigger.py
[2024-06-21T03:14:08.331+0000] {processor.py:830} INFO - Processing file /home/airflow/.local/lib/python3.12/site-packages/airflow/example_dags/example_latest_only_with_trigger.py for tasks to queue
[2024-06-21T03:14:08.332+0000] {logging_mixin.py:188} INFO - [2024-06-21T03:14:08.332+0000] {dagbag.py:545} INFO - Filling up the DagBag from /home/airflow/.local/lib/python3.12/site-packages/airflow/example_dags/example_latest_only_with_trigger.py
[2024-06-21T03:14:08.337+0000] {processor.py:840} INFO - DAG(s) 'latest_only_with_trigger' retrieved from /home/airflow/.local/lib/python3.12/site-packages/airflow/example_dags/example_latest_only_with_trigger.py
[2024-06-21T03:14:08.350+0000] {logging_mixin.py:188} INFO - [2024-06-21T03:14:08.350+0000] {dag.py:3096} INFO - Sync 1 DAGs
[2024-06-21T03:14:08.361+0000] {logging_mixin.py:188} INFO - [2024-06-21T03:14:08.361+0000] {dag.py:3954} INFO - Setting next_dagrun for latest_only_with_trigger to 2024-06-20 20:00:00+00:00, run_after=2024-06-21 00:00:00+00:00
[2024-06-21T03:14:08.371+0000] {processor.py:183} INFO - Processing /home/airflow/.local/lib/python3.12/site-packages/airflow/example_dags/example_latest_only_with_trigger.py took 0.047 seconds
[2024-06-21T03:14:39.073+0000] {processor.py:161} INFO - Started process (PID=4806) to work on /home/airflow/.local/lib/python3.12/site-packages/airflow/example_dags/example_latest_only_with_trigger.py
[2024-06-21T03:14:39.073+0000] {processor.py:830} INFO - Processing file /home/airflow/.local/lib/python3.12/site-packages/airflow/example_dags/example_latest_only_with_trigger.py for tasks to queue
[2024-06-21T03:14:39.076+0000] {logging_mixin.py:188} INFO - [2024-06-21T03:14:39.076+0000] {dagbag.py:545} INFO - Filling up the DagBag from /home/airflow/.local/lib/python3.12/site-packages/airflow/example_dags/example_latest_only_with_trigger.py
[2024-06-21T03:14:39.082+0000] {processor.py:840} INFO - DAG(s) 'latest_only_with_trigger' retrieved from /home/airflow/.local/lib/python3.12/site-packages/airflow/example_dags/example_latest_only_with_trigger.py
[2024-06-21T03:14:39.096+0000] {logging_mixin.py:188} INFO - [2024-06-21T03:14:39.096+0000] {dag.py:3096} INFO - Sync 1 DAGs
[2024-06-21T03:14:39.109+0000] {logging_mixin.py:188} INFO - [2024-06-21T03:14:39.109+0000] {dag.py:3954} INFO - Setting next_dagrun for latest_only_with_trigger to 2024-06-20 20:00:00+00:00, run_after=2024-06-21 00:00:00+00:00
[2024-06-21T03:14:39.119+0000] {processor.py:183} INFO - Processing /home/airflow/.local/lib/python3.12/site-packages/airflow/example_dags/example_latest_only_with_trigger.py took 0.050 seconds
[2024-06-21T03:15:09.789+0000] {processor.py:161} INFO - Started process (PID=5067) to work on /home/airflow/.local/lib/python3.12/site-packages/airflow/example_dags/example_latest_only_with_trigger.py
[2024-06-21T03:15:09.790+0000] {processor.py:830} INFO - Processing file /home/airflow/.local/lib/python3.12/site-packages/airflow/example_dags/example_latest_only_with_trigger.py for tasks to queue
[2024-06-21T03:15:09.791+0000] {logging_mixin.py:188} INFO - [2024-06-21T03:15:09.791+0000] {dagbag.py:545} INFO - Filling up the DagBag from /home/airflow/.local/lib/python3.12/site-packages/airflow/example_dags/example_latest_only_with_trigger.py
[2024-06-21T03:15:09.796+0000] {processor.py:840} INFO - DAG(s) 'latest_only_with_trigger' retrieved from /home/airflow/.local/lib/python3.12/site-packages/airflow/example_dags/example_latest_only_with_trigger.py
[2024-06-21T03:15:09.811+0000] {logging_mixin.py:188} INFO - [2024-06-21T03:15:09.811+0000] {dag.py:3096} INFO - Sync 1 DAGs
[2024-06-21T03:15:09.825+0000] {logging_mixin.py:188} INFO - [2024-06-21T03:15:09.824+0000] {dag.py:3954} INFO - Setting next_dagrun for latest_only_with_trigger to 2024-06-20 20:00:00+00:00, run_after=2024-06-21 00:00:00+00:00
[2024-06-21T03:15:09.837+0000] {processor.py:183} INFO - Processing /home/airflow/.local/lib/python3.12/site-packages/airflow/example_dags/example_latest_only_with_trigger.py took 0.053 seconds
[2024-06-21T03:15:40.580+0000] {processor.py:161} INFO - Started process (PID=5330) to work on /home/airflow/.local/lib/python3.12/site-packages/airflow/example_dags/example_latest_only_with_trigger.py
[2024-06-21T03:15:40.581+0000] {processor.py:830} INFO - Processing file /home/airflow/.local/lib/python3.12/site-packages/airflow/example_dags/example_latest_only_with_trigger.py for tasks to queue
[2024-06-21T03:15:40.582+0000] {logging_mixin.py:188} INFO - [2024-06-21T03:15:40.582+0000] {dagbag.py:545} INFO - Filling up the DagBag from /home/airflow/.local/lib/python3.12/site-packages/airflow/example_dags/example_latest_only_with_trigger.py
[2024-06-21T03:15:40.586+0000] {processor.py:840} INFO - DAG(s) 'latest_only_with_trigger' retrieved from /home/airflow/.local/lib/python3.12/site-packages/airflow/example_dags/example_latest_only_with_trigger.py
[2024-06-21T03:15:40.601+0000] {logging_mixin.py:188} INFO - [2024-06-21T03:15:40.601+0000] {dag.py:3096} INFO - Sync 1 DAGs
[2024-06-21T03:15:40.615+0000] {logging_mixin.py:188} INFO - [2024-06-21T03:15:40.614+0000] {dag.py:3954} INFO - Setting next_dagrun for latest_only_with_trigger to 2024-06-20 20:00:00+00:00, run_after=2024-06-21 00:00:00+00:00
[2024-06-21T03:15:40.625+0000] {processor.py:183} INFO - Processing /home/airflow/.local/lib/python3.12/site-packages/airflow/example_dags/example_latest_only_with_trigger.py took 0.050 seconds
[2024-06-21T03:16:10.685+0000] {processor.py:161} INFO - Started process (PID=5592) to work on /home/airflow/.local/lib/python3.12/site-packages/airflow/example_dags/example_latest_only_with_trigger.py
[2024-06-21T03:16:10.686+0000] {processor.py:830} INFO - Processing file /home/airflow/.local/lib/python3.12/site-packages/airflow/example_dags/example_latest_only_with_trigger.py for tasks to queue
[2024-06-21T03:16:10.688+0000] {logging_mixin.py:188} INFO - [2024-06-21T03:16:10.688+0000] {dagbag.py:545} INFO - Filling up the DagBag from /home/airflow/.local/lib/python3.12/site-packages/airflow/example_dags/example_latest_only_with_trigger.py
[2024-06-21T03:16:10.695+0000] {processor.py:840} INFO - DAG(s) 'latest_only_with_trigger' retrieved from /home/airflow/.local/lib/python3.12/site-packages/airflow/example_dags/example_latest_only_with_trigger.py
[2024-06-21T03:16:10.715+0000] {logging_mixin.py:188} INFO - [2024-06-21T03:16:10.715+0000] {dag.py:3096} INFO - Sync 1 DAGs
[2024-06-21T03:16:10.728+0000] {logging_mixin.py:188} INFO - [2024-06-21T03:16:10.727+0000] {dag.py:3954} INFO - Setting next_dagrun for latest_only_with_trigger to 2024-06-20 20:00:00+00:00, run_after=2024-06-21 00:00:00+00:00
[2024-06-21T03:16:10.738+0000] {processor.py:183} INFO - Processing /home/airflow/.local/lib/python3.12/site-packages/airflow/example_dags/example_latest_only_with_trigger.py took 0.059 seconds
[2024-06-21T03:16:41.510+0000] {processor.py:161} INFO - Started process (PID=5854) to work on /home/airflow/.local/lib/python3.12/site-packages/airflow/example_dags/example_latest_only_with_trigger.py
[2024-06-21T03:16:41.511+0000] {processor.py:830} INFO - Processing file /home/airflow/.local/lib/python3.12/site-packages/airflow/example_dags/example_latest_only_with_trigger.py for tasks to queue
[2024-06-21T03:16:41.515+0000] {logging_mixin.py:188} INFO - [2024-06-21T03:16:41.515+0000] {dagbag.py:545} INFO - Filling up the DagBag from /home/airflow/.local/lib/python3.12/site-packages/airflow/example_dags/example_latest_only_with_trigger.py
[2024-06-21T03:16:41.521+0000] {processor.py:840} INFO - DAG(s) 'latest_only_with_trigger' retrieved from /home/airflow/.local/lib/python3.12/site-packages/airflow/example_dags/example_latest_only_with_trigger.py
[2024-06-21T03:16:41.534+0000] {logging_mixin.py:188} INFO - [2024-06-21T03:16:41.534+0000] {dag.py:3096} INFO - Sync 1 DAGs
[2024-06-21T03:16:41.546+0000] {logging_mixin.py:188} INFO - [2024-06-21T03:16:41.545+0000] {dag.py:3954} INFO - Setting next_dagrun for latest_only_with_trigger to 2024-06-20 20:00:00+00:00, run_after=2024-06-21 00:00:00+00:00
[2024-06-21T03:16:41.557+0000] {processor.py:183} INFO - Processing /home/airflow/.local/lib/python3.12/site-packages/airflow/example_dags/example_latest_only_with_trigger.py took 0.053 seconds
[2024-06-21T03:17:12.370+0000] {processor.py:161} INFO - Started process (PID=6116) to work on /home/airflow/.local/lib/python3.12/site-packages/airflow/example_dags/example_latest_only_with_trigger.py
[2024-06-21T03:17:12.371+0000] {processor.py:830} INFO - Processing file /home/airflow/.local/lib/python3.12/site-packages/airflow/example_dags/example_latest_only_with_trigger.py for tasks to queue
[2024-06-21T03:17:12.373+0000] {logging_mixin.py:188} INFO - [2024-06-21T03:17:12.372+0000] {dagbag.py:545} INFO - Filling up the DagBag from /home/airflow/.local/lib/python3.12/site-packages/airflow/example_dags/example_latest_only_with_trigger.py
[2024-06-21T03:17:12.377+0000] {processor.py:840} INFO - DAG(s) 'latest_only_with_trigger' retrieved from /home/airflow/.local/lib/python3.12/site-packages/airflow/example_dags/example_latest_only_with_trigger.py
[2024-06-21T03:17:12.392+0000] {logging_mixin.py:188} INFO - [2024-06-21T03:17:12.392+0000] {dag.py:3096} INFO - Sync 1 DAGs
[2024-06-21T03:17:12.405+0000] {logging_mixin.py:188} INFO - [2024-06-21T03:17:12.405+0000] {dag.py:3954} INFO - Setting next_dagrun for latest_only_with_trigger to 2024-06-20 20:00:00+00:00, run_after=2024-06-21 00:00:00+00:00
[2024-06-21T03:17:12.415+0000] {processor.py:183} INFO - Processing /home/airflow/.local/lib/python3.12/site-packages/airflow/example_dags/example_latest_only_with_trigger.py took 0.050 seconds
[2024-06-21T03:17:42.579+0000] {processor.py:161} INFO - Started process (PID=6378) to work on /home/airflow/.local/lib/python3.12/site-packages/airflow/example_dags/example_latest_only_with_trigger.py
[2024-06-21T03:17:42.580+0000] {processor.py:830} INFO - Processing file /home/airflow/.local/lib/python3.12/site-packages/airflow/example_dags/example_latest_only_with_trigger.py for tasks to queue
[2024-06-21T03:17:42.582+0000] {logging_mixin.py:188} INFO - [2024-06-21T03:17:42.582+0000] {dagbag.py:545} INFO - Filling up the DagBag from /home/airflow/.local/lib/python3.12/site-packages/airflow/example_dags/example_latest_only_with_trigger.py
[2024-06-21T03:17:42.586+0000] {processor.py:840} INFO - DAG(s) 'latest_only_with_trigger' retrieved from /home/airflow/.local/lib/python3.12/site-packages/airflow/example_dags/example_latest_only_with_trigger.py
[2024-06-21T03:17:42.600+0000] {logging_mixin.py:188} INFO - [2024-06-21T03:17:42.600+0000] {dag.py:3096} INFO - Sync 1 DAGs
[2024-06-21T03:17:42.613+0000] {logging_mixin.py:188} INFO - [2024-06-21T03:17:42.613+0000] {dag.py:3954} INFO - Setting next_dagrun for latest_only_with_trigger to 2024-06-20 20:00:00+00:00, run_after=2024-06-21 00:00:00+00:00
[2024-06-21T03:17:42.623+0000] {processor.py:183} INFO - Processing /home/airflow/.local/lib/python3.12/site-packages/airflow/example_dags/example_latest_only_with_trigger.py took 0.051 seconds
[2024-06-21T03:18:12.701+0000] {processor.py:161} INFO - Started process (PID=6640) to work on /home/airflow/.local/lib/python3.12/site-packages/airflow/example_dags/example_latest_only_with_trigger.py
[2024-06-21T03:18:12.702+0000] {processor.py:830} INFO - Processing file /home/airflow/.local/lib/python3.12/site-packages/airflow/example_dags/example_latest_only_with_trigger.py for tasks to queue
[2024-06-21T03:18:12.704+0000] {logging_mixin.py:188} INFO - [2024-06-21T03:18:12.704+0000] {dagbag.py:545} INFO - Filling up the DagBag from /home/airflow/.local/lib/python3.12/site-packages/airflow/example_dags/example_latest_only_with_trigger.py
[2024-06-21T03:18:12.710+0000] {processor.py:840} INFO - DAG(s) 'latest_only_with_trigger' retrieved from /home/airflow/.local/lib/python3.12/site-packages/airflow/example_dags/example_latest_only_with_trigger.py
[2024-06-21T03:18:12.730+0000] {logging_mixin.py:188} INFO - [2024-06-21T03:18:12.730+0000] {dag.py:3096} INFO - Sync 1 DAGs
[2024-06-21T03:18:12.742+0000] {logging_mixin.py:188} INFO - [2024-06-21T03:18:12.742+0000] {dag.py:3954} INFO - Setting next_dagrun for latest_only_with_trigger to 2024-06-20 20:00:00+00:00, run_after=2024-06-21 00:00:00+00:00
[2024-06-21T03:18:12.752+0000] {processor.py:183} INFO - Processing /home/airflow/.local/lib/python3.12/site-packages/airflow/example_dags/example_latest_only_with_trigger.py took 0.058 seconds
[2024-06-21T03:18:42.806+0000] {processor.py:161} INFO - Started process (PID=6902) to work on /home/airflow/.local/lib/python3.12/site-packages/airflow/example_dags/example_latest_only_with_trigger.py
[2024-06-21T03:18:42.807+0000] {processor.py:830} INFO - Processing file /home/airflow/.local/lib/python3.12/site-packages/airflow/example_dags/example_latest_only_with_trigger.py for tasks to queue
[2024-06-21T03:18:42.809+0000] {logging_mixin.py:188} INFO - [2024-06-21T03:18:42.809+0000] {dagbag.py:545} INFO - Filling up the DagBag from /home/airflow/.local/lib/python3.12/site-packages/airflow/example_dags/example_latest_only_with_trigger.py
[2024-06-21T03:18:42.815+0000] {processor.py:840} INFO - DAG(s) 'latest_only_with_trigger' retrieved from /home/airflow/.local/lib/python3.12/site-packages/airflow/example_dags/example_latest_only_with_trigger.py
[2024-06-21T03:18:42.829+0000] {logging_mixin.py:188} INFO - [2024-06-21T03:18:42.829+0000] {dag.py:3096} INFO - Sync 1 DAGs
[2024-06-21T03:18:42.842+0000] {logging_mixin.py:188} INFO - [2024-06-21T03:18:42.842+0000] {dag.py:3954} INFO - Setting next_dagrun for latest_only_with_trigger to 2024-06-20 20:00:00+00:00, run_after=2024-06-21 00:00:00+00:00
[2024-06-21T03:18:42.852+0000] {processor.py:183} INFO - Processing /home/airflow/.local/lib/python3.12/site-packages/airflow/example_dags/example_latest_only_with_trigger.py took 0.052 seconds
[2024-06-21T03:19:13.659+0000] {processor.py:161} INFO - Started process (PID=7163) to work on /home/airflow/.local/lib/python3.12/site-packages/airflow/example_dags/example_latest_only_with_trigger.py
[2024-06-21T03:19:13.660+0000] {processor.py:830} INFO - Processing file /home/airflow/.local/lib/python3.12/site-packages/airflow/example_dags/example_latest_only_with_trigger.py for tasks to queue
[2024-06-21T03:19:13.661+0000] {logging_mixin.py:188} INFO - [2024-06-21T03:19:13.661+0000] {dagbag.py:545} INFO - Filling up the DagBag from /home/airflow/.local/lib/python3.12/site-packages/airflow/example_dags/example_latest_only_with_trigger.py
[2024-06-21T03:19:13.667+0000] {processor.py:840} INFO - DAG(s) 'latest_only_with_trigger' retrieved from /home/airflow/.local/lib/python3.12/site-packages/airflow/example_dags/example_latest_only_with_trigger.py
[2024-06-21T03:19:13.684+0000] {logging_mixin.py:188} INFO - [2024-06-21T03:19:13.684+0000] {dag.py:3096} INFO - Sync 1 DAGs
[2024-06-21T03:19:13.695+0000] {logging_mixin.py:188} INFO - [2024-06-21T03:19:13.695+0000] {dag.py:3954} INFO - Setting next_dagrun for latest_only_with_trigger to 2024-06-20 20:00:00+00:00, run_after=2024-06-21 00:00:00+00:00
[2024-06-21T03:19:13.705+0000] {processor.py:183} INFO - Processing /home/airflow/.local/lib/python3.12/site-packages/airflow/example_dags/example_latest_only_with_trigger.py took 0.050 seconds
[2024-06-21T03:19:43.835+0000] {processor.py:161} INFO - Started process (PID=7424) to work on /home/airflow/.local/lib/python3.12/site-packages/airflow/example_dags/example_latest_only_with_trigger.py
[2024-06-21T03:19:43.836+0000] {processor.py:830} INFO - Processing file /home/airflow/.local/lib/python3.12/site-packages/airflow/example_dags/example_latest_only_with_trigger.py for tasks to queue
[2024-06-21T03:19:43.837+0000] {logging_mixin.py:188} INFO - [2024-06-21T03:19:43.837+0000] {dagbag.py:545} INFO - Filling up the DagBag from /home/airflow/.local/lib/python3.12/site-packages/airflow/example_dags/example_latest_only_with_trigger.py
[2024-06-21T03:19:43.841+0000] {processor.py:840} INFO - DAG(s) 'latest_only_with_trigger' retrieved from /home/airflow/.local/lib/python3.12/site-packages/airflow/example_dags/example_latest_only_with_trigger.py
[2024-06-21T03:19:43.855+0000] {logging_mixin.py:188} INFO - [2024-06-21T03:19:43.855+0000] {dag.py:3096} INFO - Sync 1 DAGs
[2024-06-21T03:19:43.869+0000] {logging_mixin.py:188} INFO - [2024-06-21T03:19:43.868+0000] {dag.py:3954} INFO - Setting next_dagrun for latest_only_with_trigger to 2024-06-20 20:00:00+00:00, run_after=2024-06-21 00:00:00+00:00
[2024-06-21T03:19:43.879+0000] {processor.py:183} INFO - Processing /home/airflow/.local/lib/python3.12/site-packages/airflow/example_dags/example_latest_only_with_trigger.py took 0.048 seconds
[2024-06-21T03:20:13.928+0000] {processor.py:161} INFO - Started process (PID=7687) to work on /home/airflow/.local/lib/python3.12/site-packages/airflow/example_dags/example_latest_only_with_trigger.py
[2024-06-21T03:20:13.929+0000] {processor.py:830} INFO - Processing file /home/airflow/.local/lib/python3.12/site-packages/airflow/example_dags/example_latest_only_with_trigger.py for tasks to queue
[2024-06-21T03:20:13.930+0000] {logging_mixin.py:188} INFO - [2024-06-21T03:20:13.930+0000] {dagbag.py:545} INFO - Filling up the DagBag from /home/airflow/.local/lib/python3.12/site-packages/airflow/example_dags/example_latest_only_with_trigger.py
[2024-06-21T03:20:13.936+0000] {processor.py:840} INFO - DAG(s) 'latest_only_with_trigger' retrieved from /home/airflow/.local/lib/python3.12/site-packages/airflow/example_dags/example_latest_only_with_trigger.py
[2024-06-21T03:20:13.950+0000] {logging_mixin.py:188} INFO - [2024-06-21T03:20:13.950+0000] {dag.py:3096} INFO - Sync 1 DAGs
[2024-06-21T03:20:13.962+0000] {logging_mixin.py:188} INFO - [2024-06-21T03:20:13.962+0000] {dag.py:3954} INFO - Setting next_dagrun for latest_only_with_trigger to 2024-06-20 20:00:00+00:00, run_after=2024-06-21 00:00:00+00:00
[2024-06-21T03:20:13.972+0000] {processor.py:183} INFO - Processing /home/airflow/.local/lib/python3.12/site-packages/airflow/example_dags/example_latest_only_with_trigger.py took 0.049 seconds
