[2024-06-21T03:05:56.743+0000] {processor.py:161} INFO - Started process (PID=355) to work on /home/airflow/.local/lib/python3.12/site-packages/airflow/example_dags/tutorial_dag.py
[2024-06-21T03:05:56.744+0000] {processor.py:830} INFO - Processing file /home/airflow/.local/lib/python3.12/site-packages/airflow/example_dags/tutorial_dag.py for tasks to queue
[2024-06-21T03:05:56.745+0000] {logging_mixin.py:188} INFO - [2024-06-21T03:05:56.745+0000] {dagbag.py:545} INFO - Filling up the DagBag from /home/airflow/.local/lib/python3.12/site-packages/airflow/example_dags/tutorial_dag.py
[2024-06-21T03:05:56.749+0000] {processor.py:840} INFO - DAG(s) 'tutorial_dag' retrieved from /home/airflow/.local/lib/python3.12/site-packages/airflow/example_dags/tutorial_dag.py
[2024-06-21T03:05:56.756+0000] {logging_mixin.py:188} INFO - [2024-06-21T03:05:56.756+0000] {dag.py:3096} INFO - Sync 1 DAGs
[2024-06-21T03:05:56.762+0000] {logging_mixin.py:188} INFO - [2024-06-21T03:05:56.762+0000] {dag.py:3954} INFO - Setting next_dagrun for tutorial_dag to None, run_after=None
[2024-06-21T03:05:56.771+0000] {processor.py:183} INFO - Processing /home/airflow/.local/lib/python3.12/site-packages/airflow/example_dags/tutorial_dag.py took 0.030 seconds
[2024-06-21T03:06:28.108+0000] {processor.py:161} INFO - Started process (PID=615) to work on /home/airflow/.local/lib/python3.12/site-packages/airflow/example_dags/tutorial_dag.py
[2024-06-21T03:06:28.108+0000] {processor.py:830} INFO - Processing file /home/airflow/.local/lib/python3.12/site-packages/airflow/example_dags/tutorial_dag.py for tasks to queue
[2024-06-21T03:06:28.109+0000] {logging_mixin.py:188} INFO - [2024-06-21T03:06:28.109+0000] {dagbag.py:545} INFO - Filling up the DagBag from /home/airflow/.local/lib/python3.12/site-packages/airflow/example_dags/tutorial_dag.py
[2024-06-21T03:06:28.112+0000] {processor.py:840} INFO - DAG(s) 'tutorial_dag' retrieved from /home/airflow/.local/lib/python3.12/site-packages/airflow/example_dags/tutorial_dag.py
[2024-06-21T03:06:28.157+0000] {logging_mixin.py:188} INFO - [2024-06-21T03:06:28.157+0000] {dag.py:3096} INFO - Sync 1 DAGs
[2024-06-21T03:06:28.162+0000] {logging_mixin.py:188} INFO - [2024-06-21T03:06:28.162+0000] {dag.py:3954} INFO - Setting next_dagrun for tutorial_dag to None, run_after=None
[2024-06-21T03:06:28.174+0000] {processor.py:183} INFO - Processing /home/airflow/.local/lib/python3.12/site-packages/airflow/example_dags/tutorial_dag.py took 0.069 seconds
[2024-06-21T03:06:58.947+0000] {processor.py:161} INFO - Started process (PID=877) to work on /home/airflow/.local/lib/python3.12/site-packages/airflow/example_dags/tutorial_dag.py
[2024-06-21T03:06:58.948+0000] {processor.py:830} INFO - Processing file /home/airflow/.local/lib/python3.12/site-packages/airflow/example_dags/tutorial_dag.py for tasks to queue
[2024-06-21T03:06:58.949+0000] {logging_mixin.py:188} INFO - [2024-06-21T03:06:58.949+0000] {dagbag.py:545} INFO - Filling up the DagBag from /home/airflow/.local/lib/python3.12/site-packages/airflow/example_dags/tutorial_dag.py
[2024-06-21T03:06:58.952+0000] {processor.py:840} INFO - DAG(s) 'tutorial_dag' retrieved from /home/airflow/.local/lib/python3.12/site-packages/airflow/example_dags/tutorial_dag.py
[2024-06-21T03:06:58.963+0000] {logging_mixin.py:188} INFO - [2024-06-21T03:06:58.963+0000] {dag.py:3096} INFO - Sync 1 DAGs
[2024-06-21T03:06:58.970+0000] {logging_mixin.py:188} INFO - [2024-06-21T03:06:58.970+0000] {dag.py:3954} INFO - Setting next_dagrun for tutorial_dag to None, run_after=None
[2024-06-21T03:06:58.980+0000] {processor.py:183} INFO - Processing /home/airflow/.local/lib/python3.12/site-packages/airflow/example_dags/tutorial_dag.py took 0.036 seconds
[2024-06-21T03:07:29.590+0000] {processor.py:161} INFO - Started process (PID=1139) to work on /home/airflow/.local/lib/python3.12/site-packages/airflow/example_dags/tutorial_dag.py
[2024-06-21T03:07:29.591+0000] {processor.py:830} INFO - Processing file /home/airflow/.local/lib/python3.12/site-packages/airflow/example_dags/tutorial_dag.py for tasks to queue
[2024-06-21T03:07:29.592+0000] {logging_mixin.py:188} INFO - [2024-06-21T03:07:29.591+0000] {dagbag.py:545} INFO - Filling up the DagBag from /home/airflow/.local/lib/python3.12/site-packages/airflow/example_dags/tutorial_dag.py
[2024-06-21T03:07:29.595+0000] {processor.py:840} INFO - DAG(s) 'tutorial_dag' retrieved from /home/airflow/.local/lib/python3.12/site-packages/airflow/example_dags/tutorial_dag.py
[2024-06-21T03:07:29.606+0000] {logging_mixin.py:188} INFO - [2024-06-21T03:07:29.606+0000] {dag.py:3096} INFO - Sync 1 DAGs
[2024-06-21T03:07:29.612+0000] {logging_mixin.py:188} INFO - [2024-06-21T03:07:29.612+0000] {dag.py:3954} INFO - Setting next_dagrun for tutorial_dag to None, run_after=None
[2024-06-21T03:07:29.622+0000] {processor.py:183} INFO - Processing /home/airflow/.local/lib/python3.12/site-packages/airflow/example_dags/tutorial_dag.py took 0.035 seconds
[2024-06-21T03:08:00.305+0000] {processor.py:161} INFO - Started process (PID=1426) to work on /home/airflow/.local/lib/python3.12/site-packages/airflow/example_dags/tutorial_dag.py
[2024-06-21T03:08:00.306+0000] {processor.py:830} INFO - Processing file /home/airflow/.local/lib/python3.12/site-packages/airflow/example_dags/tutorial_dag.py for tasks to queue
[2024-06-21T03:08:00.307+0000] {logging_mixin.py:188} INFO - [2024-06-21T03:08:00.306+0000] {dagbag.py:545} INFO - Filling up the DagBag from /home/airflow/.local/lib/python3.12/site-packages/airflow/example_dags/tutorial_dag.py
[2024-06-21T03:08:00.309+0000] {processor.py:840} INFO - DAG(s) 'tutorial_dag' retrieved from /home/airflow/.local/lib/python3.12/site-packages/airflow/example_dags/tutorial_dag.py
[2024-06-21T03:08:00.319+0000] {logging_mixin.py:188} INFO - [2024-06-21T03:08:00.319+0000] {dag.py:3096} INFO - Sync 1 DAGs
[2024-06-21T03:08:00.325+0000] {logging_mixin.py:188} INFO - [2024-06-21T03:08:00.325+0000] {dag.py:3954} INFO - Setting next_dagrun for tutorial_dag to None, run_after=None
[2024-06-21T03:08:00.333+0000] {processor.py:183} INFO - Processing /home/airflow/.local/lib/python3.12/site-packages/airflow/example_dags/tutorial_dag.py took 0.031 seconds
[2024-06-21T03:08:30.977+0000] {processor.py:161} INFO - Started process (PID=1714) to work on /home/airflow/.local/lib/python3.12/site-packages/airflow/example_dags/tutorial_dag.py
[2024-06-21T03:08:30.977+0000] {processor.py:830} INFO - Processing file /home/airflow/.local/lib/python3.12/site-packages/airflow/example_dags/tutorial_dag.py for tasks to queue
[2024-06-21T03:08:30.978+0000] {logging_mixin.py:188} INFO - [2024-06-21T03:08:30.978+0000] {dagbag.py:545} INFO - Filling up the DagBag from /home/airflow/.local/lib/python3.12/site-packages/airflow/example_dags/tutorial_dag.py
[2024-06-21T03:08:30.981+0000] {processor.py:840} INFO - DAG(s) 'tutorial_dag' retrieved from /home/airflow/.local/lib/python3.12/site-packages/airflow/example_dags/tutorial_dag.py
[2024-06-21T03:08:30.992+0000] {logging_mixin.py:188} INFO - [2024-06-21T03:08:30.991+0000] {dag.py:3096} INFO - Sync 1 DAGs
[2024-06-21T03:08:30.998+0000] {logging_mixin.py:188} INFO - [2024-06-21T03:08:30.998+0000] {dag.py:3954} INFO - Setting next_dagrun for tutorial_dag to None, run_after=None
[2024-06-21T03:08:31.007+0000] {processor.py:183} INFO - Processing /home/airflow/.local/lib/python3.12/site-packages/airflow/example_dags/tutorial_dag.py took 0.034 seconds
[2024-06-21T03:09:01.664+0000] {processor.py:161} INFO - Started process (PID=1974) to work on /home/airflow/.local/lib/python3.12/site-packages/airflow/example_dags/tutorial_dag.py
[2024-06-21T03:09:01.664+0000] {processor.py:830} INFO - Processing file /home/airflow/.local/lib/python3.12/site-packages/airflow/example_dags/tutorial_dag.py for tasks to queue
[2024-06-21T03:09:01.665+0000] {logging_mixin.py:188} INFO - [2024-06-21T03:09:01.665+0000] {dagbag.py:545} INFO - Filling up the DagBag from /home/airflow/.local/lib/python3.12/site-packages/airflow/example_dags/tutorial_dag.py
[2024-06-21T03:09:01.668+0000] {processor.py:840} INFO - DAG(s) 'tutorial_dag' retrieved from /home/airflow/.local/lib/python3.12/site-packages/airflow/example_dags/tutorial_dag.py
[2024-06-21T03:09:01.677+0000] {logging_mixin.py:188} INFO - [2024-06-21T03:09:01.677+0000] {dag.py:3096} INFO - Sync 1 DAGs
[2024-06-21T03:09:01.684+0000] {logging_mixin.py:188} INFO - [2024-06-21T03:09:01.683+0000] {dag.py:3954} INFO - Setting next_dagrun for tutorial_dag to None, run_after=None
[2024-06-21T03:09:01.692+0000] {processor.py:183} INFO - Processing /home/airflow/.local/lib/python3.12/site-packages/airflow/example_dags/tutorial_dag.py took 0.031 seconds
[2024-06-21T03:09:32.314+0000] {processor.py:161} INFO - Started process (PID=2236) to work on /home/airflow/.local/lib/python3.12/site-packages/airflow/example_dags/tutorial_dag.py
[2024-06-21T03:09:32.314+0000] {processor.py:830} INFO - Processing file /home/airflow/.local/lib/python3.12/site-packages/airflow/example_dags/tutorial_dag.py for tasks to queue
[2024-06-21T03:09:32.315+0000] {logging_mixin.py:188} INFO - [2024-06-21T03:09:32.315+0000] {dagbag.py:545} INFO - Filling up the DagBag from /home/airflow/.local/lib/python3.12/site-packages/airflow/example_dags/tutorial_dag.py
[2024-06-21T03:09:32.318+0000] {processor.py:840} INFO - DAG(s) 'tutorial_dag' retrieved from /home/airflow/.local/lib/python3.12/site-packages/airflow/example_dags/tutorial_dag.py
[2024-06-21T03:09:32.328+0000] {logging_mixin.py:188} INFO - [2024-06-21T03:09:32.328+0000] {dag.py:3096} INFO - Sync 1 DAGs
[2024-06-21T03:09:32.335+0000] {logging_mixin.py:188} INFO - [2024-06-21T03:09:32.335+0000] {dag.py:3954} INFO - Setting next_dagrun for tutorial_dag to None, run_after=None
[2024-06-21T03:09:32.345+0000] {processor.py:183} INFO - Processing /home/airflow/.local/lib/python3.12/site-packages/airflow/example_dags/tutorial_dag.py took 0.034 seconds
[2024-06-21T03:10:03.108+0000] {processor.py:161} INFO - Started process (PID=2498) to work on /home/airflow/.local/lib/python3.12/site-packages/airflow/example_dags/tutorial_dag.py
[2024-06-21T03:10:03.108+0000] {processor.py:830} INFO - Processing file /home/airflow/.local/lib/python3.12/site-packages/airflow/example_dags/tutorial_dag.py for tasks to queue
[2024-06-21T03:10:03.109+0000] {logging_mixin.py:188} INFO - [2024-06-21T03:10:03.109+0000] {dagbag.py:545} INFO - Filling up the DagBag from /home/airflow/.local/lib/python3.12/site-packages/airflow/example_dags/tutorial_dag.py
[2024-06-21T03:10:03.112+0000] {processor.py:840} INFO - DAG(s) 'tutorial_dag' retrieved from /home/airflow/.local/lib/python3.12/site-packages/airflow/example_dags/tutorial_dag.py
[2024-06-21T03:10:03.123+0000] {logging_mixin.py:188} INFO - [2024-06-21T03:10:03.123+0000] {dag.py:3096} INFO - Sync 1 DAGs
[2024-06-21T03:10:03.129+0000] {logging_mixin.py:188} INFO - [2024-06-21T03:10:03.129+0000] {dag.py:3954} INFO - Setting next_dagrun for tutorial_dag to None, run_after=None
[2024-06-21T03:10:03.140+0000] {processor.py:183} INFO - Processing /home/airflow/.local/lib/python3.12/site-packages/airflow/example_dags/tutorial_dag.py took 0.035 seconds
[2024-06-21T03:10:33.801+0000] {processor.py:161} INFO - Started process (PID=2760) to work on /home/airflow/.local/lib/python3.12/site-packages/airflow/example_dags/tutorial_dag.py
[2024-06-21T03:10:33.802+0000] {processor.py:830} INFO - Processing file /home/airflow/.local/lib/python3.12/site-packages/airflow/example_dags/tutorial_dag.py for tasks to queue
[2024-06-21T03:10:33.803+0000] {logging_mixin.py:188} INFO - [2024-06-21T03:10:33.802+0000] {dagbag.py:545} INFO - Filling up the DagBag from /home/airflow/.local/lib/python3.12/site-packages/airflow/example_dags/tutorial_dag.py
[2024-06-21T03:10:33.805+0000] {processor.py:840} INFO - DAG(s) 'tutorial_dag' retrieved from /home/airflow/.local/lib/python3.12/site-packages/airflow/example_dags/tutorial_dag.py
[2024-06-21T03:10:33.816+0000] {logging_mixin.py:188} INFO - [2024-06-21T03:10:33.816+0000] {dag.py:3096} INFO - Sync 1 DAGs
[2024-06-21T03:10:33.822+0000] {logging_mixin.py:188} INFO - [2024-06-21T03:10:33.822+0000] {dag.py:3954} INFO - Setting next_dagrun for tutorial_dag to None, run_after=None
[2024-06-21T03:10:33.833+0000] {processor.py:183} INFO - Processing /home/airflow/.local/lib/python3.12/site-packages/airflow/example_dags/tutorial_dag.py took 0.034 seconds
[2024-06-21T03:11:04.649+0000] {processor.py:161} INFO - Started process (PID=3024) to work on /home/airflow/.local/lib/python3.12/site-packages/airflow/example_dags/tutorial_dag.py
[2024-06-21T03:11:04.649+0000] {processor.py:830} INFO - Processing file /home/airflow/.local/lib/python3.12/site-packages/airflow/example_dags/tutorial_dag.py for tasks to queue
[2024-06-21T03:11:04.650+0000] {logging_mixin.py:188} INFO - [2024-06-21T03:11:04.650+0000] {dagbag.py:545} INFO - Filling up the DagBag from /home/airflow/.local/lib/python3.12/site-packages/airflow/example_dags/tutorial_dag.py
[2024-06-21T03:11:04.653+0000] {processor.py:840} INFO - DAG(s) 'tutorial_dag' retrieved from /home/airflow/.local/lib/python3.12/site-packages/airflow/example_dags/tutorial_dag.py
[2024-06-21T03:11:04.664+0000] {logging_mixin.py:188} INFO - [2024-06-21T03:11:04.664+0000] {dag.py:3096} INFO - Sync 1 DAGs
[2024-06-21T03:11:04.671+0000] {logging_mixin.py:188} INFO - [2024-06-21T03:11:04.671+0000] {dag.py:3954} INFO - Setting next_dagrun for tutorial_dag to None, run_after=None
[2024-06-21T03:11:04.681+0000] {processor.py:183} INFO - Processing /home/airflow/.local/lib/python3.12/site-packages/airflow/example_dags/tutorial_dag.py took 0.035 seconds
[2024-06-21T03:11:35.333+0000] {processor.py:161} INFO - Started process (PID=3284) to work on /home/airflow/.local/lib/python3.12/site-packages/airflow/example_dags/tutorial_dag.py
[2024-06-21T03:11:35.333+0000] {processor.py:830} INFO - Processing file /home/airflow/.local/lib/python3.12/site-packages/airflow/example_dags/tutorial_dag.py for tasks to queue
[2024-06-21T03:11:35.334+0000] {logging_mixin.py:188} INFO - [2024-06-21T03:11:35.334+0000] {dagbag.py:545} INFO - Filling up the DagBag from /home/airflow/.local/lib/python3.12/site-packages/airflow/example_dags/tutorial_dag.py
[2024-06-21T03:11:35.337+0000] {processor.py:840} INFO - DAG(s) 'tutorial_dag' retrieved from /home/airflow/.local/lib/python3.12/site-packages/airflow/example_dags/tutorial_dag.py
[2024-06-21T03:11:35.348+0000] {logging_mixin.py:188} INFO - [2024-06-21T03:11:35.348+0000] {dag.py:3096} INFO - Sync 1 DAGs
[2024-06-21T03:11:35.355+0000] {logging_mixin.py:188} INFO - [2024-06-21T03:11:35.355+0000] {dag.py:3954} INFO - Setting next_dagrun for tutorial_dag to None, run_after=None
[2024-06-21T03:11:35.364+0000] {processor.py:183} INFO - Processing /home/airflow/.local/lib/python3.12/site-packages/airflow/example_dags/tutorial_dag.py took 0.034 seconds
[2024-06-21T03:12:05.513+0000] {processor.py:161} INFO - Started process (PID=3548) to work on /home/airflow/.local/lib/python3.12/site-packages/airflow/example_dags/tutorial_dag.py
[2024-06-21T03:12:05.514+0000] {processor.py:830} INFO - Processing file /home/airflow/.local/lib/python3.12/site-packages/airflow/example_dags/tutorial_dag.py for tasks to queue
[2024-06-21T03:12:05.515+0000] {logging_mixin.py:188} INFO - [2024-06-21T03:12:05.515+0000] {dagbag.py:545} INFO - Filling up the DagBag from /home/airflow/.local/lib/python3.12/site-packages/airflow/example_dags/tutorial_dag.py
[2024-06-21T03:12:05.518+0000] {processor.py:840} INFO - DAG(s) 'tutorial_dag' retrieved from /home/airflow/.local/lib/python3.12/site-packages/airflow/example_dags/tutorial_dag.py
[2024-06-21T03:12:05.530+0000] {logging_mixin.py:188} INFO - [2024-06-21T03:12:05.530+0000] {dag.py:3096} INFO - Sync 1 DAGs
[2024-06-21T03:12:05.536+0000] {logging_mixin.py:188} INFO - [2024-06-21T03:12:05.536+0000] {dag.py:3954} INFO - Setting next_dagrun for tutorial_dag to None, run_after=None
[2024-06-21T03:12:05.544+0000] {processor.py:183} INFO - Processing /home/airflow/.local/lib/python3.12/site-packages/airflow/example_dags/tutorial_dag.py took 0.034 seconds
[2024-06-21T03:12:36.262+0000] {processor.py:161} INFO - Started process (PID=3808) to work on /home/airflow/.local/lib/python3.12/site-packages/airflow/example_dags/tutorial_dag.py
[2024-06-21T03:12:36.262+0000] {processor.py:830} INFO - Processing file /home/airflow/.local/lib/python3.12/site-packages/airflow/example_dags/tutorial_dag.py for tasks to queue
[2024-06-21T03:12:36.264+0000] {logging_mixin.py:188} INFO - [2024-06-21T03:12:36.264+0000] {dagbag.py:545} INFO - Filling up the DagBag from /home/airflow/.local/lib/python3.12/site-packages/airflow/example_dags/tutorial_dag.py
[2024-06-21T03:12:36.267+0000] {processor.py:840} INFO - DAG(s) 'tutorial_dag' retrieved from /home/airflow/.local/lib/python3.12/site-packages/airflow/example_dags/tutorial_dag.py
[2024-06-21T03:12:36.277+0000] {logging_mixin.py:188} INFO - [2024-06-21T03:12:36.277+0000] {dag.py:3096} INFO - Sync 1 DAGs
[2024-06-21T03:12:36.283+0000] {logging_mixin.py:188} INFO - [2024-06-21T03:12:36.283+0000] {dag.py:3954} INFO - Setting next_dagrun for tutorial_dag to None, run_after=None
[2024-06-21T03:12:36.293+0000] {processor.py:183} INFO - Processing /home/airflow/.local/lib/python3.12/site-packages/airflow/example_dags/tutorial_dag.py took 0.034 seconds
[2024-06-21T03:13:07.125+0000] {processor.py:161} INFO - Started process (PID=4070) to work on /home/airflow/.local/lib/python3.12/site-packages/airflow/example_dags/tutorial_dag.py
[2024-06-21T03:13:07.125+0000] {processor.py:830} INFO - Processing file /home/airflow/.local/lib/python3.12/site-packages/airflow/example_dags/tutorial_dag.py for tasks to queue
[2024-06-21T03:13:07.126+0000] {logging_mixin.py:188} INFO - [2024-06-21T03:13:07.126+0000] {dagbag.py:545} INFO - Filling up the DagBag from /home/airflow/.local/lib/python3.12/site-packages/airflow/example_dags/tutorial_dag.py
[2024-06-21T03:13:07.129+0000] {processor.py:840} INFO - DAG(s) 'tutorial_dag' retrieved from /home/airflow/.local/lib/python3.12/site-packages/airflow/example_dags/tutorial_dag.py
[2024-06-21T03:13:07.139+0000] {logging_mixin.py:188} INFO - [2024-06-21T03:13:07.139+0000] {dag.py:3096} INFO - Sync 1 DAGs
[2024-06-21T03:13:07.145+0000] {logging_mixin.py:188} INFO - [2024-06-21T03:13:07.145+0000] {dag.py:3954} INFO - Setting next_dagrun for tutorial_dag to None, run_after=None
[2024-06-21T03:13:07.155+0000] {processor.py:183} INFO - Processing /home/airflow/.local/lib/python3.12/site-packages/airflow/example_dags/tutorial_dag.py took 0.034 seconds
[2024-06-21T03:13:37.966+0000] {processor.py:161} INFO - Started process (PID=4334) to work on /home/airflow/.local/lib/python3.12/site-packages/airflow/example_dags/tutorial_dag.py
[2024-06-21T03:13:37.966+0000] {processor.py:830} INFO - Processing file /home/airflow/.local/lib/python3.12/site-packages/airflow/example_dags/tutorial_dag.py for tasks to queue
[2024-06-21T03:13:37.967+0000] {logging_mixin.py:188} INFO - [2024-06-21T03:13:37.967+0000] {dagbag.py:545} INFO - Filling up the DagBag from /home/airflow/.local/lib/python3.12/site-packages/airflow/example_dags/tutorial_dag.py
[2024-06-21T03:13:37.971+0000] {processor.py:840} INFO - DAG(s) 'tutorial_dag' retrieved from /home/airflow/.local/lib/python3.12/site-packages/airflow/example_dags/tutorial_dag.py
[2024-06-21T03:13:37.982+0000] {logging_mixin.py:188} INFO - [2024-06-21T03:13:37.981+0000] {dag.py:3096} INFO - Sync 1 DAGs
[2024-06-21T03:13:37.988+0000] {logging_mixin.py:188} INFO - [2024-06-21T03:13:37.988+0000] {dag.py:3954} INFO - Setting next_dagrun for tutorial_dag to None, run_after=None
[2024-06-21T03:13:37.996+0000] {processor.py:183} INFO - Processing /home/airflow/.local/lib/python3.12/site-packages/airflow/example_dags/tutorial_dag.py took 0.034 seconds
[2024-06-21T03:14:08.685+0000] {processor.py:161} INFO - Started process (PID=4596) to work on /home/airflow/.local/lib/python3.12/site-packages/airflow/example_dags/tutorial_dag.py
[2024-06-21T03:14:08.685+0000] {processor.py:830} INFO - Processing file /home/airflow/.local/lib/python3.12/site-packages/airflow/example_dags/tutorial_dag.py for tasks to queue
[2024-06-21T03:14:08.687+0000] {logging_mixin.py:188} INFO - [2024-06-21T03:14:08.686+0000] {dagbag.py:545} INFO - Filling up the DagBag from /home/airflow/.local/lib/python3.12/site-packages/airflow/example_dags/tutorial_dag.py
[2024-06-21T03:14:08.690+0000] {processor.py:840} INFO - DAG(s) 'tutorial_dag' retrieved from /home/airflow/.local/lib/python3.12/site-packages/airflow/example_dags/tutorial_dag.py
[2024-06-21T03:14:08.702+0000] {logging_mixin.py:188} INFO - [2024-06-21T03:14:08.702+0000] {dag.py:3096} INFO - Sync 1 DAGs
[2024-06-21T03:14:08.709+0000] {logging_mixin.py:188} INFO - [2024-06-21T03:14:08.709+0000] {dag.py:3954} INFO - Setting next_dagrun for tutorial_dag to None, run_after=None
[2024-06-21T03:14:08.720+0000] {processor.py:183} INFO - Processing /home/airflow/.local/lib/python3.12/site-packages/airflow/example_dags/tutorial_dag.py took 0.038 seconds
[2024-06-21T03:14:39.432+0000] {processor.py:161} INFO - Started process (PID=4858) to work on /home/airflow/.local/lib/python3.12/site-packages/airflow/example_dags/tutorial_dag.py
[2024-06-21T03:14:39.432+0000] {processor.py:830} INFO - Processing file /home/airflow/.local/lib/python3.12/site-packages/airflow/example_dags/tutorial_dag.py for tasks to queue
[2024-06-21T03:14:39.434+0000] {logging_mixin.py:188} INFO - [2024-06-21T03:14:39.433+0000] {dagbag.py:545} INFO - Filling up the DagBag from /home/airflow/.local/lib/python3.12/site-packages/airflow/example_dags/tutorial_dag.py
[2024-06-21T03:14:39.437+0000] {processor.py:840} INFO - DAG(s) 'tutorial_dag' retrieved from /home/airflow/.local/lib/python3.12/site-packages/airflow/example_dags/tutorial_dag.py
[2024-06-21T03:14:39.448+0000] {logging_mixin.py:188} INFO - [2024-06-21T03:14:39.448+0000] {dag.py:3096} INFO - Sync 1 DAGs
[2024-06-21T03:14:39.454+0000] {logging_mixin.py:188} INFO - [2024-06-21T03:14:39.454+0000] {dag.py:3954} INFO - Setting next_dagrun for tutorial_dag to None, run_after=None
[2024-06-21T03:14:39.464+0000] {processor.py:183} INFO - Processing /home/airflow/.local/lib/python3.12/site-packages/airflow/example_dags/tutorial_dag.py took 0.035 seconds
[2024-06-21T03:15:10.063+0000] {processor.py:161} INFO - Started process (PID=5118) to work on /home/airflow/.local/lib/python3.12/site-packages/airflow/example_dags/tutorial_dag.py
[2024-06-21T03:15:10.064+0000] {processor.py:830} INFO - Processing file /home/airflow/.local/lib/python3.12/site-packages/airflow/example_dags/tutorial_dag.py for tasks to queue
[2024-06-21T03:15:10.065+0000] {logging_mixin.py:188} INFO - [2024-06-21T03:15:10.065+0000] {dagbag.py:545} INFO - Filling up the DagBag from /home/airflow/.local/lib/python3.12/site-packages/airflow/example_dags/tutorial_dag.py
[2024-06-21T03:15:10.068+0000] {processor.py:840} INFO - DAG(s) 'tutorial_dag' retrieved from /home/airflow/.local/lib/python3.12/site-packages/airflow/example_dags/tutorial_dag.py
[2024-06-21T03:15:10.080+0000] {logging_mixin.py:188} INFO - [2024-06-21T03:15:10.079+0000] {dag.py:3096} INFO - Sync 1 DAGs
[2024-06-21T03:15:10.085+0000] {logging_mixin.py:188} INFO - [2024-06-21T03:15:10.085+0000] {dag.py:3954} INFO - Setting next_dagrun for tutorial_dag to None, run_after=None
[2024-06-21T03:15:10.095+0000] {processor.py:183} INFO - Processing /home/airflow/.local/lib/python3.12/site-packages/airflow/example_dags/tutorial_dag.py took 0.035 seconds
[2024-06-21T03:15:40.936+0000] {processor.py:161} INFO - Started process (PID=5382) to work on /home/airflow/.local/lib/python3.12/site-packages/airflow/example_dags/tutorial_dag.py
[2024-06-21T03:15:40.937+0000] {processor.py:830} INFO - Processing file /home/airflow/.local/lib/python3.12/site-packages/airflow/example_dags/tutorial_dag.py for tasks to queue
[2024-06-21T03:15:40.938+0000] {logging_mixin.py:188} INFO - [2024-06-21T03:15:40.937+0000] {dagbag.py:545} INFO - Filling up the DagBag from /home/airflow/.local/lib/python3.12/site-packages/airflow/example_dags/tutorial_dag.py
[2024-06-21T03:15:40.941+0000] {processor.py:840} INFO - DAG(s) 'tutorial_dag' retrieved from /home/airflow/.local/lib/python3.12/site-packages/airflow/example_dags/tutorial_dag.py
[2024-06-21T03:15:40.952+0000] {logging_mixin.py:188} INFO - [2024-06-21T03:15:40.952+0000] {dag.py:3096} INFO - Sync 1 DAGs
[2024-06-21T03:15:40.958+0000] {logging_mixin.py:188} INFO - [2024-06-21T03:15:40.958+0000] {dag.py:3954} INFO - Setting next_dagrun for tutorial_dag to None, run_after=None
[2024-06-21T03:15:40.968+0000] {processor.py:183} INFO - Processing /home/airflow/.local/lib/python3.12/site-packages/airflow/example_dags/tutorial_dag.py took 0.035 seconds
[2024-06-21T03:16:11.014+0000] {processor.py:161} INFO - Started process (PID=5642) to work on /home/airflow/.local/lib/python3.12/site-packages/airflow/example_dags/tutorial_dag.py
[2024-06-21T03:16:11.014+0000] {processor.py:830} INFO - Processing file /home/airflow/.local/lib/python3.12/site-packages/airflow/example_dags/tutorial_dag.py for tasks to queue
[2024-06-21T03:16:11.016+0000] {logging_mixin.py:188} INFO - [2024-06-21T03:16:11.015+0000] {dagbag.py:545} INFO - Filling up the DagBag from /home/airflow/.local/lib/python3.12/site-packages/airflow/example_dags/tutorial_dag.py
[2024-06-21T03:16:11.019+0000] {processor.py:840} INFO - DAG(s) 'tutorial_dag' retrieved from /home/airflow/.local/lib/python3.12/site-packages/airflow/example_dags/tutorial_dag.py
[2024-06-21T03:16:11.029+0000] {logging_mixin.py:188} INFO - [2024-06-21T03:16:11.029+0000] {dag.py:3096} INFO - Sync 1 DAGs
[2024-06-21T03:16:11.036+0000] {logging_mixin.py:188} INFO - [2024-06-21T03:16:11.036+0000] {dag.py:3954} INFO - Setting next_dagrun for tutorial_dag to None, run_after=None
[2024-06-21T03:16:11.045+0000] {processor.py:183} INFO - Processing /home/airflow/.local/lib/python3.12/site-packages/airflow/example_dags/tutorial_dag.py took 0.036 seconds
[2024-06-21T03:16:41.829+0000] {processor.py:161} INFO - Started process (PID=5904) to work on /home/airflow/.local/lib/python3.12/site-packages/airflow/example_dags/tutorial_dag.py
[2024-06-21T03:16:41.829+0000] {processor.py:830} INFO - Processing file /home/airflow/.local/lib/python3.12/site-packages/airflow/example_dags/tutorial_dag.py for tasks to queue
[2024-06-21T03:16:41.830+0000] {logging_mixin.py:188} INFO - [2024-06-21T03:16:41.830+0000] {dagbag.py:545} INFO - Filling up the DagBag from /home/airflow/.local/lib/python3.12/site-packages/airflow/example_dags/tutorial_dag.py
[2024-06-21T03:16:41.834+0000] {processor.py:840} INFO - DAG(s) 'tutorial_dag' retrieved from /home/airflow/.local/lib/python3.12/site-packages/airflow/example_dags/tutorial_dag.py
[2024-06-21T03:16:41.844+0000] {logging_mixin.py:188} INFO - [2024-06-21T03:16:41.844+0000] {dag.py:3096} INFO - Sync 1 DAGs
[2024-06-21T03:16:41.850+0000] {logging_mixin.py:188} INFO - [2024-06-21T03:16:41.850+0000] {dag.py:3954} INFO - Setting next_dagrun for tutorial_dag to None, run_after=None
[2024-06-21T03:16:41.859+0000] {processor.py:183} INFO - Processing /home/airflow/.local/lib/python3.12/site-packages/airflow/example_dags/tutorial_dag.py took 0.034 seconds
[2024-06-21T03:17:12.726+0000] {processor.py:161} INFO - Started process (PID=6168) to work on /home/airflow/.local/lib/python3.12/site-packages/airflow/example_dags/tutorial_dag.py
[2024-06-21T03:17:12.727+0000] {processor.py:830} INFO - Processing file /home/airflow/.local/lib/python3.12/site-packages/airflow/example_dags/tutorial_dag.py for tasks to queue
[2024-06-21T03:17:12.728+0000] {logging_mixin.py:188} INFO - [2024-06-21T03:17:12.728+0000] {dagbag.py:545} INFO - Filling up the DagBag from /home/airflow/.local/lib/python3.12/site-packages/airflow/example_dags/tutorial_dag.py
[2024-06-21T03:17:12.731+0000] {processor.py:840} INFO - DAG(s) 'tutorial_dag' retrieved from /home/airflow/.local/lib/python3.12/site-packages/airflow/example_dags/tutorial_dag.py
[2024-06-21T03:17:12.742+0000] {logging_mixin.py:188} INFO - [2024-06-21T03:17:12.742+0000] {dag.py:3096} INFO - Sync 1 DAGs
[2024-06-21T03:17:12.749+0000] {logging_mixin.py:188} INFO - [2024-06-21T03:17:12.749+0000] {dag.py:3954} INFO - Setting next_dagrun for tutorial_dag to None, run_after=None
[2024-06-21T03:17:12.758+0000] {processor.py:183} INFO - Processing /home/airflow/.local/lib/python3.12/site-packages/airflow/example_dags/tutorial_dag.py took 0.034 seconds
[2024-06-21T03:17:42.896+0000] {processor.py:161} INFO - Started process (PID=6428) to work on /home/airflow/.local/lib/python3.12/site-packages/airflow/example_dags/tutorial_dag.py
[2024-06-21T03:17:42.897+0000] {processor.py:830} INFO - Processing file /home/airflow/.local/lib/python3.12/site-packages/airflow/example_dags/tutorial_dag.py for tasks to queue
[2024-06-21T03:17:42.898+0000] {logging_mixin.py:188} INFO - [2024-06-21T03:17:42.898+0000] {dagbag.py:545} INFO - Filling up the DagBag from /home/airflow/.local/lib/python3.12/site-packages/airflow/example_dags/tutorial_dag.py
[2024-06-21T03:17:42.901+0000] {processor.py:840} INFO - DAG(s) 'tutorial_dag' retrieved from /home/airflow/.local/lib/python3.12/site-packages/airflow/example_dags/tutorial_dag.py
[2024-06-21T03:17:42.911+0000] {logging_mixin.py:188} INFO - [2024-06-21T03:17:42.910+0000] {dag.py:3096} INFO - Sync 1 DAGs
[2024-06-21T03:17:42.917+0000] {logging_mixin.py:188} INFO - [2024-06-21T03:17:42.916+0000] {dag.py:3954} INFO - Setting next_dagrun for tutorial_dag to None, run_after=None
[2024-06-21T03:17:42.925+0000] {processor.py:183} INFO - Processing /home/airflow/.local/lib/python3.12/site-packages/airflow/example_dags/tutorial_dag.py took 0.032 seconds
[2024-06-21T03:18:13.066+0000] {processor.py:161} INFO - Started process (PID=6692) to work on /home/airflow/.local/lib/python3.12/site-packages/airflow/example_dags/tutorial_dag.py
[2024-06-21T03:18:13.067+0000] {processor.py:830} INFO - Processing file /home/airflow/.local/lib/python3.12/site-packages/airflow/example_dags/tutorial_dag.py for tasks to queue
[2024-06-21T03:18:13.068+0000] {logging_mixin.py:188} INFO - [2024-06-21T03:18:13.068+0000] {dagbag.py:545} INFO - Filling up the DagBag from /home/airflow/.local/lib/python3.12/site-packages/airflow/example_dags/tutorial_dag.py
[2024-06-21T03:18:13.071+0000] {processor.py:840} INFO - DAG(s) 'tutorial_dag' retrieved from /home/airflow/.local/lib/python3.12/site-packages/airflow/example_dags/tutorial_dag.py
[2024-06-21T03:18:13.082+0000] {logging_mixin.py:188} INFO - [2024-06-21T03:18:13.082+0000] {dag.py:3096} INFO - Sync 1 DAGs
[2024-06-21T03:18:13.089+0000] {logging_mixin.py:188} INFO - [2024-06-21T03:18:13.089+0000] {dag.py:3954} INFO - Setting next_dagrun for tutorial_dag to None, run_after=None
[2024-06-21T03:18:13.097+0000] {processor.py:183} INFO - Processing /home/airflow/.local/lib/python3.12/site-packages/airflow/example_dags/tutorial_dag.py took 0.034 seconds
[2024-06-21T03:18:43.170+0000] {processor.py:161} INFO - Started process (PID=6954) to work on /home/airflow/.local/lib/python3.12/site-packages/airflow/example_dags/tutorial_dag.py
[2024-06-21T03:18:43.170+0000] {processor.py:830} INFO - Processing file /home/airflow/.local/lib/python3.12/site-packages/airflow/example_dags/tutorial_dag.py for tasks to queue
[2024-06-21T03:18:43.171+0000] {logging_mixin.py:188} INFO - [2024-06-21T03:18:43.171+0000] {dagbag.py:545} INFO - Filling up the DagBag from /home/airflow/.local/lib/python3.12/site-packages/airflow/example_dags/tutorial_dag.py
[2024-06-21T03:18:43.174+0000] {processor.py:840} INFO - DAG(s) 'tutorial_dag' retrieved from /home/airflow/.local/lib/python3.12/site-packages/airflow/example_dags/tutorial_dag.py
[2024-06-21T03:18:43.186+0000] {logging_mixin.py:188} INFO - [2024-06-21T03:18:43.186+0000] {dag.py:3096} INFO - Sync 1 DAGs
[2024-06-21T03:18:43.192+0000] {logging_mixin.py:188} INFO - [2024-06-21T03:18:43.192+0000] {dag.py:3954} INFO - Setting next_dagrun for tutorial_dag to None, run_after=None
[2024-06-21T03:18:43.201+0000] {processor.py:183} INFO - Processing /home/airflow/.local/lib/python3.12/site-packages/airflow/example_dags/tutorial_dag.py took 0.035 seconds
[2024-06-21T03:19:13.975+0000] {processor.py:161} INFO - Started process (PID=7216) to work on /home/airflow/.local/lib/python3.12/site-packages/airflow/example_dags/tutorial_dag.py
[2024-06-21T03:19:13.975+0000] {processor.py:830} INFO - Processing file /home/airflow/.local/lib/python3.12/site-packages/airflow/example_dags/tutorial_dag.py for tasks to queue
[2024-06-21T03:19:13.976+0000] {logging_mixin.py:188} INFO - [2024-06-21T03:19:13.976+0000] {dagbag.py:545} INFO - Filling up the DagBag from /home/airflow/.local/lib/python3.12/site-packages/airflow/example_dags/tutorial_dag.py
[2024-06-21T03:19:13.980+0000] {processor.py:840} INFO - DAG(s) 'tutorial_dag' retrieved from /home/airflow/.local/lib/python3.12/site-packages/airflow/example_dags/tutorial_dag.py
[2024-06-21T03:19:13.991+0000] {logging_mixin.py:188} INFO - [2024-06-21T03:19:13.991+0000] {dag.py:3096} INFO - Sync 1 DAGs
[2024-06-21T03:19:13.997+0000] {logging_mixin.py:188} INFO - [2024-06-21T03:19:13.997+0000] {dag.py:3954} INFO - Setting next_dagrun for tutorial_dag to None, run_after=None
[2024-06-21T03:19:14.006+0000] {processor.py:183} INFO - Processing /home/airflow/.local/lib/python3.12/site-packages/airflow/example_dags/tutorial_dag.py took 0.035 seconds
[2024-06-21T03:19:44.143+0000] {processor.py:161} INFO - Started process (PID=7475) to work on /home/airflow/.local/lib/python3.12/site-packages/airflow/example_dags/tutorial_dag.py
[2024-06-21T03:19:44.144+0000] {processor.py:830} INFO - Processing file /home/airflow/.local/lib/python3.12/site-packages/airflow/example_dags/tutorial_dag.py for tasks to queue
[2024-06-21T03:19:44.146+0000] {logging_mixin.py:188} INFO - [2024-06-21T03:19:44.145+0000] {dagbag.py:545} INFO - Filling up the DagBag from /home/airflow/.local/lib/python3.12/site-packages/airflow/example_dags/tutorial_dag.py
[2024-06-21T03:19:44.149+0000] {processor.py:840} INFO - DAG(s) 'tutorial_dag' retrieved from /home/airflow/.local/lib/python3.12/site-packages/airflow/example_dags/tutorial_dag.py
[2024-06-21T03:19:44.159+0000] {logging_mixin.py:188} INFO - [2024-06-21T03:19:44.159+0000] {dag.py:3096} INFO - Sync 1 DAGs
[2024-06-21T03:19:44.165+0000] {logging_mixin.py:188} INFO - [2024-06-21T03:19:44.165+0000] {dag.py:3954} INFO - Setting next_dagrun for tutorial_dag to None, run_after=None
[2024-06-21T03:19:44.175+0000] {processor.py:183} INFO - Processing /home/airflow/.local/lib/python3.12/site-packages/airflow/example_dags/tutorial_dag.py took 0.035 seconds
[2024-06-21T03:20:14.290+0000] {processor.py:161} INFO - Started process (PID=7737) to work on /home/airflow/.local/lib/python3.12/site-packages/airflow/example_dags/tutorial_dag.py
[2024-06-21T03:20:14.291+0000] {processor.py:830} INFO - Processing file /home/airflow/.local/lib/python3.12/site-packages/airflow/example_dags/tutorial_dag.py for tasks to queue
[2024-06-21T03:20:14.292+0000] {logging_mixin.py:188} INFO - [2024-06-21T03:20:14.291+0000] {dagbag.py:545} INFO - Filling up the DagBag from /home/airflow/.local/lib/python3.12/site-packages/airflow/example_dags/tutorial_dag.py
[2024-06-21T03:20:14.294+0000] {processor.py:840} INFO - DAG(s) 'tutorial_dag' retrieved from /home/airflow/.local/lib/python3.12/site-packages/airflow/example_dags/tutorial_dag.py
[2024-06-21T03:20:14.306+0000] {logging_mixin.py:188} INFO - [2024-06-21T03:20:14.306+0000] {dag.py:3096} INFO - Sync 1 DAGs
[2024-06-21T03:20:14.312+0000] {logging_mixin.py:188} INFO - [2024-06-21T03:20:14.312+0000] {dag.py:3954} INFO - Setting next_dagrun for tutorial_dag to None, run_after=None
[2024-06-21T03:20:14.322+0000] {processor.py:183} INFO - Processing /home/airflow/.local/lib/python3.12/site-packages/airflow/example_dags/tutorial_dag.py took 0.034 seconds
