[2024-06-21T03:05:56.229+0000] {processor.py:161} INFO - Started process (PID=268) to work on /home/airflow/.local/lib/python3.12/site-packages/airflow/example_dags/tutorial.py
[2024-06-21T03:05:56.230+0000] {processor.py:830} INFO - Processing file /home/airflow/.local/lib/python3.12/site-packages/airflow/example_dags/tutorial.py for tasks to queue
[2024-06-21T03:05:56.231+0000] {logging_mixin.py:188} INFO - [2024-06-21T03:05:56.231+0000] {dagbag.py:545} INFO - Filling up the DagBag from /home/airflow/.local/lib/python3.12/site-packages/airflow/example_dags/tutorial.py
[2024-06-21T03:05:56.235+0000] {processor.py:840} INFO - DAG(s) 'tutorial' retrieved from /home/airflow/.local/lib/python3.12/site-packages/airflow/example_dags/tutorial.py
[2024-06-21T03:05:56.242+0000] {logging_mixin.py:188} INFO - [2024-06-21T03:05:56.242+0000] {dag.py:3096} INFO - Sync 1 DAGs
[2024-06-21T03:05:56.253+0000] {logging_mixin.py:188} INFO - [2024-06-21T03:05:56.253+0000] {dag.py:3954} INFO - Setting next_dagrun for tutorial to 2024-06-20 00:00:00+00:00, run_after=2024-06-21 00:00:00+00:00
[2024-06-21T03:05:56.262+0000] {processor.py:183} INFO - Processing /home/airflow/.local/lib/python3.12/site-packages/airflow/example_dags/tutorial.py took 0.035 seconds
[2024-06-21T03:06:27.218+0000] {processor.py:161} INFO - Started process (PID=532) to work on /home/airflow/.local/lib/python3.12/site-packages/airflow/example_dags/tutorial.py
[2024-06-21T03:06:27.219+0000] {processor.py:830} INFO - Processing file /home/airflow/.local/lib/python3.12/site-packages/airflow/example_dags/tutorial.py for tasks to queue
[2024-06-21T03:06:27.220+0000] {logging_mixin.py:188} INFO - [2024-06-21T03:06:27.220+0000] {dagbag.py:545} INFO - Filling up the DagBag from /home/airflow/.local/lib/python3.12/site-packages/airflow/example_dags/tutorial.py
[2024-06-21T03:06:27.223+0000] {processor.py:840} INFO - DAG(s) 'tutorial' retrieved from /home/airflow/.local/lib/python3.12/site-packages/airflow/example_dags/tutorial.py
[2024-06-21T03:06:27.269+0000] {logging_mixin.py:188} INFO - [2024-06-21T03:06:27.269+0000] {dag.py:3096} INFO - Sync 1 DAGs
[2024-06-21T03:06:27.279+0000] {logging_mixin.py:188} INFO - [2024-06-21T03:06:27.278+0000] {dag.py:3954} INFO - Setting next_dagrun for tutorial to 2024-06-20 00:00:00+00:00, run_after=2024-06-21 00:00:00+00:00
[2024-06-21T03:06:27.288+0000] {processor.py:183} INFO - Processing /home/airflow/.local/lib/python3.12/site-packages/airflow/example_dags/tutorial.py took 0.074 seconds
[2024-06-21T03:06:57.464+0000] {processor.py:161} INFO - Started process (PID=794) to work on /home/airflow/.local/lib/python3.12/site-packages/airflow/example_dags/tutorial.py
[2024-06-21T03:06:57.465+0000] {processor.py:830} INFO - Processing file /home/airflow/.local/lib/python3.12/site-packages/airflow/example_dags/tutorial.py for tasks to queue
[2024-06-21T03:06:57.465+0000] {logging_mixin.py:188} INFO - [2024-06-21T03:06:57.465+0000] {dagbag.py:545} INFO - Filling up the DagBag from /home/airflow/.local/lib/python3.12/site-packages/airflow/example_dags/tutorial.py
[2024-06-21T03:06:57.468+0000] {processor.py:840} INFO - DAG(s) 'tutorial' retrieved from /home/airflow/.local/lib/python3.12/site-packages/airflow/example_dags/tutorial.py
[2024-06-21T03:06:57.478+0000] {logging_mixin.py:188} INFO - [2024-06-21T03:06:57.478+0000] {dag.py:3096} INFO - Sync 1 DAGs
[2024-06-21T03:06:57.487+0000] {logging_mixin.py:188} INFO - [2024-06-21T03:06:57.487+0000] {dag.py:3954} INFO - Setting next_dagrun for tutorial to 2024-06-20 00:00:00+00:00, run_after=2024-06-21 00:00:00+00:00
[2024-06-21T03:06:57.495+0000] {processor.py:183} INFO - Processing /home/airflow/.local/lib/python3.12/site-packages/airflow/example_dags/tutorial.py took 0.033 seconds
[2024-06-21T03:07:28.146+0000] {processor.py:161} INFO - Started process (PID=1055) to work on /home/airflow/.local/lib/python3.12/site-packages/airflow/example_dags/tutorial.py
[2024-06-21T03:07:28.146+0000] {processor.py:830} INFO - Processing file /home/airflow/.local/lib/python3.12/site-packages/airflow/example_dags/tutorial.py for tasks to queue
[2024-06-21T03:07:28.147+0000] {logging_mixin.py:188} INFO - [2024-06-21T03:07:28.147+0000] {dagbag.py:545} INFO - Filling up the DagBag from /home/airflow/.local/lib/python3.12/site-packages/airflow/example_dags/tutorial.py
[2024-06-21T03:07:28.150+0000] {processor.py:840} INFO - DAG(s) 'tutorial' retrieved from /home/airflow/.local/lib/python3.12/site-packages/airflow/example_dags/tutorial.py
[2024-06-21T03:07:28.159+0000] {logging_mixin.py:188} INFO - [2024-06-21T03:07:28.159+0000] {dag.py:3096} INFO - Sync 1 DAGs
[2024-06-21T03:07:28.169+0000] {logging_mixin.py:188} INFO - [2024-06-21T03:07:28.169+0000] {dag.py:3954} INFO - Setting next_dagrun for tutorial to 2024-06-20 00:00:00+00:00, run_after=2024-06-21 00:00:00+00:00
[2024-06-21T03:07:28.177+0000] {processor.py:183} INFO - Processing /home/airflow/.local/lib/python3.12/site-packages/airflow/example_dags/tutorial.py took 0.034 seconds
[2024-06-21T03:07:58.810+0000] {processor.py:161} INFO - Started process (PID=1343) to work on /home/airflow/.local/lib/python3.12/site-packages/airflow/example_dags/tutorial.py
[2024-06-21T03:07:58.811+0000] {processor.py:830} INFO - Processing file /home/airflow/.local/lib/python3.12/site-packages/airflow/example_dags/tutorial.py for tasks to queue
[2024-06-21T03:07:58.812+0000] {logging_mixin.py:188} INFO - [2024-06-21T03:07:58.811+0000] {dagbag.py:545} INFO - Filling up the DagBag from /home/airflow/.local/lib/python3.12/site-packages/airflow/example_dags/tutorial.py
[2024-06-21T03:07:58.815+0000] {processor.py:840} INFO - DAG(s) 'tutorial' retrieved from /home/airflow/.local/lib/python3.12/site-packages/airflow/example_dags/tutorial.py
[2024-06-21T03:07:58.825+0000] {logging_mixin.py:188} INFO - [2024-06-21T03:07:58.825+0000] {dag.py:3096} INFO - Sync 1 DAGs
[2024-06-21T03:07:58.834+0000] {logging_mixin.py:188} INFO - [2024-06-21T03:07:58.834+0000] {dag.py:3954} INFO - Setting next_dagrun for tutorial to 2024-06-20 00:00:00+00:00, run_after=2024-06-21 00:00:00+00:00
[2024-06-21T03:07:58.842+0000] {processor.py:183} INFO - Processing /home/airflow/.local/lib/python3.12/site-packages/airflow/example_dags/tutorial.py took 0.035 seconds
[2024-06-21T03:08:29.449+0000] {processor.py:161} INFO - Started process (PID=1629) to work on /home/airflow/.local/lib/python3.12/site-packages/airflow/example_dags/tutorial.py
[2024-06-21T03:08:29.450+0000] {processor.py:830} INFO - Processing file /home/airflow/.local/lib/python3.12/site-packages/airflow/example_dags/tutorial.py for tasks to queue
[2024-06-21T03:08:29.451+0000] {logging_mixin.py:188} INFO - [2024-06-21T03:08:29.450+0000] {dagbag.py:545} INFO - Filling up the DagBag from /home/airflow/.local/lib/python3.12/site-packages/airflow/example_dags/tutorial.py
[2024-06-21T03:08:29.454+0000] {processor.py:840} INFO - DAG(s) 'tutorial' retrieved from /home/airflow/.local/lib/python3.12/site-packages/airflow/example_dags/tutorial.py
[2024-06-21T03:08:29.463+0000] {logging_mixin.py:188} INFO - [2024-06-21T03:08:29.463+0000] {dag.py:3096} INFO - Sync 1 DAGs
[2024-06-21T03:08:29.473+0000] {logging_mixin.py:188} INFO - [2024-06-21T03:08:29.473+0000] {dag.py:3954} INFO - Setting next_dagrun for tutorial to 2024-06-20 00:00:00+00:00, run_after=2024-06-21 00:00:00+00:00
[2024-06-21T03:08:29.481+0000] {processor.py:183} INFO - Processing /home/airflow/.local/lib/python3.12/site-packages/airflow/example_dags/tutorial.py took 0.035 seconds
[2024-06-21T03:09:00.201+0000] {processor.py:161} INFO - Started process (PID=1891) to work on /home/airflow/.local/lib/python3.12/site-packages/airflow/example_dags/tutorial.py
[2024-06-21T03:09:00.202+0000] {processor.py:830} INFO - Processing file /home/airflow/.local/lib/python3.12/site-packages/airflow/example_dags/tutorial.py for tasks to queue
[2024-06-21T03:09:00.203+0000] {logging_mixin.py:188} INFO - [2024-06-21T03:09:00.203+0000] {dagbag.py:545} INFO - Filling up the DagBag from /home/airflow/.local/lib/python3.12/site-packages/airflow/example_dags/tutorial.py
[2024-06-21T03:09:00.206+0000] {processor.py:840} INFO - DAG(s) 'tutorial' retrieved from /home/airflow/.local/lib/python3.12/site-packages/airflow/example_dags/tutorial.py
[2024-06-21T03:09:00.216+0000] {logging_mixin.py:188} INFO - [2024-06-21T03:09:00.215+0000] {dag.py:3096} INFO - Sync 1 DAGs
[2024-06-21T03:09:00.225+0000] {logging_mixin.py:188} INFO - [2024-06-21T03:09:00.225+0000] {dag.py:3954} INFO - Setting next_dagrun for tutorial to 2024-06-20 00:00:00+00:00, run_after=2024-06-21 00:00:00+00:00
[2024-06-21T03:09:00.232+0000] {processor.py:183} INFO - Processing /home/airflow/.local/lib/python3.12/site-packages/airflow/example_dags/tutorial.py took 0.034 seconds
[2024-06-21T03:09:30.887+0000] {processor.py:161} INFO - Started process (PID=2151) to work on /home/airflow/.local/lib/python3.12/site-packages/airflow/example_dags/tutorial.py
[2024-06-21T03:09:30.888+0000] {processor.py:830} INFO - Processing file /home/airflow/.local/lib/python3.12/site-packages/airflow/example_dags/tutorial.py for tasks to queue
[2024-06-21T03:09:30.889+0000] {logging_mixin.py:188} INFO - [2024-06-21T03:09:30.889+0000] {dagbag.py:545} INFO - Filling up the DagBag from /home/airflow/.local/lib/python3.12/site-packages/airflow/example_dags/tutorial.py
[2024-06-21T03:09:30.892+0000] {processor.py:840} INFO - DAG(s) 'tutorial' retrieved from /home/airflow/.local/lib/python3.12/site-packages/airflow/example_dags/tutorial.py
[2024-06-21T03:09:30.903+0000] {logging_mixin.py:188} INFO - [2024-06-21T03:09:30.903+0000] {dag.py:3096} INFO - Sync 1 DAGs
[2024-06-21T03:09:30.915+0000] {logging_mixin.py:188} INFO - [2024-06-21T03:09:30.915+0000] {dag.py:3954} INFO - Setting next_dagrun for tutorial to 2024-06-20 00:00:00+00:00, run_after=2024-06-21 00:00:00+00:00
[2024-06-21T03:09:30.925+0000] {processor.py:183} INFO - Processing /home/airflow/.local/lib/python3.12/site-packages/airflow/example_dags/tutorial.py took 0.041 seconds
[2024-06-21T03:10:01.612+0000] {processor.py:161} INFO - Started process (PID=2413) to work on /home/airflow/.local/lib/python3.12/site-packages/airflow/example_dags/tutorial.py
[2024-06-21T03:10:01.613+0000] {processor.py:830} INFO - Processing file /home/airflow/.local/lib/python3.12/site-packages/airflow/example_dags/tutorial.py for tasks to queue
[2024-06-21T03:10:01.615+0000] {logging_mixin.py:188} INFO - [2024-06-21T03:10:01.615+0000] {dagbag.py:545} INFO - Filling up the DagBag from /home/airflow/.local/lib/python3.12/site-packages/airflow/example_dags/tutorial.py
[2024-06-21T03:10:01.618+0000] {processor.py:840} INFO - DAG(s) 'tutorial' retrieved from /home/airflow/.local/lib/python3.12/site-packages/airflow/example_dags/tutorial.py
[2024-06-21T03:10:01.628+0000] {logging_mixin.py:188} INFO - [2024-06-21T03:10:01.628+0000] {dag.py:3096} INFO - Sync 1 DAGs
[2024-06-21T03:10:01.638+0000] {logging_mixin.py:188} INFO - [2024-06-21T03:10:01.638+0000] {dag.py:3954} INFO - Setting next_dagrun for tutorial to 2024-06-20 00:00:00+00:00, run_after=2024-06-21 00:00:00+00:00
[2024-06-21T03:10:01.648+0000] {processor.py:183} INFO - Processing /home/airflow/.local/lib/python3.12/site-packages/airflow/example_dags/tutorial.py took 0.039 seconds
[2024-06-21T03:10:32.311+0000] {processor.py:161} INFO - Started process (PID=2677) to work on /home/airflow/.local/lib/python3.12/site-packages/airflow/example_dags/tutorial.py
[2024-06-21T03:10:32.311+0000] {processor.py:830} INFO - Processing file /home/airflow/.local/lib/python3.12/site-packages/airflow/example_dags/tutorial.py for tasks to queue
[2024-06-21T03:10:32.313+0000] {logging_mixin.py:188} INFO - [2024-06-21T03:10:32.312+0000] {dagbag.py:545} INFO - Filling up the DagBag from /home/airflow/.local/lib/python3.12/site-packages/airflow/example_dags/tutorial.py
[2024-06-21T03:10:32.316+0000] {processor.py:840} INFO - DAG(s) 'tutorial' retrieved from /home/airflow/.local/lib/python3.12/site-packages/airflow/example_dags/tutorial.py
[2024-06-21T03:10:32.327+0000] {logging_mixin.py:188} INFO - [2024-06-21T03:10:32.326+0000] {dag.py:3096} INFO - Sync 1 DAGs
[2024-06-21T03:10:32.338+0000] {logging_mixin.py:188} INFO - [2024-06-21T03:10:32.338+0000] {dag.py:3954} INFO - Setting next_dagrun for tutorial to 2024-06-20 00:00:00+00:00, run_after=2024-06-21 00:00:00+00:00
[2024-06-21T03:10:32.347+0000] {processor.py:183} INFO - Processing /home/airflow/.local/lib/python3.12/site-packages/airflow/example_dags/tutorial.py took 0.040 seconds
[2024-06-21T03:11:03.082+0000] {processor.py:161} INFO - Started process (PID=2937) to work on /home/airflow/.local/lib/python3.12/site-packages/airflow/example_dags/tutorial.py
[2024-06-21T03:11:03.083+0000] {processor.py:830} INFO - Processing file /home/airflow/.local/lib/python3.12/site-packages/airflow/example_dags/tutorial.py for tasks to queue
[2024-06-21T03:11:03.084+0000] {logging_mixin.py:188} INFO - [2024-06-21T03:11:03.084+0000] {dagbag.py:545} INFO - Filling up the DagBag from /home/airflow/.local/lib/python3.12/site-packages/airflow/example_dags/tutorial.py
[2024-06-21T03:11:03.088+0000] {processor.py:840} INFO - DAG(s) 'tutorial' retrieved from /home/airflow/.local/lib/python3.12/site-packages/airflow/example_dags/tutorial.py
[2024-06-21T03:11:03.102+0000] {logging_mixin.py:188} INFO - [2024-06-21T03:11:03.102+0000] {dag.py:3096} INFO - Sync 1 DAGs
[2024-06-21T03:11:03.113+0000] {logging_mixin.py:188} INFO - [2024-06-21T03:11:03.113+0000] {dag.py:3954} INFO - Setting next_dagrun for tutorial to 2024-06-20 00:00:00+00:00, run_after=2024-06-21 00:00:00+00:00
[2024-06-21T03:11:03.124+0000] {processor.py:183} INFO - Processing /home/airflow/.local/lib/python3.12/site-packages/airflow/example_dags/tutorial.py took 0.044 seconds
[2024-06-21T03:11:33.863+0000] {processor.py:161} INFO - Started process (PID=3201) to work on /home/airflow/.local/lib/python3.12/site-packages/airflow/example_dags/tutorial.py
[2024-06-21T03:11:33.864+0000] {processor.py:830} INFO - Processing file /home/airflow/.local/lib/python3.12/site-packages/airflow/example_dags/tutorial.py for tasks to queue
[2024-06-21T03:11:33.865+0000] {logging_mixin.py:188} INFO - [2024-06-21T03:11:33.864+0000] {dagbag.py:545} INFO - Filling up the DagBag from /home/airflow/.local/lib/python3.12/site-packages/airflow/example_dags/tutorial.py
[2024-06-21T03:11:33.869+0000] {processor.py:840} INFO - DAG(s) 'tutorial' retrieved from /home/airflow/.local/lib/python3.12/site-packages/airflow/example_dags/tutorial.py
[2024-06-21T03:11:33.879+0000] {logging_mixin.py:188} INFO - [2024-06-21T03:11:33.879+0000] {dag.py:3096} INFO - Sync 1 DAGs
[2024-06-21T03:11:33.889+0000] {logging_mixin.py:188} INFO - [2024-06-21T03:11:33.889+0000] {dag.py:3954} INFO - Setting next_dagrun for tutorial to 2024-06-20 00:00:00+00:00, run_after=2024-06-21 00:00:00+00:00
[2024-06-21T03:11:33.898+0000] {processor.py:183} INFO - Processing /home/airflow/.local/lib/python3.12/site-packages/airflow/example_dags/tutorial.py took 0.038 seconds
[2024-06-21T03:12:04.048+0000] {processor.py:161} INFO - Started process (PID=3461) to work on /home/airflow/.local/lib/python3.12/site-packages/airflow/example_dags/tutorial.py
[2024-06-21T03:12:04.049+0000] {processor.py:830} INFO - Processing file /home/airflow/.local/lib/python3.12/site-packages/airflow/example_dags/tutorial.py for tasks to queue
[2024-06-21T03:12:04.050+0000] {logging_mixin.py:188} INFO - [2024-06-21T03:12:04.050+0000] {dagbag.py:545} INFO - Filling up the DagBag from /home/airflow/.local/lib/python3.12/site-packages/airflow/example_dags/tutorial.py
[2024-06-21T03:12:04.054+0000] {processor.py:840} INFO - DAG(s) 'tutorial' retrieved from /home/airflow/.local/lib/python3.12/site-packages/airflow/example_dags/tutorial.py
[2024-06-21T03:12:04.065+0000] {logging_mixin.py:188} INFO - [2024-06-21T03:12:04.065+0000] {dag.py:3096} INFO - Sync 1 DAGs
[2024-06-21T03:12:04.076+0000] {logging_mixin.py:188} INFO - [2024-06-21T03:12:04.076+0000] {dag.py:3954} INFO - Setting next_dagrun for tutorial to 2024-06-20 00:00:00+00:00, run_after=2024-06-21 00:00:00+00:00
[2024-06-21T03:12:04.085+0000] {processor.py:183} INFO - Processing /home/airflow/.local/lib/python3.12/site-packages/airflow/example_dags/tutorial.py took 0.040 seconds
[2024-06-21T03:12:34.810+0000] {processor.py:161} INFO - Started process (PID=3723) to work on /home/airflow/.local/lib/python3.12/site-packages/airflow/example_dags/tutorial.py
[2024-06-21T03:12:34.810+0000] {processor.py:830} INFO - Processing file /home/airflow/.local/lib/python3.12/site-packages/airflow/example_dags/tutorial.py for tasks to queue
[2024-06-21T03:12:34.811+0000] {logging_mixin.py:188} INFO - [2024-06-21T03:12:34.811+0000] {dagbag.py:545} INFO - Filling up the DagBag from /home/airflow/.local/lib/python3.12/site-packages/airflow/example_dags/tutorial.py
[2024-06-21T03:12:34.814+0000] {processor.py:840} INFO - DAG(s) 'tutorial' retrieved from /home/airflow/.local/lib/python3.12/site-packages/airflow/example_dags/tutorial.py
[2024-06-21T03:12:34.826+0000] {logging_mixin.py:188} INFO - [2024-06-21T03:12:34.826+0000] {dag.py:3096} INFO - Sync 1 DAGs
[2024-06-21T03:12:34.838+0000] {logging_mixin.py:188} INFO - [2024-06-21T03:12:34.838+0000] {dag.py:3954} INFO - Setting next_dagrun for tutorial to 2024-06-20 00:00:00+00:00, run_after=2024-06-21 00:00:00+00:00
[2024-06-21T03:12:34.847+0000] {processor.py:183} INFO - Processing /home/airflow/.local/lib/python3.12/site-packages/airflow/example_dags/tutorial.py took 0.040 seconds
[2024-06-21T03:13:05.612+0000] {processor.py:161} INFO - Started process (PID=3987) to work on /home/airflow/.local/lib/python3.12/site-packages/airflow/example_dags/tutorial.py
[2024-06-21T03:13:05.613+0000] {processor.py:830} INFO - Processing file /home/airflow/.local/lib/python3.12/site-packages/airflow/example_dags/tutorial.py for tasks to queue
[2024-06-21T03:13:05.614+0000] {logging_mixin.py:188} INFO - [2024-06-21T03:13:05.614+0000] {dagbag.py:545} INFO - Filling up the DagBag from /home/airflow/.local/lib/python3.12/site-packages/airflow/example_dags/tutorial.py
[2024-06-21T03:13:05.618+0000] {processor.py:840} INFO - DAG(s) 'tutorial' retrieved from /home/airflow/.local/lib/python3.12/site-packages/airflow/example_dags/tutorial.py
[2024-06-21T03:13:05.628+0000] {logging_mixin.py:188} INFO - [2024-06-21T03:13:05.628+0000] {dag.py:3096} INFO - Sync 1 DAGs
[2024-06-21T03:13:05.637+0000] {logging_mixin.py:188} INFO - [2024-06-21T03:13:05.637+0000] {dag.py:3954} INFO - Setting next_dagrun for tutorial to 2024-06-20 00:00:00+00:00, run_after=2024-06-21 00:00:00+00:00
[2024-06-21T03:13:05.648+0000] {processor.py:183} INFO - Processing /home/airflow/.local/lib/python3.12/site-packages/airflow/example_dags/tutorial.py took 0.039 seconds
[2024-06-21T03:13:36.438+0000] {processor.py:161} INFO - Started process (PID=4247) to work on /home/airflow/.local/lib/python3.12/site-packages/airflow/example_dags/tutorial.py
[2024-06-21T03:13:36.439+0000] {processor.py:830} INFO - Processing file /home/airflow/.local/lib/python3.12/site-packages/airflow/example_dags/tutorial.py for tasks to queue
[2024-06-21T03:13:36.440+0000] {logging_mixin.py:188} INFO - [2024-06-21T03:13:36.440+0000] {dagbag.py:545} INFO - Filling up the DagBag from /home/airflow/.local/lib/python3.12/site-packages/airflow/example_dags/tutorial.py
[2024-06-21T03:13:36.443+0000] {processor.py:840} INFO - DAG(s) 'tutorial' retrieved from /home/airflow/.local/lib/python3.12/site-packages/airflow/example_dags/tutorial.py
[2024-06-21T03:13:36.455+0000] {logging_mixin.py:188} INFO - [2024-06-21T03:13:36.454+0000] {dag.py:3096} INFO - Sync 1 DAGs
[2024-06-21T03:13:36.466+0000] {logging_mixin.py:188} INFO - [2024-06-21T03:13:36.466+0000] {dag.py:3954} INFO - Setting next_dagrun for tutorial to 2024-06-20 00:00:00+00:00, run_after=2024-06-21 00:00:00+00:00
[2024-06-21T03:13:36.475+0000] {processor.py:183} INFO - Processing /home/airflow/.local/lib/python3.12/site-packages/airflow/example_dags/tutorial.py took 0.040 seconds
[2024-06-21T03:14:07.154+0000] {processor.py:161} INFO - Started process (PID=4509) to work on /home/airflow/.local/lib/python3.12/site-packages/airflow/example_dags/tutorial.py
[2024-06-21T03:14:07.155+0000] {processor.py:830} INFO - Processing file /home/airflow/.local/lib/python3.12/site-packages/airflow/example_dags/tutorial.py for tasks to queue
[2024-06-21T03:14:07.156+0000] {logging_mixin.py:188} INFO - [2024-06-21T03:14:07.156+0000] {dagbag.py:545} INFO - Filling up the DagBag from /home/airflow/.local/lib/python3.12/site-packages/airflow/example_dags/tutorial.py
[2024-06-21T03:14:07.160+0000] {processor.py:840} INFO - DAG(s) 'tutorial' retrieved from /home/airflow/.local/lib/python3.12/site-packages/airflow/example_dags/tutorial.py
[2024-06-21T03:14:07.170+0000] {logging_mixin.py:188} INFO - [2024-06-21T03:14:07.170+0000] {dag.py:3096} INFO - Sync 1 DAGs
[2024-06-21T03:14:07.181+0000] {logging_mixin.py:188} INFO - [2024-06-21T03:14:07.181+0000] {dag.py:3954} INFO - Setting next_dagrun for tutorial to 2024-06-20 00:00:00+00:00, run_after=2024-06-21 00:00:00+00:00
[2024-06-21T03:14:07.191+0000] {processor.py:183} INFO - Processing /home/airflow/.local/lib/python3.12/site-packages/airflow/example_dags/tutorial.py took 0.040 seconds
[2024-06-21T03:14:37.896+0000] {processor.py:161} INFO - Started process (PID=4773) to work on /home/airflow/.local/lib/python3.12/site-packages/airflow/example_dags/tutorial.py
[2024-06-21T03:14:37.897+0000] {processor.py:830} INFO - Processing file /home/airflow/.local/lib/python3.12/site-packages/airflow/example_dags/tutorial.py for tasks to queue
[2024-06-21T03:14:37.898+0000] {logging_mixin.py:188} INFO - [2024-06-21T03:14:37.898+0000] {dagbag.py:545} INFO - Filling up the DagBag from /home/airflow/.local/lib/python3.12/site-packages/airflow/example_dags/tutorial.py
[2024-06-21T03:14:37.902+0000] {processor.py:840} INFO - DAG(s) 'tutorial' retrieved from /home/airflow/.local/lib/python3.12/site-packages/airflow/example_dags/tutorial.py
[2024-06-21T03:14:37.912+0000] {logging_mixin.py:188} INFO - [2024-06-21T03:14:37.912+0000] {dag.py:3096} INFO - Sync 1 DAGs
[2024-06-21T03:14:37.922+0000] {logging_mixin.py:188} INFO - [2024-06-21T03:14:37.922+0000] {dag.py:3954} INFO - Setting next_dagrun for tutorial to 2024-06-20 00:00:00+00:00, run_after=2024-06-21 00:00:00+00:00
[2024-06-21T03:14:37.931+0000] {processor.py:183} INFO - Processing /home/airflow/.local/lib/python3.12/site-packages/airflow/example_dags/tutorial.py took 0.038 seconds
[2024-06-21T03:15:08.602+0000] {processor.py:161} INFO - Started process (PID=5035) to work on /home/airflow/.local/lib/python3.12/site-packages/airflow/example_dags/tutorial.py
[2024-06-21T03:15:08.602+0000] {processor.py:830} INFO - Processing file /home/airflow/.local/lib/python3.12/site-packages/airflow/example_dags/tutorial.py for tasks to queue
[2024-06-21T03:15:08.604+0000] {logging_mixin.py:188} INFO - [2024-06-21T03:15:08.603+0000] {dagbag.py:545} INFO - Filling up the DagBag from /home/airflow/.local/lib/python3.12/site-packages/airflow/example_dags/tutorial.py
[2024-06-21T03:15:08.607+0000] {processor.py:840} INFO - DAG(s) 'tutorial' retrieved from /home/airflow/.local/lib/python3.12/site-packages/airflow/example_dags/tutorial.py
[2024-06-21T03:15:08.617+0000] {logging_mixin.py:188} INFO - [2024-06-21T03:15:08.617+0000] {dag.py:3096} INFO - Sync 1 DAGs
[2024-06-21T03:15:08.629+0000] {logging_mixin.py:188} INFO - [2024-06-21T03:15:08.629+0000] {dag.py:3954} INFO - Setting next_dagrun for tutorial to 2024-06-20 00:00:00+00:00, run_after=2024-06-21 00:00:00+00:00
[2024-06-21T03:15:08.639+0000] {processor.py:183} INFO - Processing /home/airflow/.local/lib/python3.12/site-packages/airflow/example_dags/tutorial.py took 0.041 seconds
[2024-06-21T03:15:39.400+0000] {processor.py:161} INFO - Started process (PID=5297) to work on /home/airflow/.local/lib/python3.12/site-packages/airflow/example_dags/tutorial.py
[2024-06-21T03:15:39.401+0000] {processor.py:830} INFO - Processing file /home/airflow/.local/lib/python3.12/site-packages/airflow/example_dags/tutorial.py for tasks to queue
[2024-06-21T03:15:39.402+0000] {logging_mixin.py:188} INFO - [2024-06-21T03:15:39.401+0000] {dagbag.py:545} INFO - Filling up the DagBag from /home/airflow/.local/lib/python3.12/site-packages/airflow/example_dags/tutorial.py
[2024-06-21T03:15:39.405+0000] {processor.py:840} INFO - DAG(s) 'tutorial' retrieved from /home/airflow/.local/lib/python3.12/site-packages/airflow/example_dags/tutorial.py
[2024-06-21T03:15:39.416+0000] {logging_mixin.py:188} INFO - [2024-06-21T03:15:39.416+0000] {dag.py:3096} INFO - Sync 1 DAGs
[2024-06-21T03:15:39.426+0000] {logging_mixin.py:188} INFO - [2024-06-21T03:15:39.426+0000] {dag.py:3954} INFO - Setting next_dagrun for tutorial to 2024-06-20 00:00:00+00:00, run_after=2024-06-21 00:00:00+00:00
[2024-06-21T03:15:39.436+0000] {processor.py:183} INFO - Processing /home/airflow/.local/lib/python3.12/site-packages/airflow/example_dags/tutorial.py took 0.039 seconds
[2024-06-21T03:16:09.504+0000] {processor.py:161} INFO - Started process (PID=5557) to work on /home/airflow/.local/lib/python3.12/site-packages/airflow/example_dags/tutorial.py
[2024-06-21T03:16:09.505+0000] {processor.py:830} INFO - Processing file /home/airflow/.local/lib/python3.12/site-packages/airflow/example_dags/tutorial.py for tasks to queue
[2024-06-21T03:16:09.506+0000] {logging_mixin.py:188} INFO - [2024-06-21T03:16:09.506+0000] {dagbag.py:545} INFO - Filling up the DagBag from /home/airflow/.local/lib/python3.12/site-packages/airflow/example_dags/tutorial.py
[2024-06-21T03:16:09.509+0000] {processor.py:840} INFO - DAG(s) 'tutorial' retrieved from /home/airflow/.local/lib/python3.12/site-packages/airflow/example_dags/tutorial.py
[2024-06-21T03:16:09.520+0000] {logging_mixin.py:188} INFO - [2024-06-21T03:16:09.520+0000] {dag.py:3096} INFO - Sync 1 DAGs
[2024-06-21T03:16:09.529+0000] {logging_mixin.py:188} INFO - [2024-06-21T03:16:09.529+0000] {dag.py:3954} INFO - Setting next_dagrun for tutorial to 2024-06-20 00:00:00+00:00, run_after=2024-06-21 00:00:00+00:00
[2024-06-21T03:16:09.538+0000] {processor.py:183} INFO - Processing /home/airflow/.local/lib/python3.12/site-packages/airflow/example_dags/tutorial.py took 0.037 seconds
[2024-06-21T03:16:40.337+0000] {processor.py:161} INFO - Started process (PID=5821) to work on /home/airflow/.local/lib/python3.12/site-packages/airflow/example_dags/tutorial.py
[2024-06-21T03:16:40.338+0000] {processor.py:830} INFO - Processing file /home/airflow/.local/lib/python3.12/site-packages/airflow/example_dags/tutorial.py for tasks to queue
[2024-06-21T03:16:40.339+0000] {logging_mixin.py:188} INFO - [2024-06-21T03:16:40.338+0000] {dagbag.py:545} INFO - Filling up the DagBag from /home/airflow/.local/lib/python3.12/site-packages/airflow/example_dags/tutorial.py
[2024-06-21T03:16:40.342+0000] {processor.py:840} INFO - DAG(s) 'tutorial' retrieved from /home/airflow/.local/lib/python3.12/site-packages/airflow/example_dags/tutorial.py
[2024-06-21T03:16:40.353+0000] {logging_mixin.py:188} INFO - [2024-06-21T03:16:40.352+0000] {dag.py:3096} INFO - Sync 1 DAGs
[2024-06-21T03:16:40.363+0000] {logging_mixin.py:188} INFO - [2024-06-21T03:16:40.363+0000] {dag.py:3954} INFO - Setting next_dagrun for tutorial to 2024-06-20 00:00:00+00:00, run_after=2024-06-21 00:00:00+00:00
[2024-06-21T03:16:40.372+0000] {processor.py:183} INFO - Processing /home/airflow/.local/lib/python3.12/site-packages/airflow/example_dags/tutorial.py took 0.038 seconds
[2024-06-21T03:17:11.146+0000] {processor.py:161} INFO - Started process (PID=6081) to work on /home/airflow/.local/lib/python3.12/site-packages/airflow/example_dags/tutorial.py
[2024-06-21T03:17:11.147+0000] {processor.py:830} INFO - Processing file /home/airflow/.local/lib/python3.12/site-packages/airflow/example_dags/tutorial.py for tasks to queue
[2024-06-21T03:17:11.148+0000] {logging_mixin.py:188} INFO - [2024-06-21T03:17:11.148+0000] {dagbag.py:545} INFO - Filling up the DagBag from /home/airflow/.local/lib/python3.12/site-packages/airflow/example_dags/tutorial.py
[2024-06-21T03:17:11.151+0000] {processor.py:840} INFO - DAG(s) 'tutorial' retrieved from /home/airflow/.local/lib/python3.12/site-packages/airflow/example_dags/tutorial.py
[2024-06-21T03:17:11.162+0000] {logging_mixin.py:188} INFO - [2024-06-21T03:17:11.162+0000] {dag.py:3096} INFO - Sync 1 DAGs
[2024-06-21T03:17:11.174+0000] {logging_mixin.py:188} INFO - [2024-06-21T03:17:11.174+0000] {dag.py:3954} INFO - Setting next_dagrun for tutorial to 2024-06-20 00:00:00+00:00, run_after=2024-06-21 00:00:00+00:00
[2024-06-21T03:17:11.184+0000] {processor.py:183} INFO - Processing /home/airflow/.local/lib/python3.12/site-packages/airflow/example_dags/tutorial.py took 0.041 seconds
[2024-06-21T03:17:41.277+0000] {processor.py:161} INFO - Started process (PID=6343) to work on /home/airflow/.local/lib/python3.12/site-packages/airflow/example_dags/tutorial.py
[2024-06-21T03:17:41.277+0000] {processor.py:830} INFO - Processing file /home/airflow/.local/lib/python3.12/site-packages/airflow/example_dags/tutorial.py for tasks to queue
[2024-06-21T03:17:41.278+0000] {logging_mixin.py:188} INFO - [2024-06-21T03:17:41.278+0000] {dagbag.py:545} INFO - Filling up the DagBag from /home/airflow/.local/lib/python3.12/site-packages/airflow/example_dags/tutorial.py
[2024-06-21T03:17:41.282+0000] {processor.py:840} INFO - DAG(s) 'tutorial' retrieved from /home/airflow/.local/lib/python3.12/site-packages/airflow/example_dags/tutorial.py
[2024-06-21T03:17:41.293+0000] {logging_mixin.py:188} INFO - [2024-06-21T03:17:41.293+0000] {dag.py:3096} INFO - Sync 1 DAGs
[2024-06-21T03:17:41.303+0000] {logging_mixin.py:188} INFO - [2024-06-21T03:17:41.303+0000] {dag.py:3954} INFO - Setting next_dagrun for tutorial to 2024-06-20 00:00:00+00:00, run_after=2024-06-21 00:00:00+00:00
[2024-06-21T03:17:41.313+0000] {processor.py:183} INFO - Processing /home/airflow/.local/lib/python3.12/site-packages/airflow/example_dags/tutorial.py took 0.039 seconds
[2024-06-21T03:18:11.450+0000] {processor.py:161} INFO - Started process (PID=6600) to work on /home/airflow/.local/lib/python3.12/site-packages/airflow/example_dags/tutorial.py
[2024-06-21T03:18:11.450+0000] {processor.py:830} INFO - Processing file /home/airflow/.local/lib/python3.12/site-packages/airflow/example_dags/tutorial.py for tasks to queue
[2024-06-21T03:18:11.451+0000] {logging_mixin.py:188} INFO - [2024-06-21T03:18:11.451+0000] {dagbag.py:545} INFO - Filling up the DagBag from /home/airflow/.local/lib/python3.12/site-packages/airflow/example_dags/tutorial.py
[2024-06-21T03:18:11.455+0000] {processor.py:840} INFO - DAG(s) 'tutorial' retrieved from /home/airflow/.local/lib/python3.12/site-packages/airflow/example_dags/tutorial.py
[2024-06-21T03:18:11.470+0000] {logging_mixin.py:188} INFO - [2024-06-21T03:18:11.469+0000] {dag.py:3096} INFO - Sync 1 DAGs
[2024-06-21T03:18:11.480+0000] {logging_mixin.py:188} INFO - [2024-06-21T03:18:11.480+0000] {dag.py:3954} INFO - Setting next_dagrun for tutorial to 2024-06-20 00:00:00+00:00, run_after=2024-06-21 00:00:00+00:00
[2024-06-21T03:18:11.493+0000] {processor.py:183} INFO - Processing /home/airflow/.local/lib/python3.12/site-packages/airflow/example_dags/tutorial.py took 0.047 seconds
[2024-06-21T03:18:41.594+0000] {processor.py:161} INFO - Started process (PID=6862) to work on /home/airflow/.local/lib/python3.12/site-packages/airflow/example_dags/tutorial.py
[2024-06-21T03:18:41.595+0000] {processor.py:830} INFO - Processing file /home/airflow/.local/lib/python3.12/site-packages/airflow/example_dags/tutorial.py for tasks to queue
[2024-06-21T03:18:41.596+0000] {logging_mixin.py:188} INFO - [2024-06-21T03:18:41.596+0000] {dagbag.py:545} INFO - Filling up the DagBag from /home/airflow/.local/lib/python3.12/site-packages/airflow/example_dags/tutorial.py
[2024-06-21T03:18:41.599+0000] {processor.py:840} INFO - DAG(s) 'tutorial' retrieved from /home/airflow/.local/lib/python3.12/site-packages/airflow/example_dags/tutorial.py
[2024-06-21T03:18:41.610+0000] {logging_mixin.py:188} INFO - [2024-06-21T03:18:41.610+0000] {dag.py:3096} INFO - Sync 1 DAGs
[2024-06-21T03:18:41.621+0000] {logging_mixin.py:188} INFO - [2024-06-21T03:18:41.621+0000] {dag.py:3954} INFO - Setting next_dagrun for tutorial to 2024-06-20 00:00:00+00:00, run_after=2024-06-21 00:00:00+00:00
[2024-06-21T03:18:41.630+0000] {processor.py:183} INFO - Processing /home/airflow/.local/lib/python3.12/site-packages/airflow/example_dags/tutorial.py took 0.039 seconds
[2024-06-21T03:19:12.296+0000] {processor.py:161} INFO - Started process (PID=7124) to work on /home/airflow/.local/lib/python3.12/site-packages/airflow/example_dags/tutorial.py
[2024-06-21T03:19:12.296+0000] {processor.py:830} INFO - Processing file /home/airflow/.local/lib/python3.12/site-packages/airflow/example_dags/tutorial.py for tasks to queue
[2024-06-21T03:19:12.299+0000] {logging_mixin.py:188} INFO - [2024-06-21T03:19:12.298+0000] {dagbag.py:545} INFO - Filling up the DagBag from /home/airflow/.local/lib/python3.12/site-packages/airflow/example_dags/tutorial.py
[2024-06-21T03:19:12.302+0000] {processor.py:840} INFO - DAG(s) 'tutorial' retrieved from /home/airflow/.local/lib/python3.12/site-packages/airflow/example_dags/tutorial.py
[2024-06-21T03:19:12.315+0000] {logging_mixin.py:188} INFO - [2024-06-21T03:19:12.315+0000] {dag.py:3096} INFO - Sync 1 DAGs
[2024-06-21T03:19:12.325+0000] {logging_mixin.py:188} INFO - [2024-06-21T03:19:12.325+0000] {dag.py:3954} INFO - Setting next_dagrun for tutorial to 2024-06-20 00:00:00+00:00, run_after=2024-06-21 00:00:00+00:00
[2024-06-21T03:19:12.335+0000] {processor.py:183} INFO - Processing /home/airflow/.local/lib/python3.12/site-packages/airflow/example_dags/tutorial.py took 0.043 seconds
[2024-06-21T03:19:42.436+0000] {processor.py:161} INFO - Started process (PID=7387) to work on /home/airflow/.local/lib/python3.12/site-packages/airflow/example_dags/tutorial.py
[2024-06-21T03:19:42.437+0000] {processor.py:830} INFO - Processing file /home/airflow/.local/lib/python3.12/site-packages/airflow/example_dags/tutorial.py for tasks to queue
[2024-06-21T03:19:42.438+0000] {logging_mixin.py:188} INFO - [2024-06-21T03:19:42.437+0000] {dagbag.py:545} INFO - Filling up the DagBag from /home/airflow/.local/lib/python3.12/site-packages/airflow/example_dags/tutorial.py
[2024-06-21T03:19:42.441+0000] {processor.py:840} INFO - DAG(s) 'tutorial' retrieved from /home/airflow/.local/lib/python3.12/site-packages/airflow/example_dags/tutorial.py
[2024-06-21T03:19:42.452+0000] {logging_mixin.py:188} INFO - [2024-06-21T03:19:42.452+0000] {dag.py:3096} INFO - Sync 1 DAGs
[2024-06-21T03:19:42.463+0000] {logging_mixin.py:188} INFO - [2024-06-21T03:19:42.463+0000] {dag.py:3954} INFO - Setting next_dagrun for tutorial to 2024-06-20 00:00:00+00:00, run_after=2024-06-21 00:00:00+00:00
[2024-06-21T03:19:42.472+0000] {processor.py:183} INFO - Processing /home/airflow/.local/lib/python3.12/site-packages/airflow/example_dags/tutorial.py took 0.040 seconds
[2024-06-21T03:20:12.665+0000] {processor.py:161} INFO - Started process (PID=7648) to work on /home/airflow/.local/lib/python3.12/site-packages/airflow/example_dags/tutorial.py
[2024-06-21T03:20:12.665+0000] {processor.py:830} INFO - Processing file /home/airflow/.local/lib/python3.12/site-packages/airflow/example_dags/tutorial.py for tasks to queue
[2024-06-21T03:20:12.667+0000] {logging_mixin.py:188} INFO - [2024-06-21T03:20:12.666+0000] {dagbag.py:545} INFO - Filling up the DagBag from /home/airflow/.local/lib/python3.12/site-packages/airflow/example_dags/tutorial.py
[2024-06-21T03:20:12.670+0000] {processor.py:840} INFO - DAG(s) 'tutorial' retrieved from /home/airflow/.local/lib/python3.12/site-packages/airflow/example_dags/tutorial.py
[2024-06-21T03:20:12.681+0000] {logging_mixin.py:188} INFO - [2024-06-21T03:20:12.680+0000] {dag.py:3096} INFO - Sync 1 DAGs
[2024-06-21T03:20:12.690+0000] {logging_mixin.py:188} INFO - [2024-06-21T03:20:12.690+0000] {dag.py:3954} INFO - Setting next_dagrun for tutorial to 2024-06-20 00:00:00+00:00, run_after=2024-06-21 00:00:00+00:00
[2024-06-21T03:20:12.700+0000] {processor.py:183} INFO - Processing /home/airflow/.local/lib/python3.12/site-packages/airflow/example_dags/tutorial.py took 0.038 seconds
[2024-06-21T03:20:42.906+0000] {processor.py:161} INFO - Started process (PID=7974) to work on /home/airflow/.local/lib/python3.12/site-packages/airflow/example_dags/tutorial.py
[2024-06-21T03:20:42.907+0000] {processor.py:830} INFO - Processing file /home/airflow/.local/lib/python3.12/site-packages/airflow/example_dags/tutorial.py for tasks to queue
[2024-06-21T03:20:42.908+0000] {logging_mixin.py:188} INFO - [2024-06-21T03:20:42.908+0000] {dagbag.py:545} INFO - Filling up the DagBag from /home/airflow/.local/lib/python3.12/site-packages/airflow/example_dags/tutorial.py
[2024-06-21T03:20:42.911+0000] {processor.py:840} INFO - DAG(s) 'tutorial' retrieved from /home/airflow/.local/lib/python3.12/site-packages/airflow/example_dags/tutorial.py
[2024-06-21T03:20:42.923+0000] {logging_mixin.py:188} INFO - [2024-06-21T03:20:42.923+0000] {dag.py:3096} INFO - Sync 1 DAGs
[2024-06-21T03:20:42.935+0000] {logging_mixin.py:188} INFO - [2024-06-21T03:20:42.935+0000] {dag.py:3954} INFO - Setting next_dagrun for tutorial to 2024-06-20 00:00:00+00:00, run_after=2024-06-21 00:00:00+00:00
[2024-06-21T03:20:42.989+0000] {processor.py:183} INFO - Processing /home/airflow/.local/lib/python3.12/site-packages/airflow/example_dags/tutorial.py took 0.086 seconds
