[2024-06-21T04:37:47.969+0000] {local_task_job_runner.py:120} INFO - ::group::Pre task execution logs
[2024-06-21T04:37:47.984+0000] {taskinstance.py:2076} INFO - Dependencies all met for dep_context=non-requeueable deps ti=<TaskInstance: our_first_dag_v2.task2 scheduled__2024-06-12T00:00:00+00:00 [queued]>
[2024-06-21T04:37:47.988+0000] {taskinstance.py:2076} INFO - Dependencies all met for dep_context=requeueable deps ti=<TaskInstance: our_first_dag_v2.task2 scheduled__2024-06-12T00:00:00+00:00 [queued]>
[2024-06-21T04:37:47.989+0000] {taskinstance.py:2306} INFO - Starting attempt 1 of 6
[2024-06-21T04:37:47.995+0000] {taskinstance.py:2330} INFO - Executing <Task(BashOperator): task2> on 2024-06-12 00:00:00+00:00
[2024-06-21T04:37:47.998+0000] {logging_mixin.py:188} WARNING - /home/***/.local/lib/python3.12/site-packages/***/task/task_runner/standard_task_runner.py:61 DeprecationWarning: This process (pid=663) is multi-threaded, use of fork() may lead to deadlocks in the child.
[2024-06-21T04:37:47.999+0000] {standard_task_runner.py:63} INFO - Started process 665 to run task
[2024-06-21T04:37:47.998+0000] {standard_task_runner.py:90} INFO - Running: ['***', 'tasks', 'run', 'our_first_dag_v2', 'task2', 'scheduled__2024-06-12T00:00:00+00:00', '--job-id', '45', '--raw', '--subdir', 'DAGS_FOLDER/our_first_dag.py', '--cfg-path', '/tmp/tmpxeb176k3']
[2024-06-21T04:37:48.000+0000] {standard_task_runner.py:91} INFO - Job 45: Subtask task2
[2024-06-21T04:37:48.026+0000] {task_command.py:426} INFO - Running <TaskInstance: our_first_dag_v2.task2 scheduled__2024-06-12T00:00:00+00:00 [running]> on host fc356187513b
[2024-06-21T04:37:48.065+0000] {taskinstance.py:2648} INFO - Exporting env vars: AIRFLOW_CTX_DAG_OWNER='***' AIRFLOW_CTX_DAG_ID='our_first_dag_v2' AIRFLOW_CTX_TASK_ID='task2' AIRFLOW_CTX_EXECUTION_DATE='2024-06-12T00:00:00+00:00' AIRFLOW_CTX_TRY_NUMBER='1' AIRFLOW_CTX_DAG_RUN_ID='scheduled__2024-06-12T00:00:00+00:00'
[2024-06-21T04:37:48.065+0000] {taskinstance.py:430} INFO - ::endgroup::
[2024-06-21T04:37:48.072+0000] {subprocess.py:63} INFO - Tmp dir root location: /tmp
[2024-06-21T04:37:48.073+0000] {subprocess.py:75} INFO - Running command: ['/usr/bin/bash', '-c', 'echo hello world 2']
[2024-06-21T04:37:48.076+0000] {subprocess.py:86} INFO - Output:
[2024-06-21T04:37:48.077+0000] {subprocess.py:93} INFO - hello world 2
[2024-06-21T04:37:48.077+0000] {subprocess.py:97} INFO - Command exited with return code 0
[2024-06-21T04:37:48.078+0000] {taskinstance.py:441} INFO - ::group::Post task execution logs
[2024-06-21T04:37:48.091+0000] {taskinstance.py:1206} INFO - Marking task as SUCCESS. dag_id=our_first_dag_v2, task_id=task2, run_id=scheduled__2024-06-12T00:00:00+00:00, execution_date=20240612T000000, start_date=20240621T043747, end_date=20240621T043748
[2024-06-21T04:37:48.139+0000] {local_task_job_runner.py:240} INFO - Task exited with return code 0
[2024-06-21T04:37:48.149+0000] {taskinstance.py:3503} INFO - 0 downstream tasks scheduled from follow-on schedule check
[2024-06-21T04:37:48.153+0000] {local_task_job_runner.py:222} INFO - ::endgroup::
