[2024-06-21T04:41:45.188+0000] {local_task_job_runner.py:120} INFO - ::group::Pre task execution logs
[2024-06-21T04:41:45.215+0000] {taskinstance.py:2076} INFO - Dependencies all met for dep_context=non-requeueable deps ti=<TaskInstance: our_first_dag_v3.task1 scheduled__2024-06-11T00:00:00+00:00 [queued]>
[2024-06-21T04:41:45.224+0000] {taskinstance.py:2076} INFO - Dependencies all met for dep_context=requeueable deps ti=<TaskInstance: our_first_dag_v3.task1 scheduled__2024-06-11T00:00:00+00:00 [queued]>
[2024-06-21T04:41:45.226+0000] {taskinstance.py:2306} INFO - Starting attempt 1 of 6
[2024-06-21T04:41:45.291+0000] {taskinstance.py:2330} INFO - Executing <Task(BashOperator): task1> on 2024-06-11 00:00:00+00:00
[2024-06-21T04:41:45.297+0000] {logging_mixin.py:188} WARNING - /home/***/.local/lib/python3.12/site-packages/***/task/task_runner/standard_task_runner.py:61 DeprecationWarning: This process (pid=860) is multi-threaded, use of fork() may lead to deadlocks in the child.
[2024-06-21T04:41:45.300+0000] {standard_task_runner.py:63} INFO - Started process 882 to run task
[2024-06-21T04:41:45.301+0000] {standard_task_runner.py:90} INFO - Running: ['***', 'tasks', 'run', 'our_first_dag_v3', 'task1', 'scheduled__2024-06-11T00:00:00+00:00', '--job-id', '85', '--raw', '--subdir', 'DAGS_FOLDER/our_first_dag.py', '--cfg-path', '/tmp/tmp5vg6y4rq']
[2024-06-21T04:41:45.304+0000] {standard_task_runner.py:91} INFO - Job 85: Subtask task1
[2024-06-21T04:41:45.360+0000] {task_command.py:426} INFO - Running <TaskInstance: our_first_dag_v3.task1 scheduled__2024-06-11T00:00:00+00:00 [running]> on host fc356187513b
[2024-06-21T04:41:45.450+0000] {taskinstance.py:2648} INFO - Exporting env vars: AIRFLOW_CTX_DAG_OWNER='***' AIRFLOW_CTX_DAG_ID='our_first_dag_v3' AIRFLOW_CTX_TASK_ID='task1' AIRFLOW_CTX_EXECUTION_DATE='2024-06-11T00:00:00+00:00' AIRFLOW_CTX_TRY_NUMBER='1' AIRFLOW_CTX_DAG_RUN_ID='scheduled__2024-06-11T00:00:00+00:00'
[2024-06-21T04:41:45.452+0000] {taskinstance.py:430} INFO - ::endgroup::
[2024-06-21T04:41:45.463+0000] {subprocess.py:63} INFO - Tmp dir root location: /tmp
[2024-06-21T04:41:45.467+0000] {subprocess.py:75} INFO - Running command: ['/usr/bin/bash', '-c', 'echo hello world']
[2024-06-21T04:41:45.474+0000] {subprocess.py:86} INFO - Output:
[2024-06-21T04:41:45.478+0000] {subprocess.py:93} INFO - hello world
[2024-06-21T04:41:45.480+0000] {subprocess.py:97} INFO - Command exited with return code 0
[2024-06-21T04:41:45.481+0000] {taskinstance.py:441} INFO - ::group::Post task execution logs
[2024-06-21T04:41:45.522+0000] {taskinstance.py:1206} INFO - Marking task as SUCCESS. dag_id=our_first_dag_v3, task_id=task1, run_id=scheduled__2024-06-11T00:00:00+00:00, execution_date=20240611T000000, start_date=20240621T044145, end_date=20240621T044145
[2024-06-21T04:41:45.567+0000] {local_task_job_runner.py:240} INFO - Task exited with return code 0
[2024-06-21T04:41:45.583+0000] {taskinstance.py:3503} INFO - 2 downstream tasks scheduled from follow-on schedule check
[2024-06-21T04:41:45.585+0000] {local_task_job_runner.py:222} INFO - ::endgroup::
