[2024-06-21T04:37:50.946+0000] {local_task_job_runner.py:120} INFO - ::group::Pre task execution logs
[2024-06-21T04:37:50.961+0000] {taskinstance.py:2076} INFO - Dependencies all met for dep_context=non-requeueable deps ti=<TaskInstance: our_first_dag_v2.task2 scheduled__2024-06-20T00:00:00+00:00 [queued]>
[2024-06-21T04:37:50.965+0000] {taskinstance.py:2076} INFO - Dependencies all met for dep_context=requeueable deps ti=<TaskInstance: our_first_dag_v2.task2 scheduled__2024-06-20T00:00:00+00:00 [queued]>
[2024-06-21T04:37:50.965+0000] {taskinstance.py:2306} INFO - Starting attempt 1 of 6
[2024-06-21T04:37:50.971+0000] {taskinstance.py:2330} INFO - Executing <Task(BashOperator): task2> on 2024-06-20 00:00:00+00:00
[2024-06-21T04:37:50.974+0000] {logging_mixin.py:188} WARNING - /home/***/.local/lib/python3.12/site-packages/***/task/task_runner/standard_task_runner.py:61 DeprecationWarning: This process (pid=716) is multi-threaded, use of fork() may lead to deadlocks in the child.
[2024-06-21T04:37:50.975+0000] {standard_task_runner.py:63} INFO - Started process 717 to run task
[2024-06-21T04:37:50.975+0000] {standard_task_runner.py:90} INFO - Running: ['***', 'tasks', 'run', 'our_first_dag_v2', 'task2', 'scheduled__2024-06-20T00:00:00+00:00', '--job-id', '61', '--raw', '--subdir', 'DAGS_FOLDER/our_first_dag.py', '--cfg-path', '/tmp/tmp2q889vsh']
[2024-06-21T04:37:50.976+0000] {standard_task_runner.py:91} INFO - Job 61: Subtask task2
[2024-06-21T04:37:50.999+0000] {task_command.py:426} INFO - Running <TaskInstance: our_first_dag_v2.task2 scheduled__2024-06-20T00:00:00+00:00 [running]> on host fc356187513b
[2024-06-21T04:37:51.037+0000] {taskinstance.py:2648} INFO - Exporting env vars: AIRFLOW_CTX_DAG_OWNER='***' AIRFLOW_CTX_DAG_ID='our_first_dag_v2' AIRFLOW_CTX_TASK_ID='task2' AIRFLOW_CTX_EXECUTION_DATE='2024-06-20T00:00:00+00:00' AIRFLOW_CTX_TRY_NUMBER='1' AIRFLOW_CTX_DAG_RUN_ID='scheduled__2024-06-20T00:00:00+00:00'
[2024-06-21T04:37:51.037+0000] {taskinstance.py:430} INFO - ::endgroup::
[2024-06-21T04:37:51.044+0000] {subprocess.py:63} INFO - Tmp dir root location: /tmp
[2024-06-21T04:37:51.045+0000] {subprocess.py:75} INFO - Running command: ['/usr/bin/bash', '-c', 'echo hello world 2']
[2024-06-21T04:37:51.051+0000] {subprocess.py:86} INFO - Output:
[2024-06-21T04:37:51.051+0000] {subprocess.py:93} INFO - hello world 2
[2024-06-21T04:37:51.052+0000] {subprocess.py:97} INFO - Command exited with return code 0
[2024-06-21T04:37:51.052+0000] {taskinstance.py:441} INFO - ::group::Post task execution logs
[2024-06-21T04:37:51.064+0000] {taskinstance.py:1206} INFO - Marking task as SUCCESS. dag_id=our_first_dag_v2, task_id=task2, run_id=scheduled__2024-06-20T00:00:00+00:00, execution_date=20240620T000000, start_date=20240621T043750, end_date=20240621T043751
[2024-06-21T04:37:51.074+0000] {local_task_job_runner.py:240} INFO - Task exited with return code 0
[2024-06-21T04:37:51.083+0000] {taskinstance.py:3503} INFO - 0 downstream tasks scheduled from follow-on schedule check
[2024-06-21T04:37:51.084+0000] {local_task_job_runner.py:222} INFO - ::endgroup::
