[2024-06-21T04:35:19.381+0000] {local_task_job_runner.py:120} INFO - ::group::Pre task execution logs
[2024-06-21T04:35:19.395+0000] {taskinstance.py:2076} INFO - Dependencies all met for dep_context=non-requeueable deps ti=<TaskInstance: our_first_dag.task1 scheduled__2024-06-19T00:00:00+00:00 [queued]>
[2024-06-21T04:35:19.399+0000] {taskinstance.py:2076} INFO - Dependencies all met for dep_context=requeueable deps ti=<TaskInstance: our_first_dag.task1 scheduled__2024-06-19T00:00:00+00:00 [queued]>
[2024-06-21T04:35:19.400+0000] {taskinstance.py:2306} INFO - Starting attempt 1 of 6
[2024-06-21T04:35:19.406+0000] {taskinstance.py:2330} INFO - Executing <Task(BashOperator): task1> on 2024-06-19 00:00:00+00:00
[2024-06-21T04:35:19.410+0000] {standard_task_runner.py:90} INFO - Running: ['***', 'tasks', 'run', 'our_first_dag', 'task1', 'scheduled__2024-06-19T00:00:00+00:00', '--job-id', '21', '--raw', '--subdir', 'DAGS_FOLDER/our_first_dag.py', '--cfg-path', '/tmp/tmpbt_d0ofn']
[2024-06-21T04:35:19.411+0000] {standard_task_runner.py:91} INFO - Job 21: Subtask task1
[2024-06-21T04:35:19.412+0000] {logging_mixin.py:188} WARNING - /home/***/.local/lib/python3.12/site-packages/***/task/task_runner/standard_task_runner.py:61 DeprecationWarning: This process (pid=534) is multi-threaded, use of fork() may lead to deadlocks in the child.
[2024-06-21T04:35:19.413+0000] {standard_task_runner.py:63} INFO - Started process 537 to run task
[2024-06-21T04:35:19.432+0000] {task_command.py:426} INFO - Running <TaskInstance: our_first_dag.task1 scheduled__2024-06-19T00:00:00+00:00 [running]> on host fc356187513b
[2024-06-21T04:35:19.470+0000] {taskinstance.py:2648} INFO - Exporting env vars: AIRFLOW_CTX_DAG_OWNER='***' AIRFLOW_CTX_DAG_ID='our_first_dag' AIRFLOW_CTX_TASK_ID='task1' AIRFLOW_CTX_EXECUTION_DATE='2024-06-19T00:00:00+00:00' AIRFLOW_CTX_TRY_NUMBER='1' AIRFLOW_CTX_DAG_RUN_ID='scheduled__2024-06-19T00:00:00+00:00'
[2024-06-21T04:35:19.471+0000] {taskinstance.py:430} INFO - ::endgroup::
[2024-06-21T04:35:19.478+0000] {subprocess.py:63} INFO - Tmp dir root location: /tmp
[2024-06-21T04:35:19.478+0000] {subprocess.py:75} INFO - Running command: ['/usr/bin/bash', '-c', 'echo hello world']
[2024-06-21T04:35:19.483+0000] {subprocess.py:86} INFO - Output:
[2024-06-21T04:35:19.483+0000] {subprocess.py:93} INFO - hello world
[2024-06-21T04:35:19.484+0000] {subprocess.py:97} INFO - Command exited with return code 0
[2024-06-21T04:35:19.484+0000] {taskinstance.py:441} INFO - ::group::Post task execution logs
[2024-06-21T04:35:19.496+0000] {taskinstance.py:1206} INFO - Marking task as SUCCESS. dag_id=our_first_dag, task_id=task1, run_id=scheduled__2024-06-19T00:00:00+00:00, execution_date=20240619T000000, start_date=20240621T043519, end_date=20240621T043519
[2024-06-21T04:35:19.512+0000] {local_task_job_runner.py:240} INFO - Task exited with return code 0
[2024-06-21T04:35:19.519+0000] {taskinstance.py:3503} INFO - 0 downstream tasks scheduled from follow-on schedule check
[2024-06-21T04:35:19.520+0000] {local_task_job_runner.py:222} INFO - ::endgroup::
