[2024-06-21T03:07:38.785+0000] {local_task_job_runner.py:120} INFO - ::group::Pre task execution logs
[2024-06-21T03:07:38.799+0000] {taskinstance.py:2076} INFO - Dependencies all met for dep_context=non-requeueable deps ti=<TaskInstance: example_bash_operator.runme_0 scheduled__2024-06-20T00:00:00+00:00 [queued]>
[2024-06-21T03:07:38.803+0000] {taskinstance.py:2076} INFO - Dependencies all met for dep_context=requeueable deps ti=<TaskInstance: example_bash_operator.runme_0 scheduled__2024-06-20T00:00:00+00:00 [queued]>
[2024-06-21T03:07:38.803+0000] {taskinstance.py:2306} INFO - Starting attempt 1 of 1
[2024-06-21T03:07:38.810+0000] {taskinstance.py:2330} INFO - Executing <Task(BashOperator): runme_0> on 2024-06-20 00:00:00+00:00
[2024-06-21T03:07:38.818+0000] {standard_task_runner.py:90} INFO - Running: ['***', 'tasks', 'run', 'example_bash_operator', 'runme_0', 'scheduled__2024-06-20T00:00:00+00:00', '--job-id', '6', '--raw', '--subdir', '/home/***/.local/lib/python3.12/site-packages/***/example_dags/example_bash_operator.py', '--cfg-path', '/tmp/tmp3865mnb4']
[2024-06-21T03:07:38.821+0000] {logging_mixin.py:188} WARNING - /home/***/.local/lib/python3.12/site-packages/***/task/task_runner/standard_task_runner.py:61 DeprecationWarning: This process (pid=1207) is multi-threaded, use of fork() may lead to deadlocks in the child.
[2024-06-21T03:07:38.825+0000] {standard_task_runner.py:91} INFO - Job 6: Subtask runme_0
[2024-06-21T03:07:38.825+0000] {standard_task_runner.py:63} INFO - Started process 1218 to run task
[2024-06-21T03:07:38.869+0000] {task_command.py:426} INFO - Running <TaskInstance: example_bash_operator.runme_0 scheduled__2024-06-20T00:00:00+00:00 [running]> on host a97bf0bd0b80
[2024-06-21T03:07:38.914+0000] {taskinstance.py:2648} INFO - Exporting env vars: AIRFLOW_CTX_DAG_OWNER='***' AIRFLOW_CTX_DAG_ID='example_bash_operator' AIRFLOW_CTX_TASK_ID='runme_0' AIRFLOW_CTX_EXECUTION_DATE='2024-06-20T00:00:00+00:00' AIRFLOW_CTX_TRY_NUMBER='1' AIRFLOW_CTX_DAG_RUN_ID='scheduled__2024-06-20T00:00:00+00:00'
[2024-06-21T03:07:38.916+0000] {taskinstance.py:430} INFO - ::endgroup::
[2024-06-21T03:07:38.916+0000] {subprocess.py:63} INFO - Tmp dir root location: /tmp
[2024-06-21T03:07:38.917+0000] {subprocess.py:75} INFO - Running command: ['/usr/bin/bash', '-c', 'echo "example_bash_operator__runme_0__20240620" && sleep 1']
[2024-06-21T03:07:38.923+0000] {subprocess.py:86} INFO - Output:
[2024-06-21T03:07:38.924+0000] {subprocess.py:93} INFO - example_bash_operator__runme_0__20240620
[2024-06-21T03:07:39.928+0000] {subprocess.py:97} INFO - Command exited with return code 0
[2024-06-21T03:07:39.938+0000] {taskinstance.py:441} INFO - ::group::Post task execution logs
[2024-06-21T03:07:39.971+0000] {taskinstance.py:1206} INFO - Marking task as SUCCESS. dag_id=example_bash_operator, task_id=runme_0, run_id=scheduled__2024-06-20T00:00:00+00:00, execution_date=20240620T000000, start_date=20240621T030738, end_date=20240621T030739
[2024-06-21T03:07:40.025+0000] {local_task_job_runner.py:240} INFO - Task exited with return code 0
[2024-06-21T03:07:40.033+0000] {local_task_job_runner.py:222} INFO - ::endgroup::
