[2024-06-21T04:41:45.345+0000] {local_task_job_runner.py:120} INFO - ::group::Pre task execution logs
[2024-06-21T04:41:45.377+0000] {taskinstance.py:2076} INFO - Dependencies all met for dep_context=non-requeueable deps ti=<TaskInstance: our_first_dag_v3.task3 scheduled__2024-06-07T00:00:00+00:00 [queued]>
[2024-06-21T04:41:45.387+0000] {taskinstance.py:2076} INFO - Dependencies all met for dep_context=requeueable deps ti=<TaskInstance: our_first_dag_v3.task3 scheduled__2024-06-07T00:00:00+00:00 [queued]>
[2024-06-21T04:41:45.388+0000] {taskinstance.py:2306} INFO - Starting attempt 1 of 6
[2024-06-21T04:41:45.430+0000] {taskinstance.py:2330} INFO - Executing <Task(BashOperator): task3> on 2024-06-07 00:00:00+00:00
[2024-06-21T04:41:45.436+0000] {standard_task_runner.py:90} INFO - Running: ['***', 'tasks', 'run', 'our_first_dag_v3', 'task3', 'scheduled__2024-06-07T00:00:00+00:00', '--job-id', '88', '--raw', '--subdir', 'DAGS_FOLDER/our_first_dag.py', '--cfg-path', '/tmp/tmptjl_7rqv']
[2024-06-21T04:41:45.440+0000] {standard_task_runner.py:91} INFO - Job 88: Subtask task3
[2024-06-21T04:41:45.437+0000] {logging_mixin.py:188} WARNING - /home/***/.local/lib/python3.12/site-packages/***/task/task_runner/standard_task_runner.py:61 DeprecationWarning: This process (pid=875) is multi-threaded, use of fork() may lead to deadlocks in the child.
[2024-06-21T04:41:45.444+0000] {standard_task_runner.py:63} INFO - Started process 892 to run task
[2024-06-21T04:41:45.499+0000] {task_command.py:426} INFO - Running <TaskInstance: our_first_dag_v3.task3 scheduled__2024-06-07T00:00:00+00:00 [running]> on host fc356187513b
[2024-06-21T04:41:45.568+0000] {taskinstance.py:2648} INFO - Exporting env vars: AIRFLOW_CTX_DAG_OWNER='***' AIRFLOW_CTX_DAG_ID='our_first_dag_v3' AIRFLOW_CTX_TASK_ID='task3' AIRFLOW_CTX_EXECUTION_DATE='2024-06-07T00:00:00+00:00' AIRFLOW_CTX_TRY_NUMBER='1' AIRFLOW_CTX_DAG_RUN_ID='scheduled__2024-06-07T00:00:00+00:00'
[2024-06-21T04:41:45.570+0000] {taskinstance.py:430} INFO - ::endgroup::
[2024-06-21T04:41:45.578+0000] {subprocess.py:63} INFO - Tmp dir root location: /tmp
[2024-06-21T04:41:45.579+0000] {subprocess.py:75} INFO - Running command: ['/usr/bin/bash', '-c', 'echo hello world 3']
[2024-06-21T04:41:45.587+0000] {subprocess.py:86} INFO - Output:
[2024-06-21T04:41:45.588+0000] {subprocess.py:93} INFO - hello world 3
[2024-06-21T04:41:45.589+0000] {subprocess.py:97} INFO - Command exited with return code 0
[2024-06-21T04:41:45.591+0000] {taskinstance.py:441} INFO - ::group::Post task execution logs
[2024-06-21T04:41:45.611+0000] {taskinstance.py:1206} INFO - Marking task as SUCCESS. dag_id=our_first_dag_v3, task_id=task3, run_id=scheduled__2024-06-07T00:00:00+00:00, execution_date=20240607T000000, start_date=20240621T044145, end_date=20240621T044145
[2024-06-21T04:41:45.632+0000] {local_task_job_runner.py:240} INFO - Task exited with return code 0
[2024-06-21T04:41:45.644+0000] {taskinstance.py:3503} INFO - 0 downstream tasks scheduled from follow-on schedule check
[2024-06-21T04:41:45.645+0000] {local_task_job_runner.py:222} INFO - ::endgroup::
