[2024-06-21T04:41:48.484+0000] {local_task_job_runner.py:120} INFO - ::group::Pre task execution logs
[2024-06-21T04:41:48.510+0000] {taskinstance.py:2076} INFO - Dependencies all met for dep_context=non-requeueable deps ti=<TaskInstance: our_first_dag_v3.task1 scheduled__2024-06-19T00:00:00+00:00 [queued]>
[2024-06-21T04:41:48.516+0000] {taskinstance.py:2076} INFO - Dependencies all met for dep_context=requeueable deps ti=<TaskInstance: our_first_dag_v3.task1 scheduled__2024-06-19T00:00:00+00:00 [queued]>
[2024-06-21T04:41:48.517+0000] {taskinstance.py:2306} INFO - Starting attempt 1 of 6
[2024-06-21T04:41:48.526+0000] {taskinstance.py:2330} INFO - Executing <Task(BashOperator): task1> on 2024-06-19 00:00:00+00:00
[2024-06-21T04:41:48.532+0000] {logging_mixin.py:188} WARNING - /home/***/.local/lib/python3.12/site-packages/***/task/task_runner/standard_task_runner.py:61 DeprecationWarning: This process (pid=936) is multi-threaded, use of fork() may lead to deadlocks in the child.
[2024-06-21T04:41:48.533+0000] {standard_task_runner.py:63} INFO - Started process 946 to run task
[2024-06-21T04:41:48.533+0000] {standard_task_runner.py:90} INFO - Running: ['***', 'tasks', 'run', 'our_first_dag_v3', 'task1', 'scheduled__2024-06-19T00:00:00+00:00', '--job-id', '107', '--raw', '--subdir', 'DAGS_FOLDER/our_first_dag.py', '--cfg-path', '/tmp/tmpf_ix7548']
[2024-06-21T04:41:48.537+0000] {standard_task_runner.py:91} INFO - Job 107: Subtask task1
[2024-06-21T04:41:48.587+0000] {task_command.py:426} INFO - Running <TaskInstance: our_first_dag_v3.task1 scheduled__2024-06-19T00:00:00+00:00 [running]> on host fc356187513b
[2024-06-21T04:41:48.688+0000] {taskinstance.py:2648} INFO - Exporting env vars: AIRFLOW_CTX_DAG_OWNER='***' AIRFLOW_CTX_DAG_ID='our_first_dag_v3' AIRFLOW_CTX_TASK_ID='task1' AIRFLOW_CTX_EXECUTION_DATE='2024-06-19T00:00:00+00:00' AIRFLOW_CTX_TRY_NUMBER='1' AIRFLOW_CTX_DAG_RUN_ID='scheduled__2024-06-19T00:00:00+00:00'
[2024-06-21T04:41:48.689+0000] {taskinstance.py:430} INFO - ::endgroup::
[2024-06-21T04:41:48.699+0000] {subprocess.py:63} INFO - Tmp dir root location: /tmp
[2024-06-21T04:41:48.702+0000] {subprocess.py:75} INFO - Running command: ['/usr/bin/bash', '-c', 'echo hello world']
[2024-06-21T04:41:48.715+0000] {subprocess.py:86} INFO - Output:
[2024-06-21T04:41:48.717+0000] {subprocess.py:93} INFO - hello world
[2024-06-21T04:41:48.718+0000] {subprocess.py:97} INFO - Command exited with return code 0
[2024-06-21T04:41:48.719+0000] {taskinstance.py:441} INFO - ::group::Post task execution logs
[2024-06-21T04:41:48.747+0000] {taskinstance.py:1206} INFO - Marking task as SUCCESS. dag_id=our_first_dag_v3, task_id=task1, run_id=scheduled__2024-06-19T00:00:00+00:00, execution_date=20240619T000000, start_date=20240621T044148, end_date=20240621T044148
[2024-06-21T04:41:48.801+0000] {local_task_job_runner.py:240} INFO - Task exited with return code 0
[2024-06-21T04:41:48.823+0000] {taskinstance.py:3503} INFO - 2 downstream tasks scheduled from follow-on schedule check
[2024-06-21T04:41:48.829+0000] {local_task_job_runner.py:222} INFO - ::endgroup::
