[2024-06-21T04:37:46.803+0000] {local_task_job_runner.py:120} INFO - ::group::Pre task execution logs
[2024-06-21T04:37:46.825+0000] {taskinstance.py:2076} INFO - Dependencies all met for dep_context=non-requeueable deps ti=<TaskInstance: our_first_dag_v2.task1 scheduled__2024-06-11T00:00:00+00:00 [queued]>
[2024-06-21T04:37:46.830+0000] {taskinstance.py:2076} INFO - Dependencies all met for dep_context=requeueable deps ti=<TaskInstance: our_first_dag_v2.task1 scheduled__2024-06-11T00:00:00+00:00 [queued]>
[2024-06-21T04:37:46.831+0000] {taskinstance.py:2306} INFO - Starting attempt 1 of 6
[2024-06-21T04:37:46.898+0000] {taskinstance.py:2330} INFO - Executing <Task(BashOperator): task1> on 2024-06-11 00:00:00+00:00
[2024-06-21T04:37:46.907+0000] {logging_mixin.py:188} WARNING - /home/***/.local/lib/python3.12/site-packages/***/task/task_runner/standard_task_runner.py:61 DeprecationWarning: This process (pid=639) is multi-threaded, use of fork() may lead to deadlocks in the child.
[2024-06-21T04:37:46.907+0000] {standard_task_runner.py:90} INFO - Running: ['***', 'tasks', 'run', 'our_first_dag_v2', 'task1', 'scheduled__2024-06-11T00:00:00+00:00', '--job-id', '39', '--raw', '--subdir', 'DAGS_FOLDER/our_first_dag.py', '--cfg-path', '/tmp/tmp96cqhoew']
[2024-06-21T04:37:46.908+0000] {standard_task_runner.py:63} INFO - Started process 652 to run task
[2024-06-21T04:37:46.909+0000] {standard_task_runner.py:91} INFO - Job 39: Subtask task1
[2024-06-21T04:37:46.949+0000] {task_command.py:426} INFO - Running <TaskInstance: our_first_dag_v2.task1 scheduled__2024-06-11T00:00:00+00:00 [running]> on host fc356187513b
[2024-06-21T04:37:46.997+0000] {taskinstance.py:2648} INFO - Exporting env vars: AIRFLOW_CTX_DAG_OWNER='***' AIRFLOW_CTX_DAG_ID='our_first_dag_v2' AIRFLOW_CTX_TASK_ID='task1' AIRFLOW_CTX_EXECUTION_DATE='2024-06-11T00:00:00+00:00' AIRFLOW_CTX_TRY_NUMBER='1' AIRFLOW_CTX_DAG_RUN_ID='scheduled__2024-06-11T00:00:00+00:00'
[2024-06-21T04:37:46.997+0000] {taskinstance.py:430} INFO - ::endgroup::
[2024-06-21T04:37:47.005+0000] {subprocess.py:63} INFO - Tmp dir root location: /tmp
[2024-06-21T04:37:47.009+0000] {subprocess.py:75} INFO - Running command: ['/usr/bin/bash', '-c', 'echo hello world']
[2024-06-21T04:37:47.013+0000] {subprocess.py:86} INFO - Output:
[2024-06-21T04:37:47.014+0000] {subprocess.py:93} INFO - hello world
[2024-06-21T04:37:47.015+0000] {subprocess.py:97} INFO - Command exited with return code 0
[2024-06-21T04:37:47.016+0000] {taskinstance.py:441} INFO - ::group::Post task execution logs
[2024-06-21T04:37:47.031+0000] {taskinstance.py:1206} INFO - Marking task as SUCCESS. dag_id=our_first_dag_v2, task_id=task1, run_id=scheduled__2024-06-11T00:00:00+00:00, execution_date=20240611T000000, start_date=20240621T043746, end_date=20240621T043747
[2024-06-21T04:37:47.052+0000] {local_task_job_runner.py:240} INFO - Task exited with return code 0
[2024-06-21T04:37:47.064+0000] {taskinstance.py:3503} INFO - 1 downstream tasks scheduled from follow-on schedule check
[2024-06-21T04:37:47.064+0000] {local_task_job_runner.py:222} INFO - ::endgroup::
