[2024-06-21T04:37:46.833+0000] {local_task_job_runner.py:120} INFO - ::group::Pre task execution logs
[2024-06-21T04:37:46.901+0000] {taskinstance.py:2076} INFO - Dependencies all met for dep_context=non-requeueable deps ti=<TaskInstance: our_first_dag_v2.task2 scheduled__2024-06-08T00:00:00+00:00 [queued]>
[2024-06-21T04:37:46.912+0000] {taskinstance.py:2076} INFO - Dependencies all met for dep_context=requeueable deps ti=<TaskInstance: our_first_dag_v2.task2 scheduled__2024-06-08T00:00:00+00:00 [queued]>
[2024-06-21T04:37:46.913+0000] {taskinstance.py:2306} INFO - Starting attempt 1 of 6
[2024-06-21T04:37:46.922+0000] {taskinstance.py:2330} INFO - Executing <Task(BashOperator): task2> on 2024-06-08 00:00:00+00:00
[2024-06-21T04:37:46.929+0000] {logging_mixin.py:188} WARNING - /home/***/.local/lib/python3.12/site-packages/***/task/task_runner/standard_task_runner.py:61 DeprecationWarning: This process (pid=643) is multi-threaded, use of fork() may lead to deadlocks in the child.
[2024-06-21T04:37:46.930+0000] {standard_task_runner.py:63} INFO - Started process 653 to run task
[2024-06-21T04:37:46.929+0000] {standard_task_runner.py:90} INFO - Running: ['***', 'tasks', 'run', 'our_first_dag_v2', 'task2', 'scheduled__2024-06-08T00:00:00+00:00', '--job-id', '40', '--raw', '--subdir', 'DAGS_FOLDER/our_first_dag.py', '--cfg-path', '/tmp/tmpyauuo2k3']
[2024-06-21T04:37:46.931+0000] {standard_task_runner.py:91} INFO - Job 40: Subtask task2
[2024-06-21T04:37:46.959+0000] {task_command.py:426} INFO - Running <TaskInstance: our_first_dag_v2.task2 scheduled__2024-06-08T00:00:00+00:00 [running]> on host fc356187513b
[2024-06-21T04:37:47.006+0000] {taskinstance.py:2648} INFO - Exporting env vars: AIRFLOW_CTX_DAG_OWNER='***' AIRFLOW_CTX_DAG_ID='our_first_dag_v2' AIRFLOW_CTX_TASK_ID='task2' AIRFLOW_CTX_EXECUTION_DATE='2024-06-08T00:00:00+00:00' AIRFLOW_CTX_TRY_NUMBER='1' AIRFLOW_CTX_DAG_RUN_ID='scheduled__2024-06-08T00:00:00+00:00'
[2024-06-21T04:37:47.009+0000] {taskinstance.py:430} INFO - ::endgroup::
[2024-06-21T04:37:47.016+0000] {subprocess.py:63} INFO - Tmp dir root location: /tmp
[2024-06-21T04:37:47.018+0000] {subprocess.py:75} INFO - Running command: ['/usr/bin/bash', '-c', 'echo hello world 2']
[2024-06-21T04:37:47.023+0000] {subprocess.py:86} INFO - Output:
[2024-06-21T04:37:47.024+0000] {subprocess.py:93} INFO - hello world 2
[2024-06-21T04:37:47.025+0000] {subprocess.py:97} INFO - Command exited with return code 0
[2024-06-21T04:37:47.027+0000] {taskinstance.py:441} INFO - ::group::Post task execution logs
[2024-06-21T04:37:47.040+0000] {taskinstance.py:1206} INFO - Marking task as SUCCESS. dag_id=our_first_dag_v2, task_id=task2, run_id=scheduled__2024-06-08T00:00:00+00:00, execution_date=20240608T000000, start_date=20240621T043746, end_date=20240621T043747
[2024-06-21T04:37:47.071+0000] {local_task_job_runner.py:240} INFO - Task exited with return code 0
[2024-06-21T04:37:47.080+0000] {taskinstance.py:3503} INFO - 0 downstream tasks scheduled from follow-on schedule check
[2024-06-21T04:37:47.081+0000] {local_task_job_runner.py:222} INFO - ::endgroup::
