[2024-06-21T04:35:19.355+0000] {local_task_job_runner.py:120} INFO - ::group::Pre task execution logs
[2024-06-21T04:35:19.370+0000] {taskinstance.py:2076} INFO - Dependencies all met for dep_context=non-requeueable deps ti=<TaskInstance: our_first_dag.task1 scheduled__2024-06-18T00:00:00+00:00 [queued]>
[2024-06-21T04:35:19.374+0000] {taskinstance.py:2076} INFO - Dependencies all met for dep_context=requeueable deps ti=<TaskInstance: our_first_dag.task1 scheduled__2024-06-18T00:00:00+00:00 [queued]>
[2024-06-21T04:35:19.375+0000] {taskinstance.py:2306} INFO - Starting attempt 1 of 6
[2024-06-21T04:35:19.380+0000] {taskinstance.py:2330} INFO - Executing <Task(BashOperator): task1> on 2024-06-18 00:00:00+00:00
[2024-06-21T04:35:19.384+0000] {standard_task_runner.py:90} INFO - Running: ['***', 'tasks', 'run', 'our_first_dag', 'task1', 'scheduled__2024-06-18T00:00:00+00:00', '--job-id', '20', '--raw', '--subdir', 'DAGS_FOLDER/our_first_dag.py', '--cfg-path', '/tmp/tmptbgfhkkb']
[2024-06-21T04:35:19.385+0000] {standard_task_runner.py:91} INFO - Job 20: Subtask task1
[2024-06-21T04:35:19.386+0000] {logging_mixin.py:188} WARNING - /home/***/.local/lib/python3.12/site-packages/***/task/task_runner/standard_task_runner.py:61 DeprecationWarning: This process (pid=533) is multi-threaded, use of fork() may lead to deadlocks in the child.
[2024-06-21T04:35:19.387+0000] {standard_task_runner.py:63} INFO - Started process 536 to run task
[2024-06-21T04:35:19.407+0000] {task_command.py:426} INFO - Running <TaskInstance: our_first_dag.task1 scheduled__2024-06-18T00:00:00+00:00 [running]> on host fc356187513b
[2024-06-21T04:35:19.446+0000] {taskinstance.py:2648} INFO - Exporting env vars: AIRFLOW_CTX_DAG_OWNER='***' AIRFLOW_CTX_DAG_ID='our_first_dag' AIRFLOW_CTX_TASK_ID='task1' AIRFLOW_CTX_EXECUTION_DATE='2024-06-18T00:00:00+00:00' AIRFLOW_CTX_TRY_NUMBER='1' AIRFLOW_CTX_DAG_RUN_ID='scheduled__2024-06-18T00:00:00+00:00'
[2024-06-21T04:35:19.446+0000] {taskinstance.py:430} INFO - ::endgroup::
[2024-06-21T04:35:19.455+0000] {subprocess.py:63} INFO - Tmp dir root location: /tmp
[2024-06-21T04:35:19.456+0000] {subprocess.py:75} INFO - Running command: ['/usr/bin/bash', '-c', 'echo hello world']
[2024-06-21T04:35:19.460+0000] {subprocess.py:86} INFO - Output:
[2024-06-21T04:35:19.461+0000] {subprocess.py:93} INFO - hello world
[2024-06-21T04:35:19.461+0000] {subprocess.py:97} INFO - Command exited with return code 0
[2024-06-21T04:35:19.462+0000] {taskinstance.py:441} INFO - ::group::Post task execution logs
[2024-06-21T04:35:19.473+0000] {taskinstance.py:1206} INFO - Marking task as SUCCESS. dag_id=our_first_dag, task_id=task1, run_id=scheduled__2024-06-18T00:00:00+00:00, execution_date=20240618T000000, start_date=20240621T043519, end_date=20240621T043519
[2024-06-21T04:35:19.485+0000] {local_task_job_runner.py:240} INFO - Task exited with return code 0
[2024-06-21T04:35:19.493+0000] {taskinstance.py:3503} INFO - 0 downstream tasks scheduled from follow-on schedule check
[2024-06-21T04:35:19.495+0000] {local_task_job_runner.py:222} INFO - ::endgroup::
